<?xml version="1.0" encoding="UTF-8" ?>
<testsuite tests="340" failures="0" name="RunCucumberTest" time="4.294" errors="70" skipped="236">
  <properties>
    <property name="java.runtime.name" value="Java(TM) SE Runtime Environment"/>
    <property name="sun.boot.library.path" value="C:\Program Files\Java\jdk1.8.0_291\jre\bin"/>
    <property name="java.vm.version" value="25.291-b10"/>
    <property name="java.vm.vendor" value="Oracle Corporation"/>
    <property name="maven.multiModuleProjectDirectory" value="C:\Users\marijas\IdeaProjects\cucumberProject"/>
    <property name="java.vendor.url" value="http://java.oracle.com/"/>
    <property name="path.separator" value=";"/>
    <property name="guice.disable.misplaced.annotation.check" value="true"/>
    <property name="java.vm.name" value="Java HotSpot(TM) 64-Bit Server VM"/>
    <property name="file.encoding.pkg" value="sun.io"/>
    <property name="user.script" value=""/>
    <property name="user.country" value="GB"/>
    <property name="sun.java.launcher" value="SUN_STANDARD"/>
    <property name="sun.os.patch.level" value=""/>
    <property name="java.vm.specification.name" value="Java Virtual Machine Specification"/>
    <property name="user.dir" value="C:\Users\marijas\IdeaProjects\cucumberProject"/>
    <property name="java.runtime.version" value="1.8.0_291-b10"/>
    <property name="java.awt.graphicsenv" value="sun.awt.Win32GraphicsEnvironment"/>
    <property name="java.endorsed.dirs" value="C:\Program Files\Java\jdk1.8.0_291\jre\lib\endorsed"/>
    <property name="os.arch" value="amd64"/>
    <property name="java.io.tmpdir" value="C:\Users\marijas\AppData\Local\Temp\"/>
    <property name="line.separator" value="
"/>
    <property name="java.vm.specification.vendor" value="Oracle Corporation"/>
    <property name="user.variant" value=""/>
    <property name="os.name" value="Windows 10"/>
    <property name="classworlds.conf" value="C:\apache-maven-3.8.1\bin\..\bin\m2.conf"/>
    <property name="sun.jnu.encoding" value="Cp1252"/>
    <property name="java.library.path" value="C:\Program Files\Java\jdk1.8.0_291\bin;C:\Windows\Sun\Java\bin;C:\Windows\system32;C:\Windows;C:\Program Files (x86)\Common Files\Oracle\Java\javapath;C:\Windows\system32;C:\Windows;C:\Windows\System32\Wbem;C:\Windows\System32\WindowsPowerShell\v1.0\;C:\Windows\System32\OpenSSH\;C:\Program Files\PuTTY\;C:\Program Files\Microsoft VS Code\bin;C:\Program Files (x86)\Intel\Intel(R) Management Engine Components\DAL;C:\Program Files\Intel\Intel(R) Management Engine Components\DAL;C:\apache-maven-3.8.1\bin;C:\Program Files\Java\jdk1.8.0_291\bin;C:\Gradle\gradle-7.1\bin;C:\Program Files\Git\cmd;C:\Program Files\dotnet\;C:\Program Files\Microsoft SQL Server\130\Tools\Binn\;C:\Program Files\Microsoft SQL Server\Client SDK\ODBC\170\Tools\Binn\;C:\Program Files\Nordic Semiconductor\nrf-command-line-tools\bin\;C:\Program Files\Docker\Docker\resources\bin;C:\ProgramData\DockerDesktop\version-bin;C:\Program Files\Java\jdk1.8.0_291\bin;C:\Users\marijas\.dotnet\tools;C:\Users\marijas\AppData\Local\Programs\Fiddler;C:\Program Files (x86)\BrowserStackLocal\;."/>
    <property name="maven.conf" value="C:\apache-maven-3.8.1\bin\../conf"/>
    <property name="java.specification.name" value="Java Platform API Specification"/>
    <property name="java.class.version" value="52.0"/>
    <property name="sun.management.compiler" value="HotSpot 64-Bit Tiered Compilers"/>
    <property name="os.version" value="10.0"/>
    <property name="library.jansi.path" value="C:\apache-maven-3.8.1\bin\..\lib\jansi-native"/>
    <property name="user.home" value="C:\Users\marijas"/>
    <property name="user.timezone" value="Europe/Prague"/>
    <property name="java.awt.printerjob" value="sun.awt.windows.WPrinterJob"/>
    <property name="java.specification.version" value="1.8"/>
    <property name="file.encoding" value="Cp1252"/>
    <property name="user.name" value="marijas"/>
    <property name="java.class.path" value="C:\apache-maven-3.8.1\bin\..\boot\plexus-classworlds-2.6.0.jar"/>
    <property name="java.vm.specification.version" value="1.8"/>
    <property name="sun.arch.data.model" value="64"/>
    <property name="java.home" value="C:\Program Files\Java\jdk1.8.0_291\jre"/>
    <property name="sun.java.command" value="org.codehaus.plexus.classworlds.launcher.Launcher compile test"/>
    <property name="java.specification.vendor" value="Oracle Corporation"/>
    <property name="user.language" value="en"/>
    <property name="awt.toolkit" value="sun.awt.windows.WToolkit"/>
    <property name="java.vm.info" value="mixed mode"/>
    <property name="java.version" value="1.8.0_291"/>
    <property name="java.ext.dirs" value="C:\Program Files\Java\jdk1.8.0_291\jre\lib\ext;C:\Windows\Sun\Java\lib\ext"/>
    <property name="sun.boot.class.path" value="C:\Program Files\Java\jdk1.8.0_291\jre\lib\resources.jar;C:\Program Files\Java\jdk1.8.0_291\jre\lib\rt.jar;C:\Program Files\Java\jdk1.8.0_291\jre\lib\sunrsasign.jar;C:\Program Files\Java\jdk1.8.0_291\jre\lib\jsse.jar;C:\Program Files\Java\jdk1.8.0_291\jre\lib\jce.jar;C:\Program Files\Java\jdk1.8.0_291\jre\lib\charsets.jar;C:\Program Files\Java\jdk1.8.0_291\jre\lib\jfr.jar;C:\Program Files\Java\jdk1.8.0_291\jre\classes"/>
    <property name="sun.stderr.encoding" value="cp437"/>
    <property name="java.vendor" value="Oracle Corporation"/>
    <property name="maven.home" value="C:\apache-maven-3.8.1\bin\.."/>
    <property name="file.separator" value="\"/>
    <property name="java.vendor.url.bug" value="http://bugreport.sun.com/bugreport/"/>
    <property name="sun.cpu.endian" value="little"/>
    <property name="sun.io.unicode.encoding" value="UnicodeLittle"/>
    <property name="sun.stdout.encoding" value="cp437"/>
    <property name="sun.desktop" value="windows"/>
    <property name="sun.cpu.isalist" value="amd64"/>
  </properties>
  <testcase classname="Scenario: Verify that user is unable to create new computer with all fields empty" name="Given I am on the computer database list" time="0.002"/>
  <testcase classname="Scenario: Verify that user is unable to create new computer with all fields empty" name="And I click on the button Add a new computer" time="0"/>
  <testcase classname="Scenario: Verify that user is unable to create new computer with all fields empty" name="And I leave all fields empty" time="0"/>
  <testcase classname="Scenario: Verify that user is unable to create new computer with all fields empty" name="When I click on the button Create this computer" time="0"/>
  <testcase classname="Scenario: Verify that user is unable to create new computer with all fields empty" name="Then I will not be able to create new computer" time="0"/>
  <testcase classname="Scenario: Verify that user is unable to create new computer with all fields empty" name="And I will see required field &quot;Computer name&quot; highlighted in red" time="0"/>
  <testcase classname="Scenario: Verify that user is unable to create new computer with all fields empty" name="Scenario: Verify that user is unable to create new computer with all fields empty" time="0"/>
  <testcase classname="| 2020-01-01 | 2021-02-02 | 27 |" name="Given I am on the computer database list" time="0"/>
  <testcase classname="| 2020-01-01 | 2021-02-02 | 27 |" name="And I click on the button Add a new computer" time="0"/>
  <testcase classname="| 2020-01-01 | 2021-02-02 | 27 |" name="And I leave empty Computer name field" time="0"/>
  <testcase classname="| 2020-01-01 | 2021-02-02 | 27 |" name="And I enter valid 2020-01-01 date, 2021-02-02 date and 27" time="0"/>
  <testcase classname="| 2020-01-01 | 2021-02-02 | 27 |" name="When I click on the button Create this computer" time="0"/>
  <testcase classname="| 2020-01-01 | 2021-02-02 | 27 |" name="Then I will not be able to create new computer" time="0"/>
  <testcase classname="| 2020-01-01 | 2021-02-02 | 27 |" name="And I will see required field &quot;Computer name&quot; highlighted in red" time="0"/>
  <testcase classname="| 2020-01-01 | 2021-02-02 | 27 |" name="| 2020-01-01 | 2021-02-02 | 27 |" time="0"/>
  <testcase classname="| test | 01-01-2021 | 2021-01-01 | 1 |" name="Given I am on the computer database list" time="0"/>
  <testcase classname="| test | 01-01-2021 | 2021-01-01 | 1 |" name="And I click on the button Add a new computer" time="0"/>
  <testcase classname="| test | 01-01-2021 | 2021-01-01 | 1 |" name="And I enter test in Computer name field" time="0"/>
  <testcase classname="| test | 01-01-2021 | 2021-01-01 | 1 |" name="And I enter wrong 01-01-2021 format for Introduced date field" time="0"/>
  <testcase classname="| test | 01-01-2021 | 2021-01-01 | 1 |" name="And I enter valid 2021-01-01 Discontinued date and 1" time="0"/>
  <testcase classname="| test | 01-01-2021 | 2021-01-01 | 1 |" name="When I click on the button Create this computer" time="0"/>
  <testcase classname="| test | 01-01-2021 | 2021-01-01 | 1 |" name="Then I will not be able to create new computer" time="0"/>
  <testcase classname="| test | 01-01-2021 | 2021-01-01 | 1 |" name="And I will see &quot;Introduced date&quot; field highlighted in red" time="0.005"/>
  <testcase classname="| test | 01-01-2021 | 2021-01-01 | 1 |" name="| test | 01-01-2021 | 2021-01-01 | 1 |" time="0.005"/>
  <testcase classname="| test1 | Jun | 2020-05-05 | 3 |" name="Given I am on the computer database list" time="0"/>
  <testcase classname="| test1 | Jun | 2020-05-05 | 3 |" name="And I click on the button Add a new computer" time="0"/>
  <testcase classname="| test1 | Jun | 2020-05-05 | 3 |" name="And I enter test1 in Computer name field" time="0"/>
  <testcase classname="| test1 | Jun | 2020-05-05 | 3 |" name="And I enter wrong Jun format for Introduced date field" time="0"/>
  <testcase classname="| test1 | Jun | 2020-05-05 | 3 |" name="And I enter valid 2020-05-05 Discontinued date and 3" time="0"/>
  <testcase classname="| test1 | Jun | 2020-05-05 | 3 |" name="When I click on the button Create this computer" time="0"/>
  <testcase classname="| test1 | Jun | 2020-05-05 | 3 |" name="Then I will not be able to create new computer" time="0"/>
  <testcase classname="| test1 | Jun | 2020-05-05 | 3 |" name="And I will see &quot;Introduced date&quot; field highlighted in red" time="0"/>
  <testcase classname="| test1 | Jun | 2020-05-05 | 3 |" name="| test1 | Jun | 2020-05-05 | 3 |" time="0"/>
  <testcase classname="| 123456 | 2021/01/01 | 2019-02-01 | 5 |" name="Given I am on the computer database list" time="0"/>
  <testcase classname="| 123456 | 2021/01/01 | 2019-02-01 | 5 |" name="And I click on the button Add a new computer" time="0.003">
    <error type="java.lang.NullPointerException">java.lang.NullPointerException
	at element.Button.findElementByIdAndClick(Button.java:98)
	at pages.CreateFormPage.clickOnAddNewComputerButton(CreateFormPage.java:40)
	at steps.CreateNewComputer_Steps.iClickOnTheButtonAddNewComputer(CreateNewComputer_Steps.java:26)
	at ✽.And I click on the button Add a new computer(CreateNewComputer.feature:5)
</error>
    <system-err>Mar 22, 2022 12:42:03 PM element.WaitForElement byIdToBeClickable
INFO: Wait for element (by Id) to be clickable: add
Mar 22, 2022 12:42:03 PM element.Button findElementByIdAndClick
INFO: CLick on element located by Id: add
Mar 22, 2022 12:42:03 PM element.Button findElementById
INFO: Find element located by Id: add
</system-err>
  </testcase>
  <testcase classname="| 123456 | 2021/01/01 | 2019-02-01 | 5 |" name="| 123456 | 2021/01/01 | 2019-02-01 | 5 |" time="0.003">
    <error type="java.lang.NullPointerException">java.lang.NullPointerException
	at element.Button.findElementByIdAndClick(Button.java:98)
	at pages.CreateFormPage.clickOnAddNewComputerButton(CreateFormPage.java:40)
	at steps.CreateNewComputer_Steps.iClickOnTheButtonAddNewComputer(CreateNewComputer_Steps.java:26)
	at ✽.And I click on the button Add a new computer(CreateNewComputer.feature:5)
</error>
  </testcase>
  <testcase classname="| 123456 | 2021/01/01 | 2019-02-01 | 5 |" name="And I enter 123456 in Computer name field" time="0.025">
    <skipped/>
    <system-out>
  Background:                                    &amp;#27;[90m# CreateNewComputer.feature:3&amp;#27;[0m
    &amp;#27;[32mGiven &amp;#27;[0m&amp;#27;[32mI am on the computer database list&amp;#27;[0m     &amp;#27;[90m# CreateNewComputer_Steps.iAmOnTheComputerDatabaseList()&amp;#27;[0m
    &amp;#27;[31mAnd &amp;#27;[0m&amp;#27;[31mI click on the button Add a new computer&amp;#27;[0m &amp;#27;[90m# CreateNewComputer_Steps.iClickOnTheButtonAddNewComputer()&amp;#27;[0m
      &amp;#27;[31mjava.lang.NullPointerException
      	at element.Button.findElementByIdAndClick(Button.java:98)
      	at pages.CreateFormPage.clickOnAddNewComputerButton(CreateFormPage.java:40)
      	at steps.CreateNewComputer_Steps.iClickOnTheButtonAddNewComputer(CreateNewComputer_Steps.java:26)
      	at ?.And I click on the button Add a new computer(CreateNewComputer.feature:5)
      &amp;#27;[0m
</system-out>
  </testcase>
  <testcase classname="| 123456 | 2021/01/01 | 2019-02-01 | 5 |" name="And I enter wrong 2021/01/01 format for Introduced date field" time="0.025">
    <skipped/>
  </testcase>
  <testcase classname="| 123456 | 2021/01/01 | 2019-02-01 | 5 |" name="And I enter valid 2019-02-01 Discontinued date and 5" time="0.025">
    <skipped/>
  </testcase>
  <testcase classname="| 123456 | 2021/01/01 | 2019-02-01 | 5 |" name="When I click on the button Create this computer" time="0.025">
    <skipped/>
  </testcase>
  <testcase classname="| 123456 | 2021/01/01 | 2019-02-01 | 5 |" name="Then I will not be able to create new computer" time="0.025">
    <skipped/>
  </testcase>
  <testcase classname="| 123456 | 2021/01/01 | 2019-02-01 | 5 |" name="And I will see &quot;Introduced date&quot; field highlighted in red" time="0.025">
    <skipped/>
  </testcase>
  <testcase classname="| niña | 2021-Jan-01 | 2018-03-01 | 7 |" name="Given I am on the computer database list" time="0">
    <error message="no such window: target window already closed
from unknown error: web view not found
  (Session info: chrome=99.0.4844.74)
Build info: version: &apos;3.12.0&apos;, revision: &apos;7c6e0b3&apos;, time: &apos;2018-05-08T14:04:26.12Z&apos;
System info: host: &apos;GS-ARI7C&apos;, ip: &apos;172.19.128.1&apos;, os.name: &apos;Windows 10&apos;, os.arch: &apos;amd64&apos;, os.version: &apos;10.0&apos;, java.version: &apos;1.8.0_291&apos;
Driver info: org.openqa.selenium.chrome.ChromeDriver
Capabilities {acceptInsecureCerts: false, browserName: chrome, browserVersion: 99.0.4844.74, chrome: {chromedriverVersion: 99.0.4844.51 (d537ec02474b5..., userDataDir: C:\Users\marijas\AppData\Lo...}, goog:chromeOptions: {debuggerAddress: localhost:55584}, javascriptEnabled: true, networkConnectionEnabled: false, pageLoadStrategy: normal, platform: WINDOWS, platformName: WINDOWS, proxy: Proxy(), setWindowRect: true, strictFileInteractability: false, timeouts: {implicit: 0, pageLoad: 300000, script: 30000}, unhandledPromptBehavior: dismiss and notify, webauthn:extension:credBlob: true, webauthn:extension:largeBlob: true, webauthn:virtualAuthenticators: true}
Session ID: 58b094ae2f81675239d9e3dc93bbd796" type="org.openqa.selenium.NoSuchWindowException">org.openqa.selenium.NoSuchWindowException: no such window: target window already closed
from unknown error: web view not found
  (Session info: chrome=99.0.4844.74)
Build info: version: &apos;3.12.0&apos;, revision: &apos;7c6e0b3&apos;, time: &apos;2018-05-08T14:04:26.12Z&apos;
System info: host: &apos;GS-ARI7C&apos;, ip: &apos;172.19.128.1&apos;, os.name: &apos;Windows 10&apos;, os.arch: &apos;amd64&apos;, os.version: &apos;10.0&apos;, java.version: &apos;1.8.0_291&apos;
Driver info: org.openqa.selenium.chrome.ChromeDriver
Capabilities {acceptInsecureCerts: false, browserName: chrome, browserVersion: 99.0.4844.74, chrome: {chromedriverVersion: 99.0.4844.51 (d537ec02474b5..., userDataDir: C:\Users\marijas\AppData\Lo...}, goog:chromeOptions: {debuggerAddress: localhost:55584}, javascriptEnabled: true, networkConnectionEnabled: false, pageLoadStrategy: normal, platform: WINDOWS, platformName: WINDOWS, proxy: Proxy(), setWindowRect: true, strictFileInteractability: false, timeouts: {implicit: 0, pageLoad: 300000, script: 30000}, unhandledPromptBehavior: dismiss and notify, webauthn:extension:credBlob: true, webauthn:extension:largeBlob: true, webauthn:virtualAuthenticators: true}
Session ID: 58b094ae2f81675239d9e3dc93bbd796
	at sun.reflect.NativeConstructorAccessorImpl.newInstance0(Native Method)
	at sun.reflect.NativeConstructorAccessorImpl.newInstance(NativeConstructorAccessorImpl.java:62)
	at sun.reflect.DelegatingConstructorAccessorImpl.newInstance(DelegatingConstructorAccessorImpl.java:45)
	at java.lang.reflect.Constructor.newInstance(Constructor.java:423)
	at org.openqa.selenium.remote.http.W3CHttpResponseCodec.createException(W3CHttpResponseCodec.java:187)
	at org.openqa.selenium.remote.http.W3CHttpResponseCodec.decode(W3CHttpResponseCodec.java:122)
	at org.openqa.selenium.remote.http.W3CHttpResponseCodec.decode(W3CHttpResponseCodec.java:49)
	at org.openqa.selenium.remote.HttpCommandExecutor.execute(HttpCommandExecutor.java:158)
	at org.openqa.selenium.remote.service.DriverCommandExecutor.execute(DriverCommandExecutor.java:83)
	at org.openqa.selenium.remote.RemoteWebDriver.execute(RemoteWebDriver.java:543)
	at org.openqa.selenium.remote.RemoteWebDriver.get(RemoteWebDriver.java:271)
	at element.Navigate.goToUrl(Navigate.java:11)
	at pages.CreateFormPage.navigateToEnv(CreateFormPage.java:35)
	at steps.CreateNewComputer_Steps.iAmOnTheComputerDatabaseList(CreateNewComputer_Steps.java:22)
	at ✽.Given I am on the computer database list(CreateNewComputer.feature:4)
</error>
    <system-out>
  @browser
  Scenario Outline: Verify that user is unable to create new computer with wrong date format for Introduced date field &amp;#27;[90m# CreateNewComputer.feature:39&amp;#27;[0m
    &amp;#27;[36mAnd &amp;#27;[0m&amp;#27;[36mI enter &amp;#27;[0m&amp;#27;[36m&amp;#27;[1m123456&amp;#27;[0m&amp;#27;[36m in Computer name field&amp;#27;[0m                                                                          &amp;#27;[90m# CreateNewComputer_Steps.iEnterNameInComputerFieldName(String)&amp;#27;[0m
    &amp;#27;[36mAnd &amp;#27;[0m&amp;#27;[36mI enter wrong &amp;#27;[0m&amp;#27;[36m&amp;#27;[1m2021/01/01&amp;#27;[0m&amp;#27;[36m format for Introduced date field&amp;#27;[0m                                                      &amp;#27;[90m# CreateNewComputer_Steps.iEnterWrongDateFormatForIntroducedDateField(String)&amp;#27;[0m
    &amp;#27;[36mAnd &amp;#27;[0m&amp;#27;[36mI enter valid &amp;#27;[0m&amp;#27;[36m&amp;#27;[1m2019-02-01&amp;#27;[0m&amp;#27;[36m Discontinued date and &amp;#27;[0m&amp;#27;[36m&amp;#27;[1m5&amp;#27;[0m                                                               &amp;#27;[90m# CreateNewComputer_Steps.iEnterValidDataForTheRestOfOptionalFields1(String,String)&amp;#27;[0m
    &amp;#27;[36mWhen &amp;#27;[0m&amp;#27;[36mI click on the button Create this computer&amp;#27;[0m                                                                    &amp;#27;[90m# CreateNewComputer_Steps.iClickOnTheButtonCreateThisComputer()&amp;#27;[0m
    &amp;#27;[36mThen &amp;#27;[0m&amp;#27;[36mI will not be able to create new computer&amp;#27;[0m                                                                     &amp;#27;[90m# CreateNewComputer_Steps.iWillNotBeAbleToCreateNewComputer()&amp;#27;[0m
    &amp;#27;[36mAnd &amp;#27;[0m&amp;#27;[36mI will see &quot;Introduced date&quot; field highlighted in red&amp;#27;[0m                                                          &amp;#27;[90m# CreateNewComputer_Steps.iWillSeeIntroducedDateFieldHighlightedInRed()&amp;#27;[0m
</system-out>
    <system-err>[main] INFO io.github.bonigarcia.wdm.WebDriverManager - Using chromedriver 99.0.4844.51 (since Google Chrome 99 is installed in your machine)
[main] INFO io.github.bonigarcia.wdm.WebDriverManager - Exporting webdriver.chrome.driver as C:\Users\marijas\.m2\repository\webdriver\chromedriver\win32\99.0.4844.51\chromedriver.exe
Mar 22, 2022 12:42:04 PM element.Navigate goToUrl
INFO: Navigate to Url: http://computer-database.herokuapp.com/computers
</system-err>
  </testcase>
  <testcase classname="| niña | 2021-Jan-01 | 2018-03-01 | 7 |" name="| niña | 2021-Jan-01 | 2018-03-01 | 7 |" time="0.001">
    <error message="no such window: target window already closed
from unknown error: web view not found
  (Session info: chrome=99.0.4844.74)
Build info: version: &apos;3.12.0&apos;, revision: &apos;7c6e0b3&apos;, time: &apos;2018-05-08T14:04:26.12Z&apos;
System info: host: &apos;GS-ARI7C&apos;, ip: &apos;172.19.128.1&apos;, os.name: &apos;Windows 10&apos;, os.arch: &apos;amd64&apos;, os.version: &apos;10.0&apos;, java.version: &apos;1.8.0_291&apos;
Driver info: org.openqa.selenium.chrome.ChromeDriver
Capabilities {acceptInsecureCerts: false, browserName: chrome, browserVersion: 99.0.4844.74, chrome: {chromedriverVersion: 99.0.4844.51 (d537ec02474b5..., userDataDir: C:\Users\marijas\AppData\Lo...}, goog:chromeOptions: {debuggerAddress: localhost:55584}, javascriptEnabled: true, networkConnectionEnabled: false, pageLoadStrategy: normal, platform: WINDOWS, platformName: WINDOWS, proxy: Proxy(), setWindowRect: true, strictFileInteractability: false, timeouts: {implicit: 0, pageLoad: 300000, script: 30000}, unhandledPromptBehavior: dismiss and notify, webauthn:extension:credBlob: true, webauthn:extension:largeBlob: true, webauthn:virtualAuthenticators: true}
Session ID: 58b094ae2f81675239d9e3dc93bbd796" type="org.openqa.selenium.NoSuchWindowException">org.openqa.selenium.NoSuchWindowException: no such window: target window already closed
from unknown error: web view not found
  (Session info: chrome=99.0.4844.74)
Build info: version: &apos;3.12.0&apos;, revision: &apos;7c6e0b3&apos;, time: &apos;2018-05-08T14:04:26.12Z&apos;
System info: host: &apos;GS-ARI7C&apos;, ip: &apos;172.19.128.1&apos;, os.name: &apos;Windows 10&apos;, os.arch: &apos;amd64&apos;, os.version: &apos;10.0&apos;, java.version: &apos;1.8.0_291&apos;
Driver info: org.openqa.selenium.chrome.ChromeDriver
Capabilities {acceptInsecureCerts: false, browserName: chrome, browserVersion: 99.0.4844.74, chrome: {chromedriverVersion: 99.0.4844.51 (d537ec02474b5..., userDataDir: C:\Users\marijas\AppData\Lo...}, goog:chromeOptions: {debuggerAddress: localhost:55584}, javascriptEnabled: true, networkConnectionEnabled: false, pageLoadStrategy: normal, platform: WINDOWS, platformName: WINDOWS, proxy: Proxy(), setWindowRect: true, strictFileInteractability: false, timeouts: {implicit: 0, pageLoad: 300000, script: 30000}, unhandledPromptBehavior: dismiss and notify, webauthn:extension:credBlob: true, webauthn:extension:largeBlob: true, webauthn:virtualAuthenticators: true}
Session ID: 58b094ae2f81675239d9e3dc93bbd796
	at sun.reflect.NativeConstructorAccessorImpl.newInstance0(Native Method)
	at sun.reflect.NativeConstructorAccessorImpl.newInstance(NativeConstructorAccessorImpl.java:62)
	at sun.reflect.DelegatingConstructorAccessorImpl.newInstance(DelegatingConstructorAccessorImpl.java:45)
	at java.lang.reflect.Constructor.newInstance(Constructor.java:423)
	at org.openqa.selenium.remote.http.W3CHttpResponseCodec.createException(W3CHttpResponseCodec.java:187)
	at org.openqa.selenium.remote.http.W3CHttpResponseCodec.decode(W3CHttpResponseCodec.java:122)
	at org.openqa.selenium.remote.http.W3CHttpResponseCodec.decode(W3CHttpResponseCodec.java:49)
	at org.openqa.selenium.remote.HttpCommandExecutor.execute(HttpCommandExecutor.java:158)
	at org.openqa.selenium.remote.service.DriverCommandExecutor.execute(DriverCommandExecutor.java:83)
	at org.openqa.selenium.remote.RemoteWebDriver.execute(RemoteWebDriver.java:543)
	at org.openqa.selenium.remote.RemoteWebDriver.get(RemoteWebDriver.java:271)
	at element.Navigate.goToUrl(Navigate.java:11)
	at pages.CreateFormPage.navigateToEnv(CreateFormPage.java:35)
	at steps.CreateNewComputer_Steps.iAmOnTheComputerDatabaseList(CreateNewComputer_Steps.java:22)
	at ✽.Given I am on the computer database list(CreateNewComputer.feature:4)
</error>
  </testcase>
  <testcase classname="| niña | 2021-Jan-01 | 2018-03-01 | 7 |" name="And I click on the button Add a new computer" time="0.001">
    <skipped/>
  </testcase>
  <testcase classname="| niña | 2021-Jan-01 | 2018-03-01 | 7 |" name="And I enter niña in Computer name field" time="0.023">
    <skipped/>
    <system-out>
  Background:                                    &amp;#27;[90m# CreateNewComputer.feature:3&amp;#27;[0m
    &amp;#27;[31mGiven &amp;#27;[0m&amp;#27;[31mI am on the computer database list&amp;#27;[0m     &amp;#27;[90m# CreateNewComputer_Steps.iAmOnTheComputerDatabaseList()&amp;#27;[0m
      &amp;#27;[31morg.openqa.selenium.NoSuchWindowException: no such window: target window already closed
      from unknown error: web view not found
        (Session info: chrome=99.0.4844.74)
      Build info: version: &apos;3.12.0&apos;, revision: &apos;7c6e0b3&apos;, time: &apos;2018-05-08T14:04:26.12Z&apos;
      System info: host: &apos;GS-ARI7C&apos;, ip: &apos;172.19.128.1&apos;, os.name: &apos;Windows 10&apos;, os.arch: &apos;amd64&apos;, os.version: &apos;10.0&apos;, java.version: &apos;1.8.0_291&apos;
      Driver info: org.openqa.selenium.chrome.ChromeDriver
      Capabilities {acceptInsecureCerts: false, browserName: chrome, browserVersion: 99.0.4844.74, chrome: {chromedriverVersion: 99.0.4844.51 (d537ec02474b5..., userDataDir: C:\Users\marijas\AppData\Lo...}, goog:chromeOptions: {debuggerAddress: localhost:55584}, javascriptEnabled: true, networkConnectionEnabled: false, pageLoadStrategy: normal, platform: WINDOWS, platformName: WINDOWS, proxy: Proxy(), setWindowRect: true, strictFileInteractability: false, timeouts: {implicit: 0, pageLoad: 300000, script: 30000}, unhandledPromptBehavior: dismiss and notify, webauthn:extension:credBlob: true, webauthn:extension:largeBlob: true, webauthn:virtualAuthenticators: true}
      Session ID: 58b094ae2f81675239d9e3dc93bbd796
      	at sun.reflect.NativeConstructorAccessorImpl.newInstance0(Native Method)
      	at sun.reflect.NativeConstructorAccessorImpl.newInstance(NativeConstructorAccessorImpl.java:62)
      	at sun.reflect.DelegatingConstructorAccessorImpl.newInstance(DelegatingConstructorAccessorImpl.java:45)
      	at java.lang.reflect.Constructor.newInstance(Constructor.java:423)
      	at org.openqa.selenium.remote.http.W3CHttpResponseCodec.createException(W3CHttpResponseCodec.java:187)
      	at org.openqa.selenium.remote.http.W3CHttpResponseCodec.decode(W3CHttpResponseCodec.java:122)
      	at org.openqa.selenium.remote.http.W3CHttpResponseCodec.decode(W3CHttpResponseCodec.java:49)
      	at org.openqa.selenium.remote.HttpCommandExecutor.execute(HttpCommandExecutor.java:158)
      	at org.openqa.selenium.remote.service.DriverCommandExecutor.execute(DriverCommandExecutor.java:83)
      	at org.openqa.selenium.remote.RemoteWebDriver.execute(RemoteWebDriver.java:543)
      	at org.openqa.selenium.remote.RemoteWebDriver.get(RemoteWebDriver.java:271)
      	at element.Navigate.goToUrl(Navigate.java:11)
      	at pages.CreateFormPage.navigateToEnv(CreateFormPage.java:35)
      	at steps.CreateNewComputer_Steps.iAmOnTheComputerDatabaseList(CreateNewComputer_Steps.java:22)
      	at ?.Given I am on the computer database list(CreateNewComputer.feature:4)
      &amp;#27;[0m
    &amp;#27;[36mAnd &amp;#27;[0m&amp;#27;[36mI click on the button Add a new computer&amp;#27;[0m &amp;#27;[90m# CreateNewComputer_Steps.iClickOnTheButtonAddNewComputer()&amp;#27;[0m
</system-out>
  </testcase>
  <testcase classname="| niña | 2021-Jan-01 | 2018-03-01 | 7 |" name="And I enter wrong 2021-Jan-01 format for Introduced date field" time="0.024">
    <skipped/>
  </testcase>
  <testcase classname="| niña | 2021-Jan-01 | 2018-03-01 | 7 |" name="And I enter valid 2018-03-01 Discontinued date and 7" time="0.024">
    <skipped/>
  </testcase>
  <testcase classname="| niña | 2021-Jan-01 | 2018-03-01 | 7 |" name="When I click on the button Create this computer" time="0.024">
    <skipped/>
  </testcase>
  <testcase classname="| niña | 2021-Jan-01 | 2018-03-01 | 7 |" name="Then I will not be able to create new computer" time="0.024">
    <skipped/>
  </testcase>
  <testcase classname="| niña | 2021-Jan-01 | 2018-03-01 | 7 |" name="And I will see &quot;Introduced date&quot; field highlighted in red" time="0.024">
    <skipped/>
  </testcase>
  <testcase classname="Given I am on the computer database list(| !@#) | 2021.01.01 | 2017-04-04 | 9 |)" name="Given I am on the computer database list" time="0">
    <error message="no such window: target window already closed
from unknown error: web view not found
  (Session info: chrome=99.0.4844.74)
Build info: version: &apos;3.12.0&apos;, revision: &apos;7c6e0b3&apos;, time: &apos;2018-05-08T14:04:26.12Z&apos;
System info: host: &apos;GS-ARI7C&apos;, ip: &apos;172.19.128.1&apos;, os.name: &apos;Windows 10&apos;, os.arch: &apos;amd64&apos;, os.version: &apos;10.0&apos;, java.version: &apos;1.8.0_291&apos;
Driver info: org.openqa.selenium.chrome.ChromeDriver
Capabilities {acceptInsecureCerts: false, browserName: chrome, browserVersion: 99.0.4844.74, chrome: {chromedriverVersion: 99.0.4844.51 (d537ec02474b5..., userDataDir: C:\Users\marijas\AppData\Lo...}, goog:chromeOptions: {debuggerAddress: localhost:55584}, javascriptEnabled: true, networkConnectionEnabled: false, pageLoadStrategy: normal, platform: WINDOWS, platformName: WINDOWS, proxy: Proxy(), setWindowRect: true, strictFileInteractability: false, timeouts: {implicit: 0, pageLoad: 300000, script: 30000}, unhandledPromptBehavior: dismiss and notify, webauthn:extension:credBlob: true, webauthn:extension:largeBlob: true, webauthn:virtualAuthenticators: true}
Session ID: 58b094ae2f81675239d9e3dc93bbd796" type="org.openqa.selenium.NoSuchWindowException">org.openqa.selenium.NoSuchWindowException: no such window: target window already closed
from unknown error: web view not found
  (Session info: chrome=99.0.4844.74)
Build info: version: &apos;3.12.0&apos;, revision: &apos;7c6e0b3&apos;, time: &apos;2018-05-08T14:04:26.12Z&apos;
System info: host: &apos;GS-ARI7C&apos;, ip: &apos;172.19.128.1&apos;, os.name: &apos;Windows 10&apos;, os.arch: &apos;amd64&apos;, os.version: &apos;10.0&apos;, java.version: &apos;1.8.0_291&apos;
Driver info: org.openqa.selenium.chrome.ChromeDriver
Capabilities {acceptInsecureCerts: false, browserName: chrome, browserVersion: 99.0.4844.74, chrome: {chromedriverVersion: 99.0.4844.51 (d537ec02474b5..., userDataDir: C:\Users\marijas\AppData\Lo...}, goog:chromeOptions: {debuggerAddress: localhost:55584}, javascriptEnabled: true, networkConnectionEnabled: false, pageLoadStrategy: normal, platform: WINDOWS, platformName: WINDOWS, proxy: Proxy(), setWindowRect: true, strictFileInteractability: false, timeouts: {implicit: 0, pageLoad: 300000, script: 30000}, unhandledPromptBehavior: dismiss and notify, webauthn:extension:credBlob: true, webauthn:extension:largeBlob: true, webauthn:virtualAuthenticators: true}
Session ID: 58b094ae2f81675239d9e3dc93bbd796
	at sun.reflect.NativeConstructorAccessorImpl.newInstance0(Native Method)
	at sun.reflect.NativeConstructorAccessorImpl.newInstance(NativeConstructorAccessorImpl.java:62)
	at sun.reflect.DelegatingConstructorAccessorImpl.newInstance(DelegatingConstructorAccessorImpl.java:45)
	at java.lang.reflect.Constructor.newInstance(Constructor.java:423)
	at org.openqa.selenium.remote.http.W3CHttpResponseCodec.createException(W3CHttpResponseCodec.java:187)
	at org.openqa.selenium.remote.http.W3CHttpResponseCodec.decode(W3CHttpResponseCodec.java:122)
	at org.openqa.selenium.remote.http.W3CHttpResponseCodec.decode(W3CHttpResponseCodec.java:49)
	at org.openqa.selenium.remote.HttpCommandExecutor.execute(HttpCommandExecutor.java:158)
	at org.openqa.selenium.remote.service.DriverCommandExecutor.execute(DriverCommandExecutor.java:83)
	at org.openqa.selenium.remote.RemoteWebDriver.execute(RemoteWebDriver.java:543)
	at org.openqa.selenium.remote.RemoteWebDriver.get(RemoteWebDriver.java:271)
	at element.Navigate.goToUrl(Navigate.java:11)
	at pages.CreateFormPage.navigateToEnv(CreateFormPage.java:35)
	at steps.CreateNewComputer_Steps.iAmOnTheComputerDatabaseList(CreateNewComputer_Steps.java:22)
	at ✽.Given I am on the computer database list(CreateNewComputer.feature:4)
</error>
    <system-out>
  @browser
  Scenario Outline: Verify that user is unable to create new computer with wrong date format for Introduced date field &amp;#27;[90m# CreateNewComputer.feature:40&amp;#27;[0m
    &amp;#27;[36mAnd &amp;#27;[0m&amp;#27;[36mI enter &amp;#27;[0m&amp;#27;[36m&amp;#27;[1mniña&amp;#27;[0m&amp;#27;[36m in Computer name field&amp;#27;[0m                                                                            &amp;#27;[90m# CreateNewComputer_Steps.iEnterNameInComputerFieldName(String)&amp;#27;[0m
    &amp;#27;[36mAnd &amp;#27;[0m&amp;#27;[36mI enter wrong &amp;#27;[0m&amp;#27;[36m&amp;#27;[1m2021-Jan-01&amp;#27;[0m&amp;#27;[36m format for Introduced date field&amp;#27;[0m                                                     &amp;#27;[90m# CreateNewComputer_Steps.iEnterWrongDateFormatForIntroducedDateField(String)&amp;#27;[0m
    &amp;#27;[36mAnd &amp;#27;[0m&amp;#27;[36mI enter valid &amp;#27;[0m&amp;#27;[36m&amp;#27;[1m2018-03-01&amp;#27;[0m&amp;#27;[36m Discontinued date and &amp;#27;[0m&amp;#27;[36m&amp;#27;[1m7&amp;#27;[0m                                                               &amp;#27;[90m# CreateNewComputer_Steps.iEnterValidDataForTheRestOfOptionalFields1(String,String)&amp;#27;[0m
    &amp;#27;[36mWhen &amp;#27;[0m&amp;#27;[36mI click on the button Create this computer&amp;#27;[0m                                                                    &amp;#27;[90m# CreateNewComputer_Steps.iClickOnTheButtonCreateThisComputer()&amp;#27;[0m
    &amp;#27;[36mThen &amp;#27;[0m&amp;#27;[36mI will not be able to create new computer&amp;#27;[0m                                                                     &amp;#27;[90m# CreateNewComputer_Steps.iWillNotBeAbleToCreateNewComputer()&amp;#27;[0m
    &amp;#27;[36mAnd &amp;#27;[0m&amp;#27;[36mI will see &quot;Introduced date&quot; field highlighted in red&amp;#27;[0m                                                          &amp;#27;[90m# CreateNewComputer_Steps.iWillSeeIntroducedDateFieldHighlightedInRed()&amp;#27;[0m
</system-out>
    <system-err>[main] INFO io.github.bonigarcia.wdm.WebDriverManager - Using chromedriver 99.0.4844.51 (since Google Chrome 99 is installed in your machine)
[main] INFO io.github.bonigarcia.wdm.WebDriverManager - Exporting webdriver.chrome.driver as C:\Users\marijas\.m2\repository\webdriver\chromedriver\win32\99.0.4844.51\chromedriver.exe
Mar 22, 2022 12:42:04 PM element.Navigate goToUrl
INFO: Navigate to Url: http://computer-database.herokuapp.com/computers
</system-err>
  </testcase>
  <testcase classname="| !@#) | 2021.01.01 | 2017-04-04 | 9 |" name="| !@#) | 2021.01.01 | 2017-04-04 | 9 |" time="0.001">
    <error message="no such window: target window already closed
from unknown error: web view not found
  (Session info: chrome=99.0.4844.74)
Build info: version: &apos;3.12.0&apos;, revision: &apos;7c6e0b3&apos;, time: &apos;2018-05-08T14:04:26.12Z&apos;
System info: host: &apos;GS-ARI7C&apos;, ip: &apos;172.19.128.1&apos;, os.name: &apos;Windows 10&apos;, os.arch: &apos;amd64&apos;, os.version: &apos;10.0&apos;, java.version: &apos;1.8.0_291&apos;
Driver info: org.openqa.selenium.chrome.ChromeDriver
Capabilities {acceptInsecureCerts: false, browserName: chrome, browserVersion: 99.0.4844.74, chrome: {chromedriverVersion: 99.0.4844.51 (d537ec02474b5..., userDataDir: C:\Users\marijas\AppData\Lo...}, goog:chromeOptions: {debuggerAddress: localhost:55584}, javascriptEnabled: true, networkConnectionEnabled: false, pageLoadStrategy: normal, platform: WINDOWS, platformName: WINDOWS, proxy: Proxy(), setWindowRect: true, strictFileInteractability: false, timeouts: {implicit: 0, pageLoad: 300000, script: 30000}, unhandledPromptBehavior: dismiss and notify, webauthn:extension:credBlob: true, webauthn:extension:largeBlob: true, webauthn:virtualAuthenticators: true}
Session ID: 58b094ae2f81675239d9e3dc93bbd796" type="org.openqa.selenium.NoSuchWindowException">org.openqa.selenium.NoSuchWindowException: no such window: target window already closed
from unknown error: web view not found
  (Session info: chrome=99.0.4844.74)
Build info: version: &apos;3.12.0&apos;, revision: &apos;7c6e0b3&apos;, time: &apos;2018-05-08T14:04:26.12Z&apos;
System info: host: &apos;GS-ARI7C&apos;, ip: &apos;172.19.128.1&apos;, os.name: &apos;Windows 10&apos;, os.arch: &apos;amd64&apos;, os.version: &apos;10.0&apos;, java.version: &apos;1.8.0_291&apos;
Driver info: org.openqa.selenium.chrome.ChromeDriver
Capabilities {acceptInsecureCerts: false, browserName: chrome, browserVersion: 99.0.4844.74, chrome: {chromedriverVersion: 99.0.4844.51 (d537ec02474b5..., userDataDir: C:\Users\marijas\AppData\Lo...}, goog:chromeOptions: {debuggerAddress: localhost:55584}, javascriptEnabled: true, networkConnectionEnabled: false, pageLoadStrategy: normal, platform: WINDOWS, platformName: WINDOWS, proxy: Proxy(), setWindowRect: true, strictFileInteractability: false, timeouts: {implicit: 0, pageLoad: 300000, script: 30000}, unhandledPromptBehavior: dismiss and notify, webauthn:extension:credBlob: true, webauthn:extension:largeBlob: true, webauthn:virtualAuthenticators: true}
Session ID: 58b094ae2f81675239d9e3dc93bbd796
	at sun.reflect.NativeConstructorAccessorImpl.newInstance0(Native Method)
	at sun.reflect.NativeConstructorAccessorImpl.newInstance(NativeConstructorAccessorImpl.java:62)
	at sun.reflect.DelegatingConstructorAccessorImpl.newInstance(DelegatingConstructorAccessorImpl.java:45)
	at java.lang.reflect.Constructor.newInstance(Constructor.java:423)
	at org.openqa.selenium.remote.http.W3CHttpResponseCodec.createException(W3CHttpResponseCodec.java:187)
	at org.openqa.selenium.remote.http.W3CHttpResponseCodec.decode(W3CHttpResponseCodec.java:122)
	at org.openqa.selenium.remote.http.W3CHttpResponseCodec.decode(W3CHttpResponseCodec.java:49)
	at org.openqa.selenium.remote.HttpCommandExecutor.execute(HttpCommandExecutor.java:158)
	at org.openqa.selenium.remote.service.DriverCommandExecutor.execute(DriverCommandExecutor.java:83)
	at org.openqa.selenium.remote.RemoteWebDriver.execute(RemoteWebDriver.java:543)
	at org.openqa.selenium.remote.RemoteWebDriver.get(RemoteWebDriver.java:271)
	at element.Navigate.goToUrl(Navigate.java:11)
	at pages.CreateFormPage.navigateToEnv(CreateFormPage.java:35)
	at steps.CreateNewComputer_Steps.iAmOnTheComputerDatabaseList(CreateNewComputer_Steps.java:22)
	at ✽.Given I am on the computer database list(CreateNewComputer.feature:4)
</error>
  </testcase>
  <testcase classname="And I click on the button Add a new computer(| !@#) | 2021.01.01 | 2017-04-04 | 9 |)" name="And I click on the button Add a new computer" time="0.001">
    <skipped/>
  </testcase>
  <testcase classname="And I enter !@#) in Computer name field(| !@#) | 2021.01.01 | 2017-04-04 | 9 |)" name="And I enter !@#) in Computer name field" time="0.021">
    <skipped/>
    <system-out>
  Background:                                    &amp;#27;[90m# CreateNewComputer.feature:3&amp;#27;[0m
    &amp;#27;[31mGiven &amp;#27;[0m&amp;#27;[31mI am on the computer database list&amp;#27;[0m     &amp;#27;[90m# CreateNewComputer_Steps.iAmOnTheComputerDatabaseList()&amp;#27;[0m
      &amp;#27;[31morg.openqa.selenium.NoSuchWindowException: no such window: target window already closed
      from unknown error: web view not found
        (Session info: chrome=99.0.4844.74)
      Build info: version: &apos;3.12.0&apos;, revision: &apos;7c6e0b3&apos;, time: &apos;2018-05-08T14:04:26.12Z&apos;
      System info: host: &apos;GS-ARI7C&apos;, ip: &apos;172.19.128.1&apos;, os.name: &apos;Windows 10&apos;, os.arch: &apos;amd64&apos;, os.version: &apos;10.0&apos;, java.version: &apos;1.8.0_291&apos;
      Driver info: org.openqa.selenium.chrome.ChromeDriver
      Capabilities {acceptInsecureCerts: false, browserName: chrome, browserVersion: 99.0.4844.74, chrome: {chromedriverVersion: 99.0.4844.51 (d537ec02474b5..., userDataDir: C:\Users\marijas\AppData\Lo...}, goog:chromeOptions: {debuggerAddress: localhost:55584}, javascriptEnabled: true, networkConnectionEnabled: false, pageLoadStrategy: normal, platform: WINDOWS, platformName: WINDOWS, proxy: Proxy(), setWindowRect: true, strictFileInteractability: false, timeouts: {implicit: 0, pageLoad: 300000, script: 30000}, unhandledPromptBehavior: dismiss and notify, webauthn:extension:credBlob: true, webauthn:extension:largeBlob: true, webauthn:virtualAuthenticators: true}
      Session ID: 58b094ae2f81675239d9e3dc93bbd796
      	at sun.reflect.NativeConstructorAccessorImpl.newInstance0(Native Method)
      	at sun.reflect.NativeConstructorAccessorImpl.newInstance(NativeConstructorAccessorImpl.java:62)
      	at sun.reflect.DelegatingConstructorAccessorImpl.newInstance(DelegatingConstructorAccessorImpl.java:45)
      	at java.lang.reflect.Constructor.newInstance(Constructor.java:423)
      	at org.openqa.selenium.remote.http.W3CHttpResponseCodec.createException(W3CHttpResponseCodec.java:187)
      	at org.openqa.selenium.remote.http.W3CHttpResponseCodec.decode(W3CHttpResponseCodec.java:122)
      	at org.openqa.selenium.remote.http.W3CHttpResponseCodec.decode(W3CHttpResponseCodec.java:49)
      	at org.openqa.selenium.remote.HttpCommandExecutor.execute(HttpCommandExecutor.java:158)
      	at org.openqa.selenium.remote.service.DriverCommandExecutor.execute(DriverCommandExecutor.java:83)
      	at org.openqa.selenium.remote.RemoteWebDriver.execute(RemoteWebDriver.java:543)
      	at org.openqa.selenium.remote.RemoteWebDriver.get(RemoteWebDriver.java:271)
      	at element.Navigate.goToUrl(Navigate.java:11)
      	at pages.CreateFormPage.navigateToEnv(CreateFormPage.java:35)
      	at steps.CreateNewComputer_Steps.iAmOnTheComputerDatabaseList(CreateNewComputer_Steps.java:22)
      	at ?.Given I am on the computer database list(CreateNewComputer.feature:4)
      &amp;#27;[0m
    &amp;#27;[36mAnd &amp;#27;[0m&amp;#27;[36mI click on the button Add a new computer&amp;#27;[0m &amp;#27;[90m# CreateNewComputer_Steps.iClickOnTheButtonAddNewComputer()&amp;#27;[0m
</system-out>
  </testcase>
  <testcase classname="And I enter wrong 2021.01.01 format for Introduced date field(| !@#) | 2021.01.01 | 2017-04-04 | 9 |)" name="And I enter wrong 2021.01.01 format for Introduced date field" time="0.021">
    <skipped/>
  </testcase>
  <testcase classname="And I enter valid 2017-04-04 Discontinued date and 9(| !@#) | 2021.01.01 | 2017-04-04 | 9 |)" name="And I enter valid 2017-04-04 Discontinued date and 9" time="0.021">
    <skipped/>
  </testcase>
  <testcase classname="When I click on the button Create this computer(| !@#) | 2021.01.01 | 2017-04-04 | 9 |)" name="When I click on the button Create this computer" time="0.022">
    <skipped/>
  </testcase>
  <testcase classname="Then I will not be able to create new computer(| !@#) | 2021.01.01 | 2017-04-04 | 9 |)" name="Then I will not be able to create new computer" time="0.022">
    <skipped/>
  </testcase>
  <testcase classname="And I will see &quot;Introduced date&quot; field highlighted in red(| !@#) | 2021.01.01 | 2017-04-04 | 9 |)" name="And I will see &quot;Introduced date&quot; field highlighted in red" time="0.022">
    <skipped/>
  </testcase>
  <testcase classname="| te st | 2000_2_2 | 2016-05-05 | 11 |" name="Given I am on the computer database list" time="0">
    <error message="no such window: target window already closed
from unknown error: web view not found
  (Session info: chrome=99.0.4844.74)
Build info: version: &apos;3.12.0&apos;, revision: &apos;7c6e0b3&apos;, time: &apos;2018-05-08T14:04:26.12Z&apos;
System info: host: &apos;GS-ARI7C&apos;, ip: &apos;172.19.128.1&apos;, os.name: &apos;Windows 10&apos;, os.arch: &apos;amd64&apos;, os.version: &apos;10.0&apos;, java.version: &apos;1.8.0_291&apos;
Driver info: org.openqa.selenium.chrome.ChromeDriver
Capabilities {acceptInsecureCerts: false, browserName: chrome, browserVersion: 99.0.4844.74, chrome: {chromedriverVersion: 99.0.4844.51 (d537ec02474b5..., userDataDir: C:\Users\marijas\AppData\Lo...}, goog:chromeOptions: {debuggerAddress: localhost:55584}, javascriptEnabled: true, networkConnectionEnabled: false, pageLoadStrategy: normal, platform: WINDOWS, platformName: WINDOWS, proxy: Proxy(), setWindowRect: true, strictFileInteractability: false, timeouts: {implicit: 0, pageLoad: 300000, script: 30000}, unhandledPromptBehavior: dismiss and notify, webauthn:extension:credBlob: true, webauthn:extension:largeBlob: true, webauthn:virtualAuthenticators: true}
Session ID: 58b094ae2f81675239d9e3dc93bbd796" type="org.openqa.selenium.NoSuchWindowException">org.openqa.selenium.NoSuchWindowException: no such window: target window already closed
from unknown error: web view not found
  (Session info: chrome=99.0.4844.74)
Build info: version: &apos;3.12.0&apos;, revision: &apos;7c6e0b3&apos;, time: &apos;2018-05-08T14:04:26.12Z&apos;
System info: host: &apos;GS-ARI7C&apos;, ip: &apos;172.19.128.1&apos;, os.name: &apos;Windows 10&apos;, os.arch: &apos;amd64&apos;, os.version: &apos;10.0&apos;, java.version: &apos;1.8.0_291&apos;
Driver info: org.openqa.selenium.chrome.ChromeDriver
Capabilities {acceptInsecureCerts: false, browserName: chrome, browserVersion: 99.0.4844.74, chrome: {chromedriverVersion: 99.0.4844.51 (d537ec02474b5..., userDataDir: C:\Users\marijas\AppData\Lo...}, goog:chromeOptions: {debuggerAddress: localhost:55584}, javascriptEnabled: true, networkConnectionEnabled: false, pageLoadStrategy: normal, platform: WINDOWS, platformName: WINDOWS, proxy: Proxy(), setWindowRect: true, strictFileInteractability: false, timeouts: {implicit: 0, pageLoad: 300000, script: 30000}, unhandledPromptBehavior: dismiss and notify, webauthn:extension:credBlob: true, webauthn:extension:largeBlob: true, webauthn:virtualAuthenticators: true}
Session ID: 58b094ae2f81675239d9e3dc93bbd796
	at sun.reflect.NativeConstructorAccessorImpl.newInstance0(Native Method)
	at sun.reflect.NativeConstructorAccessorImpl.newInstance(NativeConstructorAccessorImpl.java:62)
	at sun.reflect.DelegatingConstructorAccessorImpl.newInstance(DelegatingConstructorAccessorImpl.java:45)
	at java.lang.reflect.Constructor.newInstance(Constructor.java:423)
	at org.openqa.selenium.remote.http.W3CHttpResponseCodec.createException(W3CHttpResponseCodec.java:187)
	at org.openqa.selenium.remote.http.W3CHttpResponseCodec.decode(W3CHttpResponseCodec.java:122)
	at org.openqa.selenium.remote.http.W3CHttpResponseCodec.decode(W3CHttpResponseCodec.java:49)
	at org.openqa.selenium.remote.HttpCommandExecutor.execute(HttpCommandExecutor.java:158)
	at org.openqa.selenium.remote.service.DriverCommandExecutor.execute(DriverCommandExecutor.java:83)
	at org.openqa.selenium.remote.RemoteWebDriver.execute(RemoteWebDriver.java:543)
	at org.openqa.selenium.remote.RemoteWebDriver.get(RemoteWebDriver.java:271)
	at element.Navigate.goToUrl(Navigate.java:11)
	at pages.CreateFormPage.navigateToEnv(CreateFormPage.java:35)
	at steps.CreateNewComputer_Steps.iAmOnTheComputerDatabaseList(CreateNewComputer_Steps.java:22)
	at ✽.Given I am on the computer database list(CreateNewComputer.feature:4)
</error>
    <system-out>
  @browser
  Scenario Outline: Verify that user is unable to create new computer with wrong date format for Introduced date field &amp;#27;[90m# CreateNewComputer.feature:41&amp;#27;[0m
    &amp;#27;[36mAnd &amp;#27;[0m&amp;#27;[36mI enter &amp;#27;[0m&amp;#27;[36m&amp;#27;[1m!@#)&amp;#27;[0m&amp;#27;[36m in Computer name field&amp;#27;[0m                                                                            &amp;#27;[90m# CreateNewComputer_Steps.iEnterNameInComputerFieldName(String)&amp;#27;[0m
    &amp;#27;[36mAnd &amp;#27;[0m&amp;#27;[36mI enter wrong &amp;#27;[0m&amp;#27;[36m&amp;#27;[1m2021.01.01&amp;#27;[0m&amp;#27;[36m format for Introduced date field&amp;#27;[0m                                                      &amp;#27;[90m# CreateNewComputer_Steps.iEnterWrongDateFormatForIntroducedDateField(String)&amp;#27;[0m
    &amp;#27;[36mAnd &amp;#27;[0m&amp;#27;[36mI enter valid &amp;#27;[0m&amp;#27;[36m&amp;#27;[1m2017-04-04&amp;#27;[0m&amp;#27;[36m Discontinued date and &amp;#27;[0m&amp;#27;[36m&amp;#27;[1m9&amp;#27;[0m                                                               &amp;#27;[90m# CreateNewComputer_Steps.iEnterValidDataForTheRestOfOptionalFields1(String,String)&amp;#27;[0m
    &amp;#27;[36mWhen &amp;#27;[0m&amp;#27;[36mI click on the button Create this computer&amp;#27;[0m                                                                    &amp;#27;[90m# CreateNewComputer_Steps.iClickOnTheButtonCreateThisComputer()&amp;#27;[0m
    &amp;#27;[36mThen &amp;#27;[0m&amp;#27;[36mI will not be able to create new computer&amp;#27;[0m                                                                     &amp;#27;[90m# CreateNewComputer_Steps.iWillNotBeAbleToCreateNewComputer()&amp;#27;[0m
    &amp;#27;[36mAnd &amp;#27;[0m&amp;#27;[36mI will see &quot;Introduced date&quot; field highlighted in red&amp;#27;[0m                                                          &amp;#27;[90m# CreateNewComputer_Steps.iWillSeeIntroducedDateFieldHighlightedInRed()&amp;#27;[0m
</system-out>
    <system-err>[main] INFO io.github.bonigarcia.wdm.WebDriverManager - Using chromedriver 99.0.4844.51 (since Google Chrome 99 is installed in your machine)
[main] INFO io.github.bonigarcia.wdm.WebDriverManager - Exporting webdriver.chrome.driver as C:\Users\marijas\.m2\repository\webdriver\chromedriver\win32\99.0.4844.51\chromedriver.exe
Mar 22, 2022 12:42:04 PM element.Navigate goToUrl
INFO: Navigate to Url: http://computer-database.herokuapp.com/computers
</system-err>
  </testcase>
  <testcase classname="| te st | 2000_2_2 | 2016-05-05 | 11 |" name="| te st | 2000_2_2 | 2016-05-05 | 11 |" time="0">
    <error message="no such window: target window already closed
from unknown error: web view not found
  (Session info: chrome=99.0.4844.74)
Build info: version: &apos;3.12.0&apos;, revision: &apos;7c6e0b3&apos;, time: &apos;2018-05-08T14:04:26.12Z&apos;
System info: host: &apos;GS-ARI7C&apos;, ip: &apos;172.19.128.1&apos;, os.name: &apos;Windows 10&apos;, os.arch: &apos;amd64&apos;, os.version: &apos;10.0&apos;, java.version: &apos;1.8.0_291&apos;
Driver info: org.openqa.selenium.chrome.ChromeDriver
Capabilities {acceptInsecureCerts: false, browserName: chrome, browserVersion: 99.0.4844.74, chrome: {chromedriverVersion: 99.0.4844.51 (d537ec02474b5..., userDataDir: C:\Users\marijas\AppData\Lo...}, goog:chromeOptions: {debuggerAddress: localhost:55584}, javascriptEnabled: true, networkConnectionEnabled: false, pageLoadStrategy: normal, platform: WINDOWS, platformName: WINDOWS, proxy: Proxy(), setWindowRect: true, strictFileInteractability: false, timeouts: {implicit: 0, pageLoad: 300000, script: 30000}, unhandledPromptBehavior: dismiss and notify, webauthn:extension:credBlob: true, webauthn:extension:largeBlob: true, webauthn:virtualAuthenticators: true}
Session ID: 58b094ae2f81675239d9e3dc93bbd796" type="org.openqa.selenium.NoSuchWindowException">org.openqa.selenium.NoSuchWindowException: no such window: target window already closed
from unknown error: web view not found
  (Session info: chrome=99.0.4844.74)
Build info: version: &apos;3.12.0&apos;, revision: &apos;7c6e0b3&apos;, time: &apos;2018-05-08T14:04:26.12Z&apos;
System info: host: &apos;GS-ARI7C&apos;, ip: &apos;172.19.128.1&apos;, os.name: &apos;Windows 10&apos;, os.arch: &apos;amd64&apos;, os.version: &apos;10.0&apos;, java.version: &apos;1.8.0_291&apos;
Driver info: org.openqa.selenium.chrome.ChromeDriver
Capabilities {acceptInsecureCerts: false, browserName: chrome, browserVersion: 99.0.4844.74, chrome: {chromedriverVersion: 99.0.4844.51 (d537ec02474b5..., userDataDir: C:\Users\marijas\AppData\Lo...}, goog:chromeOptions: {debuggerAddress: localhost:55584}, javascriptEnabled: true, networkConnectionEnabled: false, pageLoadStrategy: normal, platform: WINDOWS, platformName: WINDOWS, proxy: Proxy(), setWindowRect: true, strictFileInteractability: false, timeouts: {implicit: 0, pageLoad: 300000, script: 30000}, unhandledPromptBehavior: dismiss and notify, webauthn:extension:credBlob: true, webauthn:extension:largeBlob: true, webauthn:virtualAuthenticators: true}
Session ID: 58b094ae2f81675239d9e3dc93bbd796
	at sun.reflect.NativeConstructorAccessorImpl.newInstance0(Native Method)
	at sun.reflect.NativeConstructorAccessorImpl.newInstance(NativeConstructorAccessorImpl.java:62)
	at sun.reflect.DelegatingConstructorAccessorImpl.newInstance(DelegatingConstructorAccessorImpl.java:45)
	at java.lang.reflect.Constructor.newInstance(Constructor.java:423)
	at org.openqa.selenium.remote.http.W3CHttpResponseCodec.createException(W3CHttpResponseCodec.java:187)
	at org.openqa.selenium.remote.http.W3CHttpResponseCodec.decode(W3CHttpResponseCodec.java:122)
	at org.openqa.selenium.remote.http.W3CHttpResponseCodec.decode(W3CHttpResponseCodec.java:49)
	at org.openqa.selenium.remote.HttpCommandExecutor.execute(HttpCommandExecutor.java:158)
	at org.openqa.selenium.remote.service.DriverCommandExecutor.execute(DriverCommandExecutor.java:83)
	at org.openqa.selenium.remote.RemoteWebDriver.execute(RemoteWebDriver.java:543)
	at org.openqa.selenium.remote.RemoteWebDriver.get(RemoteWebDriver.java:271)
	at element.Navigate.goToUrl(Navigate.java:11)
	at pages.CreateFormPage.navigateToEnv(CreateFormPage.java:35)
	at steps.CreateNewComputer_Steps.iAmOnTheComputerDatabaseList(CreateNewComputer_Steps.java:22)
	at ✽.Given I am on the computer database list(CreateNewComputer.feature:4)
</error>
  </testcase>
  <testcase classname="| te st | 2000_2_2 | 2016-05-05 | 11 |" name="And I click on the button Add a new computer" time="0">
    <skipped/>
  </testcase>
  <testcase classname="| te st | 2000_2_2 | 2016-05-05 | 11 |" name="And I enter te st in Computer name field" time="0.032">
    <skipped/>
    <system-out>
  Background:                                    &amp;#27;[90m# CreateNewComputer.feature:3&amp;#27;[0m
    &amp;#27;[31mGiven &amp;#27;[0m&amp;#27;[31mI am on the computer database list&amp;#27;[0m     &amp;#27;[90m# CreateNewComputer_Steps.iAmOnTheComputerDatabaseList()&amp;#27;[0m
      &amp;#27;[31morg.openqa.selenium.NoSuchWindowException: no such window: target window already closed
      from unknown error: web view not found
        (Session info: chrome=99.0.4844.74)
      Build info: version: &apos;3.12.0&apos;, revision: &apos;7c6e0b3&apos;, time: &apos;2018-05-08T14:04:26.12Z&apos;
      System info: host: &apos;GS-ARI7C&apos;, ip: &apos;172.19.128.1&apos;, os.name: &apos;Windows 10&apos;, os.arch: &apos;amd64&apos;, os.version: &apos;10.0&apos;, java.version: &apos;1.8.0_291&apos;
      Driver info: org.openqa.selenium.chrome.ChromeDriver
      Capabilities {acceptInsecureCerts: false, browserName: chrome, browserVersion: 99.0.4844.74, chrome: {chromedriverVersion: 99.0.4844.51 (d537ec02474b5..., userDataDir: C:\Users\marijas\AppData\Lo...}, goog:chromeOptions: {debuggerAddress: localhost:55584}, javascriptEnabled: true, networkConnectionEnabled: false, pageLoadStrategy: normal, platform: WINDOWS, platformName: WINDOWS, proxy: Proxy(), setWindowRect: true, strictFileInteractability: false, timeouts: {implicit: 0, pageLoad: 300000, script: 30000}, unhandledPromptBehavior: dismiss and notify, webauthn:extension:credBlob: true, webauthn:extension:largeBlob: true, webauthn:virtualAuthenticators: true}
      Session ID: 58b094ae2f81675239d9e3dc93bbd796
      	at sun.reflect.NativeConstructorAccessorImpl.newInstance0(Native Method)
      	at sun.reflect.NativeConstructorAccessorImpl.newInstance(NativeConstructorAccessorImpl.java:62)
      	at sun.reflect.DelegatingConstructorAccessorImpl.newInstance(DelegatingConstructorAccessorImpl.java:45)
      	at java.lang.reflect.Constructor.newInstance(Constructor.java:423)
      	at org.openqa.selenium.remote.http.W3CHttpResponseCodec.createException(W3CHttpResponseCodec.java:187)
      	at org.openqa.selenium.remote.http.W3CHttpResponseCodec.decode(W3CHttpResponseCodec.java:122)
      	at org.openqa.selenium.remote.http.W3CHttpResponseCodec.decode(W3CHttpResponseCodec.java:49)
      	at org.openqa.selenium.remote.HttpCommandExecutor.execute(HttpCommandExecutor.java:158)
      	at org.openqa.selenium.remote.service.DriverCommandExecutor.execute(DriverCommandExecutor.java:83)
      	at org.openqa.selenium.remote.RemoteWebDriver.execute(RemoteWebDriver.java:543)
      	at org.openqa.selenium.remote.RemoteWebDriver.get(RemoteWebDriver.java:271)
      	at element.Navigate.goToUrl(Navigate.java:11)
      	at pages.CreateFormPage.navigateToEnv(CreateFormPage.java:35)
      	at steps.CreateNewComputer_Steps.iAmOnTheComputerDatabaseList(CreateNewComputer_Steps.java:22)
      	at ?.Given I am on the computer database list(CreateNewComputer.feature:4)
      &amp;#27;[0m
    &amp;#27;[36mAnd &amp;#27;[0m&amp;#27;[36mI click on the button Add a new computer&amp;#27;[0m &amp;#27;[90m# CreateNewComputer_Steps.iClickOnTheButtonAddNewComputer()&amp;#27;[0m
</system-out>
  </testcase>
  <testcase classname="| te st | 2000_2_2 | 2016-05-05 | 11 |" name="And I enter wrong 2000_2_2 format for Introduced date field" time="0.032">
    <skipped/>
  </testcase>
  <testcase classname="| te st | 2000_2_2 | 2016-05-05 | 11 |" name="And I enter valid 2016-05-05 Discontinued date and 11" time="0.032">
    <skipped/>
  </testcase>
  <testcase classname="| te st | 2000_2_2 | 2016-05-05 | 11 |" name="When I click on the button Create this computer" time="0.032">
    <skipped/>
  </testcase>
  <testcase classname="| te st | 2000_2_2 | 2016-05-05 | 11 |" name="Then I will not be able to create new computer" time="0.032">
    <skipped/>
  </testcase>
  <testcase classname="| te st | 2000_2_2 | 2016-05-05 | 11 |" name="And I will see &quot;Introduced date&quot; field highlighted in red" time="0.032">
    <skipped/>
  </testcase>
  <testcase classname="&amp;_^*? | 2018-03-01 | 13 |" name="Given I am on the computer database list(| TEST | !@#)" time="0">
    <error message="no such window: target window already closed
from unknown error: web view not found
  (Session info: chrome=99.0.4844.74)
Build info: version: &apos;3.12.0&apos;, revision: &apos;7c6e0b3&apos;, time: &apos;2018-05-08T14:04:26.12Z&apos;
System info: host: &apos;GS-ARI7C&apos;, ip: &apos;172.19.128.1&apos;, os.name: &apos;Windows 10&apos;, os.arch: &apos;amd64&apos;, os.version: &apos;10.0&apos;, java.version: &apos;1.8.0_291&apos;
Driver info: org.openqa.selenium.chrome.ChromeDriver
Capabilities {acceptInsecureCerts: false, browserName: chrome, browserVersion: 99.0.4844.74, chrome: {chromedriverVersion: 99.0.4844.51 (d537ec02474b5..., userDataDir: C:\Users\marijas\AppData\Lo...}, goog:chromeOptions: {debuggerAddress: localhost:55584}, javascriptEnabled: true, networkConnectionEnabled: false, pageLoadStrategy: normal, platform: WINDOWS, platformName: WINDOWS, proxy: Proxy(), setWindowRect: true, strictFileInteractability: false, timeouts: {implicit: 0, pageLoad: 300000, script: 30000}, unhandledPromptBehavior: dismiss and notify, webauthn:extension:credBlob: true, webauthn:extension:largeBlob: true, webauthn:virtualAuthenticators: true}
Session ID: 58b094ae2f81675239d9e3dc93bbd796" type="org.openqa.selenium.NoSuchWindowException">org.openqa.selenium.NoSuchWindowException: no such window: target window already closed
from unknown error: web view not found
  (Session info: chrome=99.0.4844.74)
Build info: version: &apos;3.12.0&apos;, revision: &apos;7c6e0b3&apos;, time: &apos;2018-05-08T14:04:26.12Z&apos;
System info: host: &apos;GS-ARI7C&apos;, ip: &apos;172.19.128.1&apos;, os.name: &apos;Windows 10&apos;, os.arch: &apos;amd64&apos;, os.version: &apos;10.0&apos;, java.version: &apos;1.8.0_291&apos;
Driver info: org.openqa.selenium.chrome.ChromeDriver
Capabilities {acceptInsecureCerts: false, browserName: chrome, browserVersion: 99.0.4844.74, chrome: {chromedriverVersion: 99.0.4844.51 (d537ec02474b5..., userDataDir: C:\Users\marijas\AppData\Lo...}, goog:chromeOptions: {debuggerAddress: localhost:55584}, javascriptEnabled: true, networkConnectionEnabled: false, pageLoadStrategy: normal, platform: WINDOWS, platformName: WINDOWS, proxy: Proxy(), setWindowRect: true, strictFileInteractability: false, timeouts: {implicit: 0, pageLoad: 300000, script: 30000}, unhandledPromptBehavior: dismiss and notify, webauthn:extension:credBlob: true, webauthn:extension:largeBlob: true, webauthn:virtualAuthenticators: true}
Session ID: 58b094ae2f81675239d9e3dc93bbd796
	at sun.reflect.NativeConstructorAccessorImpl.newInstance0(Native Method)
	at sun.reflect.NativeConstructorAccessorImpl.newInstance(NativeConstructorAccessorImpl.java:62)
	at sun.reflect.DelegatingConstructorAccessorImpl.newInstance(DelegatingConstructorAccessorImpl.java:45)
	at java.lang.reflect.Constructor.newInstance(Constructor.java:423)
	at org.openqa.selenium.remote.http.W3CHttpResponseCodec.createException(W3CHttpResponseCodec.java:187)
	at org.openqa.selenium.remote.http.W3CHttpResponseCodec.decode(W3CHttpResponseCodec.java:122)
	at org.openqa.selenium.remote.http.W3CHttpResponseCodec.decode(W3CHttpResponseCodec.java:49)
	at org.openqa.selenium.remote.HttpCommandExecutor.execute(HttpCommandExecutor.java:158)
	at org.openqa.selenium.remote.service.DriverCommandExecutor.execute(DriverCommandExecutor.java:83)
	at org.openqa.selenium.remote.RemoteWebDriver.execute(RemoteWebDriver.java:543)
	at org.openqa.selenium.remote.RemoteWebDriver.get(RemoteWebDriver.java:271)
	at element.Navigate.goToUrl(Navigate.java:11)
	at pages.CreateFormPage.navigateToEnv(CreateFormPage.java:35)
	at steps.CreateNewComputer_Steps.iAmOnTheComputerDatabaseList(CreateNewComputer_Steps.java:22)
	at ✽.Given I am on the computer database list(CreateNewComputer.feature:4)
</error>
    <system-out>
  @browser
  Scenario Outline: Verify that user is unable to create new computer with wrong date format for Introduced date field &amp;#27;[90m# CreateNewComputer.feature:42&amp;#27;[0m
    &amp;#27;[36mAnd &amp;#27;[0m&amp;#27;[36mI enter &amp;#27;[0m&amp;#27;[36m&amp;#27;[1mte st&amp;#27;[0m&amp;#27;[36m in Computer name field&amp;#27;[0m                                                                           &amp;#27;[90m# CreateNewComputer_Steps.iEnterNameInComputerFieldName(String)&amp;#27;[0m
    &amp;#27;[36mAnd &amp;#27;[0m&amp;#27;[36mI enter wrong &amp;#27;[0m&amp;#27;[36m&amp;#27;[1m2000_2_2&amp;#27;[0m&amp;#27;[36m format for Introduced date field&amp;#27;[0m                                                        &amp;#27;[90m# CreateNewComputer_Steps.iEnterWrongDateFormatForIntroducedDateField(String)&amp;#27;[0m
    &amp;#27;[36mAnd &amp;#27;[0m&amp;#27;[36mI enter valid &amp;#27;[0m&amp;#27;[36m&amp;#27;[1m2016-05-05&amp;#27;[0m&amp;#27;[36m Discontinued date and &amp;#27;[0m&amp;#27;[36m&amp;#27;[1m11&amp;#27;[0m                                                              &amp;#27;[90m# CreateNewComputer_Steps.iEnterValidDataForTheRestOfOptionalFields1(String,String)&amp;#27;[0m
    &amp;#27;[36mWhen &amp;#27;[0m&amp;#27;[36mI click on the button Create this computer&amp;#27;[0m                                                                    &amp;#27;[90m# CreateNewComputer_Steps.iClickOnTheButtonCreateThisComputer()&amp;#27;[0m
    &amp;#27;[36mThen &amp;#27;[0m&amp;#27;[36mI will not be able to create new computer&amp;#27;[0m                                                                     &amp;#27;[90m# CreateNewComputer_Steps.iWillNotBeAbleToCreateNewComputer()&amp;#27;[0m
    &amp;#27;[36mAnd &amp;#27;[0m&amp;#27;[36mI will see &quot;Introduced date&quot; field highlighted in red&amp;#27;[0m                                                          &amp;#27;[90m# CreateNewComputer_Steps.iWillSeeIntroducedDateFieldHighlightedInRed()&amp;#27;[0m
</system-out>
    <system-err>[main] INFO io.github.bonigarcia.wdm.WebDriverManager - Using chromedriver 99.0.4844.51 (since Google Chrome 99 is installed in your machine)
[main] INFO io.github.bonigarcia.wdm.WebDriverManager - Exporting webdriver.chrome.driver as C:\Users\marijas\.m2\repository\webdriver\chromedriver\win32\99.0.4844.51\chromedriver.exe
Mar 22, 2022 12:42:04 PM element.Navigate goToUrl
INFO: Navigate to Url: http://computer-database.herokuapp.com/computers
</system-err>
  </testcase>
  <testcase classname="| TEST | !@#)(&amp;_^*? | 2018-03-01 | 13 |" name="| TEST | !@#)" time="0">
    <error message="no such window: target window already closed
from unknown error: web view not found
  (Session info: chrome=99.0.4844.74)
Build info: version: &apos;3.12.0&apos;, revision: &apos;7c6e0b3&apos;, time: &apos;2018-05-08T14:04:26.12Z&apos;
System info: host: &apos;GS-ARI7C&apos;, ip: &apos;172.19.128.1&apos;, os.name: &apos;Windows 10&apos;, os.arch: &apos;amd64&apos;, os.version: &apos;10.0&apos;, java.version: &apos;1.8.0_291&apos;
Driver info: org.openqa.selenium.chrome.ChromeDriver
Capabilities {acceptInsecureCerts: false, browserName: chrome, browserVersion: 99.0.4844.74, chrome: {chromedriverVersion: 99.0.4844.51 (d537ec02474b5..., userDataDir: C:\Users\marijas\AppData\Lo...}, goog:chromeOptions: {debuggerAddress: localhost:55584}, javascriptEnabled: true, networkConnectionEnabled: false, pageLoadStrategy: normal, platform: WINDOWS, platformName: WINDOWS, proxy: Proxy(), setWindowRect: true, strictFileInteractability: false, timeouts: {implicit: 0, pageLoad: 300000, script: 30000}, unhandledPromptBehavior: dismiss and notify, webauthn:extension:credBlob: true, webauthn:extension:largeBlob: true, webauthn:virtualAuthenticators: true}
Session ID: 58b094ae2f81675239d9e3dc93bbd796" type="org.openqa.selenium.NoSuchWindowException">org.openqa.selenium.NoSuchWindowException: no such window: target window already closed
from unknown error: web view not found
  (Session info: chrome=99.0.4844.74)
Build info: version: &apos;3.12.0&apos;, revision: &apos;7c6e0b3&apos;, time: &apos;2018-05-08T14:04:26.12Z&apos;
System info: host: &apos;GS-ARI7C&apos;, ip: &apos;172.19.128.1&apos;, os.name: &apos;Windows 10&apos;, os.arch: &apos;amd64&apos;, os.version: &apos;10.0&apos;, java.version: &apos;1.8.0_291&apos;
Driver info: org.openqa.selenium.chrome.ChromeDriver
Capabilities {acceptInsecureCerts: false, browserName: chrome, browserVersion: 99.0.4844.74, chrome: {chromedriverVersion: 99.0.4844.51 (d537ec02474b5..., userDataDir: C:\Users\marijas\AppData\Lo...}, goog:chromeOptions: {debuggerAddress: localhost:55584}, javascriptEnabled: true, networkConnectionEnabled: false, pageLoadStrategy: normal, platform: WINDOWS, platformName: WINDOWS, proxy: Proxy(), setWindowRect: true, strictFileInteractability: false, timeouts: {implicit: 0, pageLoad: 300000, script: 30000}, unhandledPromptBehavior: dismiss and notify, webauthn:extension:credBlob: true, webauthn:extension:largeBlob: true, webauthn:virtualAuthenticators: true}
Session ID: 58b094ae2f81675239d9e3dc93bbd796
	at sun.reflect.NativeConstructorAccessorImpl.newInstance0(Native Method)
	at sun.reflect.NativeConstructorAccessorImpl.newInstance(NativeConstructorAccessorImpl.java:62)
	at sun.reflect.DelegatingConstructorAccessorImpl.newInstance(DelegatingConstructorAccessorImpl.java:45)
	at java.lang.reflect.Constructor.newInstance(Constructor.java:423)
	at org.openqa.selenium.remote.http.W3CHttpResponseCodec.createException(W3CHttpResponseCodec.java:187)
	at org.openqa.selenium.remote.http.W3CHttpResponseCodec.decode(W3CHttpResponseCodec.java:122)
	at org.openqa.selenium.remote.http.W3CHttpResponseCodec.decode(W3CHttpResponseCodec.java:49)
	at org.openqa.selenium.remote.HttpCommandExecutor.execute(HttpCommandExecutor.java:158)
	at org.openqa.selenium.remote.service.DriverCommandExecutor.execute(DriverCommandExecutor.java:83)
	at org.openqa.selenium.remote.RemoteWebDriver.execute(RemoteWebDriver.java:543)
	at org.openqa.selenium.remote.RemoteWebDriver.get(RemoteWebDriver.java:271)
	at element.Navigate.goToUrl(Navigate.java:11)
	at pages.CreateFormPage.navigateToEnv(CreateFormPage.java:35)
	at steps.CreateNewComputer_Steps.iAmOnTheComputerDatabaseList(CreateNewComputer_Steps.java:22)
	at ✽.Given I am on the computer database list(CreateNewComputer.feature:4)
</error>
  </testcase>
  <testcase classname="&amp;_^*? | 2018-03-01 | 13 |" name="And I click on the button Add a new computer(| TEST | !@#)" time="0">
    <skipped/>
  </testcase>
  <testcase classname="&amp;_^*? | 2018-03-01 | 13 |" name="And I enter TEST in Computer name field(| TEST | !@#)" time="0.023">
    <skipped/>
    <system-out>
  Background:                                    &amp;#27;[90m# CreateNewComputer.feature:3&amp;#27;[0m
    &amp;#27;[31mGiven &amp;#27;[0m&amp;#27;[31mI am on the computer database list&amp;#27;[0m     &amp;#27;[90m# CreateNewComputer_Steps.iAmOnTheComputerDatabaseList()&amp;#27;[0m
      &amp;#27;[31morg.openqa.selenium.NoSuchWindowException: no such window: target window already closed
      from unknown error: web view not found
        (Session info: chrome=99.0.4844.74)
      Build info: version: &apos;3.12.0&apos;, revision: &apos;7c6e0b3&apos;, time: &apos;2018-05-08T14:04:26.12Z&apos;
      System info: host: &apos;GS-ARI7C&apos;, ip: &apos;172.19.128.1&apos;, os.name: &apos;Windows 10&apos;, os.arch: &apos;amd64&apos;, os.version: &apos;10.0&apos;, java.version: &apos;1.8.0_291&apos;
      Driver info: org.openqa.selenium.chrome.ChromeDriver
      Capabilities {acceptInsecureCerts: false, browserName: chrome, browserVersion: 99.0.4844.74, chrome: {chromedriverVersion: 99.0.4844.51 (d537ec02474b5..., userDataDir: C:\Users\marijas\AppData\Lo...}, goog:chromeOptions: {debuggerAddress: localhost:55584}, javascriptEnabled: true, networkConnectionEnabled: false, pageLoadStrategy: normal, platform: WINDOWS, platformName: WINDOWS, proxy: Proxy(), setWindowRect: true, strictFileInteractability: false, timeouts: {implicit: 0, pageLoad: 300000, script: 30000}, unhandledPromptBehavior: dismiss and notify, webauthn:extension:credBlob: true, webauthn:extension:largeBlob: true, webauthn:virtualAuthenticators: true}
      Session ID: 58b094ae2f81675239d9e3dc93bbd796
      	at sun.reflect.NativeConstructorAccessorImpl.newInstance0(Native Method)
      	at sun.reflect.NativeConstructorAccessorImpl.newInstance(NativeConstructorAccessorImpl.java:62)
      	at sun.reflect.DelegatingConstructorAccessorImpl.newInstance(DelegatingConstructorAccessorImpl.java:45)
      	at java.lang.reflect.Constructor.newInstance(Constructor.java:423)
      	at org.openqa.selenium.remote.http.W3CHttpResponseCodec.createException(W3CHttpResponseCodec.java:187)
      	at org.openqa.selenium.remote.http.W3CHttpResponseCodec.decode(W3CHttpResponseCodec.java:122)
      	at org.openqa.selenium.remote.http.W3CHttpResponseCodec.decode(W3CHttpResponseCodec.java:49)
      	at org.openqa.selenium.remote.HttpCommandExecutor.execute(HttpCommandExecutor.java:158)
      	at org.openqa.selenium.remote.service.DriverCommandExecutor.execute(DriverCommandExecutor.java:83)
      	at org.openqa.selenium.remote.RemoteWebDriver.execute(RemoteWebDriver.java:543)
      	at org.openqa.selenium.remote.RemoteWebDriver.get(RemoteWebDriver.java:271)
      	at element.Navigate.goToUrl(Navigate.java:11)
      	at pages.CreateFormPage.navigateToEnv(CreateFormPage.java:35)
      	at steps.CreateNewComputer_Steps.iAmOnTheComputerDatabaseList(CreateNewComputer_Steps.java:22)
      	at ?.Given I am on the computer database list(CreateNewComputer.feature:4)
      &amp;#27;[0m
    &amp;#27;[36mAnd &amp;#27;[0m&amp;#27;[36mI click on the button Add a new computer&amp;#27;[0m &amp;#27;[90m# CreateNewComputer_Steps.iClickOnTheButtonAddNewComputer()&amp;#27;[0m
</system-out>
  </testcase>
  <testcase classname="&amp;_^*? | 2018-03-01 | 13 |" name="And I enter wrong !@#)(&amp;_^*? format for Introduced date field(| TEST | !@#)" time="0.024">
    <skipped/>
  </testcase>
  <testcase classname="&amp;_^*? | 2018-03-01 | 13 |" name="And I enter valid 2018-03-01 Discontinued date and 13(| TEST | !@#)" time="0.024">
    <skipped/>
  </testcase>
  <testcase classname="&amp;_^*? | 2018-03-01 | 13 |" name="When I click on the button Create this computer(| TEST | !@#)" time="0.024">
    <skipped/>
  </testcase>
  <testcase classname="&amp;_^*? | 2018-03-01 | 13 |" name="Then I will not be able to create new computer(| TEST | !@#)" time="0.024">
    <skipped/>
  </testcase>
  <testcase classname="&amp;_^*? | 2018-03-01 | 13 |" name="And I will see &quot;Introduced date&quot; field highlighted in red(| TEST | !@#)" time="0.024">
    <skipped/>
  </testcase>
  <testcase classname="| t | 2021 | 2018-03-01 | 15 |" name="Given I am on the computer database list" time="0">
    <error message="no such window: target window already closed
from unknown error: web view not found
  (Session info: chrome=99.0.4844.74)
Build info: version: &apos;3.12.0&apos;, revision: &apos;7c6e0b3&apos;, time: &apos;2018-05-08T14:04:26.12Z&apos;
System info: host: &apos;GS-ARI7C&apos;, ip: &apos;172.19.128.1&apos;, os.name: &apos;Windows 10&apos;, os.arch: &apos;amd64&apos;, os.version: &apos;10.0&apos;, java.version: &apos;1.8.0_291&apos;
Driver info: org.openqa.selenium.chrome.ChromeDriver
Capabilities {acceptInsecureCerts: false, browserName: chrome, browserVersion: 99.0.4844.74, chrome: {chromedriverVersion: 99.0.4844.51 (d537ec02474b5..., userDataDir: C:\Users\marijas\AppData\Lo...}, goog:chromeOptions: {debuggerAddress: localhost:55584}, javascriptEnabled: true, networkConnectionEnabled: false, pageLoadStrategy: normal, platform: WINDOWS, platformName: WINDOWS, proxy: Proxy(), setWindowRect: true, strictFileInteractability: false, timeouts: {implicit: 0, pageLoad: 300000, script: 30000}, unhandledPromptBehavior: dismiss and notify, webauthn:extension:credBlob: true, webauthn:extension:largeBlob: true, webauthn:virtualAuthenticators: true}
Session ID: 58b094ae2f81675239d9e3dc93bbd796" type="org.openqa.selenium.NoSuchWindowException">org.openqa.selenium.NoSuchWindowException: no such window: target window already closed
from unknown error: web view not found
  (Session info: chrome=99.0.4844.74)
Build info: version: &apos;3.12.0&apos;, revision: &apos;7c6e0b3&apos;, time: &apos;2018-05-08T14:04:26.12Z&apos;
System info: host: &apos;GS-ARI7C&apos;, ip: &apos;172.19.128.1&apos;, os.name: &apos;Windows 10&apos;, os.arch: &apos;amd64&apos;, os.version: &apos;10.0&apos;, java.version: &apos;1.8.0_291&apos;
Driver info: org.openqa.selenium.chrome.ChromeDriver
Capabilities {acceptInsecureCerts: false, browserName: chrome, browserVersion: 99.0.4844.74, chrome: {chromedriverVersion: 99.0.4844.51 (d537ec02474b5..., userDataDir: C:\Users\marijas\AppData\Lo...}, goog:chromeOptions: {debuggerAddress: localhost:55584}, javascriptEnabled: true, networkConnectionEnabled: false, pageLoadStrategy: normal, platform: WINDOWS, platformName: WINDOWS, proxy: Proxy(), setWindowRect: true, strictFileInteractability: false, timeouts: {implicit: 0, pageLoad: 300000, script: 30000}, unhandledPromptBehavior: dismiss and notify, webauthn:extension:credBlob: true, webauthn:extension:largeBlob: true, webauthn:virtualAuthenticators: true}
Session ID: 58b094ae2f81675239d9e3dc93bbd796
	at sun.reflect.NativeConstructorAccessorImpl.newInstance0(Native Method)
	at sun.reflect.NativeConstructorAccessorImpl.newInstance(NativeConstructorAccessorImpl.java:62)
	at sun.reflect.DelegatingConstructorAccessorImpl.newInstance(DelegatingConstructorAccessorImpl.java:45)
	at java.lang.reflect.Constructor.newInstance(Constructor.java:423)
	at org.openqa.selenium.remote.http.W3CHttpResponseCodec.createException(W3CHttpResponseCodec.java:187)
	at org.openqa.selenium.remote.http.W3CHttpResponseCodec.decode(W3CHttpResponseCodec.java:122)
	at org.openqa.selenium.remote.http.W3CHttpResponseCodec.decode(W3CHttpResponseCodec.java:49)
	at org.openqa.selenium.remote.HttpCommandExecutor.execute(HttpCommandExecutor.java:158)
	at org.openqa.selenium.remote.service.DriverCommandExecutor.execute(DriverCommandExecutor.java:83)
	at org.openqa.selenium.remote.RemoteWebDriver.execute(RemoteWebDriver.java:543)
	at org.openqa.selenium.remote.RemoteWebDriver.get(RemoteWebDriver.java:271)
	at element.Navigate.goToUrl(Navigate.java:11)
	at pages.CreateFormPage.navigateToEnv(CreateFormPage.java:35)
	at steps.CreateNewComputer_Steps.iAmOnTheComputerDatabaseList(CreateNewComputer_Steps.java:22)
	at ✽.Given I am on the computer database list(CreateNewComputer.feature:4)
</error>
    <system-out>
  @browser
  Scenario Outline: Verify that user is unable to create new computer with wrong date format for Introduced date field &amp;#27;[90m# CreateNewComputer.feature:43&amp;#27;[0m
    &amp;#27;[36mAnd &amp;#27;[0m&amp;#27;[36mI enter &amp;#27;[0m&amp;#27;[36m&amp;#27;[1mTEST&amp;#27;[0m&amp;#27;[36m in Computer name field&amp;#27;[0m                                                                            &amp;#27;[90m# CreateNewComputer_Steps.iEnterNameInComputerFieldName(String)&amp;#27;[0m
    &amp;#27;[36mAnd &amp;#27;[0m&amp;#27;[36mI enter wrong &amp;#27;[0m&amp;#27;[36m&amp;#27;[1m!@#)(&amp;_^*?&amp;#27;[0m&amp;#27;[36m format for Introduced date field&amp;#27;[0m                                                      &amp;#27;[90m# CreateNewComputer_Steps.iEnterWrongDateFormatForIntroducedDateField(String)&amp;#27;[0m
    &amp;#27;[36mAnd &amp;#27;[0m&amp;#27;[36mI enter valid &amp;#27;[0m&amp;#27;[36m&amp;#27;[1m2018-03-01&amp;#27;[0m&amp;#27;[36m Discontinued date and &amp;#27;[0m&amp;#27;[36m&amp;#27;[1m13&amp;#27;[0m                                                              &amp;#27;[90m# CreateNewComputer_Steps.iEnterValidDataForTheRestOfOptionalFields1(String,String)&amp;#27;[0m
    &amp;#27;[36mWhen &amp;#27;[0m&amp;#27;[36mI click on the button Create this computer&amp;#27;[0m                                                                    &amp;#27;[90m# CreateNewComputer_Steps.iClickOnTheButtonCreateThisComputer()&amp;#27;[0m
    &amp;#27;[36mThen &amp;#27;[0m&amp;#27;[36mI will not be able to create new computer&amp;#27;[0m                                                                     &amp;#27;[90m# CreateNewComputer_Steps.iWillNotBeAbleToCreateNewComputer()&amp;#27;[0m
    &amp;#27;[36mAnd &amp;#27;[0m&amp;#27;[36mI will see &quot;Introduced date&quot; field highlighted in red&amp;#27;[0m                                                          &amp;#27;[90m# CreateNewComputer_Steps.iWillSeeIntroducedDateFieldHighlightedInRed()&amp;#27;[0m
</system-out>
    <system-err>[main] INFO io.github.bonigarcia.wdm.WebDriverManager - Using chromedriver 99.0.4844.51 (since Google Chrome 99 is installed in your machine)
[main] INFO io.github.bonigarcia.wdm.WebDriverManager - Exporting webdriver.chrome.driver as C:\Users\marijas\.m2\repository\webdriver\chromedriver\win32\99.0.4844.51\chromedriver.exe
Mar 22, 2022 12:42:04 PM element.Navigate goToUrl
INFO: Navigate to Url: http://computer-database.herokuapp.com/computers
</system-err>
  </testcase>
  <testcase classname="| t | 2021 | 2018-03-01 | 15 |" name="| t | 2021 | 2018-03-01 | 15 |" time="0.001">
    <error message="no such window: target window already closed
from unknown error: web view not found
  (Session info: chrome=99.0.4844.74)
Build info: version: &apos;3.12.0&apos;, revision: &apos;7c6e0b3&apos;, time: &apos;2018-05-08T14:04:26.12Z&apos;
System info: host: &apos;GS-ARI7C&apos;, ip: &apos;172.19.128.1&apos;, os.name: &apos;Windows 10&apos;, os.arch: &apos;amd64&apos;, os.version: &apos;10.0&apos;, java.version: &apos;1.8.0_291&apos;
Driver info: org.openqa.selenium.chrome.ChromeDriver
Capabilities {acceptInsecureCerts: false, browserName: chrome, browserVersion: 99.0.4844.74, chrome: {chromedriverVersion: 99.0.4844.51 (d537ec02474b5..., userDataDir: C:\Users\marijas\AppData\Lo...}, goog:chromeOptions: {debuggerAddress: localhost:55584}, javascriptEnabled: true, networkConnectionEnabled: false, pageLoadStrategy: normal, platform: WINDOWS, platformName: WINDOWS, proxy: Proxy(), setWindowRect: true, strictFileInteractability: false, timeouts: {implicit: 0, pageLoad: 300000, script: 30000}, unhandledPromptBehavior: dismiss and notify, webauthn:extension:credBlob: true, webauthn:extension:largeBlob: true, webauthn:virtualAuthenticators: true}
Session ID: 58b094ae2f81675239d9e3dc93bbd796" type="org.openqa.selenium.NoSuchWindowException">org.openqa.selenium.NoSuchWindowException: no such window: target window already closed
from unknown error: web view not found
  (Session info: chrome=99.0.4844.74)
Build info: version: &apos;3.12.0&apos;, revision: &apos;7c6e0b3&apos;, time: &apos;2018-05-08T14:04:26.12Z&apos;
System info: host: &apos;GS-ARI7C&apos;, ip: &apos;172.19.128.1&apos;, os.name: &apos;Windows 10&apos;, os.arch: &apos;amd64&apos;, os.version: &apos;10.0&apos;, java.version: &apos;1.8.0_291&apos;
Driver info: org.openqa.selenium.chrome.ChromeDriver
Capabilities {acceptInsecureCerts: false, browserName: chrome, browserVersion: 99.0.4844.74, chrome: {chromedriverVersion: 99.0.4844.51 (d537ec02474b5..., userDataDir: C:\Users\marijas\AppData\Lo...}, goog:chromeOptions: {debuggerAddress: localhost:55584}, javascriptEnabled: true, networkConnectionEnabled: false, pageLoadStrategy: normal, platform: WINDOWS, platformName: WINDOWS, proxy: Proxy(), setWindowRect: true, strictFileInteractability: false, timeouts: {implicit: 0, pageLoad: 300000, script: 30000}, unhandledPromptBehavior: dismiss and notify, webauthn:extension:credBlob: true, webauthn:extension:largeBlob: true, webauthn:virtualAuthenticators: true}
Session ID: 58b094ae2f81675239d9e3dc93bbd796
	at sun.reflect.NativeConstructorAccessorImpl.newInstance0(Native Method)
	at sun.reflect.NativeConstructorAccessorImpl.newInstance(NativeConstructorAccessorImpl.java:62)
	at sun.reflect.DelegatingConstructorAccessorImpl.newInstance(DelegatingConstructorAccessorImpl.java:45)
	at java.lang.reflect.Constructor.newInstance(Constructor.java:423)
	at org.openqa.selenium.remote.http.W3CHttpResponseCodec.createException(W3CHttpResponseCodec.java:187)
	at org.openqa.selenium.remote.http.W3CHttpResponseCodec.decode(W3CHttpResponseCodec.java:122)
	at org.openqa.selenium.remote.http.W3CHttpResponseCodec.decode(W3CHttpResponseCodec.java:49)
	at org.openqa.selenium.remote.HttpCommandExecutor.execute(HttpCommandExecutor.java:158)
	at org.openqa.selenium.remote.service.DriverCommandExecutor.execute(DriverCommandExecutor.java:83)
	at org.openqa.selenium.remote.RemoteWebDriver.execute(RemoteWebDriver.java:543)
	at org.openqa.selenium.remote.RemoteWebDriver.get(RemoteWebDriver.java:271)
	at element.Navigate.goToUrl(Navigate.java:11)
	at pages.CreateFormPage.navigateToEnv(CreateFormPage.java:35)
	at steps.CreateNewComputer_Steps.iAmOnTheComputerDatabaseList(CreateNewComputer_Steps.java:22)
	at ✽.Given I am on the computer database list(CreateNewComputer.feature:4)
</error>
  </testcase>
  <testcase classname="| t | 2021 | 2018-03-01 | 15 |" name="And I click on the button Add a new computer" time="0.001">
    <skipped/>
  </testcase>
  <testcase classname="| t | 2021 | 2018-03-01 | 15 |" name="And I enter t in Computer name field" time="0.018">
    <skipped/>
    <system-out>
  Background:                                    &amp;#27;[90m# CreateNewComputer.feature:3&amp;#27;[0m
    &amp;#27;[31mGiven &amp;#27;[0m&amp;#27;[31mI am on the computer database list&amp;#27;[0m     &amp;#27;[90m# CreateNewComputer_Steps.iAmOnTheComputerDatabaseList()&amp;#27;[0m
      &amp;#27;[31morg.openqa.selenium.NoSuchWindowException: no such window: target window already closed
      from unknown error: web view not found
        (Session info: chrome=99.0.4844.74)
      Build info: version: &apos;3.12.0&apos;, revision: &apos;7c6e0b3&apos;, time: &apos;2018-05-08T14:04:26.12Z&apos;
      System info: host: &apos;GS-ARI7C&apos;, ip: &apos;172.19.128.1&apos;, os.name: &apos;Windows 10&apos;, os.arch: &apos;amd64&apos;, os.version: &apos;10.0&apos;, java.version: &apos;1.8.0_291&apos;
      Driver info: org.openqa.selenium.chrome.ChromeDriver
      Capabilities {acceptInsecureCerts: false, browserName: chrome, browserVersion: 99.0.4844.74, chrome: {chromedriverVersion: 99.0.4844.51 (d537ec02474b5..., userDataDir: C:\Users\marijas\AppData\Lo...}, goog:chromeOptions: {debuggerAddress: localhost:55584}, javascriptEnabled: true, networkConnectionEnabled: false, pageLoadStrategy: normal, platform: WINDOWS, platformName: WINDOWS, proxy: Proxy(), setWindowRect: true, strictFileInteractability: false, timeouts: {implicit: 0, pageLoad: 300000, script: 30000}, unhandledPromptBehavior: dismiss and notify, webauthn:extension:credBlob: true, webauthn:extension:largeBlob: true, webauthn:virtualAuthenticators: true}
      Session ID: 58b094ae2f81675239d9e3dc93bbd796
      	at sun.reflect.NativeConstructorAccessorImpl.newInstance0(Native Method)
      	at sun.reflect.NativeConstructorAccessorImpl.newInstance(NativeConstructorAccessorImpl.java:62)
      	at sun.reflect.DelegatingConstructorAccessorImpl.newInstance(DelegatingConstructorAccessorImpl.java:45)
      	at java.lang.reflect.Constructor.newInstance(Constructor.java:423)
      	at org.openqa.selenium.remote.http.W3CHttpResponseCodec.createException(W3CHttpResponseCodec.java:187)
      	at org.openqa.selenium.remote.http.W3CHttpResponseCodec.decode(W3CHttpResponseCodec.java:122)
      	at org.openqa.selenium.remote.http.W3CHttpResponseCodec.decode(W3CHttpResponseCodec.java:49)
      	at org.openqa.selenium.remote.HttpCommandExecutor.execute(HttpCommandExecutor.java:158)
      	at org.openqa.selenium.remote.service.DriverCommandExecutor.execute(DriverCommandExecutor.java:83)
      	at org.openqa.selenium.remote.RemoteWebDriver.execute(RemoteWebDriver.java:543)
      	at org.openqa.selenium.remote.RemoteWebDriver.get(RemoteWebDriver.java:271)
      	at element.Navigate.goToUrl(Navigate.java:11)
      	at pages.CreateFormPage.navigateToEnv(CreateFormPage.java:35)
      	at steps.CreateNewComputer_Steps.iAmOnTheComputerDatabaseList(CreateNewComputer_Steps.java:22)
      	at ?.Given I am on the computer database list(CreateNewComputer.feature:4)
      &amp;#27;[0m
    &amp;#27;[36mAnd &amp;#27;[0m&amp;#27;[36mI click on the button Add a new computer&amp;#27;[0m &amp;#27;[90m# CreateNewComputer_Steps.iClickOnTheButtonAddNewComputer()&amp;#27;[0m
</system-out>
  </testcase>
  <testcase classname="| t | 2021 | 2018-03-01 | 15 |" name="And I enter wrong 2021 format for Introduced date field" time="0.018">
    <skipped/>
  </testcase>
  <testcase classname="| t | 2021 | 2018-03-01 | 15 |" name="And I enter valid 2018-03-01 Discontinued date and 15" time="0.018">
    <skipped/>
  </testcase>
  <testcase classname="| t | 2021 | 2018-03-01 | 15 |" name="When I click on the button Create this computer" time="0.018">
    <skipped/>
  </testcase>
  <testcase classname="| t | 2021 | 2018-03-01 | 15 |" name="Then I will not be able to create new computer" time="0.018">
    <skipped/>
  </testcase>
  <testcase classname="| t | 2021 | 2018-03-01 | 15 |" name="And I will see &quot;Introduced date&quot; field highlighted in red" time="0.018">
    <skipped/>
  </testcase>
  <testcase classname="| test | 01-01-2021 | 2021-01-01 | 1 |" name="Given I am on the computer database list" time="0">
    <error message="no such window: target window already closed
from unknown error: web view not found
  (Session info: chrome=99.0.4844.74)
Build info: version: &apos;3.12.0&apos;, revision: &apos;7c6e0b3&apos;, time: &apos;2018-05-08T14:04:26.12Z&apos;
System info: host: &apos;GS-ARI7C&apos;, ip: &apos;172.19.128.1&apos;, os.name: &apos;Windows 10&apos;, os.arch: &apos;amd64&apos;, os.version: &apos;10.0&apos;, java.version: &apos;1.8.0_291&apos;
Driver info: org.openqa.selenium.chrome.ChromeDriver
Capabilities {acceptInsecureCerts: false, browserName: chrome, browserVersion: 99.0.4844.74, chrome: {chromedriverVersion: 99.0.4844.51 (d537ec02474b5..., userDataDir: C:\Users\marijas\AppData\Lo...}, goog:chromeOptions: {debuggerAddress: localhost:55584}, javascriptEnabled: true, networkConnectionEnabled: false, pageLoadStrategy: normal, platform: WINDOWS, platformName: WINDOWS, proxy: Proxy(), setWindowRect: true, strictFileInteractability: false, timeouts: {implicit: 0, pageLoad: 300000, script: 30000}, unhandledPromptBehavior: dismiss and notify, webauthn:extension:credBlob: true, webauthn:extension:largeBlob: true, webauthn:virtualAuthenticators: true}
Session ID: 58b094ae2f81675239d9e3dc93bbd796" type="org.openqa.selenium.NoSuchWindowException">org.openqa.selenium.NoSuchWindowException: no such window: target window already closed
from unknown error: web view not found
  (Session info: chrome=99.0.4844.74)
Build info: version: &apos;3.12.0&apos;, revision: &apos;7c6e0b3&apos;, time: &apos;2018-05-08T14:04:26.12Z&apos;
System info: host: &apos;GS-ARI7C&apos;, ip: &apos;172.19.128.1&apos;, os.name: &apos;Windows 10&apos;, os.arch: &apos;amd64&apos;, os.version: &apos;10.0&apos;, java.version: &apos;1.8.0_291&apos;
Driver info: org.openqa.selenium.chrome.ChromeDriver
Capabilities {acceptInsecureCerts: false, browserName: chrome, browserVersion: 99.0.4844.74, chrome: {chromedriverVersion: 99.0.4844.51 (d537ec02474b5..., userDataDir: C:\Users\marijas\AppData\Lo...}, goog:chromeOptions: {debuggerAddress: localhost:55584}, javascriptEnabled: true, networkConnectionEnabled: false, pageLoadStrategy: normal, platform: WINDOWS, platformName: WINDOWS, proxy: Proxy(), setWindowRect: true, strictFileInteractability: false, timeouts: {implicit: 0, pageLoad: 300000, script: 30000}, unhandledPromptBehavior: dismiss and notify, webauthn:extension:credBlob: true, webauthn:extension:largeBlob: true, webauthn:virtualAuthenticators: true}
Session ID: 58b094ae2f81675239d9e3dc93bbd796
	at sun.reflect.NativeConstructorAccessorImpl.newInstance0(Native Method)
	at sun.reflect.NativeConstructorAccessorImpl.newInstance(NativeConstructorAccessorImpl.java:62)
	at sun.reflect.DelegatingConstructorAccessorImpl.newInstance(DelegatingConstructorAccessorImpl.java:45)
	at java.lang.reflect.Constructor.newInstance(Constructor.java:423)
	at org.openqa.selenium.remote.http.W3CHttpResponseCodec.createException(W3CHttpResponseCodec.java:187)
	at org.openqa.selenium.remote.http.W3CHttpResponseCodec.decode(W3CHttpResponseCodec.java:122)
	at org.openqa.selenium.remote.http.W3CHttpResponseCodec.decode(W3CHttpResponseCodec.java:49)
	at org.openqa.selenium.remote.HttpCommandExecutor.execute(HttpCommandExecutor.java:158)
	at org.openqa.selenium.remote.service.DriverCommandExecutor.execute(DriverCommandExecutor.java:83)
	at org.openqa.selenium.remote.RemoteWebDriver.execute(RemoteWebDriver.java:543)
	at org.openqa.selenium.remote.RemoteWebDriver.get(RemoteWebDriver.java:271)
	at element.Navigate.goToUrl(Navigate.java:11)
	at pages.CreateFormPage.navigateToEnv(CreateFormPage.java:35)
	at steps.CreateNewComputer_Steps.iAmOnTheComputerDatabaseList(CreateNewComputer_Steps.java:22)
	at ✽.Given I am on the computer database list(CreateNewComputer.feature:4)
</error>
    <system-out>
  @browser
  Scenario Outline: Verify that user is unable to create new computer with wrong date format for Introduced date field &amp;#27;[90m# CreateNewComputer.feature:44&amp;#27;[0m
    &amp;#27;[36mAnd &amp;#27;[0m&amp;#27;[36mI enter &amp;#27;[0m&amp;#27;[36m&amp;#27;[1mt&amp;#27;[0m&amp;#27;[36m in Computer name field&amp;#27;[0m                                                                               &amp;#27;[90m# CreateNewComputer_Steps.iEnterNameInComputerFieldName(String)&amp;#27;[0m
    &amp;#27;[36mAnd &amp;#27;[0m&amp;#27;[36mI enter wrong &amp;#27;[0m&amp;#27;[36m&amp;#27;[1m2021&amp;#27;[0m&amp;#27;[36m format for Introduced date field&amp;#27;[0m                                                            &amp;#27;[90m# CreateNewComputer_Steps.iEnterWrongDateFormatForIntroducedDateField(String)&amp;#27;[0m
    &amp;#27;[36mAnd &amp;#27;[0m&amp;#27;[36mI enter valid &amp;#27;[0m&amp;#27;[36m&amp;#27;[1m2018-03-01&amp;#27;[0m&amp;#27;[36m Discontinued date and &amp;#27;[0m&amp;#27;[36m&amp;#27;[1m15&amp;#27;[0m                                                              &amp;#27;[90m# CreateNewComputer_Steps.iEnterValidDataForTheRestOfOptionalFields1(String,String)&amp;#27;[0m
    &amp;#27;[36mWhen &amp;#27;[0m&amp;#27;[36mI click on the button Create this computer&amp;#27;[0m                                                                    &amp;#27;[90m# CreateNewComputer_Steps.iClickOnTheButtonCreateThisComputer()&amp;#27;[0m
    &amp;#27;[36mThen &amp;#27;[0m&amp;#27;[36mI will not be able to create new computer&amp;#27;[0m                                                                     &amp;#27;[90m# CreateNewComputer_Steps.iWillNotBeAbleToCreateNewComputer()&amp;#27;[0m
    &amp;#27;[36mAnd &amp;#27;[0m&amp;#27;[36mI will see &quot;Introduced date&quot; field highlighted in red&amp;#27;[0m                                                          &amp;#27;[90m# CreateNewComputer_Steps.iWillSeeIntroducedDateFieldHighlightedInRed()&amp;#27;[0m

  @browser
  Scenario Outline: Verify that user is unable to create new computer with wrong date format for Discontinued date field &amp;#27;[90m# CreateNewComputer.feature:47&amp;#27;[0m
    &amp;#27;[36mAnd &amp;#27;[0m&amp;#27;[36mI enter &lt;name&gt; in computer name field&amp;#27;[0m
    &amp;#27;[36mAnd &amp;#27;[0m&amp;#27;[36mI enter wrong &lt;date&gt; format for Discontinued date field&amp;#27;[0m
    &amp;#27;[36mAnd &amp;#27;[0m&amp;#27;[36mI enter valid &lt;introduced&gt; Introduced date and &lt;companyBrand&gt;&amp;#27;[0m
    &amp;#27;[36mWhen &amp;#27;[0m&amp;#27;[36mI click on the button Create this computer&amp;#27;[0m
    &amp;#27;[36mThen &amp;#27;[0m&amp;#27;[36mI will not be able to create new computer&amp;#27;[0m
    &amp;#27;[36mAnd &amp;#27;[0m&amp;#27;[36mI will see &quot;Discontinued date&quot; field highlighted in red&amp;#27;[0m

    Examples: 
</system-out>
    <system-err>[main] INFO io.github.bonigarcia.wdm.WebDriverManager - Using chromedriver 99.0.4844.51 (since Google Chrome 99 is installed in your machine)
[main] INFO io.github.bonigarcia.wdm.WebDriverManager - Exporting webdriver.chrome.driver as C:\Users\marijas\.m2\repository\webdriver\chromedriver\win32\99.0.4844.51\chromedriver.exe
Mar 22, 2022 12:42:04 PM element.Navigate goToUrl
INFO: Navigate to Url: http://computer-database.herokuapp.com/computers
</system-err>
  </testcase>
  <testcase classname="| test | 01-01-2021 | 2021-01-01 | 1 |" name="| test | 01-01-2021 | 2021-01-01 | 1 |" time="0">
    <error message="no such window: target window already closed
from unknown error: web view not found
  (Session info: chrome=99.0.4844.74)
Build info: version: &apos;3.12.0&apos;, revision: &apos;7c6e0b3&apos;, time: &apos;2018-05-08T14:04:26.12Z&apos;
System info: host: &apos;GS-ARI7C&apos;, ip: &apos;172.19.128.1&apos;, os.name: &apos;Windows 10&apos;, os.arch: &apos;amd64&apos;, os.version: &apos;10.0&apos;, java.version: &apos;1.8.0_291&apos;
Driver info: org.openqa.selenium.chrome.ChromeDriver
Capabilities {acceptInsecureCerts: false, browserName: chrome, browserVersion: 99.0.4844.74, chrome: {chromedriverVersion: 99.0.4844.51 (d537ec02474b5..., userDataDir: C:\Users\marijas\AppData\Lo...}, goog:chromeOptions: {debuggerAddress: localhost:55584}, javascriptEnabled: true, networkConnectionEnabled: false, pageLoadStrategy: normal, platform: WINDOWS, platformName: WINDOWS, proxy: Proxy(), setWindowRect: true, strictFileInteractability: false, timeouts: {implicit: 0, pageLoad: 300000, script: 30000}, unhandledPromptBehavior: dismiss and notify, webauthn:extension:credBlob: true, webauthn:extension:largeBlob: true, webauthn:virtualAuthenticators: true}
Session ID: 58b094ae2f81675239d9e3dc93bbd796" type="org.openqa.selenium.NoSuchWindowException">org.openqa.selenium.NoSuchWindowException: no such window: target window already closed
from unknown error: web view not found
  (Session info: chrome=99.0.4844.74)
Build info: version: &apos;3.12.0&apos;, revision: &apos;7c6e0b3&apos;, time: &apos;2018-05-08T14:04:26.12Z&apos;
System info: host: &apos;GS-ARI7C&apos;, ip: &apos;172.19.128.1&apos;, os.name: &apos;Windows 10&apos;, os.arch: &apos;amd64&apos;, os.version: &apos;10.0&apos;, java.version: &apos;1.8.0_291&apos;
Driver info: org.openqa.selenium.chrome.ChromeDriver
Capabilities {acceptInsecureCerts: false, browserName: chrome, browserVersion: 99.0.4844.74, chrome: {chromedriverVersion: 99.0.4844.51 (d537ec02474b5..., userDataDir: C:\Users\marijas\AppData\Lo...}, goog:chromeOptions: {debuggerAddress: localhost:55584}, javascriptEnabled: true, networkConnectionEnabled: false, pageLoadStrategy: normal, platform: WINDOWS, platformName: WINDOWS, proxy: Proxy(), setWindowRect: true, strictFileInteractability: false, timeouts: {implicit: 0, pageLoad: 300000, script: 30000}, unhandledPromptBehavior: dismiss and notify, webauthn:extension:credBlob: true, webauthn:extension:largeBlob: true, webauthn:virtualAuthenticators: true}
Session ID: 58b094ae2f81675239d9e3dc93bbd796
	at sun.reflect.NativeConstructorAccessorImpl.newInstance0(Native Method)
	at sun.reflect.NativeConstructorAccessorImpl.newInstance(NativeConstructorAccessorImpl.java:62)
	at sun.reflect.DelegatingConstructorAccessorImpl.newInstance(DelegatingConstructorAccessorImpl.java:45)
	at java.lang.reflect.Constructor.newInstance(Constructor.java:423)
	at org.openqa.selenium.remote.http.W3CHttpResponseCodec.createException(W3CHttpResponseCodec.java:187)
	at org.openqa.selenium.remote.http.W3CHttpResponseCodec.decode(W3CHttpResponseCodec.java:122)
	at org.openqa.selenium.remote.http.W3CHttpResponseCodec.decode(W3CHttpResponseCodec.java:49)
	at org.openqa.selenium.remote.HttpCommandExecutor.execute(HttpCommandExecutor.java:158)
	at org.openqa.selenium.remote.service.DriverCommandExecutor.execute(DriverCommandExecutor.java:83)
	at org.openqa.selenium.remote.RemoteWebDriver.execute(RemoteWebDriver.java:543)
	at org.openqa.selenium.remote.RemoteWebDriver.get(RemoteWebDriver.java:271)
	at element.Navigate.goToUrl(Navigate.java:11)
	at pages.CreateFormPage.navigateToEnv(CreateFormPage.java:35)
	at steps.CreateNewComputer_Steps.iAmOnTheComputerDatabaseList(CreateNewComputer_Steps.java:22)
	at ✽.Given I am on the computer database list(CreateNewComputer.feature:4)
</error>
  </testcase>
  <testcase classname="| test | 01-01-2021 | 2021-01-01 | 1 |" name="And I click on the button Add a new computer" time="0">
    <skipped/>
  </testcase>
  <testcase classname="| test | 01-01-2021 | 2021-01-01 | 1 |" name="And I enter test in computer name field" time="0.026">
    <skipped/>
    <system-out>
  Background:                                    &amp;#27;[90m# CreateNewComputer.feature:3&amp;#27;[0m
    &amp;#27;[31mGiven &amp;#27;[0m&amp;#27;[31mI am on the computer database list&amp;#27;[0m     &amp;#27;[90m# CreateNewComputer_Steps.iAmOnTheComputerDatabaseList()&amp;#27;[0m
      &amp;#27;[31morg.openqa.selenium.NoSuchWindowException: no such window: target window already closed
      from unknown error: web view not found
        (Session info: chrome=99.0.4844.74)
      Build info: version: &apos;3.12.0&apos;, revision: &apos;7c6e0b3&apos;, time: &apos;2018-05-08T14:04:26.12Z&apos;
      System info: host: &apos;GS-ARI7C&apos;, ip: &apos;172.19.128.1&apos;, os.name: &apos;Windows 10&apos;, os.arch: &apos;amd64&apos;, os.version: &apos;10.0&apos;, java.version: &apos;1.8.0_291&apos;
      Driver info: org.openqa.selenium.chrome.ChromeDriver
      Capabilities {acceptInsecureCerts: false, browserName: chrome, browserVersion: 99.0.4844.74, chrome: {chromedriverVersion: 99.0.4844.51 (d537ec02474b5..., userDataDir: C:\Users\marijas\AppData\Lo...}, goog:chromeOptions: {debuggerAddress: localhost:55584}, javascriptEnabled: true, networkConnectionEnabled: false, pageLoadStrategy: normal, platform: WINDOWS, platformName: WINDOWS, proxy: Proxy(), setWindowRect: true, strictFileInteractability: false, timeouts: {implicit: 0, pageLoad: 300000, script: 30000}, unhandledPromptBehavior: dismiss and notify, webauthn:extension:credBlob: true, webauthn:extension:largeBlob: true, webauthn:virtualAuthenticators: true}
      Session ID: 58b094ae2f81675239d9e3dc93bbd796
      	at sun.reflect.NativeConstructorAccessorImpl.newInstance0(Native Method)
      	at sun.reflect.NativeConstructorAccessorImpl.newInstance(NativeConstructorAccessorImpl.java:62)
      	at sun.reflect.DelegatingConstructorAccessorImpl.newInstance(DelegatingConstructorAccessorImpl.java:45)
      	at java.lang.reflect.Constructor.newInstance(Constructor.java:423)
      	at org.openqa.selenium.remote.http.W3CHttpResponseCodec.createException(W3CHttpResponseCodec.java:187)
      	at org.openqa.selenium.remote.http.W3CHttpResponseCodec.decode(W3CHttpResponseCodec.java:122)
      	at org.openqa.selenium.remote.http.W3CHttpResponseCodec.decode(W3CHttpResponseCodec.java:49)
      	at org.openqa.selenium.remote.HttpCommandExecutor.execute(HttpCommandExecutor.java:158)
      	at org.openqa.selenium.remote.service.DriverCommandExecutor.execute(DriverCommandExecutor.java:83)
      	at org.openqa.selenium.remote.RemoteWebDriver.execute(RemoteWebDriver.java:543)
      	at org.openqa.selenium.remote.RemoteWebDriver.get(RemoteWebDriver.java:271)
      	at element.Navigate.goToUrl(Navigate.java:11)
      	at pages.CreateFormPage.navigateToEnv(CreateFormPage.java:35)
      	at steps.CreateNewComputer_Steps.iAmOnTheComputerDatabaseList(CreateNewComputer_Steps.java:22)
      	at ?.Given I am on the computer database list(CreateNewComputer.feature:4)
      &amp;#27;[0m
    &amp;#27;[36mAnd &amp;#27;[0m&amp;#27;[36mI click on the button Add a new computer&amp;#27;[0m &amp;#27;[90m# CreateNewComputer_Steps.iClickOnTheButtonAddNewComputer()&amp;#27;[0m
</system-out>
  </testcase>
  <testcase classname="| test | 01-01-2021 | 2021-01-01 | 1 |" name="And I enter wrong 01-01-2021 format for Discontinued date field" time="0.026">
    <skipped/>
  </testcase>
  <testcase classname="| test | 01-01-2021 | 2021-01-01 | 1 |" name="And I enter valid 2021-01-01 Introduced date and 1" time="0.026">
    <skipped/>
  </testcase>
  <testcase classname="| test | 01-01-2021 | 2021-01-01 | 1 |" name="When I click on the button Create this computer" time="0.026">
    <skipped/>
  </testcase>
  <testcase classname="| test | 01-01-2021 | 2021-01-01 | 1 |" name="Then I will not be able to create new computer" time="0.026">
    <skipped/>
  </testcase>
  <testcase classname="| test | 01-01-2021 | 2021-01-01 | 1 |" name="And I will see &quot;Discontinued date&quot; field highlighted in red" time="0.026">
    <skipped/>
  </testcase>
  <testcase classname="| test1 | Jun | 2020-05-05 | 4 |" name="Given I am on the computer database list" time="0.001">
    <error message="no such window: target window already closed
from unknown error: web view not found
  (Session info: chrome=99.0.4844.74)
Build info: version: &apos;3.12.0&apos;, revision: &apos;7c6e0b3&apos;, time: &apos;2018-05-08T14:04:26.12Z&apos;
System info: host: &apos;GS-ARI7C&apos;, ip: &apos;172.19.128.1&apos;, os.name: &apos;Windows 10&apos;, os.arch: &apos;amd64&apos;, os.version: &apos;10.0&apos;, java.version: &apos;1.8.0_291&apos;
Driver info: org.openqa.selenium.chrome.ChromeDriver
Capabilities {acceptInsecureCerts: false, browserName: chrome, browserVersion: 99.0.4844.74, chrome: {chromedriverVersion: 99.0.4844.51 (d537ec02474b5..., userDataDir: C:\Users\marijas\AppData\Lo...}, goog:chromeOptions: {debuggerAddress: localhost:55584}, javascriptEnabled: true, networkConnectionEnabled: false, pageLoadStrategy: normal, platform: WINDOWS, platformName: WINDOWS, proxy: Proxy(), setWindowRect: true, strictFileInteractability: false, timeouts: {implicit: 0, pageLoad: 300000, script: 30000}, unhandledPromptBehavior: dismiss and notify, webauthn:extension:credBlob: true, webauthn:extension:largeBlob: true, webauthn:virtualAuthenticators: true}
Session ID: 58b094ae2f81675239d9e3dc93bbd796" type="org.openqa.selenium.NoSuchWindowException">org.openqa.selenium.NoSuchWindowException: no such window: target window already closed
from unknown error: web view not found
  (Session info: chrome=99.0.4844.74)
Build info: version: &apos;3.12.0&apos;, revision: &apos;7c6e0b3&apos;, time: &apos;2018-05-08T14:04:26.12Z&apos;
System info: host: &apos;GS-ARI7C&apos;, ip: &apos;172.19.128.1&apos;, os.name: &apos;Windows 10&apos;, os.arch: &apos;amd64&apos;, os.version: &apos;10.0&apos;, java.version: &apos;1.8.0_291&apos;
Driver info: org.openqa.selenium.chrome.ChromeDriver
Capabilities {acceptInsecureCerts: false, browserName: chrome, browserVersion: 99.0.4844.74, chrome: {chromedriverVersion: 99.0.4844.51 (d537ec02474b5..., userDataDir: C:\Users\marijas\AppData\Lo...}, goog:chromeOptions: {debuggerAddress: localhost:55584}, javascriptEnabled: true, networkConnectionEnabled: false, pageLoadStrategy: normal, platform: WINDOWS, platformName: WINDOWS, proxy: Proxy(), setWindowRect: true, strictFileInteractability: false, timeouts: {implicit: 0, pageLoad: 300000, script: 30000}, unhandledPromptBehavior: dismiss and notify, webauthn:extension:credBlob: true, webauthn:extension:largeBlob: true, webauthn:virtualAuthenticators: true}
Session ID: 58b094ae2f81675239d9e3dc93bbd796
	at sun.reflect.NativeConstructorAccessorImpl.newInstance0(Native Method)
	at sun.reflect.NativeConstructorAccessorImpl.newInstance(NativeConstructorAccessorImpl.java:62)
	at sun.reflect.DelegatingConstructorAccessorImpl.newInstance(DelegatingConstructorAccessorImpl.java:45)
	at java.lang.reflect.Constructor.newInstance(Constructor.java:423)
	at org.openqa.selenium.remote.http.W3CHttpResponseCodec.createException(W3CHttpResponseCodec.java:187)
	at org.openqa.selenium.remote.http.W3CHttpResponseCodec.decode(W3CHttpResponseCodec.java:122)
	at org.openqa.selenium.remote.http.W3CHttpResponseCodec.decode(W3CHttpResponseCodec.java:49)
	at org.openqa.selenium.remote.HttpCommandExecutor.execute(HttpCommandExecutor.java:158)
	at org.openqa.selenium.remote.service.DriverCommandExecutor.execute(DriverCommandExecutor.java:83)
	at org.openqa.selenium.remote.RemoteWebDriver.execute(RemoteWebDriver.java:543)
	at org.openqa.selenium.remote.RemoteWebDriver.get(RemoteWebDriver.java:271)
	at element.Navigate.goToUrl(Navigate.java:11)
	at pages.CreateFormPage.navigateToEnv(CreateFormPage.java:35)
	at steps.CreateNewComputer_Steps.iAmOnTheComputerDatabaseList(CreateNewComputer_Steps.java:22)
	at ✽.Given I am on the computer database list(CreateNewComputer.feature:4)
</error>
    <system-out>
  @browser
  Scenario Outline: Verify that user is unable to create new computer with wrong date format for Discontinued date field &amp;#27;[90m# CreateNewComputer.feature:57&amp;#27;[0m
    &amp;#27;[36mAnd &amp;#27;[0m&amp;#27;[36mI enter &amp;#27;[0m&amp;#27;[36m&amp;#27;[1mtest&amp;#27;[0m&amp;#27;[36m in computer name field&amp;#27;[0m                                                                              &amp;#27;[90m# CreateNewComputer_Steps.iEnterTestInComputerField(String)&amp;#27;[0m
    &amp;#27;[36mAnd &amp;#27;[0m&amp;#27;[36mI enter wrong &amp;#27;[0m&amp;#27;[36m&amp;#27;[1m01-01-2021&amp;#27;[0m&amp;#27;[36m format for Discontinued date field&amp;#27;[0m                                                      &amp;#27;[90m# CreateNewComputer_Steps.iEnterWrongDateFormatForDiscontinuedField(String)&amp;#27;[0m
    &amp;#27;[36mAnd &amp;#27;[0m&amp;#27;[36mI enter valid &amp;#27;[0m&amp;#27;[36m&amp;#27;[1m2021-01-01&amp;#27;[0m&amp;#27;[36m Introduced date and &amp;#27;[0m&amp;#27;[36m&amp;#27;[1m1&amp;#27;[0m                                                                   &amp;#27;[90m# CreateNewComputer_Steps.iEnterValidDataForTheRestOfOptionalField2(String,String)&amp;#27;[0m
    &amp;#27;[36mWhen &amp;#27;[0m&amp;#27;[36mI click on the button Create this computer&amp;#27;[0m                                                                      &amp;#27;[90m# CreateNewComputer_Steps.iClickOnTheButtonCreateThisComputer()&amp;#27;[0m
    &amp;#27;[36mThen &amp;#27;[0m&amp;#27;[36mI will not be able to create new computer&amp;#27;[0m                                                                       &amp;#27;[90m# CreateNewComputer_Steps.iWillNotBeAbleToCreateNewComputer()&amp;#27;[0m
    &amp;#27;[36mAnd &amp;#27;[0m&amp;#27;[36mI will see &quot;Discontinued date&quot; field highlighted in red&amp;#27;[0m                                                          &amp;#27;[90m# CreateNewComputer_Steps.iWillSeeDiscontinuedDateFieldHighlightedInRed()&amp;#27;[0m
</system-out>
    <system-err>[main] INFO io.github.bonigarcia.wdm.WebDriverManager - Using chromedriver 99.0.4844.51 (since Google Chrome 99 is installed in your machine)
[main] INFO io.github.bonigarcia.wdm.WebDriverManager - Exporting webdriver.chrome.driver as C:\Users\marijas\.m2\repository\webdriver\chromedriver\win32\99.0.4844.51\chromedriver.exe
Mar 22, 2022 12:42:04 PM element.Navigate goToUrl
INFO: Navigate to Url: http://computer-database.herokuapp.com/computers
</system-err>
  </testcase>
  <testcase classname="| test1 | Jun | 2020-05-05 | 4 |" name="| test1 | Jun | 2020-05-05 | 4 |" time="0.001">
    <error message="no such window: target window already closed
from unknown error: web view not found
  (Session info: chrome=99.0.4844.74)
Build info: version: &apos;3.12.0&apos;, revision: &apos;7c6e0b3&apos;, time: &apos;2018-05-08T14:04:26.12Z&apos;
System info: host: &apos;GS-ARI7C&apos;, ip: &apos;172.19.128.1&apos;, os.name: &apos;Windows 10&apos;, os.arch: &apos;amd64&apos;, os.version: &apos;10.0&apos;, java.version: &apos;1.8.0_291&apos;
Driver info: org.openqa.selenium.chrome.ChromeDriver
Capabilities {acceptInsecureCerts: false, browserName: chrome, browserVersion: 99.0.4844.74, chrome: {chromedriverVersion: 99.0.4844.51 (d537ec02474b5..., userDataDir: C:\Users\marijas\AppData\Lo...}, goog:chromeOptions: {debuggerAddress: localhost:55584}, javascriptEnabled: true, networkConnectionEnabled: false, pageLoadStrategy: normal, platform: WINDOWS, platformName: WINDOWS, proxy: Proxy(), setWindowRect: true, strictFileInteractability: false, timeouts: {implicit: 0, pageLoad: 300000, script: 30000}, unhandledPromptBehavior: dismiss and notify, webauthn:extension:credBlob: true, webauthn:extension:largeBlob: true, webauthn:virtualAuthenticators: true}
Session ID: 58b094ae2f81675239d9e3dc93bbd796" type="org.openqa.selenium.NoSuchWindowException">org.openqa.selenium.NoSuchWindowException: no such window: target window already closed
from unknown error: web view not found
  (Session info: chrome=99.0.4844.74)
Build info: version: &apos;3.12.0&apos;, revision: &apos;7c6e0b3&apos;, time: &apos;2018-05-08T14:04:26.12Z&apos;
System info: host: &apos;GS-ARI7C&apos;, ip: &apos;172.19.128.1&apos;, os.name: &apos;Windows 10&apos;, os.arch: &apos;amd64&apos;, os.version: &apos;10.0&apos;, java.version: &apos;1.8.0_291&apos;
Driver info: org.openqa.selenium.chrome.ChromeDriver
Capabilities {acceptInsecureCerts: false, browserName: chrome, browserVersion: 99.0.4844.74, chrome: {chromedriverVersion: 99.0.4844.51 (d537ec02474b5..., userDataDir: C:\Users\marijas\AppData\Lo...}, goog:chromeOptions: {debuggerAddress: localhost:55584}, javascriptEnabled: true, networkConnectionEnabled: false, pageLoadStrategy: normal, platform: WINDOWS, platformName: WINDOWS, proxy: Proxy(), setWindowRect: true, strictFileInteractability: false, timeouts: {implicit: 0, pageLoad: 300000, script: 30000}, unhandledPromptBehavior: dismiss and notify, webauthn:extension:credBlob: true, webauthn:extension:largeBlob: true, webauthn:virtualAuthenticators: true}
Session ID: 58b094ae2f81675239d9e3dc93bbd796
	at sun.reflect.NativeConstructorAccessorImpl.newInstance0(Native Method)
	at sun.reflect.NativeConstructorAccessorImpl.newInstance(NativeConstructorAccessorImpl.java:62)
	at sun.reflect.DelegatingConstructorAccessorImpl.newInstance(DelegatingConstructorAccessorImpl.java:45)
	at java.lang.reflect.Constructor.newInstance(Constructor.java:423)
	at org.openqa.selenium.remote.http.W3CHttpResponseCodec.createException(W3CHttpResponseCodec.java:187)
	at org.openqa.selenium.remote.http.W3CHttpResponseCodec.decode(W3CHttpResponseCodec.java:122)
	at org.openqa.selenium.remote.http.W3CHttpResponseCodec.decode(W3CHttpResponseCodec.java:49)
	at org.openqa.selenium.remote.HttpCommandExecutor.execute(HttpCommandExecutor.java:158)
	at org.openqa.selenium.remote.service.DriverCommandExecutor.execute(DriverCommandExecutor.java:83)
	at org.openqa.selenium.remote.RemoteWebDriver.execute(RemoteWebDriver.java:543)
	at org.openqa.selenium.remote.RemoteWebDriver.get(RemoteWebDriver.java:271)
	at element.Navigate.goToUrl(Navigate.java:11)
	at pages.CreateFormPage.navigateToEnv(CreateFormPage.java:35)
	at steps.CreateNewComputer_Steps.iAmOnTheComputerDatabaseList(CreateNewComputer_Steps.java:22)
	at ✽.Given I am on the computer database list(CreateNewComputer.feature:4)
</error>
  </testcase>
  <testcase classname="| test1 | Jun | 2020-05-05 | 4 |" name="And I click on the button Add a new computer" time="0.001">
    <skipped/>
  </testcase>
  <testcase classname="| test1 | Jun | 2020-05-05 | 4 |" name="And I enter test1 in computer name field" time="0.019">
    <skipped/>
    <system-out>
  Background:                                    &amp;#27;[90m# CreateNewComputer.feature:3&amp;#27;[0m
    &amp;#27;[31mGiven &amp;#27;[0m&amp;#27;[31mI am on the computer database list&amp;#27;[0m     &amp;#27;[90m# CreateNewComputer_Steps.iAmOnTheComputerDatabaseList()&amp;#27;[0m
      &amp;#27;[31morg.openqa.selenium.NoSuchWindowException: no such window: target window already closed
      from unknown error: web view not found
        (Session info: chrome=99.0.4844.74)
      Build info: version: &apos;3.12.0&apos;, revision: &apos;7c6e0b3&apos;, time: &apos;2018-05-08T14:04:26.12Z&apos;
      System info: host: &apos;GS-ARI7C&apos;, ip: &apos;172.19.128.1&apos;, os.name: &apos;Windows 10&apos;, os.arch: &apos;amd64&apos;, os.version: &apos;10.0&apos;, java.version: &apos;1.8.0_291&apos;
      Driver info: org.openqa.selenium.chrome.ChromeDriver
      Capabilities {acceptInsecureCerts: false, browserName: chrome, browserVersion: 99.0.4844.74, chrome: {chromedriverVersion: 99.0.4844.51 (d537ec02474b5..., userDataDir: C:\Users\marijas\AppData\Lo...}, goog:chromeOptions: {debuggerAddress: localhost:55584}, javascriptEnabled: true, networkConnectionEnabled: false, pageLoadStrategy: normal, platform: WINDOWS, platformName: WINDOWS, proxy: Proxy(), setWindowRect: true, strictFileInteractability: false, timeouts: {implicit: 0, pageLoad: 300000, script: 30000}, unhandledPromptBehavior: dismiss and notify, webauthn:extension:credBlob: true, webauthn:extension:largeBlob: true, webauthn:virtualAuthenticators: true}
      Session ID: 58b094ae2f81675239d9e3dc93bbd796
      	at sun.reflect.NativeConstructorAccessorImpl.newInstance0(Native Method)
      	at sun.reflect.NativeConstructorAccessorImpl.newInstance(NativeConstructorAccessorImpl.java:62)
      	at sun.reflect.DelegatingConstructorAccessorImpl.newInstance(DelegatingConstructorAccessorImpl.java:45)
      	at java.lang.reflect.Constructor.newInstance(Constructor.java:423)
      	at org.openqa.selenium.remote.http.W3CHttpResponseCodec.createException(W3CHttpResponseCodec.java:187)
      	at org.openqa.selenium.remote.http.W3CHttpResponseCodec.decode(W3CHttpResponseCodec.java:122)
      	at org.openqa.selenium.remote.http.W3CHttpResponseCodec.decode(W3CHttpResponseCodec.java:49)
      	at org.openqa.selenium.remote.HttpCommandExecutor.execute(HttpCommandExecutor.java:158)
      	at org.openqa.selenium.remote.service.DriverCommandExecutor.execute(DriverCommandExecutor.java:83)
      	at org.openqa.selenium.remote.RemoteWebDriver.execute(RemoteWebDriver.java:543)
      	at org.openqa.selenium.remote.RemoteWebDriver.get(RemoteWebDriver.java:271)
      	at element.Navigate.goToUrl(Navigate.java:11)
      	at pages.CreateFormPage.navigateToEnv(CreateFormPage.java:35)
      	at steps.CreateNewComputer_Steps.iAmOnTheComputerDatabaseList(CreateNewComputer_Steps.java:22)
      	at ?.Given I am on the computer database list(CreateNewComputer.feature:4)
      &amp;#27;[0m
    &amp;#27;[36mAnd &amp;#27;[0m&amp;#27;[36mI click on the button Add a new computer&amp;#27;[0m &amp;#27;[90m# CreateNewComputer_Steps.iClickOnTheButtonAddNewComputer()&amp;#27;[0m
</system-out>
  </testcase>
  <testcase classname="| test1 | Jun | 2020-05-05 | 4 |" name="And I enter wrong Jun format for Discontinued date field" time="0.019">
    <skipped/>
  </testcase>
  <testcase classname="| test1 | Jun | 2020-05-05 | 4 |" name="And I enter valid 2020-05-05 Introduced date and 4" time="0.019">
    <skipped/>
  </testcase>
  <testcase classname="| test1 | Jun | 2020-05-05 | 4 |" name="When I click on the button Create this computer" time="0.019">
    <skipped/>
  </testcase>
  <testcase classname="| test1 | Jun | 2020-05-05 | 4 |" name="Then I will not be able to create new computer" time="0.019">
    <skipped/>
  </testcase>
  <testcase classname="| test1 | Jun | 2020-05-05 | 4 |" name="And I will see &quot;Discontinued date&quot; field highlighted in red" time="0.019">
    <skipped/>
  </testcase>
  <testcase classname="| 123456 | 2021/01/01 | 2019-02-01 | 6 |" name="Given I am on the computer database list" time="0">
    <error message="no such window: target window already closed
from unknown error: web view not found
  (Session info: chrome=99.0.4844.74)
Build info: version: &apos;3.12.0&apos;, revision: &apos;7c6e0b3&apos;, time: &apos;2018-05-08T14:04:26.12Z&apos;
System info: host: &apos;GS-ARI7C&apos;, ip: &apos;172.19.128.1&apos;, os.name: &apos;Windows 10&apos;, os.arch: &apos;amd64&apos;, os.version: &apos;10.0&apos;, java.version: &apos;1.8.0_291&apos;
Driver info: org.openqa.selenium.chrome.ChromeDriver
Capabilities {acceptInsecureCerts: false, browserName: chrome, browserVersion: 99.0.4844.74, chrome: {chromedriverVersion: 99.0.4844.51 (d537ec02474b5..., userDataDir: C:\Users\marijas\AppData\Lo...}, goog:chromeOptions: {debuggerAddress: localhost:55584}, javascriptEnabled: true, networkConnectionEnabled: false, pageLoadStrategy: normal, platform: WINDOWS, platformName: WINDOWS, proxy: Proxy(), setWindowRect: true, strictFileInteractability: false, timeouts: {implicit: 0, pageLoad: 300000, script: 30000}, unhandledPromptBehavior: dismiss and notify, webauthn:extension:credBlob: true, webauthn:extension:largeBlob: true, webauthn:virtualAuthenticators: true}
Session ID: 58b094ae2f81675239d9e3dc93bbd796" type="org.openqa.selenium.NoSuchWindowException">org.openqa.selenium.NoSuchWindowException: no such window: target window already closed
from unknown error: web view not found
  (Session info: chrome=99.0.4844.74)
Build info: version: &apos;3.12.0&apos;, revision: &apos;7c6e0b3&apos;, time: &apos;2018-05-08T14:04:26.12Z&apos;
System info: host: &apos;GS-ARI7C&apos;, ip: &apos;172.19.128.1&apos;, os.name: &apos;Windows 10&apos;, os.arch: &apos;amd64&apos;, os.version: &apos;10.0&apos;, java.version: &apos;1.8.0_291&apos;
Driver info: org.openqa.selenium.chrome.ChromeDriver
Capabilities {acceptInsecureCerts: false, browserName: chrome, browserVersion: 99.0.4844.74, chrome: {chromedriverVersion: 99.0.4844.51 (d537ec02474b5..., userDataDir: C:\Users\marijas\AppData\Lo...}, goog:chromeOptions: {debuggerAddress: localhost:55584}, javascriptEnabled: true, networkConnectionEnabled: false, pageLoadStrategy: normal, platform: WINDOWS, platformName: WINDOWS, proxy: Proxy(), setWindowRect: true, strictFileInteractability: false, timeouts: {implicit: 0, pageLoad: 300000, script: 30000}, unhandledPromptBehavior: dismiss and notify, webauthn:extension:credBlob: true, webauthn:extension:largeBlob: true, webauthn:virtualAuthenticators: true}
Session ID: 58b094ae2f81675239d9e3dc93bbd796
	at sun.reflect.NativeConstructorAccessorImpl.newInstance0(Native Method)
	at sun.reflect.NativeConstructorAccessorImpl.newInstance(NativeConstructorAccessorImpl.java:62)
	at sun.reflect.DelegatingConstructorAccessorImpl.newInstance(DelegatingConstructorAccessorImpl.java:45)
	at java.lang.reflect.Constructor.newInstance(Constructor.java:423)
	at org.openqa.selenium.remote.http.W3CHttpResponseCodec.createException(W3CHttpResponseCodec.java:187)
	at org.openqa.selenium.remote.http.W3CHttpResponseCodec.decode(W3CHttpResponseCodec.java:122)
	at org.openqa.selenium.remote.http.W3CHttpResponseCodec.decode(W3CHttpResponseCodec.java:49)
	at org.openqa.selenium.remote.HttpCommandExecutor.execute(HttpCommandExecutor.java:158)
	at org.openqa.selenium.remote.service.DriverCommandExecutor.execute(DriverCommandExecutor.java:83)
	at org.openqa.selenium.remote.RemoteWebDriver.execute(RemoteWebDriver.java:543)
	at org.openqa.selenium.remote.RemoteWebDriver.get(RemoteWebDriver.java:271)
	at element.Navigate.goToUrl(Navigate.java:11)
	at pages.CreateFormPage.navigateToEnv(CreateFormPage.java:35)
	at steps.CreateNewComputer_Steps.iAmOnTheComputerDatabaseList(CreateNewComputer_Steps.java:22)
	at ✽.Given I am on the computer database list(CreateNewComputer.feature:4)
</error>
    <system-out>
  @browser
  Scenario Outline: Verify that user is unable to create new computer with wrong date format for Discontinued date field &amp;#27;[90m# CreateNewComputer.feature:58&amp;#27;[0m
    &amp;#27;[36mAnd &amp;#27;[0m&amp;#27;[36mI enter &amp;#27;[0m&amp;#27;[36m&amp;#27;[1mtest1&amp;#27;[0m&amp;#27;[36m in computer name field&amp;#27;[0m                                                                             &amp;#27;[90m# CreateNewComputer_Steps.iEnterTestInComputerField(String)&amp;#27;[0m
    &amp;#27;[36mAnd &amp;#27;[0m&amp;#27;[36mI enter wrong &amp;#27;[0m&amp;#27;[36m&amp;#27;[1mJun&amp;#27;[0m&amp;#27;[36m format for Discontinued date field&amp;#27;[0m                                                             &amp;#27;[90m# CreateNewComputer_Steps.iEnterWrongDateFormatForDiscontinuedField(String)&amp;#27;[0m
    &amp;#27;[36mAnd &amp;#27;[0m&amp;#27;[36mI enter valid &amp;#27;[0m&amp;#27;[36m&amp;#27;[1m2020-05-05&amp;#27;[0m&amp;#27;[36m Introduced date and &amp;#27;[0m&amp;#27;[36m&amp;#27;[1m4&amp;#27;[0m                                                                   &amp;#27;[90m# CreateNewComputer_Steps.iEnterValidDataForTheRestOfOptionalField2(String,String)&amp;#27;[0m
    &amp;#27;[36mWhen &amp;#27;[0m&amp;#27;[36mI click on the button Create this computer&amp;#27;[0m                                                                      &amp;#27;[90m# CreateNewComputer_Steps.iClickOnTheButtonCreateThisComputer()&amp;#27;[0m
    &amp;#27;[36mThen &amp;#27;[0m&amp;#27;[36mI will not be able to create new computer&amp;#27;[0m                                                                       &amp;#27;[90m# CreateNewComputer_Steps.iWillNotBeAbleToCreateNewComputer()&amp;#27;[0m
    &amp;#27;[36mAnd &amp;#27;[0m&amp;#27;[36mI will see &quot;Discontinued date&quot; field highlighted in red&amp;#27;[0m                                                          &amp;#27;[90m# CreateNewComputer_Steps.iWillSeeDiscontinuedDateFieldHighlightedInRed()&amp;#27;[0m
</system-out>
    <system-err>[main] INFO io.github.bonigarcia.wdm.WebDriverManager - Using chromedriver 99.0.4844.51 (since Google Chrome 99 is installed in your machine)
[main] INFO io.github.bonigarcia.wdm.WebDriverManager - Exporting webdriver.chrome.driver as C:\Users\marijas\.m2\repository\webdriver\chromedriver\win32\99.0.4844.51\chromedriver.exe
Mar 22, 2022 12:42:04 PM element.Navigate goToUrl
INFO: Navigate to Url: http://computer-database.herokuapp.com/computers
</system-err>
  </testcase>
  <testcase classname="| 123456 | 2021/01/01 | 2019-02-01 | 6 |" name="| 123456 | 2021/01/01 | 2019-02-01 | 6 |" time="0">
    <error message="no such window: target window already closed
from unknown error: web view not found
  (Session info: chrome=99.0.4844.74)
Build info: version: &apos;3.12.0&apos;, revision: &apos;7c6e0b3&apos;, time: &apos;2018-05-08T14:04:26.12Z&apos;
System info: host: &apos;GS-ARI7C&apos;, ip: &apos;172.19.128.1&apos;, os.name: &apos;Windows 10&apos;, os.arch: &apos;amd64&apos;, os.version: &apos;10.0&apos;, java.version: &apos;1.8.0_291&apos;
Driver info: org.openqa.selenium.chrome.ChromeDriver
Capabilities {acceptInsecureCerts: false, browserName: chrome, browserVersion: 99.0.4844.74, chrome: {chromedriverVersion: 99.0.4844.51 (d537ec02474b5..., userDataDir: C:\Users\marijas\AppData\Lo...}, goog:chromeOptions: {debuggerAddress: localhost:55584}, javascriptEnabled: true, networkConnectionEnabled: false, pageLoadStrategy: normal, platform: WINDOWS, platformName: WINDOWS, proxy: Proxy(), setWindowRect: true, strictFileInteractability: false, timeouts: {implicit: 0, pageLoad: 300000, script: 30000}, unhandledPromptBehavior: dismiss and notify, webauthn:extension:credBlob: true, webauthn:extension:largeBlob: true, webauthn:virtualAuthenticators: true}
Session ID: 58b094ae2f81675239d9e3dc93bbd796" type="org.openqa.selenium.NoSuchWindowException">org.openqa.selenium.NoSuchWindowException: no such window: target window already closed
from unknown error: web view not found
  (Session info: chrome=99.0.4844.74)
Build info: version: &apos;3.12.0&apos;, revision: &apos;7c6e0b3&apos;, time: &apos;2018-05-08T14:04:26.12Z&apos;
System info: host: &apos;GS-ARI7C&apos;, ip: &apos;172.19.128.1&apos;, os.name: &apos;Windows 10&apos;, os.arch: &apos;amd64&apos;, os.version: &apos;10.0&apos;, java.version: &apos;1.8.0_291&apos;
Driver info: org.openqa.selenium.chrome.ChromeDriver
Capabilities {acceptInsecureCerts: false, browserName: chrome, browserVersion: 99.0.4844.74, chrome: {chromedriverVersion: 99.0.4844.51 (d537ec02474b5..., userDataDir: C:\Users\marijas\AppData\Lo...}, goog:chromeOptions: {debuggerAddress: localhost:55584}, javascriptEnabled: true, networkConnectionEnabled: false, pageLoadStrategy: normal, platform: WINDOWS, platformName: WINDOWS, proxy: Proxy(), setWindowRect: true, strictFileInteractability: false, timeouts: {implicit: 0, pageLoad: 300000, script: 30000}, unhandledPromptBehavior: dismiss and notify, webauthn:extension:credBlob: true, webauthn:extension:largeBlob: true, webauthn:virtualAuthenticators: true}
Session ID: 58b094ae2f81675239d9e3dc93bbd796
	at sun.reflect.NativeConstructorAccessorImpl.newInstance0(Native Method)
	at sun.reflect.NativeConstructorAccessorImpl.newInstance(NativeConstructorAccessorImpl.java:62)
	at sun.reflect.DelegatingConstructorAccessorImpl.newInstance(DelegatingConstructorAccessorImpl.java:45)
	at java.lang.reflect.Constructor.newInstance(Constructor.java:423)
	at org.openqa.selenium.remote.http.W3CHttpResponseCodec.createException(W3CHttpResponseCodec.java:187)
	at org.openqa.selenium.remote.http.W3CHttpResponseCodec.decode(W3CHttpResponseCodec.java:122)
	at org.openqa.selenium.remote.http.W3CHttpResponseCodec.decode(W3CHttpResponseCodec.java:49)
	at org.openqa.selenium.remote.HttpCommandExecutor.execute(HttpCommandExecutor.java:158)
	at org.openqa.selenium.remote.service.DriverCommandExecutor.execute(DriverCommandExecutor.java:83)
	at org.openqa.selenium.remote.RemoteWebDriver.execute(RemoteWebDriver.java:543)
	at org.openqa.selenium.remote.RemoteWebDriver.get(RemoteWebDriver.java:271)
	at element.Navigate.goToUrl(Navigate.java:11)
	at pages.CreateFormPage.navigateToEnv(CreateFormPage.java:35)
	at steps.CreateNewComputer_Steps.iAmOnTheComputerDatabaseList(CreateNewComputer_Steps.java:22)
	at ✽.Given I am on the computer database list(CreateNewComputer.feature:4)
</error>
  </testcase>
  <testcase classname="| 123456 | 2021/01/01 | 2019-02-01 | 6 |" name="And I click on the button Add a new computer" time="0">
    <skipped/>
  </testcase>
  <testcase classname="| 123456 | 2021/01/01 | 2019-02-01 | 6 |" name="And I enter 123456 in computer name field" time="0.021">
    <skipped/>
    <system-out>
  Background:                                    &amp;#27;[90m# CreateNewComputer.feature:3&amp;#27;[0m
    &amp;#27;[31mGiven &amp;#27;[0m&amp;#27;[31mI am on the computer database list&amp;#27;[0m     &amp;#27;[90m# CreateNewComputer_Steps.iAmOnTheComputerDatabaseList()&amp;#27;[0m
      &amp;#27;[31morg.openqa.selenium.NoSuchWindowException: no such window: target window already closed
      from unknown error: web view not found
        (Session info: chrome=99.0.4844.74)
      Build info: version: &apos;3.12.0&apos;, revision: &apos;7c6e0b3&apos;, time: &apos;2018-05-08T14:04:26.12Z&apos;
      System info: host: &apos;GS-ARI7C&apos;, ip: &apos;172.19.128.1&apos;, os.name: &apos;Windows 10&apos;, os.arch: &apos;amd64&apos;, os.version: &apos;10.0&apos;, java.version: &apos;1.8.0_291&apos;
      Driver info: org.openqa.selenium.chrome.ChromeDriver
      Capabilities {acceptInsecureCerts: false, browserName: chrome, browserVersion: 99.0.4844.74, chrome: {chromedriverVersion: 99.0.4844.51 (d537ec02474b5..., userDataDir: C:\Users\marijas\AppData\Lo...}, goog:chromeOptions: {debuggerAddress: localhost:55584}, javascriptEnabled: true, networkConnectionEnabled: false, pageLoadStrategy: normal, platform: WINDOWS, platformName: WINDOWS, proxy: Proxy(), setWindowRect: true, strictFileInteractability: false, timeouts: {implicit: 0, pageLoad: 300000, script: 30000}, unhandledPromptBehavior: dismiss and notify, webauthn:extension:credBlob: true, webauthn:extension:largeBlob: true, webauthn:virtualAuthenticators: true}
      Session ID: 58b094ae2f81675239d9e3dc93bbd796
      	at sun.reflect.NativeConstructorAccessorImpl.newInstance0(Native Method)
      	at sun.reflect.NativeConstructorAccessorImpl.newInstance(NativeConstructorAccessorImpl.java:62)
      	at sun.reflect.DelegatingConstructorAccessorImpl.newInstance(DelegatingConstructorAccessorImpl.java:45)
      	at java.lang.reflect.Constructor.newInstance(Constructor.java:423)
      	at org.openqa.selenium.remote.http.W3CHttpResponseCodec.createException(W3CHttpResponseCodec.java:187)
      	at org.openqa.selenium.remote.http.W3CHttpResponseCodec.decode(W3CHttpResponseCodec.java:122)
      	at org.openqa.selenium.remote.http.W3CHttpResponseCodec.decode(W3CHttpResponseCodec.java:49)
      	at org.openqa.selenium.remote.HttpCommandExecutor.execute(HttpCommandExecutor.java:158)
      	at org.openqa.selenium.remote.service.DriverCommandExecutor.execute(DriverCommandExecutor.java:83)
      	at org.openqa.selenium.remote.RemoteWebDriver.execute(RemoteWebDriver.java:543)
      	at org.openqa.selenium.remote.RemoteWebDriver.get(RemoteWebDriver.java:271)
      	at element.Navigate.goToUrl(Navigate.java:11)
      	at pages.CreateFormPage.navigateToEnv(CreateFormPage.java:35)
      	at steps.CreateNewComputer_Steps.iAmOnTheComputerDatabaseList(CreateNewComputer_Steps.java:22)
      	at ?.Given I am on the computer database list(CreateNewComputer.feature:4)
      &amp;#27;[0m
    &amp;#27;[36mAnd &amp;#27;[0m&amp;#27;[36mI click on the button Add a new computer&amp;#27;[0m &amp;#27;[90m# CreateNewComputer_Steps.iClickOnTheButtonAddNewComputer()&amp;#27;[0m
</system-out>
  </testcase>
  <testcase classname="| 123456 | 2021/01/01 | 2019-02-01 | 6 |" name="And I enter wrong 2021/01/01 format for Discontinued date field" time="0.021">
    <skipped/>
  </testcase>
  <testcase classname="| 123456 | 2021/01/01 | 2019-02-01 | 6 |" name="And I enter valid 2019-02-01 Introduced date and 6" time="0.021">
    <skipped/>
  </testcase>
  <testcase classname="| 123456 | 2021/01/01 | 2019-02-01 | 6 |" name="When I click on the button Create this computer" time="0.021">
    <skipped/>
  </testcase>
  <testcase classname="| 123456 | 2021/01/01 | 2019-02-01 | 6 |" name="Then I will not be able to create new computer" time="0.021">
    <skipped/>
  </testcase>
  <testcase classname="| 123456 | 2021/01/01 | 2019-02-01 | 6 |" name="And I will see &quot;Discontinued date&quot; field highlighted in red" time="0.021">
    <skipped/>
  </testcase>
  <testcase classname="| niña | 2021-Jan-01 | 2018-03-01 | 8 |" name="Given I am on the computer database list" time="0">
    <error message="no such window: target window already closed
from unknown error: web view not found
  (Session info: chrome=99.0.4844.74)
Build info: version: &apos;3.12.0&apos;, revision: &apos;7c6e0b3&apos;, time: &apos;2018-05-08T14:04:26.12Z&apos;
System info: host: &apos;GS-ARI7C&apos;, ip: &apos;172.19.128.1&apos;, os.name: &apos;Windows 10&apos;, os.arch: &apos;amd64&apos;, os.version: &apos;10.0&apos;, java.version: &apos;1.8.0_291&apos;
Driver info: org.openqa.selenium.chrome.ChromeDriver
Capabilities {acceptInsecureCerts: false, browserName: chrome, browserVersion: 99.0.4844.74, chrome: {chromedriverVersion: 99.0.4844.51 (d537ec02474b5..., userDataDir: C:\Users\marijas\AppData\Lo...}, goog:chromeOptions: {debuggerAddress: localhost:55584}, javascriptEnabled: true, networkConnectionEnabled: false, pageLoadStrategy: normal, platform: WINDOWS, platformName: WINDOWS, proxy: Proxy(), setWindowRect: true, strictFileInteractability: false, timeouts: {implicit: 0, pageLoad: 300000, script: 30000}, unhandledPromptBehavior: dismiss and notify, webauthn:extension:credBlob: true, webauthn:extension:largeBlob: true, webauthn:virtualAuthenticators: true}
Session ID: 58b094ae2f81675239d9e3dc93bbd796" type="org.openqa.selenium.NoSuchWindowException">org.openqa.selenium.NoSuchWindowException: no such window: target window already closed
from unknown error: web view not found
  (Session info: chrome=99.0.4844.74)
Build info: version: &apos;3.12.0&apos;, revision: &apos;7c6e0b3&apos;, time: &apos;2018-05-08T14:04:26.12Z&apos;
System info: host: &apos;GS-ARI7C&apos;, ip: &apos;172.19.128.1&apos;, os.name: &apos;Windows 10&apos;, os.arch: &apos;amd64&apos;, os.version: &apos;10.0&apos;, java.version: &apos;1.8.0_291&apos;
Driver info: org.openqa.selenium.chrome.ChromeDriver
Capabilities {acceptInsecureCerts: false, browserName: chrome, browserVersion: 99.0.4844.74, chrome: {chromedriverVersion: 99.0.4844.51 (d537ec02474b5..., userDataDir: C:\Users\marijas\AppData\Lo...}, goog:chromeOptions: {debuggerAddress: localhost:55584}, javascriptEnabled: true, networkConnectionEnabled: false, pageLoadStrategy: normal, platform: WINDOWS, platformName: WINDOWS, proxy: Proxy(), setWindowRect: true, strictFileInteractability: false, timeouts: {implicit: 0, pageLoad: 300000, script: 30000}, unhandledPromptBehavior: dismiss and notify, webauthn:extension:credBlob: true, webauthn:extension:largeBlob: true, webauthn:virtualAuthenticators: true}
Session ID: 58b094ae2f81675239d9e3dc93bbd796
	at sun.reflect.NativeConstructorAccessorImpl.newInstance0(Native Method)
	at sun.reflect.NativeConstructorAccessorImpl.newInstance(NativeConstructorAccessorImpl.java:62)
	at sun.reflect.DelegatingConstructorAccessorImpl.newInstance(DelegatingConstructorAccessorImpl.java:45)
	at java.lang.reflect.Constructor.newInstance(Constructor.java:423)
	at org.openqa.selenium.remote.http.W3CHttpResponseCodec.createException(W3CHttpResponseCodec.java:187)
	at org.openqa.selenium.remote.http.W3CHttpResponseCodec.decode(W3CHttpResponseCodec.java:122)
	at org.openqa.selenium.remote.http.W3CHttpResponseCodec.decode(W3CHttpResponseCodec.java:49)
	at org.openqa.selenium.remote.HttpCommandExecutor.execute(HttpCommandExecutor.java:158)
	at org.openqa.selenium.remote.service.DriverCommandExecutor.execute(DriverCommandExecutor.java:83)
	at org.openqa.selenium.remote.RemoteWebDriver.execute(RemoteWebDriver.java:543)
	at org.openqa.selenium.remote.RemoteWebDriver.get(RemoteWebDriver.java:271)
	at element.Navigate.goToUrl(Navigate.java:11)
	at pages.CreateFormPage.navigateToEnv(CreateFormPage.java:35)
	at steps.CreateNewComputer_Steps.iAmOnTheComputerDatabaseList(CreateNewComputer_Steps.java:22)
	at ✽.Given I am on the computer database list(CreateNewComputer.feature:4)
</error>
    <system-out>
  @browser
  Scenario Outline: Verify that user is unable to create new computer with wrong date format for Discontinued date field &amp;#27;[90m# CreateNewComputer.feature:59&amp;#27;[0m
    &amp;#27;[36mAnd &amp;#27;[0m&amp;#27;[36mI enter &amp;#27;[0m&amp;#27;[36m&amp;#27;[1m123456&amp;#27;[0m&amp;#27;[36m in computer name field&amp;#27;[0m                                                                            &amp;#27;[90m# CreateNewComputer_Steps.iEnterTestInComputerField(String)&amp;#27;[0m
    &amp;#27;[36mAnd &amp;#27;[0m&amp;#27;[36mI enter wrong &amp;#27;[0m&amp;#27;[36m&amp;#27;[1m2021/01/01&amp;#27;[0m&amp;#27;[36m format for Discontinued date field&amp;#27;[0m                                                      &amp;#27;[90m# CreateNewComputer_Steps.iEnterWrongDateFormatForDiscontinuedField(String)&amp;#27;[0m
    &amp;#27;[36mAnd &amp;#27;[0m&amp;#27;[36mI enter valid &amp;#27;[0m&amp;#27;[36m&amp;#27;[1m2019-02-01&amp;#27;[0m&amp;#27;[36m Introduced date and &amp;#27;[0m&amp;#27;[36m&amp;#27;[1m6&amp;#27;[0m                                                                   &amp;#27;[90m# CreateNewComputer_Steps.iEnterValidDataForTheRestOfOptionalField2(String,String)&amp;#27;[0m
    &amp;#27;[36mWhen &amp;#27;[0m&amp;#27;[36mI click on the button Create this computer&amp;#27;[0m                                                                      &amp;#27;[90m# CreateNewComputer_Steps.iClickOnTheButtonCreateThisComputer()&amp;#27;[0m
    &amp;#27;[36mThen &amp;#27;[0m&amp;#27;[36mI will not be able to create new computer&amp;#27;[0m                                                                       &amp;#27;[90m# CreateNewComputer_Steps.iWillNotBeAbleToCreateNewComputer()&amp;#27;[0m
    &amp;#27;[36mAnd &amp;#27;[0m&amp;#27;[36mI will see &quot;Discontinued date&quot; field highlighted in red&amp;#27;[0m                                                          &amp;#27;[90m# CreateNewComputer_Steps.iWillSeeDiscontinuedDateFieldHighlightedInRed()&amp;#27;[0m
</system-out>
    <system-err>[main] INFO io.github.bonigarcia.wdm.WebDriverManager - Using chromedriver 99.0.4844.51 (since Google Chrome 99 is installed in your machine)
[main] INFO io.github.bonigarcia.wdm.WebDriverManager - Exporting webdriver.chrome.driver as C:\Users\marijas\.m2\repository\webdriver\chromedriver\win32\99.0.4844.51\chromedriver.exe
Mar 22, 2022 12:42:04 PM element.Navigate goToUrl
INFO: Navigate to Url: http://computer-database.herokuapp.com/computers
</system-err>
  </testcase>
  <testcase classname="| niña | 2021-Jan-01 | 2018-03-01 | 8 |" name="| niña | 2021-Jan-01 | 2018-03-01 | 8 |" time="0">
    <error message="no such window: target window already closed
from unknown error: web view not found
  (Session info: chrome=99.0.4844.74)
Build info: version: &apos;3.12.0&apos;, revision: &apos;7c6e0b3&apos;, time: &apos;2018-05-08T14:04:26.12Z&apos;
System info: host: &apos;GS-ARI7C&apos;, ip: &apos;172.19.128.1&apos;, os.name: &apos;Windows 10&apos;, os.arch: &apos;amd64&apos;, os.version: &apos;10.0&apos;, java.version: &apos;1.8.0_291&apos;
Driver info: org.openqa.selenium.chrome.ChromeDriver
Capabilities {acceptInsecureCerts: false, browserName: chrome, browserVersion: 99.0.4844.74, chrome: {chromedriverVersion: 99.0.4844.51 (d537ec02474b5..., userDataDir: C:\Users\marijas\AppData\Lo...}, goog:chromeOptions: {debuggerAddress: localhost:55584}, javascriptEnabled: true, networkConnectionEnabled: false, pageLoadStrategy: normal, platform: WINDOWS, platformName: WINDOWS, proxy: Proxy(), setWindowRect: true, strictFileInteractability: false, timeouts: {implicit: 0, pageLoad: 300000, script: 30000}, unhandledPromptBehavior: dismiss and notify, webauthn:extension:credBlob: true, webauthn:extension:largeBlob: true, webauthn:virtualAuthenticators: true}
Session ID: 58b094ae2f81675239d9e3dc93bbd796" type="org.openqa.selenium.NoSuchWindowException">org.openqa.selenium.NoSuchWindowException: no such window: target window already closed
from unknown error: web view not found
  (Session info: chrome=99.0.4844.74)
Build info: version: &apos;3.12.0&apos;, revision: &apos;7c6e0b3&apos;, time: &apos;2018-05-08T14:04:26.12Z&apos;
System info: host: &apos;GS-ARI7C&apos;, ip: &apos;172.19.128.1&apos;, os.name: &apos;Windows 10&apos;, os.arch: &apos;amd64&apos;, os.version: &apos;10.0&apos;, java.version: &apos;1.8.0_291&apos;
Driver info: org.openqa.selenium.chrome.ChromeDriver
Capabilities {acceptInsecureCerts: false, browserName: chrome, browserVersion: 99.0.4844.74, chrome: {chromedriverVersion: 99.0.4844.51 (d537ec02474b5..., userDataDir: C:\Users\marijas\AppData\Lo...}, goog:chromeOptions: {debuggerAddress: localhost:55584}, javascriptEnabled: true, networkConnectionEnabled: false, pageLoadStrategy: normal, platform: WINDOWS, platformName: WINDOWS, proxy: Proxy(), setWindowRect: true, strictFileInteractability: false, timeouts: {implicit: 0, pageLoad: 300000, script: 30000}, unhandledPromptBehavior: dismiss and notify, webauthn:extension:credBlob: true, webauthn:extension:largeBlob: true, webauthn:virtualAuthenticators: true}
Session ID: 58b094ae2f81675239d9e3dc93bbd796
	at sun.reflect.NativeConstructorAccessorImpl.newInstance0(Native Method)
	at sun.reflect.NativeConstructorAccessorImpl.newInstance(NativeConstructorAccessorImpl.java:62)
	at sun.reflect.DelegatingConstructorAccessorImpl.newInstance(DelegatingConstructorAccessorImpl.java:45)
	at java.lang.reflect.Constructor.newInstance(Constructor.java:423)
	at org.openqa.selenium.remote.http.W3CHttpResponseCodec.createException(W3CHttpResponseCodec.java:187)
	at org.openqa.selenium.remote.http.W3CHttpResponseCodec.decode(W3CHttpResponseCodec.java:122)
	at org.openqa.selenium.remote.http.W3CHttpResponseCodec.decode(W3CHttpResponseCodec.java:49)
	at org.openqa.selenium.remote.HttpCommandExecutor.execute(HttpCommandExecutor.java:158)
	at org.openqa.selenium.remote.service.DriverCommandExecutor.execute(DriverCommandExecutor.java:83)
	at org.openqa.selenium.remote.RemoteWebDriver.execute(RemoteWebDriver.java:543)
	at org.openqa.selenium.remote.RemoteWebDriver.get(RemoteWebDriver.java:271)
	at element.Navigate.goToUrl(Navigate.java:11)
	at pages.CreateFormPage.navigateToEnv(CreateFormPage.java:35)
	at steps.CreateNewComputer_Steps.iAmOnTheComputerDatabaseList(CreateNewComputer_Steps.java:22)
	at ✽.Given I am on the computer database list(CreateNewComputer.feature:4)
</error>
  </testcase>
  <testcase classname="| niña | 2021-Jan-01 | 2018-03-01 | 8 |" name="And I click on the button Add a new computer" time="0">
    <skipped/>
  </testcase>
  <testcase classname="| niña | 2021-Jan-01 | 2018-03-01 | 8 |" name="And I enter niña in computer name field" time="0.019">
    <skipped/>
    <system-out>
  Background:                                    &amp;#27;[90m# CreateNewComputer.feature:3&amp;#27;[0m
    &amp;#27;[31mGiven &amp;#27;[0m&amp;#27;[31mI am on the computer database list&amp;#27;[0m     &amp;#27;[90m# CreateNewComputer_Steps.iAmOnTheComputerDatabaseList()&amp;#27;[0m
      &amp;#27;[31morg.openqa.selenium.NoSuchWindowException: no such window: target window already closed
      from unknown error: web view not found
        (Session info: chrome=99.0.4844.74)
      Build info: version: &apos;3.12.0&apos;, revision: &apos;7c6e0b3&apos;, time: &apos;2018-05-08T14:04:26.12Z&apos;
      System info: host: &apos;GS-ARI7C&apos;, ip: &apos;172.19.128.1&apos;, os.name: &apos;Windows 10&apos;, os.arch: &apos;amd64&apos;, os.version: &apos;10.0&apos;, java.version: &apos;1.8.0_291&apos;
      Driver info: org.openqa.selenium.chrome.ChromeDriver
      Capabilities {acceptInsecureCerts: false, browserName: chrome, browserVersion: 99.0.4844.74, chrome: {chromedriverVersion: 99.0.4844.51 (d537ec02474b5..., userDataDir: C:\Users\marijas\AppData\Lo...}, goog:chromeOptions: {debuggerAddress: localhost:55584}, javascriptEnabled: true, networkConnectionEnabled: false, pageLoadStrategy: normal, platform: WINDOWS, platformName: WINDOWS, proxy: Proxy(), setWindowRect: true, strictFileInteractability: false, timeouts: {implicit: 0, pageLoad: 300000, script: 30000}, unhandledPromptBehavior: dismiss and notify, webauthn:extension:credBlob: true, webauthn:extension:largeBlob: true, webauthn:virtualAuthenticators: true}
      Session ID: 58b094ae2f81675239d9e3dc93bbd796
      	at sun.reflect.NativeConstructorAccessorImpl.newInstance0(Native Method)
      	at sun.reflect.NativeConstructorAccessorImpl.newInstance(NativeConstructorAccessorImpl.java:62)
      	at sun.reflect.DelegatingConstructorAccessorImpl.newInstance(DelegatingConstructorAccessorImpl.java:45)
      	at java.lang.reflect.Constructor.newInstance(Constructor.java:423)
      	at org.openqa.selenium.remote.http.W3CHttpResponseCodec.createException(W3CHttpResponseCodec.java:187)
      	at org.openqa.selenium.remote.http.W3CHttpResponseCodec.decode(W3CHttpResponseCodec.java:122)
      	at org.openqa.selenium.remote.http.W3CHttpResponseCodec.decode(W3CHttpResponseCodec.java:49)
      	at org.openqa.selenium.remote.HttpCommandExecutor.execute(HttpCommandExecutor.java:158)
      	at org.openqa.selenium.remote.service.DriverCommandExecutor.execute(DriverCommandExecutor.java:83)
      	at org.openqa.selenium.remote.RemoteWebDriver.execute(RemoteWebDriver.java:543)
      	at org.openqa.selenium.remote.RemoteWebDriver.get(RemoteWebDriver.java:271)
      	at element.Navigate.goToUrl(Navigate.java:11)
      	at pages.CreateFormPage.navigateToEnv(CreateFormPage.java:35)
      	at steps.CreateNewComputer_Steps.iAmOnTheComputerDatabaseList(CreateNewComputer_Steps.java:22)
      	at ?.Given I am on the computer database list(CreateNewComputer.feature:4)
      &amp;#27;[0m
    &amp;#27;[36mAnd &amp;#27;[0m&amp;#27;[36mI click on the button Add a new computer&amp;#27;[0m &amp;#27;[90m# CreateNewComputer_Steps.iClickOnTheButtonAddNewComputer()&amp;#27;[0m
</system-out>
  </testcase>
  <testcase classname="| niña | 2021-Jan-01 | 2018-03-01 | 8 |" name="And I enter wrong 2021-Jan-01 format for Discontinued date field" time="0.019">
    <skipped/>
  </testcase>
  <testcase classname="| niña | 2021-Jan-01 | 2018-03-01 | 8 |" name="And I enter valid 2018-03-01 Introduced date and 8" time="0.019">
    <skipped/>
  </testcase>
  <testcase classname="| niña | 2021-Jan-01 | 2018-03-01 | 8 |" name="When I click on the button Create this computer" time="0.019">
    <skipped/>
  </testcase>
  <testcase classname="| niña | 2021-Jan-01 | 2018-03-01 | 8 |" name="Then I will not be able to create new computer" time="0.019">
    <skipped/>
  </testcase>
  <testcase classname="| niña | 2021-Jan-01 | 2018-03-01 | 8 |" name="And I will see &quot;Discontinued date&quot; field highlighted in red" time="0.019">
    <skipped/>
  </testcase>
  <testcase classname="Given I am on the computer database list(| !@#) | 2021.01.01 | 2017-04-04 | 10 |)" name="Given I am on the computer database list" time="0.001">
    <error message="no such window: target window already closed
from unknown error: web view not found
  (Session info: chrome=99.0.4844.74)
Build info: version: &apos;3.12.0&apos;, revision: &apos;7c6e0b3&apos;, time: &apos;2018-05-08T14:04:26.12Z&apos;
System info: host: &apos;GS-ARI7C&apos;, ip: &apos;172.19.128.1&apos;, os.name: &apos;Windows 10&apos;, os.arch: &apos;amd64&apos;, os.version: &apos;10.0&apos;, java.version: &apos;1.8.0_291&apos;
Driver info: org.openqa.selenium.chrome.ChromeDriver
Capabilities {acceptInsecureCerts: false, browserName: chrome, browserVersion: 99.0.4844.74, chrome: {chromedriverVersion: 99.0.4844.51 (d537ec02474b5..., userDataDir: C:\Users\marijas\AppData\Lo...}, goog:chromeOptions: {debuggerAddress: localhost:55584}, javascriptEnabled: true, networkConnectionEnabled: false, pageLoadStrategy: normal, platform: WINDOWS, platformName: WINDOWS, proxy: Proxy(), setWindowRect: true, strictFileInteractability: false, timeouts: {implicit: 0, pageLoad: 300000, script: 30000}, unhandledPromptBehavior: dismiss and notify, webauthn:extension:credBlob: true, webauthn:extension:largeBlob: true, webauthn:virtualAuthenticators: true}
Session ID: 58b094ae2f81675239d9e3dc93bbd796" type="org.openqa.selenium.NoSuchWindowException">org.openqa.selenium.NoSuchWindowException: no such window: target window already closed
from unknown error: web view not found
  (Session info: chrome=99.0.4844.74)
Build info: version: &apos;3.12.0&apos;, revision: &apos;7c6e0b3&apos;, time: &apos;2018-05-08T14:04:26.12Z&apos;
System info: host: &apos;GS-ARI7C&apos;, ip: &apos;172.19.128.1&apos;, os.name: &apos;Windows 10&apos;, os.arch: &apos;amd64&apos;, os.version: &apos;10.0&apos;, java.version: &apos;1.8.0_291&apos;
Driver info: org.openqa.selenium.chrome.ChromeDriver
Capabilities {acceptInsecureCerts: false, browserName: chrome, browserVersion: 99.0.4844.74, chrome: {chromedriverVersion: 99.0.4844.51 (d537ec02474b5..., userDataDir: C:\Users\marijas\AppData\Lo...}, goog:chromeOptions: {debuggerAddress: localhost:55584}, javascriptEnabled: true, networkConnectionEnabled: false, pageLoadStrategy: normal, platform: WINDOWS, platformName: WINDOWS, proxy: Proxy(), setWindowRect: true, strictFileInteractability: false, timeouts: {implicit: 0, pageLoad: 300000, script: 30000}, unhandledPromptBehavior: dismiss and notify, webauthn:extension:credBlob: true, webauthn:extension:largeBlob: true, webauthn:virtualAuthenticators: true}
Session ID: 58b094ae2f81675239d9e3dc93bbd796
	at sun.reflect.NativeConstructorAccessorImpl.newInstance0(Native Method)
	at sun.reflect.NativeConstructorAccessorImpl.newInstance(NativeConstructorAccessorImpl.java:62)
	at sun.reflect.DelegatingConstructorAccessorImpl.newInstance(DelegatingConstructorAccessorImpl.java:45)
	at java.lang.reflect.Constructor.newInstance(Constructor.java:423)
	at org.openqa.selenium.remote.http.W3CHttpResponseCodec.createException(W3CHttpResponseCodec.java:187)
	at org.openqa.selenium.remote.http.W3CHttpResponseCodec.decode(W3CHttpResponseCodec.java:122)
	at org.openqa.selenium.remote.http.W3CHttpResponseCodec.decode(W3CHttpResponseCodec.java:49)
	at org.openqa.selenium.remote.HttpCommandExecutor.execute(HttpCommandExecutor.java:158)
	at org.openqa.selenium.remote.service.DriverCommandExecutor.execute(DriverCommandExecutor.java:83)
	at org.openqa.selenium.remote.RemoteWebDriver.execute(RemoteWebDriver.java:543)
	at org.openqa.selenium.remote.RemoteWebDriver.get(RemoteWebDriver.java:271)
	at element.Navigate.goToUrl(Navigate.java:11)
	at pages.CreateFormPage.navigateToEnv(CreateFormPage.java:35)
	at steps.CreateNewComputer_Steps.iAmOnTheComputerDatabaseList(CreateNewComputer_Steps.java:22)
	at ✽.Given I am on the computer database list(CreateNewComputer.feature:4)
</error>
    <system-out>
  @browser
  Scenario Outline: Verify that user is unable to create new computer with wrong date format for Discontinued date field &amp;#27;[90m# CreateNewComputer.feature:60&amp;#27;[0m
    &amp;#27;[36mAnd &amp;#27;[0m&amp;#27;[36mI enter &amp;#27;[0m&amp;#27;[36m&amp;#27;[1mniña&amp;#27;[0m&amp;#27;[36m in computer name field&amp;#27;[0m                                                                              &amp;#27;[90m# CreateNewComputer_Steps.iEnterTestInComputerField(String)&amp;#27;[0m
    &amp;#27;[36mAnd &amp;#27;[0m&amp;#27;[36mI enter wrong &amp;#27;[0m&amp;#27;[36m&amp;#27;[1m2021-Jan-01&amp;#27;[0m&amp;#27;[36m format for Discontinued date field&amp;#27;[0m                                                     &amp;#27;[90m# CreateNewComputer_Steps.iEnterWrongDateFormatForDiscontinuedField(String)&amp;#27;[0m
    &amp;#27;[36mAnd &amp;#27;[0m&amp;#27;[36mI enter valid &amp;#27;[0m&amp;#27;[36m&amp;#27;[1m2018-03-01&amp;#27;[0m&amp;#27;[36m Introduced date and &amp;#27;[0m&amp;#27;[36m&amp;#27;[1m8&amp;#27;[0m                                                                   &amp;#27;[90m# CreateNewComputer_Steps.iEnterValidDataForTheRestOfOptionalField2(String,String)&amp;#27;[0m
    &amp;#27;[36mWhen &amp;#27;[0m&amp;#27;[36mI click on the button Create this computer&amp;#27;[0m                                                                      &amp;#27;[90m# CreateNewComputer_Steps.iClickOnTheButtonCreateThisComputer()&amp;#27;[0m
    &amp;#27;[36mThen &amp;#27;[0m&amp;#27;[36mI will not be able to create new computer&amp;#27;[0m                                                                       &amp;#27;[90m# CreateNewComputer_Steps.iWillNotBeAbleToCreateNewComputer()&amp;#27;[0m
    &amp;#27;[36mAnd &amp;#27;[0m&amp;#27;[36mI will see &quot;Discontinued date&quot; field highlighted in red&amp;#27;[0m                                                          &amp;#27;[90m# CreateNewComputer_Steps.iWillSeeDiscontinuedDateFieldHighlightedInRed()&amp;#27;[0m
</system-out>
    <system-err>[main] INFO io.github.bonigarcia.wdm.WebDriverManager - Using chromedriver 99.0.4844.51 (since Google Chrome 99 is installed in your machine)
[main] INFO io.github.bonigarcia.wdm.WebDriverManager - Exporting webdriver.chrome.driver as C:\Users\marijas\.m2\repository\webdriver\chromedriver\win32\99.0.4844.51\chromedriver.exe
Mar 22, 2022 12:42:04 PM element.Navigate goToUrl
INFO: Navigate to Url: http://computer-database.herokuapp.com/computers
</system-err>
  </testcase>
  <testcase classname="| !@#) | 2021.01.01 | 2017-04-04 | 10 |" name="| !@#) | 2021.01.01 | 2017-04-04 | 10 |" time="0.001">
    <error message="no such window: target window already closed
from unknown error: web view not found
  (Session info: chrome=99.0.4844.74)
Build info: version: &apos;3.12.0&apos;, revision: &apos;7c6e0b3&apos;, time: &apos;2018-05-08T14:04:26.12Z&apos;
System info: host: &apos;GS-ARI7C&apos;, ip: &apos;172.19.128.1&apos;, os.name: &apos;Windows 10&apos;, os.arch: &apos;amd64&apos;, os.version: &apos;10.0&apos;, java.version: &apos;1.8.0_291&apos;
Driver info: org.openqa.selenium.chrome.ChromeDriver
Capabilities {acceptInsecureCerts: false, browserName: chrome, browserVersion: 99.0.4844.74, chrome: {chromedriverVersion: 99.0.4844.51 (d537ec02474b5..., userDataDir: C:\Users\marijas\AppData\Lo...}, goog:chromeOptions: {debuggerAddress: localhost:55584}, javascriptEnabled: true, networkConnectionEnabled: false, pageLoadStrategy: normal, platform: WINDOWS, platformName: WINDOWS, proxy: Proxy(), setWindowRect: true, strictFileInteractability: false, timeouts: {implicit: 0, pageLoad: 300000, script: 30000}, unhandledPromptBehavior: dismiss and notify, webauthn:extension:credBlob: true, webauthn:extension:largeBlob: true, webauthn:virtualAuthenticators: true}
Session ID: 58b094ae2f81675239d9e3dc93bbd796" type="org.openqa.selenium.NoSuchWindowException">org.openqa.selenium.NoSuchWindowException: no such window: target window already closed
from unknown error: web view not found
  (Session info: chrome=99.0.4844.74)
Build info: version: &apos;3.12.0&apos;, revision: &apos;7c6e0b3&apos;, time: &apos;2018-05-08T14:04:26.12Z&apos;
System info: host: &apos;GS-ARI7C&apos;, ip: &apos;172.19.128.1&apos;, os.name: &apos;Windows 10&apos;, os.arch: &apos;amd64&apos;, os.version: &apos;10.0&apos;, java.version: &apos;1.8.0_291&apos;
Driver info: org.openqa.selenium.chrome.ChromeDriver
Capabilities {acceptInsecureCerts: false, browserName: chrome, browserVersion: 99.0.4844.74, chrome: {chromedriverVersion: 99.0.4844.51 (d537ec02474b5..., userDataDir: C:\Users\marijas\AppData\Lo...}, goog:chromeOptions: {debuggerAddress: localhost:55584}, javascriptEnabled: true, networkConnectionEnabled: false, pageLoadStrategy: normal, platform: WINDOWS, platformName: WINDOWS, proxy: Proxy(), setWindowRect: true, strictFileInteractability: false, timeouts: {implicit: 0, pageLoad: 300000, script: 30000}, unhandledPromptBehavior: dismiss and notify, webauthn:extension:credBlob: true, webauthn:extension:largeBlob: true, webauthn:virtualAuthenticators: true}
Session ID: 58b094ae2f81675239d9e3dc93bbd796
	at sun.reflect.NativeConstructorAccessorImpl.newInstance0(Native Method)
	at sun.reflect.NativeConstructorAccessorImpl.newInstance(NativeConstructorAccessorImpl.java:62)
	at sun.reflect.DelegatingConstructorAccessorImpl.newInstance(DelegatingConstructorAccessorImpl.java:45)
	at java.lang.reflect.Constructor.newInstance(Constructor.java:423)
	at org.openqa.selenium.remote.http.W3CHttpResponseCodec.createException(W3CHttpResponseCodec.java:187)
	at org.openqa.selenium.remote.http.W3CHttpResponseCodec.decode(W3CHttpResponseCodec.java:122)
	at org.openqa.selenium.remote.http.W3CHttpResponseCodec.decode(W3CHttpResponseCodec.java:49)
	at org.openqa.selenium.remote.HttpCommandExecutor.execute(HttpCommandExecutor.java:158)
	at org.openqa.selenium.remote.service.DriverCommandExecutor.execute(DriverCommandExecutor.java:83)
	at org.openqa.selenium.remote.RemoteWebDriver.execute(RemoteWebDriver.java:543)
	at org.openqa.selenium.remote.RemoteWebDriver.get(RemoteWebDriver.java:271)
	at element.Navigate.goToUrl(Navigate.java:11)
	at pages.CreateFormPage.navigateToEnv(CreateFormPage.java:35)
	at steps.CreateNewComputer_Steps.iAmOnTheComputerDatabaseList(CreateNewComputer_Steps.java:22)
	at ✽.Given I am on the computer database list(CreateNewComputer.feature:4)
</error>
  </testcase>
  <testcase classname="And I click on the button Add a new computer(| !@#) | 2021.01.01 | 2017-04-04 | 10 |)" name="And I click on the button Add a new computer" time="0.001">
    <skipped/>
  </testcase>
  <testcase classname="And I enter !@#) in computer name field(| !@#) | 2021.01.01 | 2017-04-04 | 10 |)" name="And I enter !@#) in computer name field" time="0.018">
    <skipped/>
    <system-out>
  Background:                                    &amp;#27;[90m# CreateNewComputer.feature:3&amp;#27;[0m
    &amp;#27;[31mGiven &amp;#27;[0m&amp;#27;[31mI am on the computer database list&amp;#27;[0m     &amp;#27;[90m# CreateNewComputer_Steps.iAmOnTheComputerDatabaseList()&amp;#27;[0m
      &amp;#27;[31morg.openqa.selenium.NoSuchWindowException: no such window: target window already closed
      from unknown error: web view not found
        (Session info: chrome=99.0.4844.74)
      Build info: version: &apos;3.12.0&apos;, revision: &apos;7c6e0b3&apos;, time: &apos;2018-05-08T14:04:26.12Z&apos;
      System info: host: &apos;GS-ARI7C&apos;, ip: &apos;172.19.128.1&apos;, os.name: &apos;Windows 10&apos;, os.arch: &apos;amd64&apos;, os.version: &apos;10.0&apos;, java.version: &apos;1.8.0_291&apos;
      Driver info: org.openqa.selenium.chrome.ChromeDriver
      Capabilities {acceptInsecureCerts: false, browserName: chrome, browserVersion: 99.0.4844.74, chrome: {chromedriverVersion: 99.0.4844.51 (d537ec02474b5..., userDataDir: C:\Users\marijas\AppData\Lo...}, goog:chromeOptions: {debuggerAddress: localhost:55584}, javascriptEnabled: true, networkConnectionEnabled: false, pageLoadStrategy: normal, platform: WINDOWS, platformName: WINDOWS, proxy: Proxy(), setWindowRect: true, strictFileInteractability: false, timeouts: {implicit: 0, pageLoad: 300000, script: 30000}, unhandledPromptBehavior: dismiss and notify, webauthn:extension:credBlob: true, webauthn:extension:largeBlob: true, webauthn:virtualAuthenticators: true}
      Session ID: 58b094ae2f81675239d9e3dc93bbd796
      	at sun.reflect.NativeConstructorAccessorImpl.newInstance0(Native Method)
      	at sun.reflect.NativeConstructorAccessorImpl.newInstance(NativeConstructorAccessorImpl.java:62)
      	at sun.reflect.DelegatingConstructorAccessorImpl.newInstance(DelegatingConstructorAccessorImpl.java:45)
      	at java.lang.reflect.Constructor.newInstance(Constructor.java:423)
      	at org.openqa.selenium.remote.http.W3CHttpResponseCodec.createException(W3CHttpResponseCodec.java:187)
      	at org.openqa.selenium.remote.http.W3CHttpResponseCodec.decode(W3CHttpResponseCodec.java:122)
      	at org.openqa.selenium.remote.http.W3CHttpResponseCodec.decode(W3CHttpResponseCodec.java:49)
      	at org.openqa.selenium.remote.HttpCommandExecutor.execute(HttpCommandExecutor.java:158)
      	at org.openqa.selenium.remote.service.DriverCommandExecutor.execute(DriverCommandExecutor.java:83)
      	at org.openqa.selenium.remote.RemoteWebDriver.execute(RemoteWebDriver.java:543)
      	at org.openqa.selenium.remote.RemoteWebDriver.get(RemoteWebDriver.java:271)
      	at element.Navigate.goToUrl(Navigate.java:11)
      	at pages.CreateFormPage.navigateToEnv(CreateFormPage.java:35)
      	at steps.CreateNewComputer_Steps.iAmOnTheComputerDatabaseList(CreateNewComputer_Steps.java:22)
      	at ?.Given I am on the computer database list(CreateNewComputer.feature:4)
      &amp;#27;[0m
    &amp;#27;[36mAnd &amp;#27;[0m&amp;#27;[36mI click on the button Add a new computer&amp;#27;[0m &amp;#27;[90m# CreateNewComputer_Steps.iClickOnTheButtonAddNewComputer()&amp;#27;[0m
</system-out>
  </testcase>
  <testcase classname="And I enter wrong 2021.01.01 format for Discontinued date field(| !@#) | 2021.01.01 | 2017-04-04 | 10 |)" name="And I enter wrong 2021.01.01 format for Discontinued date field" time="0.018">
    <skipped/>
  </testcase>
  <testcase classname="And I enter valid 2017-04-04 Introduced date and 10(| !@#) | 2021.01.01 | 2017-04-04 | 10 |)" name="And I enter valid 2017-04-04 Introduced date and 10" time="0.018">
    <skipped/>
  </testcase>
  <testcase classname="When I click on the button Create this computer(| !@#) | 2021.01.01 | 2017-04-04 | 10 |)" name="When I click on the button Create this computer" time="0.018">
    <skipped/>
  </testcase>
  <testcase classname="Then I will not be able to create new computer(| !@#) | 2021.01.01 | 2017-04-04 | 10 |)" name="Then I will not be able to create new computer" time="0.018">
    <skipped/>
  </testcase>
  <testcase classname="And I will see &quot;Discontinued date&quot; field highlighted in red(| !@#) | 2021.01.01 | 2017-04-04 | 10 |)" name="And I will see &quot;Discontinued date&quot; field highlighted in red" time="0.018">
    <skipped/>
  </testcase>
  <testcase classname="| te st | 2000_2_2 | 2016-05-05 | 12 |" name="Given I am on the computer database list" time="0.001">
    <error message="no such window: target window already closed
from unknown error: web view not found
  (Session info: chrome=99.0.4844.74)
Build info: version: &apos;3.12.0&apos;, revision: &apos;7c6e0b3&apos;, time: &apos;2018-05-08T14:04:26.12Z&apos;
System info: host: &apos;GS-ARI7C&apos;, ip: &apos;172.19.128.1&apos;, os.name: &apos;Windows 10&apos;, os.arch: &apos;amd64&apos;, os.version: &apos;10.0&apos;, java.version: &apos;1.8.0_291&apos;
Driver info: org.openqa.selenium.chrome.ChromeDriver
Capabilities {acceptInsecureCerts: false, browserName: chrome, browserVersion: 99.0.4844.74, chrome: {chromedriverVersion: 99.0.4844.51 (d537ec02474b5..., userDataDir: C:\Users\marijas\AppData\Lo...}, goog:chromeOptions: {debuggerAddress: localhost:55584}, javascriptEnabled: true, networkConnectionEnabled: false, pageLoadStrategy: normal, platform: WINDOWS, platformName: WINDOWS, proxy: Proxy(), setWindowRect: true, strictFileInteractability: false, timeouts: {implicit: 0, pageLoad: 300000, script: 30000}, unhandledPromptBehavior: dismiss and notify, webauthn:extension:credBlob: true, webauthn:extension:largeBlob: true, webauthn:virtualAuthenticators: true}
Session ID: 58b094ae2f81675239d9e3dc93bbd796" type="org.openqa.selenium.NoSuchWindowException">org.openqa.selenium.NoSuchWindowException: no such window: target window already closed
from unknown error: web view not found
  (Session info: chrome=99.0.4844.74)
Build info: version: &apos;3.12.0&apos;, revision: &apos;7c6e0b3&apos;, time: &apos;2018-05-08T14:04:26.12Z&apos;
System info: host: &apos;GS-ARI7C&apos;, ip: &apos;172.19.128.1&apos;, os.name: &apos;Windows 10&apos;, os.arch: &apos;amd64&apos;, os.version: &apos;10.0&apos;, java.version: &apos;1.8.0_291&apos;
Driver info: org.openqa.selenium.chrome.ChromeDriver
Capabilities {acceptInsecureCerts: false, browserName: chrome, browserVersion: 99.0.4844.74, chrome: {chromedriverVersion: 99.0.4844.51 (d537ec02474b5..., userDataDir: C:\Users\marijas\AppData\Lo...}, goog:chromeOptions: {debuggerAddress: localhost:55584}, javascriptEnabled: true, networkConnectionEnabled: false, pageLoadStrategy: normal, platform: WINDOWS, platformName: WINDOWS, proxy: Proxy(), setWindowRect: true, strictFileInteractability: false, timeouts: {implicit: 0, pageLoad: 300000, script: 30000}, unhandledPromptBehavior: dismiss and notify, webauthn:extension:credBlob: true, webauthn:extension:largeBlob: true, webauthn:virtualAuthenticators: true}
Session ID: 58b094ae2f81675239d9e3dc93bbd796
	at sun.reflect.NativeConstructorAccessorImpl.newInstance0(Native Method)
	at sun.reflect.NativeConstructorAccessorImpl.newInstance(NativeConstructorAccessorImpl.java:62)
	at sun.reflect.DelegatingConstructorAccessorImpl.newInstance(DelegatingConstructorAccessorImpl.java:45)
	at java.lang.reflect.Constructor.newInstance(Constructor.java:423)
	at org.openqa.selenium.remote.http.W3CHttpResponseCodec.createException(W3CHttpResponseCodec.java:187)
	at org.openqa.selenium.remote.http.W3CHttpResponseCodec.decode(W3CHttpResponseCodec.java:122)
	at org.openqa.selenium.remote.http.W3CHttpResponseCodec.decode(W3CHttpResponseCodec.java:49)
	at org.openqa.selenium.remote.HttpCommandExecutor.execute(HttpCommandExecutor.java:158)
	at org.openqa.selenium.remote.service.DriverCommandExecutor.execute(DriverCommandExecutor.java:83)
	at org.openqa.selenium.remote.RemoteWebDriver.execute(RemoteWebDriver.java:543)
	at org.openqa.selenium.remote.RemoteWebDriver.get(RemoteWebDriver.java:271)
	at element.Navigate.goToUrl(Navigate.java:11)
	at pages.CreateFormPage.navigateToEnv(CreateFormPage.java:35)
	at steps.CreateNewComputer_Steps.iAmOnTheComputerDatabaseList(CreateNewComputer_Steps.java:22)
	at ✽.Given I am on the computer database list(CreateNewComputer.feature:4)
</error>
    <system-out>
  @browser
  Scenario Outline: Verify that user is unable to create new computer with wrong date format for Discontinued date field &amp;#27;[90m# CreateNewComputer.feature:61&amp;#27;[0m
    &amp;#27;[36mAnd &amp;#27;[0m&amp;#27;[36mI enter &amp;#27;[0m&amp;#27;[36m&amp;#27;[1m!@#)&amp;#27;[0m&amp;#27;[36m in computer name field&amp;#27;[0m                                                                              &amp;#27;[90m# CreateNewComputer_Steps.iEnterTestInComputerField(String)&amp;#27;[0m
    &amp;#27;[36mAnd &amp;#27;[0m&amp;#27;[36mI enter wrong &amp;#27;[0m&amp;#27;[36m&amp;#27;[1m2021.01.01&amp;#27;[0m&amp;#27;[36m format for Discontinued date field&amp;#27;[0m                                                      &amp;#27;[90m# CreateNewComputer_Steps.iEnterWrongDateFormatForDiscontinuedField(String)&amp;#27;[0m
    &amp;#27;[36mAnd &amp;#27;[0m&amp;#27;[36mI enter valid &amp;#27;[0m&amp;#27;[36m&amp;#27;[1m2017-04-04&amp;#27;[0m&amp;#27;[36m Introduced date and &amp;#27;[0m&amp;#27;[36m&amp;#27;[1m10&amp;#27;[0m                                                                  &amp;#27;[90m# CreateNewComputer_Steps.iEnterValidDataForTheRestOfOptionalField2(String,String)&amp;#27;[0m
    &amp;#27;[36mWhen &amp;#27;[0m&amp;#27;[36mI click on the button Create this computer&amp;#27;[0m                                                                      &amp;#27;[90m# CreateNewComputer_Steps.iClickOnTheButtonCreateThisComputer()&amp;#27;[0m
    &amp;#27;[36mThen &amp;#27;[0m&amp;#27;[36mI will not be able to create new computer&amp;#27;[0m                                                                       &amp;#27;[90m# CreateNewComputer_Steps.iWillNotBeAbleToCreateNewComputer()&amp;#27;[0m
    &amp;#27;[36mAnd &amp;#27;[0m&amp;#27;[36mI will see &quot;Discontinued date&quot; field highlighted in red&amp;#27;[0m                                                          &amp;#27;[90m# CreateNewComputer_Steps.iWillSeeDiscontinuedDateFieldHighlightedInRed()&amp;#27;[0m
</system-out>
    <system-err>[main] INFO io.github.bonigarcia.wdm.WebDriverManager - Using chromedriver 99.0.4844.51 (since Google Chrome 99 is installed in your machine)
[main] INFO io.github.bonigarcia.wdm.WebDriverManager - Exporting webdriver.chrome.driver as C:\Users\marijas\.m2\repository\webdriver\chromedriver\win32\99.0.4844.51\chromedriver.exe
Mar 22, 2022 12:42:04 PM element.Navigate goToUrl
INFO: Navigate to Url: http://computer-database.herokuapp.com/computers
</system-err>
  </testcase>
  <testcase classname="| te st | 2000_2_2 | 2016-05-05 | 12 |" name="| te st | 2000_2_2 | 2016-05-05 | 12 |" time="0.001">
    <error message="no such window: target window already closed
from unknown error: web view not found
  (Session info: chrome=99.0.4844.74)
Build info: version: &apos;3.12.0&apos;, revision: &apos;7c6e0b3&apos;, time: &apos;2018-05-08T14:04:26.12Z&apos;
System info: host: &apos;GS-ARI7C&apos;, ip: &apos;172.19.128.1&apos;, os.name: &apos;Windows 10&apos;, os.arch: &apos;amd64&apos;, os.version: &apos;10.0&apos;, java.version: &apos;1.8.0_291&apos;
Driver info: org.openqa.selenium.chrome.ChromeDriver
Capabilities {acceptInsecureCerts: false, browserName: chrome, browserVersion: 99.0.4844.74, chrome: {chromedriverVersion: 99.0.4844.51 (d537ec02474b5..., userDataDir: C:\Users\marijas\AppData\Lo...}, goog:chromeOptions: {debuggerAddress: localhost:55584}, javascriptEnabled: true, networkConnectionEnabled: false, pageLoadStrategy: normal, platform: WINDOWS, platformName: WINDOWS, proxy: Proxy(), setWindowRect: true, strictFileInteractability: false, timeouts: {implicit: 0, pageLoad: 300000, script: 30000}, unhandledPromptBehavior: dismiss and notify, webauthn:extension:credBlob: true, webauthn:extension:largeBlob: true, webauthn:virtualAuthenticators: true}
Session ID: 58b094ae2f81675239d9e3dc93bbd796" type="org.openqa.selenium.NoSuchWindowException">org.openqa.selenium.NoSuchWindowException: no such window: target window already closed
from unknown error: web view not found
  (Session info: chrome=99.0.4844.74)
Build info: version: &apos;3.12.0&apos;, revision: &apos;7c6e0b3&apos;, time: &apos;2018-05-08T14:04:26.12Z&apos;
System info: host: &apos;GS-ARI7C&apos;, ip: &apos;172.19.128.1&apos;, os.name: &apos;Windows 10&apos;, os.arch: &apos;amd64&apos;, os.version: &apos;10.0&apos;, java.version: &apos;1.8.0_291&apos;
Driver info: org.openqa.selenium.chrome.ChromeDriver
Capabilities {acceptInsecureCerts: false, browserName: chrome, browserVersion: 99.0.4844.74, chrome: {chromedriverVersion: 99.0.4844.51 (d537ec02474b5..., userDataDir: C:\Users\marijas\AppData\Lo...}, goog:chromeOptions: {debuggerAddress: localhost:55584}, javascriptEnabled: true, networkConnectionEnabled: false, pageLoadStrategy: normal, platform: WINDOWS, platformName: WINDOWS, proxy: Proxy(), setWindowRect: true, strictFileInteractability: false, timeouts: {implicit: 0, pageLoad: 300000, script: 30000}, unhandledPromptBehavior: dismiss and notify, webauthn:extension:credBlob: true, webauthn:extension:largeBlob: true, webauthn:virtualAuthenticators: true}
Session ID: 58b094ae2f81675239d9e3dc93bbd796
	at sun.reflect.NativeConstructorAccessorImpl.newInstance0(Native Method)
	at sun.reflect.NativeConstructorAccessorImpl.newInstance(NativeConstructorAccessorImpl.java:62)
	at sun.reflect.DelegatingConstructorAccessorImpl.newInstance(DelegatingConstructorAccessorImpl.java:45)
	at java.lang.reflect.Constructor.newInstance(Constructor.java:423)
	at org.openqa.selenium.remote.http.W3CHttpResponseCodec.createException(W3CHttpResponseCodec.java:187)
	at org.openqa.selenium.remote.http.W3CHttpResponseCodec.decode(W3CHttpResponseCodec.java:122)
	at org.openqa.selenium.remote.http.W3CHttpResponseCodec.decode(W3CHttpResponseCodec.java:49)
	at org.openqa.selenium.remote.HttpCommandExecutor.execute(HttpCommandExecutor.java:158)
	at org.openqa.selenium.remote.service.DriverCommandExecutor.execute(DriverCommandExecutor.java:83)
	at org.openqa.selenium.remote.RemoteWebDriver.execute(RemoteWebDriver.java:543)
	at org.openqa.selenium.remote.RemoteWebDriver.get(RemoteWebDriver.java:271)
	at element.Navigate.goToUrl(Navigate.java:11)
	at pages.CreateFormPage.navigateToEnv(CreateFormPage.java:35)
	at steps.CreateNewComputer_Steps.iAmOnTheComputerDatabaseList(CreateNewComputer_Steps.java:22)
	at ✽.Given I am on the computer database list(CreateNewComputer.feature:4)
</error>
  </testcase>
  <testcase classname="| te st | 2000_2_2 | 2016-05-05 | 12 |" name="And I click on the button Add a new computer" time="0.001">
    <skipped/>
  </testcase>
  <testcase classname="| te st | 2000_2_2 | 2016-05-05 | 12 |" name="And I enter te st in computer name field" time="0.022">
    <skipped/>
    <system-out>
  Background:                                    &amp;#27;[90m# CreateNewComputer.feature:3&amp;#27;[0m
    &amp;#27;[31mGiven &amp;#27;[0m&amp;#27;[31mI am on the computer database list&amp;#27;[0m     &amp;#27;[90m# CreateNewComputer_Steps.iAmOnTheComputerDatabaseList()&amp;#27;[0m
      &amp;#27;[31morg.openqa.selenium.NoSuchWindowException: no such window: target window already closed
      from unknown error: web view not found
        (Session info: chrome=99.0.4844.74)
      Build info: version: &apos;3.12.0&apos;, revision: &apos;7c6e0b3&apos;, time: &apos;2018-05-08T14:04:26.12Z&apos;
      System info: host: &apos;GS-ARI7C&apos;, ip: &apos;172.19.128.1&apos;, os.name: &apos;Windows 10&apos;, os.arch: &apos;amd64&apos;, os.version: &apos;10.0&apos;, java.version: &apos;1.8.0_291&apos;
      Driver info: org.openqa.selenium.chrome.ChromeDriver
      Capabilities {acceptInsecureCerts: false, browserName: chrome, browserVersion: 99.0.4844.74, chrome: {chromedriverVersion: 99.0.4844.51 (d537ec02474b5..., userDataDir: C:\Users\marijas\AppData\Lo...}, goog:chromeOptions: {debuggerAddress: localhost:55584}, javascriptEnabled: true, networkConnectionEnabled: false, pageLoadStrategy: normal, platform: WINDOWS, platformName: WINDOWS, proxy: Proxy(), setWindowRect: true, strictFileInteractability: false, timeouts: {implicit: 0, pageLoad: 300000, script: 30000}, unhandledPromptBehavior: dismiss and notify, webauthn:extension:credBlob: true, webauthn:extension:largeBlob: true, webauthn:virtualAuthenticators: true}
      Session ID: 58b094ae2f81675239d9e3dc93bbd796
      	at sun.reflect.NativeConstructorAccessorImpl.newInstance0(Native Method)
      	at sun.reflect.NativeConstructorAccessorImpl.newInstance(NativeConstructorAccessorImpl.java:62)
      	at sun.reflect.DelegatingConstructorAccessorImpl.newInstance(DelegatingConstructorAccessorImpl.java:45)
      	at java.lang.reflect.Constructor.newInstance(Constructor.java:423)
      	at org.openqa.selenium.remote.http.W3CHttpResponseCodec.createException(W3CHttpResponseCodec.java:187)
      	at org.openqa.selenium.remote.http.W3CHttpResponseCodec.decode(W3CHttpResponseCodec.java:122)
      	at org.openqa.selenium.remote.http.W3CHttpResponseCodec.decode(W3CHttpResponseCodec.java:49)
      	at org.openqa.selenium.remote.HttpCommandExecutor.execute(HttpCommandExecutor.java:158)
      	at org.openqa.selenium.remote.service.DriverCommandExecutor.execute(DriverCommandExecutor.java:83)
      	at org.openqa.selenium.remote.RemoteWebDriver.execute(RemoteWebDriver.java:543)
      	at org.openqa.selenium.remote.RemoteWebDriver.get(RemoteWebDriver.java:271)
      	at element.Navigate.goToUrl(Navigate.java:11)
      	at pages.CreateFormPage.navigateToEnv(CreateFormPage.java:35)
      	at steps.CreateNewComputer_Steps.iAmOnTheComputerDatabaseList(CreateNewComputer_Steps.java:22)
      	at ?.Given I am on the computer database list(CreateNewComputer.feature:4)
      &amp;#27;[0m
    &amp;#27;[36mAnd &amp;#27;[0m&amp;#27;[36mI click on the button Add a new computer&amp;#27;[0m &amp;#27;[90m# CreateNewComputer_Steps.iClickOnTheButtonAddNewComputer()&amp;#27;[0m
</system-out>
  </testcase>
  <testcase classname="| te st | 2000_2_2 | 2016-05-05 | 12 |" name="And I enter wrong 2000_2_2 format for Discontinued date field" time="0.023">
    <skipped/>
  </testcase>
  <testcase classname="| te st | 2000_2_2 | 2016-05-05 | 12 |" name="And I enter valid 2016-05-05 Introduced date and 12" time="0.023">
    <skipped/>
  </testcase>
  <testcase classname="| te st | 2000_2_2 | 2016-05-05 | 12 |" name="When I click on the button Create this computer" time="0.023">
    <skipped/>
  </testcase>
  <testcase classname="| te st | 2000_2_2 | 2016-05-05 | 12 |" name="Then I will not be able to create new computer" time="0.023">
    <skipped/>
  </testcase>
  <testcase classname="| te st | 2000_2_2 | 2016-05-05 | 12 |" name="And I will see &quot;Discontinued date&quot; field highlighted in red" time="0.023">
    <skipped/>
  </testcase>
  <testcase classname="&amp;_^*? | 2018-03-01 | 14 |" name="Given I am on the computer database list(| TEST | !@#)" time="0">
    <error message="no such window: target window already closed
from unknown error: web view not found
  (Session info: chrome=99.0.4844.74)
Build info: version: &apos;3.12.0&apos;, revision: &apos;7c6e0b3&apos;, time: &apos;2018-05-08T14:04:26.12Z&apos;
System info: host: &apos;GS-ARI7C&apos;, ip: &apos;172.19.128.1&apos;, os.name: &apos;Windows 10&apos;, os.arch: &apos;amd64&apos;, os.version: &apos;10.0&apos;, java.version: &apos;1.8.0_291&apos;
Driver info: org.openqa.selenium.chrome.ChromeDriver
Capabilities {acceptInsecureCerts: false, browserName: chrome, browserVersion: 99.0.4844.74, chrome: {chromedriverVersion: 99.0.4844.51 (d537ec02474b5..., userDataDir: C:\Users\marijas\AppData\Lo...}, goog:chromeOptions: {debuggerAddress: localhost:55584}, javascriptEnabled: true, networkConnectionEnabled: false, pageLoadStrategy: normal, platform: WINDOWS, platformName: WINDOWS, proxy: Proxy(), setWindowRect: true, strictFileInteractability: false, timeouts: {implicit: 0, pageLoad: 300000, script: 30000}, unhandledPromptBehavior: dismiss and notify, webauthn:extension:credBlob: true, webauthn:extension:largeBlob: true, webauthn:virtualAuthenticators: true}
Session ID: 58b094ae2f81675239d9e3dc93bbd796" type="org.openqa.selenium.NoSuchWindowException">org.openqa.selenium.NoSuchWindowException: no such window: target window already closed
from unknown error: web view not found
  (Session info: chrome=99.0.4844.74)
Build info: version: &apos;3.12.0&apos;, revision: &apos;7c6e0b3&apos;, time: &apos;2018-05-08T14:04:26.12Z&apos;
System info: host: &apos;GS-ARI7C&apos;, ip: &apos;172.19.128.1&apos;, os.name: &apos;Windows 10&apos;, os.arch: &apos;amd64&apos;, os.version: &apos;10.0&apos;, java.version: &apos;1.8.0_291&apos;
Driver info: org.openqa.selenium.chrome.ChromeDriver
Capabilities {acceptInsecureCerts: false, browserName: chrome, browserVersion: 99.0.4844.74, chrome: {chromedriverVersion: 99.0.4844.51 (d537ec02474b5..., userDataDir: C:\Users\marijas\AppData\Lo...}, goog:chromeOptions: {debuggerAddress: localhost:55584}, javascriptEnabled: true, networkConnectionEnabled: false, pageLoadStrategy: normal, platform: WINDOWS, platformName: WINDOWS, proxy: Proxy(), setWindowRect: true, strictFileInteractability: false, timeouts: {implicit: 0, pageLoad: 300000, script: 30000}, unhandledPromptBehavior: dismiss and notify, webauthn:extension:credBlob: true, webauthn:extension:largeBlob: true, webauthn:virtualAuthenticators: true}
Session ID: 58b094ae2f81675239d9e3dc93bbd796
	at sun.reflect.NativeConstructorAccessorImpl.newInstance0(Native Method)
	at sun.reflect.NativeConstructorAccessorImpl.newInstance(NativeConstructorAccessorImpl.java:62)
	at sun.reflect.DelegatingConstructorAccessorImpl.newInstance(DelegatingConstructorAccessorImpl.java:45)
	at java.lang.reflect.Constructor.newInstance(Constructor.java:423)
	at org.openqa.selenium.remote.http.W3CHttpResponseCodec.createException(W3CHttpResponseCodec.java:187)
	at org.openqa.selenium.remote.http.W3CHttpResponseCodec.decode(W3CHttpResponseCodec.java:122)
	at org.openqa.selenium.remote.http.W3CHttpResponseCodec.decode(W3CHttpResponseCodec.java:49)
	at org.openqa.selenium.remote.HttpCommandExecutor.execute(HttpCommandExecutor.java:158)
	at org.openqa.selenium.remote.service.DriverCommandExecutor.execute(DriverCommandExecutor.java:83)
	at org.openqa.selenium.remote.RemoteWebDriver.execute(RemoteWebDriver.java:543)
	at org.openqa.selenium.remote.RemoteWebDriver.get(RemoteWebDriver.java:271)
	at element.Navigate.goToUrl(Navigate.java:11)
	at pages.CreateFormPage.navigateToEnv(CreateFormPage.java:35)
	at steps.CreateNewComputer_Steps.iAmOnTheComputerDatabaseList(CreateNewComputer_Steps.java:22)
	at ✽.Given I am on the computer database list(CreateNewComputer.feature:4)
</error>
    <system-out>
  @browser
  Scenario Outline: Verify that user is unable to create new computer with wrong date format for Discontinued date field &amp;#27;[90m# CreateNewComputer.feature:62&amp;#27;[0m
    &amp;#27;[36mAnd &amp;#27;[0m&amp;#27;[36mI enter &amp;#27;[0m&amp;#27;[36m&amp;#27;[1mte st&amp;#27;[0m&amp;#27;[36m in computer name field&amp;#27;[0m                                                                             &amp;#27;[90m# CreateNewComputer_Steps.iEnterTestInComputerField(String)&amp;#27;[0m
    &amp;#27;[36mAnd &amp;#27;[0m&amp;#27;[36mI enter wrong &amp;#27;[0m&amp;#27;[36m&amp;#27;[1m2000_2_2&amp;#27;[0m&amp;#27;[36m format for Discontinued date field&amp;#27;[0m                                                        &amp;#27;[90m# CreateNewComputer_Steps.iEnterWrongDateFormatForDiscontinuedField(String)&amp;#27;[0m
    &amp;#27;[36mAnd &amp;#27;[0m&amp;#27;[36mI enter valid &amp;#27;[0m&amp;#27;[36m&amp;#27;[1m2016-05-05&amp;#27;[0m&amp;#27;[36m Introduced date and &amp;#27;[0m&amp;#27;[36m&amp;#27;[1m12&amp;#27;[0m                                                                  &amp;#27;[90m# CreateNewComputer_Steps.iEnterValidDataForTheRestOfOptionalField2(String,String)&amp;#27;[0m
    &amp;#27;[36mWhen &amp;#27;[0m&amp;#27;[36mI click on the button Create this computer&amp;#27;[0m                                                                      &amp;#27;[90m# CreateNewComputer_Steps.iClickOnTheButtonCreateThisComputer()&amp;#27;[0m
    &amp;#27;[36mThen &amp;#27;[0m&amp;#27;[36mI will not be able to create new computer&amp;#27;[0m                                                                       &amp;#27;[90m# CreateNewComputer_Steps.iWillNotBeAbleToCreateNewComputer()&amp;#27;[0m
    &amp;#27;[36mAnd &amp;#27;[0m&amp;#27;[36mI will see &quot;Discontinued date&quot; field highlighted in red&amp;#27;[0m                                                          &amp;#27;[90m# CreateNewComputer_Steps.iWillSeeDiscontinuedDateFieldHighlightedInRed()&amp;#27;[0m
</system-out>
    <system-err>[main] INFO io.github.bonigarcia.wdm.WebDriverManager - Using chromedriver 99.0.4844.51 (since Google Chrome 99 is installed in your machine)
[main] INFO io.github.bonigarcia.wdm.WebDriverManager - Exporting webdriver.chrome.driver as C:\Users\marijas\.m2\repository\webdriver\chromedriver\win32\99.0.4844.51\chromedriver.exe
Mar 22, 2022 12:42:04 PM element.Navigate goToUrl
INFO: Navigate to Url: http://computer-database.herokuapp.com/computers
</system-err>
  </testcase>
  <testcase classname="| TEST | !@#)(&amp;_^*? | 2018-03-01 | 14 |" name="| TEST | !@#)" time="0">
    <error message="no such window: target window already closed
from unknown error: web view not found
  (Session info: chrome=99.0.4844.74)
Build info: version: &apos;3.12.0&apos;, revision: &apos;7c6e0b3&apos;, time: &apos;2018-05-08T14:04:26.12Z&apos;
System info: host: &apos;GS-ARI7C&apos;, ip: &apos;172.19.128.1&apos;, os.name: &apos;Windows 10&apos;, os.arch: &apos;amd64&apos;, os.version: &apos;10.0&apos;, java.version: &apos;1.8.0_291&apos;
Driver info: org.openqa.selenium.chrome.ChromeDriver
Capabilities {acceptInsecureCerts: false, browserName: chrome, browserVersion: 99.0.4844.74, chrome: {chromedriverVersion: 99.0.4844.51 (d537ec02474b5..., userDataDir: C:\Users\marijas\AppData\Lo...}, goog:chromeOptions: {debuggerAddress: localhost:55584}, javascriptEnabled: true, networkConnectionEnabled: false, pageLoadStrategy: normal, platform: WINDOWS, platformName: WINDOWS, proxy: Proxy(), setWindowRect: true, strictFileInteractability: false, timeouts: {implicit: 0, pageLoad: 300000, script: 30000}, unhandledPromptBehavior: dismiss and notify, webauthn:extension:credBlob: true, webauthn:extension:largeBlob: true, webauthn:virtualAuthenticators: true}
Session ID: 58b094ae2f81675239d9e3dc93bbd796" type="org.openqa.selenium.NoSuchWindowException">org.openqa.selenium.NoSuchWindowException: no such window: target window already closed
from unknown error: web view not found
  (Session info: chrome=99.0.4844.74)
Build info: version: &apos;3.12.0&apos;, revision: &apos;7c6e0b3&apos;, time: &apos;2018-05-08T14:04:26.12Z&apos;
System info: host: &apos;GS-ARI7C&apos;, ip: &apos;172.19.128.1&apos;, os.name: &apos;Windows 10&apos;, os.arch: &apos;amd64&apos;, os.version: &apos;10.0&apos;, java.version: &apos;1.8.0_291&apos;
Driver info: org.openqa.selenium.chrome.ChromeDriver
Capabilities {acceptInsecureCerts: false, browserName: chrome, browserVersion: 99.0.4844.74, chrome: {chromedriverVersion: 99.0.4844.51 (d537ec02474b5..., userDataDir: C:\Users\marijas\AppData\Lo...}, goog:chromeOptions: {debuggerAddress: localhost:55584}, javascriptEnabled: true, networkConnectionEnabled: false, pageLoadStrategy: normal, platform: WINDOWS, platformName: WINDOWS, proxy: Proxy(), setWindowRect: true, strictFileInteractability: false, timeouts: {implicit: 0, pageLoad: 300000, script: 30000}, unhandledPromptBehavior: dismiss and notify, webauthn:extension:credBlob: true, webauthn:extension:largeBlob: true, webauthn:virtualAuthenticators: true}
Session ID: 58b094ae2f81675239d9e3dc93bbd796
	at sun.reflect.NativeConstructorAccessorImpl.newInstance0(Native Method)
	at sun.reflect.NativeConstructorAccessorImpl.newInstance(NativeConstructorAccessorImpl.java:62)
	at sun.reflect.DelegatingConstructorAccessorImpl.newInstance(DelegatingConstructorAccessorImpl.java:45)
	at java.lang.reflect.Constructor.newInstance(Constructor.java:423)
	at org.openqa.selenium.remote.http.W3CHttpResponseCodec.createException(W3CHttpResponseCodec.java:187)
	at org.openqa.selenium.remote.http.W3CHttpResponseCodec.decode(W3CHttpResponseCodec.java:122)
	at org.openqa.selenium.remote.http.W3CHttpResponseCodec.decode(W3CHttpResponseCodec.java:49)
	at org.openqa.selenium.remote.HttpCommandExecutor.execute(HttpCommandExecutor.java:158)
	at org.openqa.selenium.remote.service.DriverCommandExecutor.execute(DriverCommandExecutor.java:83)
	at org.openqa.selenium.remote.RemoteWebDriver.execute(RemoteWebDriver.java:543)
	at org.openqa.selenium.remote.RemoteWebDriver.get(RemoteWebDriver.java:271)
	at element.Navigate.goToUrl(Navigate.java:11)
	at pages.CreateFormPage.navigateToEnv(CreateFormPage.java:35)
	at steps.CreateNewComputer_Steps.iAmOnTheComputerDatabaseList(CreateNewComputer_Steps.java:22)
	at ✽.Given I am on the computer database list(CreateNewComputer.feature:4)
</error>
  </testcase>
  <testcase classname="&amp;_^*? | 2018-03-01 | 14 |" name="And I click on the button Add a new computer(| TEST | !@#)" time="0">
    <skipped/>
  </testcase>
  <testcase classname="&amp;_^*? | 2018-03-01 | 14 |" name="And I enter TEST in computer name field(| TEST | !@#)" time="0.022">
    <skipped/>
    <system-out>
  Background:                                    &amp;#27;[90m# CreateNewComputer.feature:3&amp;#27;[0m
    &amp;#27;[31mGiven &amp;#27;[0m&amp;#27;[31mI am on the computer database list&amp;#27;[0m     &amp;#27;[90m# CreateNewComputer_Steps.iAmOnTheComputerDatabaseList()&amp;#27;[0m
      &amp;#27;[31morg.openqa.selenium.NoSuchWindowException: no such window: target window already closed
      from unknown error: web view not found
        (Session info: chrome=99.0.4844.74)
      Build info: version: &apos;3.12.0&apos;, revision: &apos;7c6e0b3&apos;, time: &apos;2018-05-08T14:04:26.12Z&apos;
      System info: host: &apos;GS-ARI7C&apos;, ip: &apos;172.19.128.1&apos;, os.name: &apos;Windows 10&apos;, os.arch: &apos;amd64&apos;, os.version: &apos;10.0&apos;, java.version: &apos;1.8.0_291&apos;
      Driver info: org.openqa.selenium.chrome.ChromeDriver
      Capabilities {acceptInsecureCerts: false, browserName: chrome, browserVersion: 99.0.4844.74, chrome: {chromedriverVersion: 99.0.4844.51 (d537ec02474b5..., userDataDir: C:\Users\marijas\AppData\Lo...}, goog:chromeOptions: {debuggerAddress: localhost:55584}, javascriptEnabled: true, networkConnectionEnabled: false, pageLoadStrategy: normal, platform: WINDOWS, platformName: WINDOWS, proxy: Proxy(), setWindowRect: true, strictFileInteractability: false, timeouts: {implicit: 0, pageLoad: 300000, script: 30000}, unhandledPromptBehavior: dismiss and notify, webauthn:extension:credBlob: true, webauthn:extension:largeBlob: true, webauthn:virtualAuthenticators: true}
      Session ID: 58b094ae2f81675239d9e3dc93bbd796
      	at sun.reflect.NativeConstructorAccessorImpl.newInstance0(Native Method)
      	at sun.reflect.NativeConstructorAccessorImpl.newInstance(NativeConstructorAccessorImpl.java:62)
      	at sun.reflect.DelegatingConstructorAccessorImpl.newInstance(DelegatingConstructorAccessorImpl.java:45)
      	at java.lang.reflect.Constructor.newInstance(Constructor.java:423)
      	at org.openqa.selenium.remote.http.W3CHttpResponseCodec.createException(W3CHttpResponseCodec.java:187)
      	at org.openqa.selenium.remote.http.W3CHttpResponseCodec.decode(W3CHttpResponseCodec.java:122)
      	at org.openqa.selenium.remote.http.W3CHttpResponseCodec.decode(W3CHttpResponseCodec.java:49)
      	at org.openqa.selenium.remote.HttpCommandExecutor.execute(HttpCommandExecutor.java:158)
      	at org.openqa.selenium.remote.service.DriverCommandExecutor.execute(DriverCommandExecutor.java:83)
      	at org.openqa.selenium.remote.RemoteWebDriver.execute(RemoteWebDriver.java:543)
      	at org.openqa.selenium.remote.RemoteWebDriver.get(RemoteWebDriver.java:271)
      	at element.Navigate.goToUrl(Navigate.java:11)
      	at pages.CreateFormPage.navigateToEnv(CreateFormPage.java:35)
      	at steps.CreateNewComputer_Steps.iAmOnTheComputerDatabaseList(CreateNewComputer_Steps.java:22)
      	at ?.Given I am on the computer database list(CreateNewComputer.feature:4)
      &amp;#27;[0m
    &amp;#27;[36mAnd &amp;#27;[0m&amp;#27;[36mI click on the button Add a new computer&amp;#27;[0m &amp;#27;[90m# CreateNewComputer_Steps.iClickOnTheButtonAddNewComputer()&amp;#27;[0m
</system-out>
  </testcase>
  <testcase classname="&amp;_^*? | 2018-03-01 | 14 |" name="And I enter wrong !@#)(&amp;_^*? format for Discontinued date field(| TEST | !@#)" time="0.022">
    <skipped/>
  </testcase>
  <testcase classname="&amp;_^*? | 2018-03-01 | 14 |" name="And I enter valid 2018-03-01 Introduced date and 14(| TEST | !@#)" time="0.022">
    <skipped/>
  </testcase>
  <testcase classname="&amp;_^*? | 2018-03-01 | 14 |" name="When I click on the button Create this computer(| TEST | !@#)" time="0.022">
    <skipped/>
  </testcase>
  <testcase classname="&amp;_^*? | 2018-03-01 | 14 |" name="Then I will not be able to create new computer(| TEST | !@#)" time="0.022">
    <skipped/>
  </testcase>
  <testcase classname="&amp;_^*? | 2018-03-01 | 14 |" name="And I will see &quot;Discontinued date&quot; field highlighted in red(| TEST | !@#)" time="0.022">
    <skipped/>
  </testcase>
  <testcase classname="| t | 2021 | 2018-03-01 | 16 |" name="Given I am on the computer database list" time="0">
    <error message="no such window: target window already closed
from unknown error: web view not found
  (Session info: chrome=99.0.4844.74)
Build info: version: &apos;3.12.0&apos;, revision: &apos;7c6e0b3&apos;, time: &apos;2018-05-08T14:04:26.12Z&apos;
System info: host: &apos;GS-ARI7C&apos;, ip: &apos;172.19.128.1&apos;, os.name: &apos;Windows 10&apos;, os.arch: &apos;amd64&apos;, os.version: &apos;10.0&apos;, java.version: &apos;1.8.0_291&apos;
Driver info: org.openqa.selenium.chrome.ChromeDriver
Capabilities {acceptInsecureCerts: false, browserName: chrome, browserVersion: 99.0.4844.74, chrome: {chromedriverVersion: 99.0.4844.51 (d537ec02474b5..., userDataDir: C:\Users\marijas\AppData\Lo...}, goog:chromeOptions: {debuggerAddress: localhost:55584}, javascriptEnabled: true, networkConnectionEnabled: false, pageLoadStrategy: normal, platform: WINDOWS, platformName: WINDOWS, proxy: Proxy(), setWindowRect: true, strictFileInteractability: false, timeouts: {implicit: 0, pageLoad: 300000, script: 30000}, unhandledPromptBehavior: dismiss and notify, webauthn:extension:credBlob: true, webauthn:extension:largeBlob: true, webauthn:virtualAuthenticators: true}
Session ID: 58b094ae2f81675239d9e3dc93bbd796" type="org.openqa.selenium.NoSuchWindowException">org.openqa.selenium.NoSuchWindowException: no such window: target window already closed
from unknown error: web view not found
  (Session info: chrome=99.0.4844.74)
Build info: version: &apos;3.12.0&apos;, revision: &apos;7c6e0b3&apos;, time: &apos;2018-05-08T14:04:26.12Z&apos;
System info: host: &apos;GS-ARI7C&apos;, ip: &apos;172.19.128.1&apos;, os.name: &apos;Windows 10&apos;, os.arch: &apos;amd64&apos;, os.version: &apos;10.0&apos;, java.version: &apos;1.8.0_291&apos;
Driver info: org.openqa.selenium.chrome.ChromeDriver
Capabilities {acceptInsecureCerts: false, browserName: chrome, browserVersion: 99.0.4844.74, chrome: {chromedriverVersion: 99.0.4844.51 (d537ec02474b5..., userDataDir: C:\Users\marijas\AppData\Lo...}, goog:chromeOptions: {debuggerAddress: localhost:55584}, javascriptEnabled: true, networkConnectionEnabled: false, pageLoadStrategy: normal, platform: WINDOWS, platformName: WINDOWS, proxy: Proxy(), setWindowRect: true, strictFileInteractability: false, timeouts: {implicit: 0, pageLoad: 300000, script: 30000}, unhandledPromptBehavior: dismiss and notify, webauthn:extension:credBlob: true, webauthn:extension:largeBlob: true, webauthn:virtualAuthenticators: true}
Session ID: 58b094ae2f81675239d9e3dc93bbd796
	at sun.reflect.NativeConstructorAccessorImpl.newInstance0(Native Method)
	at sun.reflect.NativeConstructorAccessorImpl.newInstance(NativeConstructorAccessorImpl.java:62)
	at sun.reflect.DelegatingConstructorAccessorImpl.newInstance(DelegatingConstructorAccessorImpl.java:45)
	at java.lang.reflect.Constructor.newInstance(Constructor.java:423)
	at org.openqa.selenium.remote.http.W3CHttpResponseCodec.createException(W3CHttpResponseCodec.java:187)
	at org.openqa.selenium.remote.http.W3CHttpResponseCodec.decode(W3CHttpResponseCodec.java:122)
	at org.openqa.selenium.remote.http.W3CHttpResponseCodec.decode(W3CHttpResponseCodec.java:49)
	at org.openqa.selenium.remote.HttpCommandExecutor.execute(HttpCommandExecutor.java:158)
	at org.openqa.selenium.remote.service.DriverCommandExecutor.execute(DriverCommandExecutor.java:83)
	at org.openqa.selenium.remote.RemoteWebDriver.execute(RemoteWebDriver.java:543)
	at org.openqa.selenium.remote.RemoteWebDriver.get(RemoteWebDriver.java:271)
	at element.Navigate.goToUrl(Navigate.java:11)
	at pages.CreateFormPage.navigateToEnv(CreateFormPage.java:35)
	at steps.CreateNewComputer_Steps.iAmOnTheComputerDatabaseList(CreateNewComputer_Steps.java:22)
	at ✽.Given I am on the computer database list(CreateNewComputer.feature:4)
</error>
    <system-out>
  @browser
  Scenario Outline: Verify that user is unable to create new computer with wrong date format for Discontinued date field &amp;#27;[90m# CreateNewComputer.feature:63&amp;#27;[0m
    &amp;#27;[36mAnd &amp;#27;[0m&amp;#27;[36mI enter &amp;#27;[0m&amp;#27;[36m&amp;#27;[1mTEST&amp;#27;[0m&amp;#27;[36m in computer name field&amp;#27;[0m                                                                              &amp;#27;[90m# CreateNewComputer_Steps.iEnterTestInComputerField(String)&amp;#27;[0m
    &amp;#27;[36mAnd &amp;#27;[0m&amp;#27;[36mI enter wrong &amp;#27;[0m&amp;#27;[36m&amp;#27;[1m!@#)(&amp;_^*?&amp;#27;[0m&amp;#27;[36m format for Discontinued date field&amp;#27;[0m                                                      &amp;#27;[90m# CreateNewComputer_Steps.iEnterWrongDateFormatForDiscontinuedField(String)&amp;#27;[0m
    &amp;#27;[36mAnd &amp;#27;[0m&amp;#27;[36mI enter valid &amp;#27;[0m&amp;#27;[36m&amp;#27;[1m2018-03-01&amp;#27;[0m&amp;#27;[36m Introduced date and &amp;#27;[0m&amp;#27;[36m&amp;#27;[1m14&amp;#27;[0m                                                                  &amp;#27;[90m# CreateNewComputer_Steps.iEnterValidDataForTheRestOfOptionalField2(String,String)&amp;#27;[0m
    &amp;#27;[36mWhen &amp;#27;[0m&amp;#27;[36mI click on the button Create this computer&amp;#27;[0m                                                                      &amp;#27;[90m# CreateNewComputer_Steps.iClickOnTheButtonCreateThisComputer()&amp;#27;[0m
    &amp;#27;[36mThen &amp;#27;[0m&amp;#27;[36mI will not be able to create new computer&amp;#27;[0m                                                                       &amp;#27;[90m# CreateNewComputer_Steps.iWillNotBeAbleToCreateNewComputer()&amp;#27;[0m
    &amp;#27;[36mAnd &amp;#27;[0m&amp;#27;[36mI will see &quot;Discontinued date&quot; field highlighted in red&amp;#27;[0m                                                          &amp;#27;[90m# CreateNewComputer_Steps.iWillSeeDiscontinuedDateFieldHighlightedInRed()&amp;#27;[0m
</system-out>
    <system-err>[main] INFO io.github.bonigarcia.wdm.WebDriverManager - Using chromedriver 99.0.4844.51 (since Google Chrome 99 is installed in your machine)
[main] INFO io.github.bonigarcia.wdm.WebDriverManager - Exporting webdriver.chrome.driver as C:\Users\marijas\.m2\repository\webdriver\chromedriver\win32\99.0.4844.51\chromedriver.exe
Mar 22, 2022 12:42:04 PM element.Navigate goToUrl
INFO: Navigate to Url: http://computer-database.herokuapp.com/computers
</system-err>
  </testcase>
  <testcase classname="| t | 2021 | 2018-03-01 | 16 |" name="| t | 2021 | 2018-03-01 | 16 |" time="0.001">
    <error message="no such window: target window already closed
from unknown error: web view not found
  (Session info: chrome=99.0.4844.74)
Build info: version: &apos;3.12.0&apos;, revision: &apos;7c6e0b3&apos;, time: &apos;2018-05-08T14:04:26.12Z&apos;
System info: host: &apos;GS-ARI7C&apos;, ip: &apos;172.19.128.1&apos;, os.name: &apos;Windows 10&apos;, os.arch: &apos;amd64&apos;, os.version: &apos;10.0&apos;, java.version: &apos;1.8.0_291&apos;
Driver info: org.openqa.selenium.chrome.ChromeDriver
Capabilities {acceptInsecureCerts: false, browserName: chrome, browserVersion: 99.0.4844.74, chrome: {chromedriverVersion: 99.0.4844.51 (d537ec02474b5..., userDataDir: C:\Users\marijas\AppData\Lo...}, goog:chromeOptions: {debuggerAddress: localhost:55584}, javascriptEnabled: true, networkConnectionEnabled: false, pageLoadStrategy: normal, platform: WINDOWS, platformName: WINDOWS, proxy: Proxy(), setWindowRect: true, strictFileInteractability: false, timeouts: {implicit: 0, pageLoad: 300000, script: 30000}, unhandledPromptBehavior: dismiss and notify, webauthn:extension:credBlob: true, webauthn:extension:largeBlob: true, webauthn:virtualAuthenticators: true}
Session ID: 58b094ae2f81675239d9e3dc93bbd796" type="org.openqa.selenium.NoSuchWindowException">org.openqa.selenium.NoSuchWindowException: no such window: target window already closed
from unknown error: web view not found
  (Session info: chrome=99.0.4844.74)
Build info: version: &apos;3.12.0&apos;, revision: &apos;7c6e0b3&apos;, time: &apos;2018-05-08T14:04:26.12Z&apos;
System info: host: &apos;GS-ARI7C&apos;, ip: &apos;172.19.128.1&apos;, os.name: &apos;Windows 10&apos;, os.arch: &apos;amd64&apos;, os.version: &apos;10.0&apos;, java.version: &apos;1.8.0_291&apos;
Driver info: org.openqa.selenium.chrome.ChromeDriver
Capabilities {acceptInsecureCerts: false, browserName: chrome, browserVersion: 99.0.4844.74, chrome: {chromedriverVersion: 99.0.4844.51 (d537ec02474b5..., userDataDir: C:\Users\marijas\AppData\Lo...}, goog:chromeOptions: {debuggerAddress: localhost:55584}, javascriptEnabled: true, networkConnectionEnabled: false, pageLoadStrategy: normal, platform: WINDOWS, platformName: WINDOWS, proxy: Proxy(), setWindowRect: true, strictFileInteractability: false, timeouts: {implicit: 0, pageLoad: 300000, script: 30000}, unhandledPromptBehavior: dismiss and notify, webauthn:extension:credBlob: true, webauthn:extension:largeBlob: true, webauthn:virtualAuthenticators: true}
Session ID: 58b094ae2f81675239d9e3dc93bbd796
	at sun.reflect.NativeConstructorAccessorImpl.newInstance0(Native Method)
	at sun.reflect.NativeConstructorAccessorImpl.newInstance(NativeConstructorAccessorImpl.java:62)
	at sun.reflect.DelegatingConstructorAccessorImpl.newInstance(DelegatingConstructorAccessorImpl.java:45)
	at java.lang.reflect.Constructor.newInstance(Constructor.java:423)
	at org.openqa.selenium.remote.http.W3CHttpResponseCodec.createException(W3CHttpResponseCodec.java:187)
	at org.openqa.selenium.remote.http.W3CHttpResponseCodec.decode(W3CHttpResponseCodec.java:122)
	at org.openqa.selenium.remote.http.W3CHttpResponseCodec.decode(W3CHttpResponseCodec.java:49)
	at org.openqa.selenium.remote.HttpCommandExecutor.execute(HttpCommandExecutor.java:158)
	at org.openqa.selenium.remote.service.DriverCommandExecutor.execute(DriverCommandExecutor.java:83)
	at org.openqa.selenium.remote.RemoteWebDriver.execute(RemoteWebDriver.java:543)
	at org.openqa.selenium.remote.RemoteWebDriver.get(RemoteWebDriver.java:271)
	at element.Navigate.goToUrl(Navigate.java:11)
	at pages.CreateFormPage.navigateToEnv(CreateFormPage.java:35)
	at steps.CreateNewComputer_Steps.iAmOnTheComputerDatabaseList(CreateNewComputer_Steps.java:22)
	at ✽.Given I am on the computer database list(CreateNewComputer.feature:4)
</error>
  </testcase>
  <testcase classname="| t | 2021 | 2018-03-01 | 16 |" name="And I click on the button Add a new computer" time="0.001">
    <skipped/>
  </testcase>
  <testcase classname="| t | 2021 | 2018-03-01 | 16 |" name="And I enter t in computer name field" time="0.018">
    <skipped/>
    <system-out>
  Background:                                    &amp;#27;[90m# CreateNewComputer.feature:3&amp;#27;[0m
    &amp;#27;[31mGiven &amp;#27;[0m&amp;#27;[31mI am on the computer database list&amp;#27;[0m     &amp;#27;[90m# CreateNewComputer_Steps.iAmOnTheComputerDatabaseList()&amp;#27;[0m
      &amp;#27;[31morg.openqa.selenium.NoSuchWindowException: no such window: target window already closed
      from unknown error: web view not found
        (Session info: chrome=99.0.4844.74)
      Build info: version: &apos;3.12.0&apos;, revision: &apos;7c6e0b3&apos;, time: &apos;2018-05-08T14:04:26.12Z&apos;
      System info: host: &apos;GS-ARI7C&apos;, ip: &apos;172.19.128.1&apos;, os.name: &apos;Windows 10&apos;, os.arch: &apos;amd64&apos;, os.version: &apos;10.0&apos;, java.version: &apos;1.8.0_291&apos;
      Driver info: org.openqa.selenium.chrome.ChromeDriver
      Capabilities {acceptInsecureCerts: false, browserName: chrome, browserVersion: 99.0.4844.74, chrome: {chromedriverVersion: 99.0.4844.51 (d537ec02474b5..., userDataDir: C:\Users\marijas\AppData\Lo...}, goog:chromeOptions: {debuggerAddress: localhost:55584}, javascriptEnabled: true, networkConnectionEnabled: false, pageLoadStrategy: normal, platform: WINDOWS, platformName: WINDOWS, proxy: Proxy(), setWindowRect: true, strictFileInteractability: false, timeouts: {implicit: 0, pageLoad: 300000, script: 30000}, unhandledPromptBehavior: dismiss and notify, webauthn:extension:credBlob: true, webauthn:extension:largeBlob: true, webauthn:virtualAuthenticators: true}
      Session ID: 58b094ae2f81675239d9e3dc93bbd796
      	at sun.reflect.NativeConstructorAccessorImpl.newInstance0(Native Method)
      	at sun.reflect.NativeConstructorAccessorImpl.newInstance(NativeConstructorAccessorImpl.java:62)
      	at sun.reflect.DelegatingConstructorAccessorImpl.newInstance(DelegatingConstructorAccessorImpl.java:45)
      	at java.lang.reflect.Constructor.newInstance(Constructor.java:423)
      	at org.openqa.selenium.remote.http.W3CHttpResponseCodec.createException(W3CHttpResponseCodec.java:187)
      	at org.openqa.selenium.remote.http.W3CHttpResponseCodec.decode(W3CHttpResponseCodec.java:122)
      	at org.openqa.selenium.remote.http.W3CHttpResponseCodec.decode(W3CHttpResponseCodec.java:49)
      	at org.openqa.selenium.remote.HttpCommandExecutor.execute(HttpCommandExecutor.java:158)
      	at org.openqa.selenium.remote.service.DriverCommandExecutor.execute(DriverCommandExecutor.java:83)
      	at org.openqa.selenium.remote.RemoteWebDriver.execute(RemoteWebDriver.java:543)
      	at org.openqa.selenium.remote.RemoteWebDriver.get(RemoteWebDriver.java:271)
      	at element.Navigate.goToUrl(Navigate.java:11)
      	at pages.CreateFormPage.navigateToEnv(CreateFormPage.java:35)
      	at steps.CreateNewComputer_Steps.iAmOnTheComputerDatabaseList(CreateNewComputer_Steps.java:22)
      	at ?.Given I am on the computer database list(CreateNewComputer.feature:4)
      &amp;#27;[0m
    &amp;#27;[36mAnd &amp;#27;[0m&amp;#27;[36mI click on the button Add a new computer&amp;#27;[0m &amp;#27;[90m# CreateNewComputer_Steps.iClickOnTheButtonAddNewComputer()&amp;#27;[0m
</system-out>
  </testcase>
  <testcase classname="| t | 2021 | 2018-03-01 | 16 |" name="And I enter wrong 2021 format for Discontinued date field" time="0.018">
    <skipped/>
  </testcase>
  <testcase classname="| t | 2021 | 2018-03-01 | 16 |" name="And I enter valid 2018-03-01 Introduced date and 16" time="0.018">
    <skipped/>
  </testcase>
  <testcase classname="| t | 2021 | 2018-03-01 | 16 |" name="When I click on the button Create this computer" time="0.018">
    <skipped/>
  </testcase>
  <testcase classname="| t | 2021 | 2018-03-01 | 16 |" name="Then I will not be able to create new computer" time="0.018">
    <skipped/>
  </testcase>
  <testcase classname="| t | 2021 | 2018-03-01 | 16 |" name="And I will see &quot;Discontinued date&quot; field highlighted in red" time="0.018">
    <skipped/>
  </testcase>
  <testcase classname="| test | 1999-01-01 | 2021-02-02 | 1 |" name="Given I am on the computer database list" time="0">
    <error message="no such window: target window already closed
from unknown error: web view not found
  (Session info: chrome=99.0.4844.74)
Build info: version: &apos;3.12.0&apos;, revision: &apos;7c6e0b3&apos;, time: &apos;2018-05-08T14:04:26.12Z&apos;
System info: host: &apos;GS-ARI7C&apos;, ip: &apos;172.19.128.1&apos;, os.name: &apos;Windows 10&apos;, os.arch: &apos;amd64&apos;, os.version: &apos;10.0&apos;, java.version: &apos;1.8.0_291&apos;
Driver info: org.openqa.selenium.chrome.ChromeDriver
Capabilities {acceptInsecureCerts: false, browserName: chrome, browserVersion: 99.0.4844.74, chrome: {chromedriverVersion: 99.0.4844.51 (d537ec02474b5..., userDataDir: C:\Users\marijas\AppData\Lo...}, goog:chromeOptions: {debuggerAddress: localhost:55584}, javascriptEnabled: true, networkConnectionEnabled: false, pageLoadStrategy: normal, platform: WINDOWS, platformName: WINDOWS, proxy: Proxy(), setWindowRect: true, strictFileInteractability: false, timeouts: {implicit: 0, pageLoad: 300000, script: 30000}, unhandledPromptBehavior: dismiss and notify, webauthn:extension:credBlob: true, webauthn:extension:largeBlob: true, webauthn:virtualAuthenticators: true}
Session ID: 58b094ae2f81675239d9e3dc93bbd796" type="org.openqa.selenium.NoSuchWindowException">org.openqa.selenium.NoSuchWindowException: no such window: target window already closed
from unknown error: web view not found
  (Session info: chrome=99.0.4844.74)
Build info: version: &apos;3.12.0&apos;, revision: &apos;7c6e0b3&apos;, time: &apos;2018-05-08T14:04:26.12Z&apos;
System info: host: &apos;GS-ARI7C&apos;, ip: &apos;172.19.128.1&apos;, os.name: &apos;Windows 10&apos;, os.arch: &apos;amd64&apos;, os.version: &apos;10.0&apos;, java.version: &apos;1.8.0_291&apos;
Driver info: org.openqa.selenium.chrome.ChromeDriver
Capabilities {acceptInsecureCerts: false, browserName: chrome, browserVersion: 99.0.4844.74, chrome: {chromedriverVersion: 99.0.4844.51 (d537ec02474b5..., userDataDir: C:\Users\marijas\AppData\Lo...}, goog:chromeOptions: {debuggerAddress: localhost:55584}, javascriptEnabled: true, networkConnectionEnabled: false, pageLoadStrategy: normal, platform: WINDOWS, platformName: WINDOWS, proxy: Proxy(), setWindowRect: true, strictFileInteractability: false, timeouts: {implicit: 0, pageLoad: 300000, script: 30000}, unhandledPromptBehavior: dismiss and notify, webauthn:extension:credBlob: true, webauthn:extension:largeBlob: true, webauthn:virtualAuthenticators: true}
Session ID: 58b094ae2f81675239d9e3dc93bbd796
	at sun.reflect.NativeConstructorAccessorImpl.newInstance0(Native Method)
	at sun.reflect.NativeConstructorAccessorImpl.newInstance(NativeConstructorAccessorImpl.java:62)
	at sun.reflect.DelegatingConstructorAccessorImpl.newInstance(DelegatingConstructorAccessorImpl.java:45)
	at java.lang.reflect.Constructor.newInstance(Constructor.java:423)
	at org.openqa.selenium.remote.http.W3CHttpResponseCodec.createException(W3CHttpResponseCodec.java:187)
	at org.openqa.selenium.remote.http.W3CHttpResponseCodec.decode(W3CHttpResponseCodec.java:122)
	at org.openqa.selenium.remote.http.W3CHttpResponseCodec.decode(W3CHttpResponseCodec.java:49)
	at org.openqa.selenium.remote.HttpCommandExecutor.execute(HttpCommandExecutor.java:158)
	at org.openqa.selenium.remote.service.DriverCommandExecutor.execute(DriverCommandExecutor.java:83)
	at org.openqa.selenium.remote.RemoteWebDriver.execute(RemoteWebDriver.java:543)
	at org.openqa.selenium.remote.RemoteWebDriver.get(RemoteWebDriver.java:271)
	at element.Navigate.goToUrl(Navigate.java:11)
	at pages.CreateFormPage.navigateToEnv(CreateFormPage.java:35)
	at steps.CreateNewComputer_Steps.iAmOnTheComputerDatabaseList(CreateNewComputer_Steps.java:22)
	at ✽.Given I am on the computer database list(CreateNewComputer.feature:4)
</error>
    <system-out>
  @browser
  Scenario Outline: Verify that user is unable to create new computer with wrong date format for Discontinued date field &amp;#27;[90m# CreateNewComputer.feature:64&amp;#27;[0m
    &amp;#27;[36mAnd &amp;#27;[0m&amp;#27;[36mI enter &amp;#27;[0m&amp;#27;[36m&amp;#27;[1mt&amp;#27;[0m&amp;#27;[36m in computer name field&amp;#27;[0m                                                                                 &amp;#27;[90m# CreateNewComputer_Steps.iEnterTestInComputerField(String)&amp;#27;[0m
    &amp;#27;[36mAnd &amp;#27;[0m&amp;#27;[36mI enter wrong &amp;#27;[0m&amp;#27;[36m&amp;#27;[1m2021&amp;#27;[0m&amp;#27;[36m format for Discontinued date field&amp;#27;[0m                                                            &amp;#27;[90m# CreateNewComputer_Steps.iEnterWrongDateFormatForDiscontinuedField(String)&amp;#27;[0m
    &amp;#27;[36mAnd &amp;#27;[0m&amp;#27;[36mI enter valid &amp;#27;[0m&amp;#27;[36m&amp;#27;[1m2018-03-01&amp;#27;[0m&amp;#27;[36m Introduced date and &amp;#27;[0m&amp;#27;[36m&amp;#27;[1m16&amp;#27;[0m                                                                  &amp;#27;[90m# CreateNewComputer_Steps.iEnterValidDataForTheRestOfOptionalField2(String,String)&amp;#27;[0m
    &amp;#27;[36mWhen &amp;#27;[0m&amp;#27;[36mI click on the button Create this computer&amp;#27;[0m                                                                      &amp;#27;[90m# CreateNewComputer_Steps.iClickOnTheButtonCreateThisComputer()&amp;#27;[0m
    &amp;#27;[36mThen &amp;#27;[0m&amp;#27;[36mI will not be able to create new computer&amp;#27;[0m                                                                       &amp;#27;[90m# CreateNewComputer_Steps.iWillNotBeAbleToCreateNewComputer()&amp;#27;[0m
    &amp;#27;[36mAnd &amp;#27;[0m&amp;#27;[36mI will see &quot;Discontinued date&quot; field highlighted in red&amp;#27;[0m                                                          &amp;#27;[90m# CreateNewComputer_Steps.iWillSeeDiscontinuedDateFieldHighlightedInRed()&amp;#27;[0m

  @browser
  Scenario Outline: Verify that user is able to create new computer with all valid data &amp;#27;[90m# CreateNewComputer.feature:67&amp;#27;[0m
    &amp;#27;[36mAnd &amp;#27;[0m&amp;#27;[36mI enter &lt;name&gt; in computer name field&amp;#27;[0m
    &amp;#27;[36mAnd &amp;#27;[0m&amp;#27;[36mI enter valid &lt;introduced&gt; date, &lt;discontinued&gt; date and &lt;companyBrand&gt;&amp;#27;[0m
    &amp;#27;[36mWhen &amp;#27;[0m&amp;#27;[36mI click on the button Create this computer&amp;#27;[0m
    &amp;#27;[36mThen &amp;#27;[0m&amp;#27;[36mI will successfully create new computer&amp;#27;[0m
    &amp;#27;[36mAnd &amp;#27;[0m&amp;#27;[36mI will see message: &quot;Done! Computer test has been created!&quot;&amp;#27;[0m

    Examples: 
</system-out>
    <system-err>[main] INFO io.github.bonigarcia.wdm.WebDriverManager - Using chromedriver 99.0.4844.51 (since Google Chrome 99 is installed in your machine)
[main] INFO io.github.bonigarcia.wdm.WebDriverManager - Exporting webdriver.chrome.driver as C:\Users\marijas\.m2\repository\webdriver\chromedriver\win32\99.0.4844.51\chromedriver.exe
Mar 22, 2022 12:42:04 PM element.Navigate goToUrl
INFO: Navigate to Url: http://computer-database.herokuapp.com/computers
</system-err>
  </testcase>
  <testcase classname="| test | 1999-01-01 | 2021-02-02 | 1 |" name="| test | 1999-01-01 | 2021-02-02 | 1 |" time="0">
    <error message="no such window: target window already closed
from unknown error: web view not found
  (Session info: chrome=99.0.4844.74)
Build info: version: &apos;3.12.0&apos;, revision: &apos;7c6e0b3&apos;, time: &apos;2018-05-08T14:04:26.12Z&apos;
System info: host: &apos;GS-ARI7C&apos;, ip: &apos;172.19.128.1&apos;, os.name: &apos;Windows 10&apos;, os.arch: &apos;amd64&apos;, os.version: &apos;10.0&apos;, java.version: &apos;1.8.0_291&apos;
Driver info: org.openqa.selenium.chrome.ChromeDriver
Capabilities {acceptInsecureCerts: false, browserName: chrome, browserVersion: 99.0.4844.74, chrome: {chromedriverVersion: 99.0.4844.51 (d537ec02474b5..., userDataDir: C:\Users\marijas\AppData\Lo...}, goog:chromeOptions: {debuggerAddress: localhost:55584}, javascriptEnabled: true, networkConnectionEnabled: false, pageLoadStrategy: normal, platform: WINDOWS, platformName: WINDOWS, proxy: Proxy(), setWindowRect: true, strictFileInteractability: false, timeouts: {implicit: 0, pageLoad: 300000, script: 30000}, unhandledPromptBehavior: dismiss and notify, webauthn:extension:credBlob: true, webauthn:extension:largeBlob: true, webauthn:virtualAuthenticators: true}
Session ID: 58b094ae2f81675239d9e3dc93bbd796" type="org.openqa.selenium.NoSuchWindowException">org.openqa.selenium.NoSuchWindowException: no such window: target window already closed
from unknown error: web view not found
  (Session info: chrome=99.0.4844.74)
Build info: version: &apos;3.12.0&apos;, revision: &apos;7c6e0b3&apos;, time: &apos;2018-05-08T14:04:26.12Z&apos;
System info: host: &apos;GS-ARI7C&apos;, ip: &apos;172.19.128.1&apos;, os.name: &apos;Windows 10&apos;, os.arch: &apos;amd64&apos;, os.version: &apos;10.0&apos;, java.version: &apos;1.8.0_291&apos;
Driver info: org.openqa.selenium.chrome.ChromeDriver
Capabilities {acceptInsecureCerts: false, browserName: chrome, browserVersion: 99.0.4844.74, chrome: {chromedriverVersion: 99.0.4844.51 (d537ec02474b5..., userDataDir: C:\Users\marijas\AppData\Lo...}, goog:chromeOptions: {debuggerAddress: localhost:55584}, javascriptEnabled: true, networkConnectionEnabled: false, pageLoadStrategy: normal, platform: WINDOWS, platformName: WINDOWS, proxy: Proxy(), setWindowRect: true, strictFileInteractability: false, timeouts: {implicit: 0, pageLoad: 300000, script: 30000}, unhandledPromptBehavior: dismiss and notify, webauthn:extension:credBlob: true, webauthn:extension:largeBlob: true, webauthn:virtualAuthenticators: true}
Session ID: 58b094ae2f81675239d9e3dc93bbd796
	at sun.reflect.NativeConstructorAccessorImpl.newInstance0(Native Method)
	at sun.reflect.NativeConstructorAccessorImpl.newInstance(NativeConstructorAccessorImpl.java:62)
	at sun.reflect.DelegatingConstructorAccessorImpl.newInstance(DelegatingConstructorAccessorImpl.java:45)
	at java.lang.reflect.Constructor.newInstance(Constructor.java:423)
	at org.openqa.selenium.remote.http.W3CHttpResponseCodec.createException(W3CHttpResponseCodec.java:187)
	at org.openqa.selenium.remote.http.W3CHttpResponseCodec.decode(W3CHttpResponseCodec.java:122)
	at org.openqa.selenium.remote.http.W3CHttpResponseCodec.decode(W3CHttpResponseCodec.java:49)
	at org.openqa.selenium.remote.HttpCommandExecutor.execute(HttpCommandExecutor.java:158)
	at org.openqa.selenium.remote.service.DriverCommandExecutor.execute(DriverCommandExecutor.java:83)
	at org.openqa.selenium.remote.RemoteWebDriver.execute(RemoteWebDriver.java:543)
	at org.openqa.selenium.remote.RemoteWebDriver.get(RemoteWebDriver.java:271)
	at element.Navigate.goToUrl(Navigate.java:11)
	at pages.CreateFormPage.navigateToEnv(CreateFormPage.java:35)
	at steps.CreateNewComputer_Steps.iAmOnTheComputerDatabaseList(CreateNewComputer_Steps.java:22)
	at ✽.Given I am on the computer database list(CreateNewComputer.feature:4)
</error>
  </testcase>
  <testcase classname="| test | 1999-01-01 | 2021-02-02 | 1 |" name="And I click on the button Add a new computer" time="0">
    <skipped/>
  </testcase>
  <testcase classname="| test | 1999-01-01 | 2021-02-02 | 1 |" name="And I enter test in computer name field" time="0.023">
    <skipped/>
    <system-out>
  Background:                                    &amp;#27;[90m# CreateNewComputer.feature:3&amp;#27;[0m
    &amp;#27;[31mGiven &amp;#27;[0m&amp;#27;[31mI am on the computer database list&amp;#27;[0m     &amp;#27;[90m# CreateNewComputer_Steps.iAmOnTheComputerDatabaseList()&amp;#27;[0m
      &amp;#27;[31morg.openqa.selenium.NoSuchWindowException: no such window: target window already closed
      from unknown error: web view not found
        (Session info: chrome=99.0.4844.74)
      Build info: version: &apos;3.12.0&apos;, revision: &apos;7c6e0b3&apos;, time: &apos;2018-05-08T14:04:26.12Z&apos;
      System info: host: &apos;GS-ARI7C&apos;, ip: &apos;172.19.128.1&apos;, os.name: &apos;Windows 10&apos;, os.arch: &apos;amd64&apos;, os.version: &apos;10.0&apos;, java.version: &apos;1.8.0_291&apos;
      Driver info: org.openqa.selenium.chrome.ChromeDriver
      Capabilities {acceptInsecureCerts: false, browserName: chrome, browserVersion: 99.0.4844.74, chrome: {chromedriverVersion: 99.0.4844.51 (d537ec02474b5..., userDataDir: C:\Users\marijas\AppData\Lo...}, goog:chromeOptions: {debuggerAddress: localhost:55584}, javascriptEnabled: true, networkConnectionEnabled: false, pageLoadStrategy: normal, platform: WINDOWS, platformName: WINDOWS, proxy: Proxy(), setWindowRect: true, strictFileInteractability: false, timeouts: {implicit: 0, pageLoad: 300000, script: 30000}, unhandledPromptBehavior: dismiss and notify, webauthn:extension:credBlob: true, webauthn:extension:largeBlob: true, webauthn:virtualAuthenticators: true}
      Session ID: 58b094ae2f81675239d9e3dc93bbd796
      	at sun.reflect.NativeConstructorAccessorImpl.newInstance0(Native Method)
      	at sun.reflect.NativeConstructorAccessorImpl.newInstance(NativeConstructorAccessorImpl.java:62)
      	at sun.reflect.DelegatingConstructorAccessorImpl.newInstance(DelegatingConstructorAccessorImpl.java:45)
      	at java.lang.reflect.Constructor.newInstance(Constructor.java:423)
      	at org.openqa.selenium.remote.http.W3CHttpResponseCodec.createException(W3CHttpResponseCodec.java:187)
      	at org.openqa.selenium.remote.http.W3CHttpResponseCodec.decode(W3CHttpResponseCodec.java:122)
      	at org.openqa.selenium.remote.http.W3CHttpResponseCodec.decode(W3CHttpResponseCodec.java:49)
      	at org.openqa.selenium.remote.HttpCommandExecutor.execute(HttpCommandExecutor.java:158)
      	at org.openqa.selenium.remote.service.DriverCommandExecutor.execute(DriverCommandExecutor.java:83)
      	at org.openqa.selenium.remote.RemoteWebDriver.execute(RemoteWebDriver.java:543)
      	at org.openqa.selenium.remote.RemoteWebDriver.get(RemoteWebDriver.java:271)
      	at element.Navigate.goToUrl(Navigate.java:11)
      	at pages.CreateFormPage.navigateToEnv(CreateFormPage.java:35)
      	at steps.CreateNewComputer_Steps.iAmOnTheComputerDatabaseList(CreateNewComputer_Steps.java:22)
      	at ?.Given I am on the computer database list(CreateNewComputer.feature:4)
      &amp;#27;[0m
    &amp;#27;[36mAnd &amp;#27;[0m&amp;#27;[36mI click on the button Add a new computer&amp;#27;[0m &amp;#27;[90m# CreateNewComputer_Steps.iClickOnTheButtonAddNewComputer()&amp;#27;[0m
</system-out>
  </testcase>
  <testcase classname="| test | 1999-01-01 | 2021-02-02 | 1 |" name="And I enter valid 1999-01-01 date, 2021-02-02 date and 1" time="0.023">
    <skipped/>
  </testcase>
  <testcase classname="| test | 1999-01-01 | 2021-02-02 | 1 |" name="When I click on the button Create this computer" time="0.023">
    <skipped/>
  </testcase>
  <testcase classname="| test | 1999-01-01 | 2021-02-02 | 1 |" name="Then I will successfully create new computer" time="0.023">
    <skipped/>
  </testcase>
  <testcase classname="| test | 1999-01-01 | 2021-02-02 | 1 |" name="And I will see message: &quot;Done! Computer test has been created!&quot;" time="0.023">
    <skipped/>
  </testcase>
  <testcase classname="Scenario: Verify that user is able to delete computer from the list" name="Given I am on the computer database list" time="0">
    <error message="no such window: target window already closed
from unknown error: web view not found
  (Session info: chrome=99.0.4844.74)
Build info: version: &apos;3.12.0&apos;, revision: &apos;7c6e0b3&apos;, time: &apos;2018-05-08T14:04:26.12Z&apos;
System info: host: &apos;GS-ARI7C&apos;, ip: &apos;172.19.128.1&apos;, os.name: &apos;Windows 10&apos;, os.arch: &apos;amd64&apos;, os.version: &apos;10.0&apos;, java.version: &apos;1.8.0_291&apos;
Driver info: org.openqa.selenium.chrome.ChromeDriver
Capabilities {acceptInsecureCerts: false, browserName: chrome, browserVersion: 99.0.4844.74, chrome: {chromedriverVersion: 99.0.4844.51 (d537ec02474b5..., userDataDir: C:\Users\marijas\AppData\Lo...}, goog:chromeOptions: {debuggerAddress: localhost:55584}, javascriptEnabled: true, networkConnectionEnabled: false, pageLoadStrategy: normal, platform: WINDOWS, platformName: WINDOWS, proxy: Proxy(), setWindowRect: true, strictFileInteractability: false, timeouts: {implicit: 0, pageLoad: 300000, script: 30000}, unhandledPromptBehavior: dismiss and notify, webauthn:extension:credBlob: true, webauthn:extension:largeBlob: true, webauthn:virtualAuthenticators: true}
Session ID: 58b094ae2f81675239d9e3dc93bbd796" type="org.openqa.selenium.NoSuchWindowException">org.openqa.selenium.NoSuchWindowException: no such window: target window already closed
from unknown error: web view not found
  (Session info: chrome=99.0.4844.74)
Build info: version: &apos;3.12.0&apos;, revision: &apos;7c6e0b3&apos;, time: &apos;2018-05-08T14:04:26.12Z&apos;
System info: host: &apos;GS-ARI7C&apos;, ip: &apos;172.19.128.1&apos;, os.name: &apos;Windows 10&apos;, os.arch: &apos;amd64&apos;, os.version: &apos;10.0&apos;, java.version: &apos;1.8.0_291&apos;
Driver info: org.openqa.selenium.chrome.ChromeDriver
Capabilities {acceptInsecureCerts: false, browserName: chrome, browserVersion: 99.0.4844.74, chrome: {chromedriverVersion: 99.0.4844.51 (d537ec02474b5..., userDataDir: C:\Users\marijas\AppData\Lo...}, goog:chromeOptions: {debuggerAddress: localhost:55584}, javascriptEnabled: true, networkConnectionEnabled: false, pageLoadStrategy: normal, platform: WINDOWS, platformName: WINDOWS, proxy: Proxy(), setWindowRect: true, strictFileInteractability: false, timeouts: {implicit: 0, pageLoad: 300000, script: 30000}, unhandledPromptBehavior: dismiss and notify, webauthn:extension:credBlob: true, webauthn:extension:largeBlob: true, webauthn:virtualAuthenticators: true}
Session ID: 58b094ae2f81675239d9e3dc93bbd796
	at sun.reflect.NativeConstructorAccessorImpl.newInstance0(Native Method)
	at sun.reflect.NativeConstructorAccessorImpl.newInstance(NativeConstructorAccessorImpl.java:62)
	at sun.reflect.DelegatingConstructorAccessorImpl.newInstance(DelegatingConstructorAccessorImpl.java:45)
	at java.lang.reflect.Constructor.newInstance(Constructor.java:423)
	at org.openqa.selenium.remote.http.W3CHttpResponseCodec.createException(W3CHttpResponseCodec.java:187)
	at org.openqa.selenium.remote.http.W3CHttpResponseCodec.decode(W3CHttpResponseCodec.java:122)
	at org.openqa.selenium.remote.http.W3CHttpResponseCodec.decode(W3CHttpResponseCodec.java:49)
	at org.openqa.selenium.remote.HttpCommandExecutor.execute(HttpCommandExecutor.java:158)
	at org.openqa.selenium.remote.service.DriverCommandExecutor.execute(DriverCommandExecutor.java:83)
	at org.openqa.selenium.remote.RemoteWebDriver.execute(RemoteWebDriver.java:543)
	at org.openqa.selenium.remote.RemoteWebDriver.get(RemoteWebDriver.java:271)
	at element.Navigate.goToUrl(Navigate.java:11)
	at pages.CreateFormPage.navigateToEnv(CreateFormPage.java:35)
	at steps.CreateNewComputer_Steps.iAmOnTheComputerDatabaseList(CreateNewComputer_Steps.java:22)
	at ✽.Given I am on the computer database list(DeleteComputer.feature:6)
</error>
    <system-out>
  @browser
  Scenario Outline: Verify that user is able to create new computer with all valid data &amp;#27;[90m# CreateNewComputer.feature:76&amp;#27;[0m
    &amp;#27;[36mAnd &amp;#27;[0m&amp;#27;[36mI enter &amp;#27;[0m&amp;#27;[36m&amp;#27;[1mtest&amp;#27;[0m&amp;#27;[36m in computer name field&amp;#27;[0m                                             &amp;#27;[90m# CreateNewComputer_Steps.iEnterTestInComputerField(String)&amp;#27;[0m
    &amp;#27;[36mAnd &amp;#27;[0m&amp;#27;[36mI enter valid &amp;#27;[0m&amp;#27;[36m&amp;#27;[1m1999-01-01&amp;#27;[0m&amp;#27;[36m date, &amp;#27;[0m&amp;#27;[36m&amp;#27;[1m2021-02-02&amp;#27;[0m&amp;#27;[36m date and &amp;#27;[0m&amp;#27;[36m&amp;#27;[1m1&amp;#27;[0m                            &amp;#27;[90m# CreateNewComputer_Steps.iEnterValidIntroducedDateDiscontinuedDateAndCompany(String,String,String)&amp;#27;[0m
    &amp;#27;[36mWhen &amp;#27;[0m&amp;#27;[36mI click on the button Create this computer&amp;#27;[0m                                     &amp;#27;[90m# CreateNewComputer_Steps.iClickOnTheButtonCreateThisComputer()&amp;#27;[0m
    &amp;#27;[36mThen &amp;#27;[0m&amp;#27;[36mI will successfully create new computer&amp;#27;[0m                                        &amp;#27;[90m# CreateNewComputer_Steps.iWillSuccessfullyCreateNewComputer()&amp;#27;[0m
    &amp;#27;[36mAnd &amp;#27;[0m&amp;#27;[36mI will see message: &quot;Done! Computer test has been created!&quot;&amp;#27;[0m                     &amp;#27;[90m# CreateNewComputer_Steps.iWillSeeSuccessfulMessage()&amp;#27;[0m
Feature: Delete Computer
</system-out>
    <system-err>[main] INFO io.github.bonigarcia.wdm.WebDriverManager - Using chromedriver 99.0.4844.51 (since Google Chrome 99 is installed in your machine)
[main] INFO io.github.bonigarcia.wdm.WebDriverManager - Exporting webdriver.chrome.driver as C:\Users\marijas\.m2\repository\webdriver\chromedriver\win32\99.0.4844.51\chromedriver.exe
Mar 22, 2022 12:42:04 PM element.Navigate goToUrl
INFO: Navigate to Url: http://computer-database.herokuapp.com/computers
</system-err>
  </testcase>
  <testcase classname="Scenario: Verify that user is able to delete computer from the list" name="Scenario: Verify that user is able to delete computer from the list" time="0">
    <error message="no such window: target window already closed
from unknown error: web view not found
  (Session info: chrome=99.0.4844.74)
Build info: version: &apos;3.12.0&apos;, revision: &apos;7c6e0b3&apos;, time: &apos;2018-05-08T14:04:26.12Z&apos;
System info: host: &apos;GS-ARI7C&apos;, ip: &apos;172.19.128.1&apos;, os.name: &apos;Windows 10&apos;, os.arch: &apos;amd64&apos;, os.version: &apos;10.0&apos;, java.version: &apos;1.8.0_291&apos;
Driver info: org.openqa.selenium.chrome.ChromeDriver
Capabilities {acceptInsecureCerts: false, browserName: chrome, browserVersion: 99.0.4844.74, chrome: {chromedriverVersion: 99.0.4844.51 (d537ec02474b5..., userDataDir: C:\Users\marijas\AppData\Lo...}, goog:chromeOptions: {debuggerAddress: localhost:55584}, javascriptEnabled: true, networkConnectionEnabled: false, pageLoadStrategy: normal, platform: WINDOWS, platformName: WINDOWS, proxy: Proxy(), setWindowRect: true, strictFileInteractability: false, timeouts: {implicit: 0, pageLoad: 300000, script: 30000}, unhandledPromptBehavior: dismiss and notify, webauthn:extension:credBlob: true, webauthn:extension:largeBlob: true, webauthn:virtualAuthenticators: true}
Session ID: 58b094ae2f81675239d9e3dc93bbd796" type="org.openqa.selenium.NoSuchWindowException">org.openqa.selenium.NoSuchWindowException: no such window: target window already closed
from unknown error: web view not found
  (Session info: chrome=99.0.4844.74)
Build info: version: &apos;3.12.0&apos;, revision: &apos;7c6e0b3&apos;, time: &apos;2018-05-08T14:04:26.12Z&apos;
System info: host: &apos;GS-ARI7C&apos;, ip: &apos;172.19.128.1&apos;, os.name: &apos;Windows 10&apos;, os.arch: &apos;amd64&apos;, os.version: &apos;10.0&apos;, java.version: &apos;1.8.0_291&apos;
Driver info: org.openqa.selenium.chrome.ChromeDriver
Capabilities {acceptInsecureCerts: false, browserName: chrome, browserVersion: 99.0.4844.74, chrome: {chromedriverVersion: 99.0.4844.51 (d537ec02474b5..., userDataDir: C:\Users\marijas\AppData\Lo...}, goog:chromeOptions: {debuggerAddress: localhost:55584}, javascriptEnabled: true, networkConnectionEnabled: false, pageLoadStrategy: normal, platform: WINDOWS, platformName: WINDOWS, proxy: Proxy(), setWindowRect: true, strictFileInteractability: false, timeouts: {implicit: 0, pageLoad: 300000, script: 30000}, unhandledPromptBehavior: dismiss and notify, webauthn:extension:credBlob: true, webauthn:extension:largeBlob: true, webauthn:virtualAuthenticators: true}
Session ID: 58b094ae2f81675239d9e3dc93bbd796
	at sun.reflect.NativeConstructorAccessorImpl.newInstance0(Native Method)
	at sun.reflect.NativeConstructorAccessorImpl.newInstance(NativeConstructorAccessorImpl.java:62)
	at sun.reflect.DelegatingConstructorAccessorImpl.newInstance(DelegatingConstructorAccessorImpl.java:45)
	at java.lang.reflect.Constructor.newInstance(Constructor.java:423)
	at org.openqa.selenium.remote.http.W3CHttpResponseCodec.createException(W3CHttpResponseCodec.java:187)
	at org.openqa.selenium.remote.http.W3CHttpResponseCodec.decode(W3CHttpResponseCodec.java:122)
	at org.openqa.selenium.remote.http.W3CHttpResponseCodec.decode(W3CHttpResponseCodec.java:49)
	at org.openqa.selenium.remote.HttpCommandExecutor.execute(HttpCommandExecutor.java:158)
	at org.openqa.selenium.remote.service.DriverCommandExecutor.execute(DriverCommandExecutor.java:83)
	at org.openqa.selenium.remote.RemoteWebDriver.execute(RemoteWebDriver.java:543)
	at org.openqa.selenium.remote.RemoteWebDriver.get(RemoteWebDriver.java:271)
	at element.Navigate.goToUrl(Navigate.java:11)
	at pages.CreateFormPage.navigateToEnv(CreateFormPage.java:35)
	at steps.CreateNewComputer_Steps.iAmOnTheComputerDatabaseList(CreateNewComputer_Steps.java:22)
	at ✽.Given I am on the computer database list(DeleteComputer.feature:6)
</error>
  </testcase>
  <testcase classname="Scenario: Verify that user is able to delete computer from the list" name="When I click on the computer from the list" time="0">
    <skipped/>
  </testcase>
  <testcase classname="Scenario: Verify that user is able to delete computer from the list" name="And I click on the button Delete this computer" time="0">
    <skipped/>
  </testcase>
  <testcase classname="Scenario: Verify that user is able to delete computer from the list" name="Then I will successfully delete computer from the list" time="0">
    <skipped/>
  </testcase>
  <testcase classname="Scenario: Verify that user is able to delete computer from the list" name="And I will see validation message “Done! Computer has been deleted”" time="0">
    <skipped/>
  </testcase>
  <testcase classname="Scenario: Verify that user is unable to update computer with all fields empty" name="Given I am on the computer database list" time="0">
    <error message="no such window: target window already closed
from unknown error: web view not found
  (Session info: chrome=99.0.4844.74)
Build info: version: &apos;3.12.0&apos;, revision: &apos;7c6e0b3&apos;, time: &apos;2018-05-08T14:04:26.12Z&apos;
System info: host: &apos;GS-ARI7C&apos;, ip: &apos;172.19.128.1&apos;, os.name: &apos;Windows 10&apos;, os.arch: &apos;amd64&apos;, os.version: &apos;10.0&apos;, java.version: &apos;1.8.0_291&apos;
Driver info: org.openqa.selenium.chrome.ChromeDriver
Capabilities {acceptInsecureCerts: false, browserName: chrome, browserVersion: 99.0.4844.74, chrome: {chromedriverVersion: 99.0.4844.51 (d537ec02474b5..., userDataDir: C:\Users\marijas\AppData\Lo...}, goog:chromeOptions: {debuggerAddress: localhost:55584}, javascriptEnabled: true, networkConnectionEnabled: false, pageLoadStrategy: normal, platform: WINDOWS, platformName: WINDOWS, proxy: Proxy(), setWindowRect: true, strictFileInteractability: false, timeouts: {implicit: 0, pageLoad: 300000, script: 30000}, unhandledPromptBehavior: dismiss and notify, webauthn:extension:credBlob: true, webauthn:extension:largeBlob: true, webauthn:virtualAuthenticators: true}
Session ID: 58b094ae2f81675239d9e3dc93bbd796" type="org.openqa.selenium.NoSuchWindowException">org.openqa.selenium.NoSuchWindowException: no such window: target window already closed
from unknown error: web view not found
  (Session info: chrome=99.0.4844.74)
Build info: version: &apos;3.12.0&apos;, revision: &apos;7c6e0b3&apos;, time: &apos;2018-05-08T14:04:26.12Z&apos;
System info: host: &apos;GS-ARI7C&apos;, ip: &apos;172.19.128.1&apos;, os.name: &apos;Windows 10&apos;, os.arch: &apos;amd64&apos;, os.version: &apos;10.0&apos;, java.version: &apos;1.8.0_291&apos;
Driver info: org.openqa.selenium.chrome.ChromeDriver
Capabilities {acceptInsecureCerts: false, browserName: chrome, browserVersion: 99.0.4844.74, chrome: {chromedriverVersion: 99.0.4844.51 (d537ec02474b5..., userDataDir: C:\Users\marijas\AppData\Lo...}, goog:chromeOptions: {debuggerAddress: localhost:55584}, javascriptEnabled: true, networkConnectionEnabled: false, pageLoadStrategy: normal, platform: WINDOWS, platformName: WINDOWS, proxy: Proxy(), setWindowRect: true, strictFileInteractability: false, timeouts: {implicit: 0, pageLoad: 300000, script: 30000}, unhandledPromptBehavior: dismiss and notify, webauthn:extension:credBlob: true, webauthn:extension:largeBlob: true, webauthn:virtualAuthenticators: true}
Session ID: 58b094ae2f81675239d9e3dc93bbd796
	at sun.reflect.NativeConstructorAccessorImpl.newInstance0(Native Method)
	at sun.reflect.NativeConstructorAccessorImpl.newInstance(NativeConstructorAccessorImpl.java:62)
	at sun.reflect.DelegatingConstructorAccessorImpl.newInstance(DelegatingConstructorAccessorImpl.java:45)
	at java.lang.reflect.Constructor.newInstance(Constructor.java:423)
	at org.openqa.selenium.remote.http.W3CHttpResponseCodec.createException(W3CHttpResponseCodec.java:187)
	at org.openqa.selenium.remote.http.W3CHttpResponseCodec.decode(W3CHttpResponseCodec.java:122)
	at org.openqa.selenium.remote.http.W3CHttpResponseCodec.decode(W3CHttpResponseCodec.java:49)
	at org.openqa.selenium.remote.HttpCommandExecutor.execute(HttpCommandExecutor.java:158)
	at org.openqa.selenium.remote.service.DriverCommandExecutor.execute(DriverCommandExecutor.java:83)
	at org.openqa.selenium.remote.RemoteWebDriver.execute(RemoteWebDriver.java:543)
	at org.openqa.selenium.remote.RemoteWebDriver.get(RemoteWebDriver.java:271)
	at element.Navigate.goToUrl(Navigate.java:11)
	at pages.CreateFormPage.navigateToEnv(CreateFormPage.java:35)
	at steps.CreateNewComputer_Steps.iAmOnTheComputerDatabaseList(CreateNewComputer_Steps.java:22)
	at ✽.Given I am on the computer database list(EditComputer.feature:4)
</error>
    <system-out>
  @browser
  Scenario: Verify that user is able to delete computer from the list   &amp;#27;[90m# DeleteComputer.feature:4&amp;#27;[0m
    &amp;#27;[31mGiven &amp;#27;[0m&amp;#27;[31mI am on the computer database list&amp;#27;[0m                            &amp;#27;[90m# CreateNewComputer_Steps.iAmOnTheComputerDatabaseList()&amp;#27;[0m
      &amp;#27;[31morg.openqa.selenium.NoSuchWindowException: no such window: target window already closed
      from unknown error: web view not found
        (Session info: chrome=99.0.4844.74)
      Build info: version: &apos;3.12.0&apos;, revision: &apos;7c6e0b3&apos;, time: &apos;2018-05-08T14:04:26.12Z&apos;
      System info: host: &apos;GS-ARI7C&apos;, ip: &apos;172.19.128.1&apos;, os.name: &apos;Windows 10&apos;, os.arch: &apos;amd64&apos;, os.version: &apos;10.0&apos;, java.version: &apos;1.8.0_291&apos;
      Driver info: org.openqa.selenium.chrome.ChromeDriver
      Capabilities {acceptInsecureCerts: false, browserName: chrome, browserVersion: 99.0.4844.74, chrome: {chromedriverVersion: 99.0.4844.51 (d537ec02474b5..., userDataDir: C:\Users\marijas\AppData\Lo...}, goog:chromeOptions: {debuggerAddress: localhost:55584}, javascriptEnabled: true, networkConnectionEnabled: false, pageLoadStrategy: normal, platform: WINDOWS, platformName: WINDOWS, proxy: Proxy(), setWindowRect: true, strictFileInteractability: false, timeouts: {implicit: 0, pageLoad: 300000, script: 30000}, unhandledPromptBehavior: dismiss and notify, webauthn:extension:credBlob: true, webauthn:extension:largeBlob: true, webauthn:virtualAuthenticators: true}
      Session ID: 58b094ae2f81675239d9e3dc93bbd796
      	at sun.reflect.NativeConstructorAccessorImpl.newInstance0(Native Method)
      	at sun.reflect.NativeConstructorAccessorImpl.newInstance(NativeConstructorAccessorImpl.java:62)
      	at sun.reflect.DelegatingConstructorAccessorImpl.newInstance(DelegatingConstructorAccessorImpl.java:45)
      	at java.lang.reflect.Constructor.newInstance(Constructor.java:423)
      	at org.openqa.selenium.remote.http.W3CHttpResponseCodec.createException(W3CHttpResponseCodec.java:187)
      	at org.openqa.selenium.remote.http.W3CHttpResponseCodec.decode(W3CHttpResponseCodec.java:122)
      	at org.openqa.selenium.remote.http.W3CHttpResponseCodec.decode(W3CHttpResponseCodec.java:49)
      	at org.openqa.selenium.remote.HttpCommandExecutor.execute(HttpCommandExecutor.java:158)
      	at org.openqa.selenium.remote.service.DriverCommandExecutor.execute(DriverCommandExecutor.java:83)
      	at org.openqa.selenium.remote.RemoteWebDriver.execute(RemoteWebDriver.java:543)
      	at org.openqa.selenium.remote.RemoteWebDriver.get(RemoteWebDriver.java:271)
      	at element.Navigate.goToUrl(Navigate.java:11)
      	at pages.CreateFormPage.navigateToEnv(CreateFormPage.java:35)
      	at steps.CreateNewComputer_Steps.iAmOnTheComputerDatabaseList(CreateNewComputer_Steps.java:22)
      	at ?.Given I am on the computer database list(DeleteComputer.feature:6)
      &amp;#27;[0m
    &amp;#27;[36mWhen &amp;#27;[0m&amp;#27;[36mI click on the computer from the list&amp;#27;[0m                          &amp;#27;[90m# EditComputer_Steps.iClickOnTheButtonAddNewComputer()&amp;#27;[0m
    &amp;#27;[36mAnd &amp;#27;[0m&amp;#27;[36mI click on the button Delete this computer&amp;#27;[0m                      &amp;#27;[90m# DeleteComputer_Steps.iClickOnTheButtonDeleteThisComputer()&amp;#27;[0m
    &amp;#27;[36mThen &amp;#27;[0m&amp;#27;[36mI will successfully delete computer from the list&amp;#27;[0m              &amp;#27;[90m# DeleteComputer_Steps.iWillSuccessfullyDeleteComputerFromTheList()&amp;#27;[0m
    &amp;#27;[36mAnd &amp;#27;[0m&amp;#27;[36mI will see validation message “Done! Computer has been deleted”&amp;#27;[0m &amp;#27;[90m# DeleteComputer_Steps.iWillSeeValidationMessageDoneComputerHasBeenDeleted()&amp;#27;[0m
Feature: Edit computer
</system-out>
    <system-err>[main] INFO io.github.bonigarcia.wdm.WebDriverManager - Using chromedriver 99.0.4844.51 (since Google Chrome 99 is installed in your machine)
[main] INFO io.github.bonigarcia.wdm.WebDriverManager - Exporting webdriver.chrome.driver as C:\Users\marijas\.m2\repository\webdriver\chromedriver\win32\99.0.4844.51\chromedriver.exe
Mar 22, 2022 12:42:04 PM element.Navigate goToUrl
INFO: Navigate to Url: http://computer-database.herokuapp.com/computers
</system-err>
  </testcase>
  <testcase classname="Scenario: Verify that user is unable to update computer with all fields empty" name="Scenario: Verify that user is unable to update computer with all fields empty" time="0">
    <error message="no such window: target window already closed
from unknown error: web view not found
  (Session info: chrome=99.0.4844.74)
Build info: version: &apos;3.12.0&apos;, revision: &apos;7c6e0b3&apos;, time: &apos;2018-05-08T14:04:26.12Z&apos;
System info: host: &apos;GS-ARI7C&apos;, ip: &apos;172.19.128.1&apos;, os.name: &apos;Windows 10&apos;, os.arch: &apos;amd64&apos;, os.version: &apos;10.0&apos;, java.version: &apos;1.8.0_291&apos;
Driver info: org.openqa.selenium.chrome.ChromeDriver
Capabilities {acceptInsecureCerts: false, browserName: chrome, browserVersion: 99.0.4844.74, chrome: {chromedriverVersion: 99.0.4844.51 (d537ec02474b5..., userDataDir: C:\Users\marijas\AppData\Lo...}, goog:chromeOptions: {debuggerAddress: localhost:55584}, javascriptEnabled: true, networkConnectionEnabled: false, pageLoadStrategy: normal, platform: WINDOWS, platformName: WINDOWS, proxy: Proxy(), setWindowRect: true, strictFileInteractability: false, timeouts: {implicit: 0, pageLoad: 300000, script: 30000}, unhandledPromptBehavior: dismiss and notify, webauthn:extension:credBlob: true, webauthn:extension:largeBlob: true, webauthn:virtualAuthenticators: true}
Session ID: 58b094ae2f81675239d9e3dc93bbd796" type="org.openqa.selenium.NoSuchWindowException">org.openqa.selenium.NoSuchWindowException: no such window: target window already closed
from unknown error: web view not found
  (Session info: chrome=99.0.4844.74)
Build info: version: &apos;3.12.0&apos;, revision: &apos;7c6e0b3&apos;, time: &apos;2018-05-08T14:04:26.12Z&apos;
System info: host: &apos;GS-ARI7C&apos;, ip: &apos;172.19.128.1&apos;, os.name: &apos;Windows 10&apos;, os.arch: &apos;amd64&apos;, os.version: &apos;10.0&apos;, java.version: &apos;1.8.0_291&apos;
Driver info: org.openqa.selenium.chrome.ChromeDriver
Capabilities {acceptInsecureCerts: false, browserName: chrome, browserVersion: 99.0.4844.74, chrome: {chromedriverVersion: 99.0.4844.51 (d537ec02474b5..., userDataDir: C:\Users\marijas\AppData\Lo...}, goog:chromeOptions: {debuggerAddress: localhost:55584}, javascriptEnabled: true, networkConnectionEnabled: false, pageLoadStrategy: normal, platform: WINDOWS, platformName: WINDOWS, proxy: Proxy(), setWindowRect: true, strictFileInteractability: false, timeouts: {implicit: 0, pageLoad: 300000, script: 30000}, unhandledPromptBehavior: dismiss and notify, webauthn:extension:credBlob: true, webauthn:extension:largeBlob: true, webauthn:virtualAuthenticators: true}
Session ID: 58b094ae2f81675239d9e3dc93bbd796
	at sun.reflect.NativeConstructorAccessorImpl.newInstance0(Native Method)
	at sun.reflect.NativeConstructorAccessorImpl.newInstance(NativeConstructorAccessorImpl.java:62)
	at sun.reflect.DelegatingConstructorAccessorImpl.newInstance(DelegatingConstructorAccessorImpl.java:45)
	at java.lang.reflect.Constructor.newInstance(Constructor.java:423)
	at org.openqa.selenium.remote.http.W3CHttpResponseCodec.createException(W3CHttpResponseCodec.java:187)
	at org.openqa.selenium.remote.http.W3CHttpResponseCodec.decode(W3CHttpResponseCodec.java:122)
	at org.openqa.selenium.remote.http.W3CHttpResponseCodec.decode(W3CHttpResponseCodec.java:49)
	at org.openqa.selenium.remote.HttpCommandExecutor.execute(HttpCommandExecutor.java:158)
	at org.openqa.selenium.remote.service.DriverCommandExecutor.execute(DriverCommandExecutor.java:83)
	at org.openqa.selenium.remote.RemoteWebDriver.execute(RemoteWebDriver.java:543)
	at org.openqa.selenium.remote.RemoteWebDriver.get(RemoteWebDriver.java:271)
	at element.Navigate.goToUrl(Navigate.java:11)
	at pages.CreateFormPage.navigateToEnv(CreateFormPage.java:35)
	at steps.CreateNewComputer_Steps.iAmOnTheComputerDatabaseList(CreateNewComputer_Steps.java:22)
	at ✽.Given I am on the computer database list(EditComputer.feature:4)
</error>
  </testcase>
  <testcase classname="Scenario: Verify that user is unable to update computer with all fields empty" name="And I click on the computer from the list" time="0">
    <skipped/>
  </testcase>
  <testcase classname="Scenario: Verify that user is unable to update computer with all fields empty" name="And I leave all fields empty" time="0.02">
    <skipped/>
    <system-out>
  Background:                                 &amp;#27;[90m# EditComputer.feature:3&amp;#27;[0m
    &amp;#27;[31mGiven &amp;#27;[0m&amp;#27;[31mI am on the computer database list&amp;#27;[0m  &amp;#27;[90m# CreateNewComputer_Steps.iAmOnTheComputerDatabaseList()&amp;#27;[0m
      &amp;#27;[31morg.openqa.selenium.NoSuchWindowException: no such window: target window already closed
      from unknown error: web view not found
        (Session info: chrome=99.0.4844.74)
      Build info: version: &apos;3.12.0&apos;, revision: &apos;7c6e0b3&apos;, time: &apos;2018-05-08T14:04:26.12Z&apos;
      System info: host: &apos;GS-ARI7C&apos;, ip: &apos;172.19.128.1&apos;, os.name: &apos;Windows 10&apos;, os.arch: &apos;amd64&apos;, os.version: &apos;10.0&apos;, java.version: &apos;1.8.0_291&apos;
      Driver info: org.openqa.selenium.chrome.ChromeDriver
      Capabilities {acceptInsecureCerts: false, browserName: chrome, browserVersion: 99.0.4844.74, chrome: {chromedriverVersion: 99.0.4844.51 (d537ec02474b5..., userDataDir: C:\Users\marijas\AppData\Lo...}, goog:chromeOptions: {debuggerAddress: localhost:55584}, javascriptEnabled: true, networkConnectionEnabled: false, pageLoadStrategy: normal, platform: WINDOWS, platformName: WINDOWS, proxy: Proxy(), setWindowRect: true, strictFileInteractability: false, timeouts: {implicit: 0, pageLoad: 300000, script: 30000}, unhandledPromptBehavior: dismiss and notify, webauthn:extension:credBlob: true, webauthn:extension:largeBlob: true, webauthn:virtualAuthenticators: true}
      Session ID: 58b094ae2f81675239d9e3dc93bbd796
      	at sun.reflect.NativeConstructorAccessorImpl.newInstance0(Native Method)
      	at sun.reflect.NativeConstructorAccessorImpl.newInstance(NativeConstructorAccessorImpl.java:62)
      	at sun.reflect.DelegatingConstructorAccessorImpl.newInstance(DelegatingConstructorAccessorImpl.java:45)
      	at java.lang.reflect.Constructor.newInstance(Constructor.java:423)
      	at org.openqa.selenium.remote.http.W3CHttpResponseCodec.createException(W3CHttpResponseCodec.java:187)
      	at org.openqa.selenium.remote.http.W3CHttpResponseCodec.decode(W3CHttpResponseCodec.java:122)
      	at org.openqa.selenium.remote.http.W3CHttpResponseCodec.decode(W3CHttpResponseCodec.java:49)
      	at org.openqa.selenium.remote.HttpCommandExecutor.execute(HttpCommandExecutor.java:158)
      	at org.openqa.selenium.remote.service.DriverCommandExecutor.execute(DriverCommandExecutor.java:83)
      	at org.openqa.selenium.remote.RemoteWebDriver.execute(RemoteWebDriver.java:543)
      	at org.openqa.selenium.remote.RemoteWebDriver.get(RemoteWebDriver.java:271)
      	at element.Navigate.goToUrl(Navigate.java:11)
      	at pages.CreateFormPage.navigateToEnv(CreateFormPage.java:35)
      	at steps.CreateNewComputer_Steps.iAmOnTheComputerDatabaseList(CreateNewComputer_Steps.java:22)
      	at ?.Given I am on the computer database list(EditComputer.feature:4)
      &amp;#27;[0m
    &amp;#27;[36mAnd &amp;#27;[0m&amp;#27;[36mI click on the computer from the list&amp;#27;[0m &amp;#27;[90m# EditComputer_Steps.iClickOnTheButtonAddNewComputer()&amp;#27;[0m
</system-out>
  </testcase>
  <testcase classname="Scenario: Verify that user is unable to update computer with all fields empty" name="When I click on the button Save this computer" time="0.02">
    <skipped/>
  </testcase>
  <testcase classname="Scenario: Verify that user is unable to update computer with all fields empty" name="Then I will not be able to update computer" time="0.02">
    <skipped/>
  </testcase>
  <testcase classname="Scenario: Verify that user is unable to update computer with all fields empty" name="And I will see required field &quot;Computer name&quot; highlighted in red" time="0.02">
    <skipped/>
  </testcase>
  <testcase classname="| 2020-01-01 | 2021-02-02 | 27 |" name="Given I am on the computer database list" time="0">
    <error message="no such window: target window already closed
from unknown error: web view not found
  (Session info: chrome=99.0.4844.74)
Build info: version: &apos;3.12.0&apos;, revision: &apos;7c6e0b3&apos;, time: &apos;2018-05-08T14:04:26.12Z&apos;
System info: host: &apos;GS-ARI7C&apos;, ip: &apos;172.19.128.1&apos;, os.name: &apos;Windows 10&apos;, os.arch: &apos;amd64&apos;, os.version: &apos;10.0&apos;, java.version: &apos;1.8.0_291&apos;
Driver info: org.openqa.selenium.chrome.ChromeDriver
Capabilities {acceptInsecureCerts: false, browserName: chrome, browserVersion: 99.0.4844.74, chrome: {chromedriverVersion: 99.0.4844.51 (d537ec02474b5..., userDataDir: C:\Users\marijas\AppData\Lo...}, goog:chromeOptions: {debuggerAddress: localhost:55584}, javascriptEnabled: true, networkConnectionEnabled: false, pageLoadStrategy: normal, platform: WINDOWS, platformName: WINDOWS, proxy: Proxy(), setWindowRect: true, strictFileInteractability: false, timeouts: {implicit: 0, pageLoad: 300000, script: 30000}, unhandledPromptBehavior: dismiss and notify, webauthn:extension:credBlob: true, webauthn:extension:largeBlob: true, webauthn:virtualAuthenticators: true}
Session ID: 58b094ae2f81675239d9e3dc93bbd796" type="org.openqa.selenium.NoSuchWindowException">org.openqa.selenium.NoSuchWindowException: no such window: target window already closed
from unknown error: web view not found
  (Session info: chrome=99.0.4844.74)
Build info: version: &apos;3.12.0&apos;, revision: &apos;7c6e0b3&apos;, time: &apos;2018-05-08T14:04:26.12Z&apos;
System info: host: &apos;GS-ARI7C&apos;, ip: &apos;172.19.128.1&apos;, os.name: &apos;Windows 10&apos;, os.arch: &apos;amd64&apos;, os.version: &apos;10.0&apos;, java.version: &apos;1.8.0_291&apos;
Driver info: org.openqa.selenium.chrome.ChromeDriver
Capabilities {acceptInsecureCerts: false, browserName: chrome, browserVersion: 99.0.4844.74, chrome: {chromedriverVersion: 99.0.4844.51 (d537ec02474b5..., userDataDir: C:\Users\marijas\AppData\Lo...}, goog:chromeOptions: {debuggerAddress: localhost:55584}, javascriptEnabled: true, networkConnectionEnabled: false, pageLoadStrategy: normal, platform: WINDOWS, platformName: WINDOWS, proxy: Proxy(), setWindowRect: true, strictFileInteractability: false, timeouts: {implicit: 0, pageLoad: 300000, script: 30000}, unhandledPromptBehavior: dismiss and notify, webauthn:extension:credBlob: true, webauthn:extension:largeBlob: true, webauthn:virtualAuthenticators: true}
Session ID: 58b094ae2f81675239d9e3dc93bbd796
	at sun.reflect.GeneratedConstructorAccessor22.newInstance(Unknown Source)
	at sun.reflect.DelegatingConstructorAccessorImpl.newInstance(DelegatingConstructorAccessorImpl.java:45)
	at java.lang.reflect.Constructor.newInstance(Constructor.java:423)
	at org.openqa.selenium.remote.http.W3CHttpResponseCodec.createException(W3CHttpResponseCodec.java:187)
	at org.openqa.selenium.remote.http.W3CHttpResponseCodec.decode(W3CHttpResponseCodec.java:122)
	at org.openqa.selenium.remote.http.W3CHttpResponseCodec.decode(W3CHttpResponseCodec.java:49)
	at org.openqa.selenium.remote.HttpCommandExecutor.execute(HttpCommandExecutor.java:158)
	at org.openqa.selenium.remote.service.DriverCommandExecutor.execute(DriverCommandExecutor.java:83)
	at org.openqa.selenium.remote.RemoteWebDriver.execute(RemoteWebDriver.java:543)
	at org.openqa.selenium.remote.RemoteWebDriver.get(RemoteWebDriver.java:271)
	at element.Navigate.goToUrl(Navigate.java:11)
	at pages.CreateFormPage.navigateToEnv(CreateFormPage.java:35)
	at steps.CreateNewComputer_Steps.iAmOnTheComputerDatabaseList(CreateNewComputer_Steps.java:22)
	at ✽.Given I am on the computer database list(EditComputer.feature:4)
</error>
    <system-out>
  @browser
  Scenario: Verify that user is unable to update computer with all fields empty &amp;#27;[90m# EditComputer.feature:8&amp;#27;[0m
    &amp;#27;[36mAnd &amp;#27;[0m&amp;#27;[36mI leave all fields empty&amp;#27;[0m                                                &amp;#27;[90m# CreateNewComputer_Steps.iLeaveAllFieldsEmpty()&amp;#27;[0m
    &amp;#27;[36mWhen &amp;#27;[0m&amp;#27;[36mI click on the button Save this computer&amp;#27;[0m                               &amp;#27;[90m# EditComputer_Steps.iClickOnTheButtonSaveThisComputer()&amp;#27;[0m
    &amp;#27;[36mThen &amp;#27;[0m&amp;#27;[36mI will not be able to update computer&amp;#27;[0m                                  &amp;#27;[90m# EditComputer_Steps.iWillNotBeAbleToUpdateComputer()&amp;#27;[0m
    &amp;#27;[36mAnd &amp;#27;[0m&amp;#27;[36mI will see required field &quot;Computer name&quot; highlighted in red&amp;#27;[0m            &amp;#27;[90m# CreateNewComputer_Steps.iWillSeeRequiredFieldComputerNameHighlightedInRed()&amp;#27;[0m

  @browser
  Scenario Outline: Verify that user is unable to update computer with empty required field &amp;#27;[90m# EditComputer.feature:15&amp;#27;[0m
    &amp;#27;[36mAnd &amp;#27;[0m&amp;#27;[36mI leave empty Computer name field&amp;#27;[0m
    &amp;#27;[36mAnd &amp;#27;[0m&amp;#27;[36mI enter valid &lt;introduced&gt; date, &lt;discontinued&gt; date and &lt;companyBrand&gt;&amp;#27;[0m
    &amp;#27;[36mWhen &amp;#27;[0m&amp;#27;[36mI click on the button Save this computer&amp;#27;[0m
    &amp;#27;[36mThen &amp;#27;[0m&amp;#27;[36mI will not be able to update computer&amp;#27;[0m
    &amp;#27;[36mAnd &amp;#27;[0m&amp;#27;[36mI will see required field &quot;Computer name&quot; highlighted in red&amp;#27;[0m

    Examples: 
</system-out>
    <system-err>[main] INFO io.github.bonigarcia.wdm.WebDriverManager - Using chromedriver 99.0.4844.51 (since Google Chrome 99 is installed in your machine)
[main] INFO io.github.bonigarcia.wdm.WebDriverManager - Exporting webdriver.chrome.driver as C:\Users\marijas\.m2\repository\webdriver\chromedriver\win32\99.0.4844.51\chromedriver.exe
Mar 22, 2022 12:42:04 PM element.Navigate goToUrl
INFO: Navigate to Url: http://computer-database.herokuapp.com/computers
</system-err>
  </testcase>
  <testcase classname="| 2020-01-01 | 2021-02-02 | 27 |" name="| 2020-01-01 | 2021-02-02 | 27 |" time="0">
    <error message="no such window: target window already closed
from unknown error: web view not found
  (Session info: chrome=99.0.4844.74)
Build info: version: &apos;3.12.0&apos;, revision: &apos;7c6e0b3&apos;, time: &apos;2018-05-08T14:04:26.12Z&apos;
System info: host: &apos;GS-ARI7C&apos;, ip: &apos;172.19.128.1&apos;, os.name: &apos;Windows 10&apos;, os.arch: &apos;amd64&apos;, os.version: &apos;10.0&apos;, java.version: &apos;1.8.0_291&apos;
Driver info: org.openqa.selenium.chrome.ChromeDriver
Capabilities {acceptInsecureCerts: false, browserName: chrome, browserVersion: 99.0.4844.74, chrome: {chromedriverVersion: 99.0.4844.51 (d537ec02474b5..., userDataDir: C:\Users\marijas\AppData\Lo...}, goog:chromeOptions: {debuggerAddress: localhost:55584}, javascriptEnabled: true, networkConnectionEnabled: false, pageLoadStrategy: normal, platform: WINDOWS, platformName: WINDOWS, proxy: Proxy(), setWindowRect: true, strictFileInteractability: false, timeouts: {implicit: 0, pageLoad: 300000, script: 30000}, unhandledPromptBehavior: dismiss and notify, webauthn:extension:credBlob: true, webauthn:extension:largeBlob: true, webauthn:virtualAuthenticators: true}
Session ID: 58b094ae2f81675239d9e3dc93bbd796" type="org.openqa.selenium.NoSuchWindowException">org.openqa.selenium.NoSuchWindowException: no such window: target window already closed
from unknown error: web view not found
  (Session info: chrome=99.0.4844.74)
Build info: version: &apos;3.12.0&apos;, revision: &apos;7c6e0b3&apos;, time: &apos;2018-05-08T14:04:26.12Z&apos;
System info: host: &apos;GS-ARI7C&apos;, ip: &apos;172.19.128.1&apos;, os.name: &apos;Windows 10&apos;, os.arch: &apos;amd64&apos;, os.version: &apos;10.0&apos;, java.version: &apos;1.8.0_291&apos;
Driver info: org.openqa.selenium.chrome.ChromeDriver
Capabilities {acceptInsecureCerts: false, browserName: chrome, browserVersion: 99.0.4844.74, chrome: {chromedriverVersion: 99.0.4844.51 (d537ec02474b5..., userDataDir: C:\Users\marijas\AppData\Lo...}, goog:chromeOptions: {debuggerAddress: localhost:55584}, javascriptEnabled: true, networkConnectionEnabled: false, pageLoadStrategy: normal, platform: WINDOWS, platformName: WINDOWS, proxy: Proxy(), setWindowRect: true, strictFileInteractability: false, timeouts: {implicit: 0, pageLoad: 300000, script: 30000}, unhandledPromptBehavior: dismiss and notify, webauthn:extension:credBlob: true, webauthn:extension:largeBlob: true, webauthn:virtualAuthenticators: true}
Session ID: 58b094ae2f81675239d9e3dc93bbd796
	at sun.reflect.GeneratedConstructorAccessor22.newInstance(Unknown Source)
	at sun.reflect.DelegatingConstructorAccessorImpl.newInstance(DelegatingConstructorAccessorImpl.java:45)
	at java.lang.reflect.Constructor.newInstance(Constructor.java:423)
	at org.openqa.selenium.remote.http.W3CHttpResponseCodec.createException(W3CHttpResponseCodec.java:187)
	at org.openqa.selenium.remote.http.W3CHttpResponseCodec.decode(W3CHttpResponseCodec.java:122)
	at org.openqa.selenium.remote.http.W3CHttpResponseCodec.decode(W3CHttpResponseCodec.java:49)
	at org.openqa.selenium.remote.HttpCommandExecutor.execute(HttpCommandExecutor.java:158)
	at org.openqa.selenium.remote.service.DriverCommandExecutor.execute(DriverCommandExecutor.java:83)
	at org.openqa.selenium.remote.RemoteWebDriver.execute(RemoteWebDriver.java:543)
	at org.openqa.selenium.remote.RemoteWebDriver.get(RemoteWebDriver.java:271)
	at element.Navigate.goToUrl(Navigate.java:11)
	at pages.CreateFormPage.navigateToEnv(CreateFormPage.java:35)
	at steps.CreateNewComputer_Steps.iAmOnTheComputerDatabaseList(CreateNewComputer_Steps.java:22)
	at ✽.Given I am on the computer database list(EditComputer.feature:4)
</error>
  </testcase>
  <testcase classname="| 2020-01-01 | 2021-02-02 | 27 |" name="And I click on the computer from the list" time="0">
    <skipped/>
  </testcase>
  <testcase classname="| 2020-01-01 | 2021-02-02 | 27 |" name="And I leave empty Computer name field" time="0.018">
    <skipped/>
    <system-out>
  Background:                                 &amp;#27;[90m# EditComputer.feature:3&amp;#27;[0m
    &amp;#27;[31mGiven &amp;#27;[0m&amp;#27;[31mI am on the computer database list&amp;#27;[0m  &amp;#27;[90m# CreateNewComputer_Steps.iAmOnTheComputerDatabaseList()&amp;#27;[0m
      &amp;#27;[31morg.openqa.selenium.NoSuchWindowException: no such window: target window already closed
      from unknown error: web view not found
        (Session info: chrome=99.0.4844.74)
      Build info: version: &apos;3.12.0&apos;, revision: &apos;7c6e0b3&apos;, time: &apos;2018-05-08T14:04:26.12Z&apos;
      System info: host: &apos;GS-ARI7C&apos;, ip: &apos;172.19.128.1&apos;, os.name: &apos;Windows 10&apos;, os.arch: &apos;amd64&apos;, os.version: &apos;10.0&apos;, java.version: &apos;1.8.0_291&apos;
      Driver info: org.openqa.selenium.chrome.ChromeDriver
      Capabilities {acceptInsecureCerts: false, browserName: chrome, browserVersion: 99.0.4844.74, chrome: {chromedriverVersion: 99.0.4844.51 (d537ec02474b5..., userDataDir: C:\Users\marijas\AppData\Lo...}, goog:chromeOptions: {debuggerAddress: localhost:55584}, javascriptEnabled: true, networkConnectionEnabled: false, pageLoadStrategy: normal, platform: WINDOWS, platformName: WINDOWS, proxy: Proxy(), setWindowRect: true, strictFileInteractability: false, timeouts: {implicit: 0, pageLoad: 300000, script: 30000}, unhandledPromptBehavior: dismiss and notify, webauthn:extension:credBlob: true, webauthn:extension:largeBlob: true, webauthn:virtualAuthenticators: true}
      Session ID: 58b094ae2f81675239d9e3dc93bbd796
      	at sun.reflect.GeneratedConstructorAccessor22.newInstance(Unknown Source)
      	at sun.reflect.DelegatingConstructorAccessorImpl.newInstance(DelegatingConstructorAccessorImpl.java:45)
      	at java.lang.reflect.Constructor.newInstance(Constructor.java:423)
      	at org.openqa.selenium.remote.http.W3CHttpResponseCodec.createException(W3CHttpResponseCodec.java:187)
      	at org.openqa.selenium.remote.http.W3CHttpResponseCodec.decode(W3CHttpResponseCodec.java:122)
      	at org.openqa.selenium.remote.http.W3CHttpResponseCodec.decode(W3CHttpResponseCodec.java:49)
      	at org.openqa.selenium.remote.HttpCommandExecutor.execute(HttpCommandExecutor.java:158)
      	at org.openqa.selenium.remote.service.DriverCommandExecutor.execute(DriverCommandExecutor.java:83)
      	at org.openqa.selenium.remote.RemoteWebDriver.execute(RemoteWebDriver.java:543)
      	at org.openqa.selenium.remote.RemoteWebDriver.get(RemoteWebDriver.java:271)
      	at element.Navigate.goToUrl(Navigate.java:11)
      	at pages.CreateFormPage.navigateToEnv(CreateFormPage.java:35)
      	at steps.CreateNewComputer_Steps.iAmOnTheComputerDatabaseList(CreateNewComputer_Steps.java:22)
      	at ?.Given I am on the computer database list(EditComputer.feature:4)
      &amp;#27;[0m
    &amp;#27;[36mAnd &amp;#27;[0m&amp;#27;[36mI click on the computer from the list&amp;#27;[0m &amp;#27;[90m# EditComputer_Steps.iClickOnTheButtonAddNewComputer()&amp;#27;[0m
</system-out>
  </testcase>
  <testcase classname="| 2020-01-01 | 2021-02-02 | 27 |" name="And I enter valid 2020-01-01 date, 2021-02-02 date and 27" time="0.018">
    <skipped/>
  </testcase>
  <testcase classname="| 2020-01-01 | 2021-02-02 | 27 |" name="When I click on the button Save this computer" time="0.018">
    <skipped/>
  </testcase>
  <testcase classname="| 2020-01-01 | 2021-02-02 | 27 |" name="Then I will not be able to update computer" time="0.018">
    <skipped/>
  </testcase>
  <testcase classname="| 2020-01-01 | 2021-02-02 | 27 |" name="And I will see required field &quot;Computer name&quot; highlighted in red" time="0.018">
    <skipped/>
  </testcase>
  <testcase classname="| test | 01-01-2021 | 2021-01-01 | 1 |" name="Given I am on the computer database list" time="0">
    <error message="no such window: target window already closed
from unknown error: web view not found
  (Session info: chrome=99.0.4844.74)
Build info: version: &apos;3.12.0&apos;, revision: &apos;7c6e0b3&apos;, time: &apos;2018-05-08T14:04:26.12Z&apos;
System info: host: &apos;GS-ARI7C&apos;, ip: &apos;172.19.128.1&apos;, os.name: &apos;Windows 10&apos;, os.arch: &apos;amd64&apos;, os.version: &apos;10.0&apos;, java.version: &apos;1.8.0_291&apos;
Driver info: org.openqa.selenium.chrome.ChromeDriver
Capabilities {acceptInsecureCerts: false, browserName: chrome, browserVersion: 99.0.4844.74, chrome: {chromedriverVersion: 99.0.4844.51 (d537ec02474b5..., userDataDir: C:\Users\marijas\AppData\Lo...}, goog:chromeOptions: {debuggerAddress: localhost:55584}, javascriptEnabled: true, networkConnectionEnabled: false, pageLoadStrategy: normal, platform: WINDOWS, platformName: WINDOWS, proxy: Proxy(), setWindowRect: true, strictFileInteractability: false, timeouts: {implicit: 0, pageLoad: 300000, script: 30000}, unhandledPromptBehavior: dismiss and notify, webauthn:extension:credBlob: true, webauthn:extension:largeBlob: true, webauthn:virtualAuthenticators: true}
Session ID: 58b094ae2f81675239d9e3dc93bbd796" type="org.openqa.selenium.NoSuchWindowException">org.openqa.selenium.NoSuchWindowException: no such window: target window already closed
from unknown error: web view not found
  (Session info: chrome=99.0.4844.74)
Build info: version: &apos;3.12.0&apos;, revision: &apos;7c6e0b3&apos;, time: &apos;2018-05-08T14:04:26.12Z&apos;
System info: host: &apos;GS-ARI7C&apos;, ip: &apos;172.19.128.1&apos;, os.name: &apos;Windows 10&apos;, os.arch: &apos;amd64&apos;, os.version: &apos;10.0&apos;, java.version: &apos;1.8.0_291&apos;
Driver info: org.openqa.selenium.chrome.ChromeDriver
Capabilities {acceptInsecureCerts: false, browserName: chrome, browserVersion: 99.0.4844.74, chrome: {chromedriverVersion: 99.0.4844.51 (d537ec02474b5..., userDataDir: C:\Users\marijas\AppData\Lo...}, goog:chromeOptions: {debuggerAddress: localhost:55584}, javascriptEnabled: true, networkConnectionEnabled: false, pageLoadStrategy: normal, platform: WINDOWS, platformName: WINDOWS, proxy: Proxy(), setWindowRect: true, strictFileInteractability: false, timeouts: {implicit: 0, pageLoad: 300000, script: 30000}, unhandledPromptBehavior: dismiss and notify, webauthn:extension:credBlob: true, webauthn:extension:largeBlob: true, webauthn:virtualAuthenticators: true}
Session ID: 58b094ae2f81675239d9e3dc93bbd796
	at sun.reflect.GeneratedConstructorAccessor22.newInstance(Unknown Source)
	at sun.reflect.DelegatingConstructorAccessorImpl.newInstance(DelegatingConstructorAccessorImpl.java:45)
	at java.lang.reflect.Constructor.newInstance(Constructor.java:423)
	at org.openqa.selenium.remote.http.W3CHttpResponseCodec.createException(W3CHttpResponseCodec.java:187)
	at org.openqa.selenium.remote.http.W3CHttpResponseCodec.decode(W3CHttpResponseCodec.java:122)
	at org.openqa.selenium.remote.http.W3CHttpResponseCodec.decode(W3CHttpResponseCodec.java:49)
	at org.openqa.selenium.remote.HttpCommandExecutor.execute(HttpCommandExecutor.java:158)
	at org.openqa.selenium.remote.service.DriverCommandExecutor.execute(DriverCommandExecutor.java:83)
	at org.openqa.selenium.remote.RemoteWebDriver.execute(RemoteWebDriver.java:543)
	at org.openqa.selenium.remote.RemoteWebDriver.get(RemoteWebDriver.java:271)
	at element.Navigate.goToUrl(Navigate.java:11)
	at pages.CreateFormPage.navigateToEnv(CreateFormPage.java:35)
	at steps.CreateNewComputer_Steps.iAmOnTheComputerDatabaseList(CreateNewComputer_Steps.java:22)
	at ✽.Given I am on the computer database list(EditComputer.feature:4)
</error>
    <system-out>
  @browser
  Scenario Outline: Verify that user is unable to update computer with empty required field &amp;#27;[90m# EditComputer.feature:24&amp;#27;[0m
    &amp;#27;[36mAnd &amp;#27;[0m&amp;#27;[36mI leave empty Computer name field&amp;#27;[0m                                                   &amp;#27;[90m# CreateNewComputer_Steps.iEnterNameInComputerFieldName()&amp;#27;[0m
    &amp;#27;[36mAnd &amp;#27;[0m&amp;#27;[36mI enter valid &amp;#27;[0m&amp;#27;[36m&amp;#27;[1m2020-01-01&amp;#27;[0m&amp;#27;[36m date, &amp;#27;[0m&amp;#27;[36m&amp;#27;[1m2021-02-02&amp;#27;[0m&amp;#27;[36m date and &amp;#27;[0m&amp;#27;[36m&amp;#27;[1m27&amp;#27;[0m                               &amp;#27;[90m# CreateNewComputer_Steps.iEnterValidIntroducedDateDiscontinuedDateAndCompany(String,String,String)&amp;#27;[0m
    &amp;#27;[36mWhen &amp;#27;[0m&amp;#27;[36mI click on the button Save this computer&amp;#27;[0m                                           &amp;#27;[90m# EditComputer_Steps.iClickOnTheButtonSaveThisComputer()&amp;#27;[0m
    &amp;#27;[36mThen &amp;#27;[0m&amp;#27;[36mI will not be able to update computer&amp;#27;[0m                                              &amp;#27;[90m# EditComputer_Steps.iWillNotBeAbleToUpdateComputer()&amp;#27;[0m
    &amp;#27;[36mAnd &amp;#27;[0m&amp;#27;[36mI will see required field &quot;Computer name&quot; highlighted in red&amp;#27;[0m                        &amp;#27;[90m# CreateNewComputer_Steps.iWillSeeRequiredFieldComputerNameHighlightedInRed()&amp;#27;[0m

  @browser
  Scenario Outline: Verify that user is unable to update computer with wrong date format for Introduced	date field &amp;#27;[90m# EditComputer.feature:27&amp;#27;[0m
    &amp;#27;[36mAnd &amp;#27;[0m&amp;#27;[36mI enter &lt;name&gt; in Computer name field&amp;#27;[0m
    &amp;#27;[36mAnd &amp;#27;[0m&amp;#27;[36mI enter wrong &lt;date&gt; format for Introduced date field&amp;#27;[0m
    &amp;#27;[36mAnd &amp;#27;[0m&amp;#27;[36mI enter valid &lt;discontinued&gt; Discontinued date and &lt;companyBrand&gt;&amp;#27;[0m
    &amp;#27;[36mWhen &amp;#27;[0m&amp;#27;[36mI click on the button Save this computer&amp;#27;[0m
    &amp;#27;[36mThen &amp;#27;[0m&amp;#27;[36mI will not be able to update computer&amp;#27;[0m
    &amp;#27;[36mAnd &amp;#27;[0m&amp;#27;[36mI will see &quot;Introduced date&quot; field highlighted in red&amp;#27;[0m

    Examples: 
</system-out>
    <system-err>[main] INFO io.github.bonigarcia.wdm.WebDriverManager - Using chromedriver 99.0.4844.51 (since Google Chrome 99 is installed in your machine)
[main] INFO io.github.bonigarcia.wdm.WebDriverManager - Exporting webdriver.chrome.driver as C:\Users\marijas\.m2\repository\webdriver\chromedriver\win32\99.0.4844.51\chromedriver.exe
Mar 22, 2022 12:42:04 PM element.Navigate goToUrl
INFO: Navigate to Url: http://computer-database.herokuapp.com/computers
</system-err>
  </testcase>
  <testcase classname="| test | 01-01-2021 | 2021-01-01 | 1 |" name="| test | 01-01-2021 | 2021-01-01 | 1 |" time="0">
    <error message="no such window: target window already closed
from unknown error: web view not found
  (Session info: chrome=99.0.4844.74)
Build info: version: &apos;3.12.0&apos;, revision: &apos;7c6e0b3&apos;, time: &apos;2018-05-08T14:04:26.12Z&apos;
System info: host: &apos;GS-ARI7C&apos;, ip: &apos;172.19.128.1&apos;, os.name: &apos;Windows 10&apos;, os.arch: &apos;amd64&apos;, os.version: &apos;10.0&apos;, java.version: &apos;1.8.0_291&apos;
Driver info: org.openqa.selenium.chrome.ChromeDriver
Capabilities {acceptInsecureCerts: false, browserName: chrome, browserVersion: 99.0.4844.74, chrome: {chromedriverVersion: 99.0.4844.51 (d537ec02474b5..., userDataDir: C:\Users\marijas\AppData\Lo...}, goog:chromeOptions: {debuggerAddress: localhost:55584}, javascriptEnabled: true, networkConnectionEnabled: false, pageLoadStrategy: normal, platform: WINDOWS, platformName: WINDOWS, proxy: Proxy(), setWindowRect: true, strictFileInteractability: false, timeouts: {implicit: 0, pageLoad: 300000, script: 30000}, unhandledPromptBehavior: dismiss and notify, webauthn:extension:credBlob: true, webauthn:extension:largeBlob: true, webauthn:virtualAuthenticators: true}
Session ID: 58b094ae2f81675239d9e3dc93bbd796" type="org.openqa.selenium.NoSuchWindowException">org.openqa.selenium.NoSuchWindowException: no such window: target window already closed
from unknown error: web view not found
  (Session info: chrome=99.0.4844.74)
Build info: version: &apos;3.12.0&apos;, revision: &apos;7c6e0b3&apos;, time: &apos;2018-05-08T14:04:26.12Z&apos;
System info: host: &apos;GS-ARI7C&apos;, ip: &apos;172.19.128.1&apos;, os.name: &apos;Windows 10&apos;, os.arch: &apos;amd64&apos;, os.version: &apos;10.0&apos;, java.version: &apos;1.8.0_291&apos;
Driver info: org.openqa.selenium.chrome.ChromeDriver
Capabilities {acceptInsecureCerts: false, browserName: chrome, browserVersion: 99.0.4844.74, chrome: {chromedriverVersion: 99.0.4844.51 (d537ec02474b5..., userDataDir: C:\Users\marijas\AppData\Lo...}, goog:chromeOptions: {debuggerAddress: localhost:55584}, javascriptEnabled: true, networkConnectionEnabled: false, pageLoadStrategy: normal, platform: WINDOWS, platformName: WINDOWS, proxy: Proxy(), setWindowRect: true, strictFileInteractability: false, timeouts: {implicit: 0, pageLoad: 300000, script: 30000}, unhandledPromptBehavior: dismiss and notify, webauthn:extension:credBlob: true, webauthn:extension:largeBlob: true, webauthn:virtualAuthenticators: true}
Session ID: 58b094ae2f81675239d9e3dc93bbd796
	at sun.reflect.GeneratedConstructorAccessor22.newInstance(Unknown Source)
	at sun.reflect.DelegatingConstructorAccessorImpl.newInstance(DelegatingConstructorAccessorImpl.java:45)
	at java.lang.reflect.Constructor.newInstance(Constructor.java:423)
	at org.openqa.selenium.remote.http.W3CHttpResponseCodec.createException(W3CHttpResponseCodec.java:187)
	at org.openqa.selenium.remote.http.W3CHttpResponseCodec.decode(W3CHttpResponseCodec.java:122)
	at org.openqa.selenium.remote.http.W3CHttpResponseCodec.decode(W3CHttpResponseCodec.java:49)
	at org.openqa.selenium.remote.HttpCommandExecutor.execute(HttpCommandExecutor.java:158)
	at org.openqa.selenium.remote.service.DriverCommandExecutor.execute(DriverCommandExecutor.java:83)
	at org.openqa.selenium.remote.RemoteWebDriver.execute(RemoteWebDriver.java:543)
	at org.openqa.selenium.remote.RemoteWebDriver.get(RemoteWebDriver.java:271)
	at element.Navigate.goToUrl(Navigate.java:11)
	at pages.CreateFormPage.navigateToEnv(CreateFormPage.java:35)
	at steps.CreateNewComputer_Steps.iAmOnTheComputerDatabaseList(CreateNewComputer_Steps.java:22)
	at ✽.Given I am on the computer database list(EditComputer.feature:4)
</error>
  </testcase>
  <testcase classname="| test | 01-01-2021 | 2021-01-01 | 1 |" name="And I click on the computer from the list" time="0">
    <skipped/>
  </testcase>
  <testcase classname="| test | 01-01-2021 | 2021-01-01 | 1 |" name="And I enter test in Computer name field" time="0.02">
    <skipped/>
    <system-out>
  Background:                                 &amp;#27;[90m# EditComputer.feature:3&amp;#27;[0m
    &amp;#27;[31mGiven &amp;#27;[0m&amp;#27;[31mI am on the computer database list&amp;#27;[0m  &amp;#27;[90m# CreateNewComputer_Steps.iAmOnTheComputerDatabaseList()&amp;#27;[0m
      &amp;#27;[31morg.openqa.selenium.NoSuchWindowException: no such window: target window already closed
      from unknown error: web view not found
        (Session info: chrome=99.0.4844.74)
      Build info: version: &apos;3.12.0&apos;, revision: &apos;7c6e0b3&apos;, time: &apos;2018-05-08T14:04:26.12Z&apos;
      System info: host: &apos;GS-ARI7C&apos;, ip: &apos;172.19.128.1&apos;, os.name: &apos;Windows 10&apos;, os.arch: &apos;amd64&apos;, os.version: &apos;10.0&apos;, java.version: &apos;1.8.0_291&apos;
      Driver info: org.openqa.selenium.chrome.ChromeDriver
      Capabilities {acceptInsecureCerts: false, browserName: chrome, browserVersion: 99.0.4844.74, chrome: {chromedriverVersion: 99.0.4844.51 (d537ec02474b5..., userDataDir: C:\Users\marijas\AppData\Lo...}, goog:chromeOptions: {debuggerAddress: localhost:55584}, javascriptEnabled: true, networkConnectionEnabled: false, pageLoadStrategy: normal, platform: WINDOWS, platformName: WINDOWS, proxy: Proxy(), setWindowRect: true, strictFileInteractability: false, timeouts: {implicit: 0, pageLoad: 300000, script: 30000}, unhandledPromptBehavior: dismiss and notify, webauthn:extension:credBlob: true, webauthn:extension:largeBlob: true, webauthn:virtualAuthenticators: true}
      Session ID: 58b094ae2f81675239d9e3dc93bbd796
      	at sun.reflect.GeneratedConstructorAccessor22.newInstance(Unknown Source)
      	at sun.reflect.DelegatingConstructorAccessorImpl.newInstance(DelegatingConstructorAccessorImpl.java:45)
      	at java.lang.reflect.Constructor.newInstance(Constructor.java:423)
      	at org.openqa.selenium.remote.http.W3CHttpResponseCodec.createException(W3CHttpResponseCodec.java:187)
      	at org.openqa.selenium.remote.http.W3CHttpResponseCodec.decode(W3CHttpResponseCodec.java:122)
      	at org.openqa.selenium.remote.http.W3CHttpResponseCodec.decode(W3CHttpResponseCodec.java:49)
      	at org.openqa.selenium.remote.HttpCommandExecutor.execute(HttpCommandExecutor.java:158)
      	at org.openqa.selenium.remote.service.DriverCommandExecutor.execute(DriverCommandExecutor.java:83)
      	at org.openqa.selenium.remote.RemoteWebDriver.execute(RemoteWebDriver.java:543)
      	at org.openqa.selenium.remote.RemoteWebDriver.get(RemoteWebDriver.java:271)
      	at element.Navigate.goToUrl(Navigate.java:11)
      	at pages.CreateFormPage.navigateToEnv(CreateFormPage.java:35)
      	at steps.CreateNewComputer_Steps.iAmOnTheComputerDatabaseList(CreateNewComputer_Steps.java:22)
      	at ?.Given I am on the computer database list(EditComputer.feature:4)
      &amp;#27;[0m
    &amp;#27;[36mAnd &amp;#27;[0m&amp;#27;[36mI click on the computer from the list&amp;#27;[0m &amp;#27;[90m# EditComputer_Steps.iClickOnTheButtonAddNewComputer()&amp;#27;[0m
</system-out>
  </testcase>
  <testcase classname="| test | 01-01-2021 | 2021-01-01 | 1 |" name="And I enter wrong 01-01-2021 format for Introduced date field" time="0.02">
    <skipped/>
  </testcase>
  <testcase classname="| test | 01-01-2021 | 2021-01-01 | 1 |" name="And I enter valid 2021-01-01 Discontinued date and 1" time="0.02">
    <skipped/>
  </testcase>
  <testcase classname="| test | 01-01-2021 | 2021-01-01 | 1 |" name="When I click on the button Save this computer" time="0.02">
    <skipped/>
  </testcase>
  <testcase classname="| test | 01-01-2021 | 2021-01-01 | 1 |" name="Then I will not be able to update computer" time="0.02">
    <skipped/>
  </testcase>
  <testcase classname="| test | 01-01-2021 | 2021-01-01 | 1 |" name="And I will see &quot;Introduced date&quot; field highlighted in red" time="0.02">
    <skipped/>
  </testcase>
  <testcase classname="| test1 | Jun | 2020-05-05 | 3 |" name="Given I am on the computer database list" time="0">
    <error message="no such window: target window already closed
from unknown error: web view not found
  (Session info: chrome=99.0.4844.74)
Build info: version: &apos;3.12.0&apos;, revision: &apos;7c6e0b3&apos;, time: &apos;2018-05-08T14:04:26.12Z&apos;
System info: host: &apos;GS-ARI7C&apos;, ip: &apos;172.19.128.1&apos;, os.name: &apos;Windows 10&apos;, os.arch: &apos;amd64&apos;, os.version: &apos;10.0&apos;, java.version: &apos;1.8.0_291&apos;
Driver info: org.openqa.selenium.chrome.ChromeDriver
Capabilities {acceptInsecureCerts: false, browserName: chrome, browserVersion: 99.0.4844.74, chrome: {chromedriverVersion: 99.0.4844.51 (d537ec02474b5..., userDataDir: C:\Users\marijas\AppData\Lo...}, goog:chromeOptions: {debuggerAddress: localhost:55584}, javascriptEnabled: true, networkConnectionEnabled: false, pageLoadStrategy: normal, platform: WINDOWS, platformName: WINDOWS, proxy: Proxy(), setWindowRect: true, strictFileInteractability: false, timeouts: {implicit: 0, pageLoad: 300000, script: 30000}, unhandledPromptBehavior: dismiss and notify, webauthn:extension:credBlob: true, webauthn:extension:largeBlob: true, webauthn:virtualAuthenticators: true}
Session ID: 58b094ae2f81675239d9e3dc93bbd796" type="org.openqa.selenium.NoSuchWindowException">org.openqa.selenium.NoSuchWindowException: no such window: target window already closed
from unknown error: web view not found
  (Session info: chrome=99.0.4844.74)
Build info: version: &apos;3.12.0&apos;, revision: &apos;7c6e0b3&apos;, time: &apos;2018-05-08T14:04:26.12Z&apos;
System info: host: &apos;GS-ARI7C&apos;, ip: &apos;172.19.128.1&apos;, os.name: &apos;Windows 10&apos;, os.arch: &apos;amd64&apos;, os.version: &apos;10.0&apos;, java.version: &apos;1.8.0_291&apos;
Driver info: org.openqa.selenium.chrome.ChromeDriver
Capabilities {acceptInsecureCerts: false, browserName: chrome, browserVersion: 99.0.4844.74, chrome: {chromedriverVersion: 99.0.4844.51 (d537ec02474b5..., userDataDir: C:\Users\marijas\AppData\Lo...}, goog:chromeOptions: {debuggerAddress: localhost:55584}, javascriptEnabled: true, networkConnectionEnabled: false, pageLoadStrategy: normal, platform: WINDOWS, platformName: WINDOWS, proxy: Proxy(), setWindowRect: true, strictFileInteractability: false, timeouts: {implicit: 0, pageLoad: 300000, script: 30000}, unhandledPromptBehavior: dismiss and notify, webauthn:extension:credBlob: true, webauthn:extension:largeBlob: true, webauthn:virtualAuthenticators: true}
Session ID: 58b094ae2f81675239d9e3dc93bbd796
	at sun.reflect.GeneratedConstructorAccessor22.newInstance(Unknown Source)
	at sun.reflect.DelegatingConstructorAccessorImpl.newInstance(DelegatingConstructorAccessorImpl.java:45)
	at java.lang.reflect.Constructor.newInstance(Constructor.java:423)
	at org.openqa.selenium.remote.http.W3CHttpResponseCodec.createException(W3CHttpResponseCodec.java:187)
	at org.openqa.selenium.remote.http.W3CHttpResponseCodec.decode(W3CHttpResponseCodec.java:122)
	at org.openqa.selenium.remote.http.W3CHttpResponseCodec.decode(W3CHttpResponseCodec.java:49)
	at org.openqa.selenium.remote.HttpCommandExecutor.execute(HttpCommandExecutor.java:158)
	at org.openqa.selenium.remote.service.DriverCommandExecutor.execute(DriverCommandExecutor.java:83)
	at org.openqa.selenium.remote.RemoteWebDriver.execute(RemoteWebDriver.java:543)
	at org.openqa.selenium.remote.RemoteWebDriver.get(RemoteWebDriver.java:271)
	at element.Navigate.goToUrl(Navigate.java:11)
	at pages.CreateFormPage.navigateToEnv(CreateFormPage.java:35)
	at steps.CreateNewComputer_Steps.iAmOnTheComputerDatabaseList(CreateNewComputer_Steps.java:22)
	at ✽.Given I am on the computer database list(EditComputer.feature:4)
</error>
    <system-out>
  @browser
  Scenario Outline: Verify that user is unable to update computer with wrong date format for Introduced	date field &amp;#27;[90m# EditComputer.feature:37&amp;#27;[0m
    &amp;#27;[36mAnd &amp;#27;[0m&amp;#27;[36mI enter &amp;#27;[0m&amp;#27;[36m&amp;#27;[1mtest&amp;#27;[0m&amp;#27;[36m in Computer name field&amp;#27;[0m                                                                        &amp;#27;[90m# CreateNewComputer_Steps.iEnterNameInComputerFieldName(String)&amp;#27;[0m
    &amp;#27;[36mAnd &amp;#27;[0m&amp;#27;[36mI enter wrong &amp;#27;[0m&amp;#27;[36m&amp;#27;[1m01-01-2021&amp;#27;[0m&amp;#27;[36m format for Introduced date field&amp;#27;[0m                                                  &amp;#27;[90m# CreateNewComputer_Steps.iEnterWrongDateFormatForIntroducedDateField(String)&amp;#27;[0m
    &amp;#27;[36mAnd &amp;#27;[0m&amp;#27;[36mI enter valid &amp;#27;[0m&amp;#27;[36m&amp;#27;[1m2021-01-01&amp;#27;[0m&amp;#27;[36m Discontinued date and &amp;#27;[0m&amp;#27;[36m&amp;#27;[1m1&amp;#27;[0m                                                           &amp;#27;[90m# CreateNewComputer_Steps.iEnterValidDataForTheRestOfOptionalFields1(String,String)&amp;#27;[0m
    &amp;#27;[36mWhen &amp;#27;[0m&amp;#27;[36mI click on the button Save this computer&amp;#27;[0m                                                                  &amp;#27;[90m# EditComputer_Steps.iClickOnTheButtonSaveThisComputer()&amp;#27;[0m
    &amp;#27;[36mThen &amp;#27;[0m&amp;#27;[36mI will not be able to update computer&amp;#27;[0m                                                                     &amp;#27;[90m# EditComputer_Steps.iWillNotBeAbleToUpdateComputer()&amp;#27;[0m
    &amp;#27;[36mAnd &amp;#27;[0m&amp;#27;[36mI will see &quot;Introduced date&quot; field highlighted in red&amp;#27;[0m                                                      &amp;#27;[90m# CreateNewComputer_Steps.iWillSeeIntroducedDateFieldHighlightedInRed()&amp;#27;[0m
</system-out>
    <system-err>[main] INFO io.github.bonigarcia.wdm.WebDriverManager - Using chromedriver 99.0.4844.51 (since Google Chrome 99 is installed in your machine)
[main] INFO io.github.bonigarcia.wdm.WebDriverManager - Exporting webdriver.chrome.driver as C:\Users\marijas\.m2\repository\webdriver\chromedriver\win32\99.0.4844.51\chromedriver.exe
Mar 22, 2022 12:42:04 PM element.Navigate goToUrl
INFO: Navigate to Url: http://computer-database.herokuapp.com/computers
</system-err>
  </testcase>
  <testcase classname="| test1 | Jun | 2020-05-05 | 3 |" name="| test1 | Jun | 2020-05-05 | 3 |" time="0">
    <error message="no such window: target window already closed
from unknown error: web view not found
  (Session info: chrome=99.0.4844.74)
Build info: version: &apos;3.12.0&apos;, revision: &apos;7c6e0b3&apos;, time: &apos;2018-05-08T14:04:26.12Z&apos;
System info: host: &apos;GS-ARI7C&apos;, ip: &apos;172.19.128.1&apos;, os.name: &apos;Windows 10&apos;, os.arch: &apos;amd64&apos;, os.version: &apos;10.0&apos;, java.version: &apos;1.8.0_291&apos;
Driver info: org.openqa.selenium.chrome.ChromeDriver
Capabilities {acceptInsecureCerts: false, browserName: chrome, browserVersion: 99.0.4844.74, chrome: {chromedriverVersion: 99.0.4844.51 (d537ec02474b5..., userDataDir: C:\Users\marijas\AppData\Lo...}, goog:chromeOptions: {debuggerAddress: localhost:55584}, javascriptEnabled: true, networkConnectionEnabled: false, pageLoadStrategy: normal, platform: WINDOWS, platformName: WINDOWS, proxy: Proxy(), setWindowRect: true, strictFileInteractability: false, timeouts: {implicit: 0, pageLoad: 300000, script: 30000}, unhandledPromptBehavior: dismiss and notify, webauthn:extension:credBlob: true, webauthn:extension:largeBlob: true, webauthn:virtualAuthenticators: true}
Session ID: 58b094ae2f81675239d9e3dc93bbd796" type="org.openqa.selenium.NoSuchWindowException">org.openqa.selenium.NoSuchWindowException: no such window: target window already closed
from unknown error: web view not found
  (Session info: chrome=99.0.4844.74)
Build info: version: &apos;3.12.0&apos;, revision: &apos;7c6e0b3&apos;, time: &apos;2018-05-08T14:04:26.12Z&apos;
System info: host: &apos;GS-ARI7C&apos;, ip: &apos;172.19.128.1&apos;, os.name: &apos;Windows 10&apos;, os.arch: &apos;amd64&apos;, os.version: &apos;10.0&apos;, java.version: &apos;1.8.0_291&apos;
Driver info: org.openqa.selenium.chrome.ChromeDriver
Capabilities {acceptInsecureCerts: false, browserName: chrome, browserVersion: 99.0.4844.74, chrome: {chromedriverVersion: 99.0.4844.51 (d537ec02474b5..., userDataDir: C:\Users\marijas\AppData\Lo...}, goog:chromeOptions: {debuggerAddress: localhost:55584}, javascriptEnabled: true, networkConnectionEnabled: false, pageLoadStrategy: normal, platform: WINDOWS, platformName: WINDOWS, proxy: Proxy(), setWindowRect: true, strictFileInteractability: false, timeouts: {implicit: 0, pageLoad: 300000, script: 30000}, unhandledPromptBehavior: dismiss and notify, webauthn:extension:credBlob: true, webauthn:extension:largeBlob: true, webauthn:virtualAuthenticators: true}
Session ID: 58b094ae2f81675239d9e3dc93bbd796
	at sun.reflect.GeneratedConstructorAccessor22.newInstance(Unknown Source)
	at sun.reflect.DelegatingConstructorAccessorImpl.newInstance(DelegatingConstructorAccessorImpl.java:45)
	at java.lang.reflect.Constructor.newInstance(Constructor.java:423)
	at org.openqa.selenium.remote.http.W3CHttpResponseCodec.createException(W3CHttpResponseCodec.java:187)
	at org.openqa.selenium.remote.http.W3CHttpResponseCodec.decode(W3CHttpResponseCodec.java:122)
	at org.openqa.selenium.remote.http.W3CHttpResponseCodec.decode(W3CHttpResponseCodec.java:49)
	at org.openqa.selenium.remote.HttpCommandExecutor.execute(HttpCommandExecutor.java:158)
	at org.openqa.selenium.remote.service.DriverCommandExecutor.execute(DriverCommandExecutor.java:83)
	at org.openqa.selenium.remote.RemoteWebDriver.execute(RemoteWebDriver.java:543)
	at org.openqa.selenium.remote.RemoteWebDriver.get(RemoteWebDriver.java:271)
	at element.Navigate.goToUrl(Navigate.java:11)
	at pages.CreateFormPage.navigateToEnv(CreateFormPage.java:35)
	at steps.CreateNewComputer_Steps.iAmOnTheComputerDatabaseList(CreateNewComputer_Steps.java:22)
	at ✽.Given I am on the computer database list(EditComputer.feature:4)
</error>
  </testcase>
  <testcase classname="| test1 | Jun | 2020-05-05 | 3 |" name="And I click on the computer from the list" time="0.001">
    <skipped/>
  </testcase>
  <testcase classname="| test1 | Jun | 2020-05-05 | 3 |" name="And I enter test1 in Computer name field" time="0.021">
    <skipped/>
    <system-out>
  Background:                                 &amp;#27;[90m# EditComputer.feature:3&amp;#27;[0m
    &amp;#27;[31mGiven &amp;#27;[0m&amp;#27;[31mI am on the computer database list&amp;#27;[0m  &amp;#27;[90m# CreateNewComputer_Steps.iAmOnTheComputerDatabaseList()&amp;#27;[0m
      &amp;#27;[31morg.openqa.selenium.NoSuchWindowException: no such window: target window already closed
      from unknown error: web view not found
        (Session info: chrome=99.0.4844.74)
      Build info: version: &apos;3.12.0&apos;, revision: &apos;7c6e0b3&apos;, time: &apos;2018-05-08T14:04:26.12Z&apos;
      System info: host: &apos;GS-ARI7C&apos;, ip: &apos;172.19.128.1&apos;, os.name: &apos;Windows 10&apos;, os.arch: &apos;amd64&apos;, os.version: &apos;10.0&apos;, java.version: &apos;1.8.0_291&apos;
      Driver info: org.openqa.selenium.chrome.ChromeDriver
      Capabilities {acceptInsecureCerts: false, browserName: chrome, browserVersion: 99.0.4844.74, chrome: {chromedriverVersion: 99.0.4844.51 (d537ec02474b5..., userDataDir: C:\Users\marijas\AppData\Lo...}, goog:chromeOptions: {debuggerAddress: localhost:55584}, javascriptEnabled: true, networkConnectionEnabled: false, pageLoadStrategy: normal, platform: WINDOWS, platformName: WINDOWS, proxy: Proxy(), setWindowRect: true, strictFileInteractability: false, timeouts: {implicit: 0, pageLoad: 300000, script: 30000}, unhandledPromptBehavior: dismiss and notify, webauthn:extension:credBlob: true, webauthn:extension:largeBlob: true, webauthn:virtualAuthenticators: true}
      Session ID: 58b094ae2f81675239d9e3dc93bbd796
      	at sun.reflect.GeneratedConstructorAccessor22.newInstance(Unknown Source)
      	at sun.reflect.DelegatingConstructorAccessorImpl.newInstance(DelegatingConstructorAccessorImpl.java:45)
      	at java.lang.reflect.Constructor.newInstance(Constructor.java:423)
      	at org.openqa.selenium.remote.http.W3CHttpResponseCodec.createException(W3CHttpResponseCodec.java:187)
      	at org.openqa.selenium.remote.http.W3CHttpResponseCodec.decode(W3CHttpResponseCodec.java:122)
      	at org.openqa.selenium.remote.http.W3CHttpResponseCodec.decode(W3CHttpResponseCodec.java:49)
      	at org.openqa.selenium.remote.HttpCommandExecutor.execute(HttpCommandExecutor.java:158)
      	at org.openqa.selenium.remote.service.DriverCommandExecutor.execute(DriverCommandExecutor.java:83)
      	at org.openqa.selenium.remote.RemoteWebDriver.execute(RemoteWebDriver.java:543)
      	at org.openqa.selenium.remote.RemoteWebDriver.get(RemoteWebDriver.java:271)
      	at element.Navigate.goToUrl(Navigate.java:11)
      	at pages.CreateFormPage.navigateToEnv(CreateFormPage.java:35)
      	at steps.CreateNewComputer_Steps.iAmOnTheComputerDatabaseList(CreateNewComputer_Steps.java:22)
      	at ?.Given I am on the computer database list(EditComputer.feature:4)
      &amp;#27;[0m
    &amp;#27;[36mAnd &amp;#27;[0m&amp;#27;[36mI click on the computer from the list&amp;#27;[0m &amp;#27;[90m# EditComputer_Steps.iClickOnTheButtonAddNewComputer()&amp;#27;[0m
</system-out>
  </testcase>
  <testcase classname="| test1 | Jun | 2020-05-05 | 3 |" name="And I enter wrong Jun format for Introduced date field" time="0.021">
    <skipped/>
  </testcase>
  <testcase classname="| test1 | Jun | 2020-05-05 | 3 |" name="And I enter valid 2020-05-05 Discontinued date and 3" time="0.021">
    <skipped/>
  </testcase>
  <testcase classname="| test1 | Jun | 2020-05-05 | 3 |" name="When I click on the button Save this computer" time="0.021">
    <skipped/>
  </testcase>
  <testcase classname="| test1 | Jun | 2020-05-05 | 3 |" name="Then I will not be able to update computer" time="0.021">
    <skipped/>
  </testcase>
  <testcase classname="| test1 | Jun | 2020-05-05 | 3 |" name="And I will see &quot;Introduced date&quot; field highlighted in red" time="0.021">
    <skipped/>
  </testcase>
  <testcase classname="| 123456 | 2021/01/01 | 2019-02-01 | 5 |" name="Given I am on the computer database list" time="0">
    <error message="no such window: target window already closed
from unknown error: web view not found
  (Session info: chrome=99.0.4844.74)
Build info: version: &apos;3.12.0&apos;, revision: &apos;7c6e0b3&apos;, time: &apos;2018-05-08T14:04:26.12Z&apos;
System info: host: &apos;GS-ARI7C&apos;, ip: &apos;172.19.128.1&apos;, os.name: &apos;Windows 10&apos;, os.arch: &apos;amd64&apos;, os.version: &apos;10.0&apos;, java.version: &apos;1.8.0_291&apos;
Driver info: org.openqa.selenium.chrome.ChromeDriver
Capabilities {acceptInsecureCerts: false, browserName: chrome, browserVersion: 99.0.4844.74, chrome: {chromedriverVersion: 99.0.4844.51 (d537ec02474b5..., userDataDir: C:\Users\marijas\AppData\Lo...}, goog:chromeOptions: {debuggerAddress: localhost:55584}, javascriptEnabled: true, networkConnectionEnabled: false, pageLoadStrategy: normal, platform: WINDOWS, platformName: WINDOWS, proxy: Proxy(), setWindowRect: true, strictFileInteractability: false, timeouts: {implicit: 0, pageLoad: 300000, script: 30000}, unhandledPromptBehavior: dismiss and notify, webauthn:extension:credBlob: true, webauthn:extension:largeBlob: true, webauthn:virtualAuthenticators: true}
Session ID: 58b094ae2f81675239d9e3dc93bbd796" type="org.openqa.selenium.NoSuchWindowException">org.openqa.selenium.NoSuchWindowException: no such window: target window already closed
from unknown error: web view not found
  (Session info: chrome=99.0.4844.74)
Build info: version: &apos;3.12.0&apos;, revision: &apos;7c6e0b3&apos;, time: &apos;2018-05-08T14:04:26.12Z&apos;
System info: host: &apos;GS-ARI7C&apos;, ip: &apos;172.19.128.1&apos;, os.name: &apos;Windows 10&apos;, os.arch: &apos;amd64&apos;, os.version: &apos;10.0&apos;, java.version: &apos;1.8.0_291&apos;
Driver info: org.openqa.selenium.chrome.ChromeDriver
Capabilities {acceptInsecureCerts: false, browserName: chrome, browserVersion: 99.0.4844.74, chrome: {chromedriverVersion: 99.0.4844.51 (d537ec02474b5..., userDataDir: C:\Users\marijas\AppData\Lo...}, goog:chromeOptions: {debuggerAddress: localhost:55584}, javascriptEnabled: true, networkConnectionEnabled: false, pageLoadStrategy: normal, platform: WINDOWS, platformName: WINDOWS, proxy: Proxy(), setWindowRect: true, strictFileInteractability: false, timeouts: {implicit: 0, pageLoad: 300000, script: 30000}, unhandledPromptBehavior: dismiss and notify, webauthn:extension:credBlob: true, webauthn:extension:largeBlob: true, webauthn:virtualAuthenticators: true}
Session ID: 58b094ae2f81675239d9e3dc93bbd796
	at sun.reflect.GeneratedConstructorAccessor22.newInstance(Unknown Source)
	at sun.reflect.DelegatingConstructorAccessorImpl.newInstance(DelegatingConstructorAccessorImpl.java:45)
	at java.lang.reflect.Constructor.newInstance(Constructor.java:423)
	at org.openqa.selenium.remote.http.W3CHttpResponseCodec.createException(W3CHttpResponseCodec.java:187)
	at org.openqa.selenium.remote.http.W3CHttpResponseCodec.decode(W3CHttpResponseCodec.java:122)
	at org.openqa.selenium.remote.http.W3CHttpResponseCodec.decode(W3CHttpResponseCodec.java:49)
	at org.openqa.selenium.remote.HttpCommandExecutor.execute(HttpCommandExecutor.java:158)
	at org.openqa.selenium.remote.service.DriverCommandExecutor.execute(DriverCommandExecutor.java:83)
	at org.openqa.selenium.remote.RemoteWebDriver.execute(RemoteWebDriver.java:543)
	at org.openqa.selenium.remote.RemoteWebDriver.get(RemoteWebDriver.java:271)
	at element.Navigate.goToUrl(Navigate.java:11)
	at pages.CreateFormPage.navigateToEnv(CreateFormPage.java:35)
	at steps.CreateNewComputer_Steps.iAmOnTheComputerDatabaseList(CreateNewComputer_Steps.java:22)
	at ✽.Given I am on the computer database list(EditComputer.feature:4)
</error>
    <system-out>
  @browser
  Scenario Outline: Verify that user is unable to update computer with wrong date format for Introduced	date field &amp;#27;[90m# EditComputer.feature:38&amp;#27;[0m
    &amp;#27;[36mAnd &amp;#27;[0m&amp;#27;[36mI enter &amp;#27;[0m&amp;#27;[36m&amp;#27;[1mtest1&amp;#27;[0m&amp;#27;[36m in Computer name field&amp;#27;[0m                                                                       &amp;#27;[90m# CreateNewComputer_Steps.iEnterNameInComputerFieldName(String)&amp;#27;[0m
    &amp;#27;[36mAnd &amp;#27;[0m&amp;#27;[36mI enter wrong &amp;#27;[0m&amp;#27;[36m&amp;#27;[1mJun&amp;#27;[0m&amp;#27;[36m format for Introduced date field&amp;#27;[0m                                                         &amp;#27;[90m# CreateNewComputer_Steps.iEnterWrongDateFormatForIntroducedDateField(String)&amp;#27;[0m
    &amp;#27;[36mAnd &amp;#27;[0m&amp;#27;[36mI enter valid &amp;#27;[0m&amp;#27;[36m&amp;#27;[1m2020-05-05&amp;#27;[0m&amp;#27;[36m Discontinued date and &amp;#27;[0m&amp;#27;[36m&amp;#27;[1m3&amp;#27;[0m                                                           &amp;#27;[90m# CreateNewComputer_Steps.iEnterValidDataForTheRestOfOptionalFields1(String,String)&amp;#27;[0m
    &amp;#27;[36mWhen &amp;#27;[0m&amp;#27;[36mI click on the button Save this computer&amp;#27;[0m                                                                  &amp;#27;[90m# EditComputer_Steps.iClickOnTheButtonSaveThisComputer()&amp;#27;[0m
    &amp;#27;[36mThen &amp;#27;[0m&amp;#27;[36mI will not be able to update computer&amp;#27;[0m                                                                     &amp;#27;[90m# EditComputer_Steps.iWillNotBeAbleToUpdateComputer()&amp;#27;[0m
    &amp;#27;[36mAnd &amp;#27;[0m&amp;#27;[36mI will see &quot;Introduced date&quot; field highlighted in red&amp;#27;[0m                                                      &amp;#27;[90m# CreateNewComputer_Steps.iWillSeeIntroducedDateFieldHighlightedInRed()&amp;#27;[0m
</system-out>
    <system-err>[main] INFO io.github.bonigarcia.wdm.WebDriverManager - Using chromedriver 99.0.4844.51 (since Google Chrome 99 is installed in your machine)
[main] INFO io.github.bonigarcia.wdm.WebDriverManager - Exporting webdriver.chrome.driver as C:\Users\marijas\.m2\repository\webdriver\chromedriver\win32\99.0.4844.51\chromedriver.exe
Mar 22, 2022 12:42:04 PM element.Navigate goToUrl
INFO: Navigate to Url: http://computer-database.herokuapp.com/computers
</system-err>
  </testcase>
  <testcase classname="| 123456 | 2021/01/01 | 2019-02-01 | 5 |" name="| 123456 | 2021/01/01 | 2019-02-01 | 5 |" time="0">
    <error message="no such window: target window already closed
from unknown error: web view not found
  (Session info: chrome=99.0.4844.74)
Build info: version: &apos;3.12.0&apos;, revision: &apos;7c6e0b3&apos;, time: &apos;2018-05-08T14:04:26.12Z&apos;
System info: host: &apos;GS-ARI7C&apos;, ip: &apos;172.19.128.1&apos;, os.name: &apos;Windows 10&apos;, os.arch: &apos;amd64&apos;, os.version: &apos;10.0&apos;, java.version: &apos;1.8.0_291&apos;
Driver info: org.openqa.selenium.chrome.ChromeDriver
Capabilities {acceptInsecureCerts: false, browserName: chrome, browserVersion: 99.0.4844.74, chrome: {chromedriverVersion: 99.0.4844.51 (d537ec02474b5..., userDataDir: C:\Users\marijas\AppData\Lo...}, goog:chromeOptions: {debuggerAddress: localhost:55584}, javascriptEnabled: true, networkConnectionEnabled: false, pageLoadStrategy: normal, platform: WINDOWS, platformName: WINDOWS, proxy: Proxy(), setWindowRect: true, strictFileInteractability: false, timeouts: {implicit: 0, pageLoad: 300000, script: 30000}, unhandledPromptBehavior: dismiss and notify, webauthn:extension:credBlob: true, webauthn:extension:largeBlob: true, webauthn:virtualAuthenticators: true}
Session ID: 58b094ae2f81675239d9e3dc93bbd796" type="org.openqa.selenium.NoSuchWindowException">org.openqa.selenium.NoSuchWindowException: no such window: target window already closed
from unknown error: web view not found
  (Session info: chrome=99.0.4844.74)
Build info: version: &apos;3.12.0&apos;, revision: &apos;7c6e0b3&apos;, time: &apos;2018-05-08T14:04:26.12Z&apos;
System info: host: &apos;GS-ARI7C&apos;, ip: &apos;172.19.128.1&apos;, os.name: &apos;Windows 10&apos;, os.arch: &apos;amd64&apos;, os.version: &apos;10.0&apos;, java.version: &apos;1.8.0_291&apos;
Driver info: org.openqa.selenium.chrome.ChromeDriver
Capabilities {acceptInsecureCerts: false, browserName: chrome, browserVersion: 99.0.4844.74, chrome: {chromedriverVersion: 99.0.4844.51 (d537ec02474b5..., userDataDir: C:\Users\marijas\AppData\Lo...}, goog:chromeOptions: {debuggerAddress: localhost:55584}, javascriptEnabled: true, networkConnectionEnabled: false, pageLoadStrategy: normal, platform: WINDOWS, platformName: WINDOWS, proxy: Proxy(), setWindowRect: true, strictFileInteractability: false, timeouts: {implicit: 0, pageLoad: 300000, script: 30000}, unhandledPromptBehavior: dismiss and notify, webauthn:extension:credBlob: true, webauthn:extension:largeBlob: true, webauthn:virtualAuthenticators: true}
Session ID: 58b094ae2f81675239d9e3dc93bbd796
	at sun.reflect.GeneratedConstructorAccessor22.newInstance(Unknown Source)
	at sun.reflect.DelegatingConstructorAccessorImpl.newInstance(DelegatingConstructorAccessorImpl.java:45)
	at java.lang.reflect.Constructor.newInstance(Constructor.java:423)
	at org.openqa.selenium.remote.http.W3CHttpResponseCodec.createException(W3CHttpResponseCodec.java:187)
	at org.openqa.selenium.remote.http.W3CHttpResponseCodec.decode(W3CHttpResponseCodec.java:122)
	at org.openqa.selenium.remote.http.W3CHttpResponseCodec.decode(W3CHttpResponseCodec.java:49)
	at org.openqa.selenium.remote.HttpCommandExecutor.execute(HttpCommandExecutor.java:158)
	at org.openqa.selenium.remote.service.DriverCommandExecutor.execute(DriverCommandExecutor.java:83)
	at org.openqa.selenium.remote.RemoteWebDriver.execute(RemoteWebDriver.java:543)
	at org.openqa.selenium.remote.RemoteWebDriver.get(RemoteWebDriver.java:271)
	at element.Navigate.goToUrl(Navigate.java:11)
	at pages.CreateFormPage.navigateToEnv(CreateFormPage.java:35)
	at steps.CreateNewComputer_Steps.iAmOnTheComputerDatabaseList(CreateNewComputer_Steps.java:22)
	at ✽.Given I am on the computer database list(EditComputer.feature:4)
</error>
  </testcase>
  <testcase classname="| 123456 | 2021/01/01 | 2019-02-01 | 5 |" name="And I click on the computer from the list" time="0">
    <skipped/>
  </testcase>
  <testcase classname="| 123456 | 2021/01/01 | 2019-02-01 | 5 |" name="And I enter 123456 in Computer name field" time="0.019">
    <skipped/>
    <system-out>
  Background:                                 &amp;#27;[90m# EditComputer.feature:3&amp;#27;[0m
    &amp;#27;[31mGiven &amp;#27;[0m&amp;#27;[31mI am on the computer database list&amp;#27;[0m  &amp;#27;[90m# CreateNewComputer_Steps.iAmOnTheComputerDatabaseList()&amp;#27;[0m
      &amp;#27;[31morg.openqa.selenium.NoSuchWindowException: no such window: target window already closed
      from unknown error: web view not found
        (Session info: chrome=99.0.4844.74)
      Build info: version: &apos;3.12.0&apos;, revision: &apos;7c6e0b3&apos;, time: &apos;2018-05-08T14:04:26.12Z&apos;
      System info: host: &apos;GS-ARI7C&apos;, ip: &apos;172.19.128.1&apos;, os.name: &apos;Windows 10&apos;, os.arch: &apos;amd64&apos;, os.version: &apos;10.0&apos;, java.version: &apos;1.8.0_291&apos;
      Driver info: org.openqa.selenium.chrome.ChromeDriver
      Capabilities {acceptInsecureCerts: false, browserName: chrome, browserVersion: 99.0.4844.74, chrome: {chromedriverVersion: 99.0.4844.51 (d537ec02474b5..., userDataDir: C:\Users\marijas\AppData\Lo...}, goog:chromeOptions: {debuggerAddress: localhost:55584}, javascriptEnabled: true, networkConnectionEnabled: false, pageLoadStrategy: normal, platform: WINDOWS, platformName: WINDOWS, proxy: Proxy(), setWindowRect: true, strictFileInteractability: false, timeouts: {implicit: 0, pageLoad: 300000, script: 30000}, unhandledPromptBehavior: dismiss and notify, webauthn:extension:credBlob: true, webauthn:extension:largeBlob: true, webauthn:virtualAuthenticators: true}
      Session ID: 58b094ae2f81675239d9e3dc93bbd796
      	at sun.reflect.GeneratedConstructorAccessor22.newInstance(Unknown Source)
      	at sun.reflect.DelegatingConstructorAccessorImpl.newInstance(DelegatingConstructorAccessorImpl.java:45)
      	at java.lang.reflect.Constructor.newInstance(Constructor.java:423)
      	at org.openqa.selenium.remote.http.W3CHttpResponseCodec.createException(W3CHttpResponseCodec.java:187)
      	at org.openqa.selenium.remote.http.W3CHttpResponseCodec.decode(W3CHttpResponseCodec.java:122)
      	at org.openqa.selenium.remote.http.W3CHttpResponseCodec.decode(W3CHttpResponseCodec.java:49)
      	at org.openqa.selenium.remote.HttpCommandExecutor.execute(HttpCommandExecutor.java:158)
      	at org.openqa.selenium.remote.service.DriverCommandExecutor.execute(DriverCommandExecutor.java:83)
      	at org.openqa.selenium.remote.RemoteWebDriver.execute(RemoteWebDriver.java:543)
      	at org.openqa.selenium.remote.RemoteWebDriver.get(RemoteWebDriver.java:271)
      	at element.Navigate.goToUrl(Navigate.java:11)
      	at pages.CreateFormPage.navigateToEnv(CreateFormPage.java:35)
      	at steps.CreateNewComputer_Steps.iAmOnTheComputerDatabaseList(CreateNewComputer_Steps.java:22)
      	at ?.Given I am on the computer database list(EditComputer.feature:4)
      &amp;#27;[0m
    &amp;#27;[36mAnd &amp;#27;[0m&amp;#27;[36mI click on the computer from the list&amp;#27;[0m &amp;#27;[90m# EditComputer_Steps.iClickOnTheButtonAddNewComputer()&amp;#27;[0m
</system-out>
  </testcase>
  <testcase classname="| 123456 | 2021/01/01 | 2019-02-01 | 5 |" name="And I enter wrong 2021/01/01 format for Introduced date field" time="0.02">
    <skipped/>
  </testcase>
  <testcase classname="| 123456 | 2021/01/01 | 2019-02-01 | 5 |" name="And I enter valid 2019-02-01 Discontinued date and 5" time="0.02">
    <skipped/>
  </testcase>
  <testcase classname="| 123456 | 2021/01/01 | 2019-02-01 | 5 |" name="When I click on the button Save this computer" time="0.02">
    <skipped/>
  </testcase>
  <testcase classname="| 123456 | 2021/01/01 | 2019-02-01 | 5 |" name="Then I will not be able to update computer" time="0.02">
    <skipped/>
  </testcase>
  <testcase classname="| 123456 | 2021/01/01 | 2019-02-01 | 5 |" name="And I will see &quot;Introduced date&quot; field highlighted in red" time="0.02">
    <skipped/>
  </testcase>
  <testcase classname="| niña | 2021-Jan-01 | 2018-03-01 | 7 |" name="Given I am on the computer database list" time="0">
    <error message="no such window: target window already closed
from unknown error: web view not found
  (Session info: chrome=99.0.4844.74)
Build info: version: &apos;3.12.0&apos;, revision: &apos;7c6e0b3&apos;, time: &apos;2018-05-08T14:04:26.12Z&apos;
System info: host: &apos;GS-ARI7C&apos;, ip: &apos;172.19.128.1&apos;, os.name: &apos;Windows 10&apos;, os.arch: &apos;amd64&apos;, os.version: &apos;10.0&apos;, java.version: &apos;1.8.0_291&apos;
Driver info: org.openqa.selenium.chrome.ChromeDriver
Capabilities {acceptInsecureCerts: false, browserName: chrome, browserVersion: 99.0.4844.74, chrome: {chromedriverVersion: 99.0.4844.51 (d537ec02474b5..., userDataDir: C:\Users\marijas\AppData\Lo...}, goog:chromeOptions: {debuggerAddress: localhost:55584}, javascriptEnabled: true, networkConnectionEnabled: false, pageLoadStrategy: normal, platform: WINDOWS, platformName: WINDOWS, proxy: Proxy(), setWindowRect: true, strictFileInteractability: false, timeouts: {implicit: 0, pageLoad: 300000, script: 30000}, unhandledPromptBehavior: dismiss and notify, webauthn:extension:credBlob: true, webauthn:extension:largeBlob: true, webauthn:virtualAuthenticators: true}
Session ID: 58b094ae2f81675239d9e3dc93bbd796" type="org.openqa.selenium.NoSuchWindowException">org.openqa.selenium.NoSuchWindowException: no such window: target window already closed
from unknown error: web view not found
  (Session info: chrome=99.0.4844.74)
Build info: version: &apos;3.12.0&apos;, revision: &apos;7c6e0b3&apos;, time: &apos;2018-05-08T14:04:26.12Z&apos;
System info: host: &apos;GS-ARI7C&apos;, ip: &apos;172.19.128.1&apos;, os.name: &apos;Windows 10&apos;, os.arch: &apos;amd64&apos;, os.version: &apos;10.0&apos;, java.version: &apos;1.8.0_291&apos;
Driver info: org.openqa.selenium.chrome.ChromeDriver
Capabilities {acceptInsecureCerts: false, browserName: chrome, browserVersion: 99.0.4844.74, chrome: {chromedriverVersion: 99.0.4844.51 (d537ec02474b5..., userDataDir: C:\Users\marijas\AppData\Lo...}, goog:chromeOptions: {debuggerAddress: localhost:55584}, javascriptEnabled: true, networkConnectionEnabled: false, pageLoadStrategy: normal, platform: WINDOWS, platformName: WINDOWS, proxy: Proxy(), setWindowRect: true, strictFileInteractability: false, timeouts: {implicit: 0, pageLoad: 300000, script: 30000}, unhandledPromptBehavior: dismiss and notify, webauthn:extension:credBlob: true, webauthn:extension:largeBlob: true, webauthn:virtualAuthenticators: true}
Session ID: 58b094ae2f81675239d9e3dc93bbd796
	at sun.reflect.GeneratedConstructorAccessor22.newInstance(Unknown Source)
	at sun.reflect.DelegatingConstructorAccessorImpl.newInstance(DelegatingConstructorAccessorImpl.java:45)
	at java.lang.reflect.Constructor.newInstance(Constructor.java:423)
	at org.openqa.selenium.remote.http.W3CHttpResponseCodec.createException(W3CHttpResponseCodec.java:187)
	at org.openqa.selenium.remote.http.W3CHttpResponseCodec.decode(W3CHttpResponseCodec.java:122)
	at org.openqa.selenium.remote.http.W3CHttpResponseCodec.decode(W3CHttpResponseCodec.java:49)
	at org.openqa.selenium.remote.HttpCommandExecutor.execute(HttpCommandExecutor.java:158)
	at org.openqa.selenium.remote.service.DriverCommandExecutor.execute(DriverCommandExecutor.java:83)
	at org.openqa.selenium.remote.RemoteWebDriver.execute(RemoteWebDriver.java:543)
	at org.openqa.selenium.remote.RemoteWebDriver.get(RemoteWebDriver.java:271)
	at element.Navigate.goToUrl(Navigate.java:11)
	at pages.CreateFormPage.navigateToEnv(CreateFormPage.java:35)
	at steps.CreateNewComputer_Steps.iAmOnTheComputerDatabaseList(CreateNewComputer_Steps.java:22)
	at ✽.Given I am on the computer database list(EditComputer.feature:4)
</error>
    <system-out>
  @browser
  Scenario Outline: Verify that user is unable to update computer with wrong date format for Introduced	date field &amp;#27;[90m# EditComputer.feature:39&amp;#27;[0m
    &amp;#27;[36mAnd &amp;#27;[0m&amp;#27;[36mI enter &amp;#27;[0m&amp;#27;[36m&amp;#27;[1m123456&amp;#27;[0m&amp;#27;[36m in Computer name field&amp;#27;[0m                                                                      &amp;#27;[90m# CreateNewComputer_Steps.iEnterNameInComputerFieldName(String)&amp;#27;[0m
    &amp;#27;[36mAnd &amp;#27;[0m&amp;#27;[36mI enter wrong &amp;#27;[0m&amp;#27;[36m&amp;#27;[1m2021/01/01&amp;#27;[0m&amp;#27;[36m format for Introduced date field&amp;#27;[0m                                                  &amp;#27;[90m# CreateNewComputer_Steps.iEnterWrongDateFormatForIntroducedDateField(String)&amp;#27;[0m
    &amp;#27;[36mAnd &amp;#27;[0m&amp;#27;[36mI enter valid &amp;#27;[0m&amp;#27;[36m&amp;#27;[1m2019-02-01&amp;#27;[0m&amp;#27;[36m Discontinued date and &amp;#27;[0m&amp;#27;[36m&amp;#27;[1m5&amp;#27;[0m                                                           &amp;#27;[90m# CreateNewComputer_Steps.iEnterValidDataForTheRestOfOptionalFields1(String,String)&amp;#27;[0m
    &amp;#27;[36mWhen &amp;#27;[0m&amp;#27;[36mI click on the button Save this computer&amp;#27;[0m                                                                  &amp;#27;[90m# EditComputer_Steps.iClickOnTheButtonSaveThisComputer()&amp;#27;[0m
    &amp;#27;[36mThen &amp;#27;[0m&amp;#27;[36mI will not be able to update computer&amp;#27;[0m                                                                     &amp;#27;[90m# EditComputer_Steps.iWillNotBeAbleToUpdateComputer()&amp;#27;[0m
    &amp;#27;[36mAnd &amp;#27;[0m&amp;#27;[36mI will see &quot;Introduced date&quot; field highlighted in red&amp;#27;[0m                                                      &amp;#27;[90m# CreateNewComputer_Steps.iWillSeeIntroducedDateFieldHighlightedInRed()&amp;#27;[0m
</system-out>
    <system-err>[main] INFO io.github.bonigarcia.wdm.WebDriverManager - Using chromedriver 99.0.4844.51 (since Google Chrome 99 is installed in your machine)
[main] INFO io.github.bonigarcia.wdm.WebDriverManager - Exporting webdriver.chrome.driver as C:\Users\marijas\.m2\repository\webdriver\chromedriver\win32\99.0.4844.51\chromedriver.exe
Mar 22, 2022 12:42:04 PM element.Navigate goToUrl
INFO: Navigate to Url: http://computer-database.herokuapp.com/computers
</system-err>
  </testcase>
  <testcase classname="| niña | 2021-Jan-01 | 2018-03-01 | 7 |" name="| niña | 2021-Jan-01 | 2018-03-01 | 7 |" time="0">
    <error message="no such window: target window already closed
from unknown error: web view not found
  (Session info: chrome=99.0.4844.74)
Build info: version: &apos;3.12.0&apos;, revision: &apos;7c6e0b3&apos;, time: &apos;2018-05-08T14:04:26.12Z&apos;
System info: host: &apos;GS-ARI7C&apos;, ip: &apos;172.19.128.1&apos;, os.name: &apos;Windows 10&apos;, os.arch: &apos;amd64&apos;, os.version: &apos;10.0&apos;, java.version: &apos;1.8.0_291&apos;
Driver info: org.openqa.selenium.chrome.ChromeDriver
Capabilities {acceptInsecureCerts: false, browserName: chrome, browserVersion: 99.0.4844.74, chrome: {chromedriverVersion: 99.0.4844.51 (d537ec02474b5..., userDataDir: C:\Users\marijas\AppData\Lo...}, goog:chromeOptions: {debuggerAddress: localhost:55584}, javascriptEnabled: true, networkConnectionEnabled: false, pageLoadStrategy: normal, platform: WINDOWS, platformName: WINDOWS, proxy: Proxy(), setWindowRect: true, strictFileInteractability: false, timeouts: {implicit: 0, pageLoad: 300000, script: 30000}, unhandledPromptBehavior: dismiss and notify, webauthn:extension:credBlob: true, webauthn:extension:largeBlob: true, webauthn:virtualAuthenticators: true}
Session ID: 58b094ae2f81675239d9e3dc93bbd796" type="org.openqa.selenium.NoSuchWindowException">org.openqa.selenium.NoSuchWindowException: no such window: target window already closed
from unknown error: web view not found
  (Session info: chrome=99.0.4844.74)
Build info: version: &apos;3.12.0&apos;, revision: &apos;7c6e0b3&apos;, time: &apos;2018-05-08T14:04:26.12Z&apos;
System info: host: &apos;GS-ARI7C&apos;, ip: &apos;172.19.128.1&apos;, os.name: &apos;Windows 10&apos;, os.arch: &apos;amd64&apos;, os.version: &apos;10.0&apos;, java.version: &apos;1.8.0_291&apos;
Driver info: org.openqa.selenium.chrome.ChromeDriver
Capabilities {acceptInsecureCerts: false, browserName: chrome, browserVersion: 99.0.4844.74, chrome: {chromedriverVersion: 99.0.4844.51 (d537ec02474b5..., userDataDir: C:\Users\marijas\AppData\Lo...}, goog:chromeOptions: {debuggerAddress: localhost:55584}, javascriptEnabled: true, networkConnectionEnabled: false, pageLoadStrategy: normal, platform: WINDOWS, platformName: WINDOWS, proxy: Proxy(), setWindowRect: true, strictFileInteractability: false, timeouts: {implicit: 0, pageLoad: 300000, script: 30000}, unhandledPromptBehavior: dismiss and notify, webauthn:extension:credBlob: true, webauthn:extension:largeBlob: true, webauthn:virtualAuthenticators: true}
Session ID: 58b094ae2f81675239d9e3dc93bbd796
	at sun.reflect.GeneratedConstructorAccessor22.newInstance(Unknown Source)
	at sun.reflect.DelegatingConstructorAccessorImpl.newInstance(DelegatingConstructorAccessorImpl.java:45)
	at java.lang.reflect.Constructor.newInstance(Constructor.java:423)
	at org.openqa.selenium.remote.http.W3CHttpResponseCodec.createException(W3CHttpResponseCodec.java:187)
	at org.openqa.selenium.remote.http.W3CHttpResponseCodec.decode(W3CHttpResponseCodec.java:122)
	at org.openqa.selenium.remote.http.W3CHttpResponseCodec.decode(W3CHttpResponseCodec.java:49)
	at org.openqa.selenium.remote.HttpCommandExecutor.execute(HttpCommandExecutor.java:158)
	at org.openqa.selenium.remote.service.DriverCommandExecutor.execute(DriverCommandExecutor.java:83)
	at org.openqa.selenium.remote.RemoteWebDriver.execute(RemoteWebDriver.java:543)
	at org.openqa.selenium.remote.RemoteWebDriver.get(RemoteWebDriver.java:271)
	at element.Navigate.goToUrl(Navigate.java:11)
	at pages.CreateFormPage.navigateToEnv(CreateFormPage.java:35)
	at steps.CreateNewComputer_Steps.iAmOnTheComputerDatabaseList(CreateNewComputer_Steps.java:22)
	at ✽.Given I am on the computer database list(EditComputer.feature:4)
</error>
  </testcase>
  <testcase classname="| niña | 2021-Jan-01 | 2018-03-01 | 7 |" name="And I click on the computer from the list" time="0">
    <skipped/>
  </testcase>
  <testcase classname="| niña | 2021-Jan-01 | 2018-03-01 | 7 |" name="And I enter niña in Computer name field" time="0.017">
    <skipped/>
    <system-out>
  Background:                                 &amp;#27;[90m# EditComputer.feature:3&amp;#27;[0m
    &amp;#27;[31mGiven &amp;#27;[0m&amp;#27;[31mI am on the computer database list&amp;#27;[0m  &amp;#27;[90m# CreateNewComputer_Steps.iAmOnTheComputerDatabaseList()&amp;#27;[0m
      &amp;#27;[31morg.openqa.selenium.NoSuchWindowException: no such window: target window already closed
      from unknown error: web view not found
        (Session info: chrome=99.0.4844.74)
      Build info: version: &apos;3.12.0&apos;, revision: &apos;7c6e0b3&apos;, time: &apos;2018-05-08T14:04:26.12Z&apos;
      System info: host: &apos;GS-ARI7C&apos;, ip: &apos;172.19.128.1&apos;, os.name: &apos;Windows 10&apos;, os.arch: &apos;amd64&apos;, os.version: &apos;10.0&apos;, java.version: &apos;1.8.0_291&apos;
      Driver info: org.openqa.selenium.chrome.ChromeDriver
      Capabilities {acceptInsecureCerts: false, browserName: chrome, browserVersion: 99.0.4844.74, chrome: {chromedriverVersion: 99.0.4844.51 (d537ec02474b5..., userDataDir: C:\Users\marijas\AppData\Lo...}, goog:chromeOptions: {debuggerAddress: localhost:55584}, javascriptEnabled: true, networkConnectionEnabled: false, pageLoadStrategy: normal, platform: WINDOWS, platformName: WINDOWS, proxy: Proxy(), setWindowRect: true, strictFileInteractability: false, timeouts: {implicit: 0, pageLoad: 300000, script: 30000}, unhandledPromptBehavior: dismiss and notify, webauthn:extension:credBlob: true, webauthn:extension:largeBlob: true, webauthn:virtualAuthenticators: true}
      Session ID: 58b094ae2f81675239d9e3dc93bbd796
      	at sun.reflect.GeneratedConstructorAccessor22.newInstance(Unknown Source)
      	at sun.reflect.DelegatingConstructorAccessorImpl.newInstance(DelegatingConstructorAccessorImpl.java:45)
      	at java.lang.reflect.Constructor.newInstance(Constructor.java:423)
      	at org.openqa.selenium.remote.http.W3CHttpResponseCodec.createException(W3CHttpResponseCodec.java:187)
      	at org.openqa.selenium.remote.http.W3CHttpResponseCodec.decode(W3CHttpResponseCodec.java:122)
      	at org.openqa.selenium.remote.http.W3CHttpResponseCodec.decode(W3CHttpResponseCodec.java:49)
      	at org.openqa.selenium.remote.HttpCommandExecutor.execute(HttpCommandExecutor.java:158)
      	at org.openqa.selenium.remote.service.DriverCommandExecutor.execute(DriverCommandExecutor.java:83)
      	at org.openqa.selenium.remote.RemoteWebDriver.execute(RemoteWebDriver.java:543)
      	at org.openqa.selenium.remote.RemoteWebDriver.get(RemoteWebDriver.java:271)
      	at element.Navigate.goToUrl(Navigate.java:11)
      	at pages.CreateFormPage.navigateToEnv(CreateFormPage.java:35)
      	at steps.CreateNewComputer_Steps.iAmOnTheComputerDatabaseList(CreateNewComputer_Steps.java:22)
      	at ?.Given I am on the computer database list(EditComputer.feature:4)
      &amp;#27;[0m
    &amp;#27;[36mAnd &amp;#27;[0m&amp;#27;[36mI click on the computer from the list&amp;#27;[0m &amp;#27;[90m# EditComputer_Steps.iClickOnTheButtonAddNewComputer()&amp;#27;[0m
</system-out>
  </testcase>
  <testcase classname="| niña | 2021-Jan-01 | 2018-03-01 | 7 |" name="And I enter wrong 2021-Jan-01 format for Introduced date field" time="0.018">
    <skipped/>
  </testcase>
  <testcase classname="| niña | 2021-Jan-01 | 2018-03-01 | 7 |" name="And I enter valid 2018-03-01 Discontinued date and 7" time="0.018">
    <skipped/>
  </testcase>
  <testcase classname="| niña | 2021-Jan-01 | 2018-03-01 | 7 |" name="When I click on the button Save this computer" time="0.018">
    <skipped/>
  </testcase>
  <testcase classname="| niña | 2021-Jan-01 | 2018-03-01 | 7 |" name="Then I will not be able to update computer" time="0.018">
    <skipped/>
  </testcase>
  <testcase classname="| niña | 2021-Jan-01 | 2018-03-01 | 7 |" name="And I will see &quot;Introduced date&quot; field highlighted in red" time="0.018">
    <skipped/>
  </testcase>
  <testcase classname="Given I am on the computer database list(| !@#) | 2021.01.01 | 2017-04-04 | 9 |)" name="Given I am on the computer database list" time="0">
    <error message="no such window: target window already closed
from unknown error: web view not found
  (Session info: chrome=99.0.4844.74)
Build info: version: &apos;3.12.0&apos;, revision: &apos;7c6e0b3&apos;, time: &apos;2018-05-08T14:04:26.12Z&apos;
System info: host: &apos;GS-ARI7C&apos;, ip: &apos;172.19.128.1&apos;, os.name: &apos;Windows 10&apos;, os.arch: &apos;amd64&apos;, os.version: &apos;10.0&apos;, java.version: &apos;1.8.0_291&apos;
Driver info: org.openqa.selenium.chrome.ChromeDriver
Capabilities {acceptInsecureCerts: false, browserName: chrome, browserVersion: 99.0.4844.74, chrome: {chromedriverVersion: 99.0.4844.51 (d537ec02474b5..., userDataDir: C:\Users\marijas\AppData\Lo...}, goog:chromeOptions: {debuggerAddress: localhost:55584}, javascriptEnabled: true, networkConnectionEnabled: false, pageLoadStrategy: normal, platform: WINDOWS, platformName: WINDOWS, proxy: Proxy(), setWindowRect: true, strictFileInteractability: false, timeouts: {implicit: 0, pageLoad: 300000, script: 30000}, unhandledPromptBehavior: dismiss and notify, webauthn:extension:credBlob: true, webauthn:extension:largeBlob: true, webauthn:virtualAuthenticators: true}
Session ID: 58b094ae2f81675239d9e3dc93bbd796" type="org.openqa.selenium.NoSuchWindowException">org.openqa.selenium.NoSuchWindowException: no such window: target window already closed
from unknown error: web view not found
  (Session info: chrome=99.0.4844.74)
Build info: version: &apos;3.12.0&apos;, revision: &apos;7c6e0b3&apos;, time: &apos;2018-05-08T14:04:26.12Z&apos;
System info: host: &apos;GS-ARI7C&apos;, ip: &apos;172.19.128.1&apos;, os.name: &apos;Windows 10&apos;, os.arch: &apos;amd64&apos;, os.version: &apos;10.0&apos;, java.version: &apos;1.8.0_291&apos;
Driver info: org.openqa.selenium.chrome.ChromeDriver
Capabilities {acceptInsecureCerts: false, browserName: chrome, browserVersion: 99.0.4844.74, chrome: {chromedriverVersion: 99.0.4844.51 (d537ec02474b5..., userDataDir: C:\Users\marijas\AppData\Lo...}, goog:chromeOptions: {debuggerAddress: localhost:55584}, javascriptEnabled: true, networkConnectionEnabled: false, pageLoadStrategy: normal, platform: WINDOWS, platformName: WINDOWS, proxy: Proxy(), setWindowRect: true, strictFileInteractability: false, timeouts: {implicit: 0, pageLoad: 300000, script: 30000}, unhandledPromptBehavior: dismiss and notify, webauthn:extension:credBlob: true, webauthn:extension:largeBlob: true, webauthn:virtualAuthenticators: true}
Session ID: 58b094ae2f81675239d9e3dc93bbd796
	at sun.reflect.GeneratedConstructorAccessor22.newInstance(Unknown Source)
	at sun.reflect.DelegatingConstructorAccessorImpl.newInstance(DelegatingConstructorAccessorImpl.java:45)
	at java.lang.reflect.Constructor.newInstance(Constructor.java:423)
	at org.openqa.selenium.remote.http.W3CHttpResponseCodec.createException(W3CHttpResponseCodec.java:187)
	at org.openqa.selenium.remote.http.W3CHttpResponseCodec.decode(W3CHttpResponseCodec.java:122)
	at org.openqa.selenium.remote.http.W3CHttpResponseCodec.decode(W3CHttpResponseCodec.java:49)
	at org.openqa.selenium.remote.HttpCommandExecutor.execute(HttpCommandExecutor.java:158)
	at org.openqa.selenium.remote.service.DriverCommandExecutor.execute(DriverCommandExecutor.java:83)
	at org.openqa.selenium.remote.RemoteWebDriver.execute(RemoteWebDriver.java:543)
	at org.openqa.selenium.remote.RemoteWebDriver.get(RemoteWebDriver.java:271)
	at element.Navigate.goToUrl(Navigate.java:11)
	at pages.CreateFormPage.navigateToEnv(CreateFormPage.java:35)
	at steps.CreateNewComputer_Steps.iAmOnTheComputerDatabaseList(CreateNewComputer_Steps.java:22)
	at ✽.Given I am on the computer database list(EditComputer.feature:4)
</error>
    <system-out>
  @browser
  Scenario Outline: Verify that user is unable to update computer with wrong date format for Introduced	date field &amp;#27;[90m# EditComputer.feature:40&amp;#27;[0m
    &amp;#27;[36mAnd &amp;#27;[0m&amp;#27;[36mI enter &amp;#27;[0m&amp;#27;[36m&amp;#27;[1mniña&amp;#27;[0m&amp;#27;[36m in Computer name field&amp;#27;[0m                                                                        &amp;#27;[90m# CreateNewComputer_Steps.iEnterNameInComputerFieldName(String)&amp;#27;[0m
    &amp;#27;[36mAnd &amp;#27;[0m&amp;#27;[36mI enter wrong &amp;#27;[0m&amp;#27;[36m&amp;#27;[1m2021-Jan-01&amp;#27;[0m&amp;#27;[36m format for Introduced date field&amp;#27;[0m                                                 &amp;#27;[90m# CreateNewComputer_Steps.iEnterWrongDateFormatForIntroducedDateField(String)&amp;#27;[0m
    &amp;#27;[36mAnd &amp;#27;[0m&amp;#27;[36mI enter valid &amp;#27;[0m&amp;#27;[36m&amp;#27;[1m2018-03-01&amp;#27;[0m&amp;#27;[36m Discontinued date and &amp;#27;[0m&amp;#27;[36m&amp;#27;[1m7&amp;#27;[0m                                                           &amp;#27;[90m# CreateNewComputer_Steps.iEnterValidDataForTheRestOfOptionalFields1(String,String)&amp;#27;[0m
    &amp;#27;[36mWhen &amp;#27;[0m&amp;#27;[36mI click on the button Save this computer&amp;#27;[0m                                                                  &amp;#27;[90m# EditComputer_Steps.iClickOnTheButtonSaveThisComputer()&amp;#27;[0m
    &amp;#27;[36mThen &amp;#27;[0m&amp;#27;[36mI will not be able to update computer&amp;#27;[0m                                                                     &amp;#27;[90m# EditComputer_Steps.iWillNotBeAbleToUpdateComputer()&amp;#27;[0m
    &amp;#27;[36mAnd &amp;#27;[0m&amp;#27;[36mI will see &quot;Introduced date&quot; field highlighted in red&amp;#27;[0m                                                      &amp;#27;[90m# CreateNewComputer_Steps.iWillSeeIntroducedDateFieldHighlightedInRed()&amp;#27;[0m
</system-out>
    <system-err>[main] INFO io.github.bonigarcia.wdm.WebDriverManager - Using chromedriver 99.0.4844.51 (since Google Chrome 99 is installed in your machine)
[main] INFO io.github.bonigarcia.wdm.WebDriverManager - Exporting webdriver.chrome.driver as C:\Users\marijas\.m2\repository\webdriver\chromedriver\win32\99.0.4844.51\chromedriver.exe
Mar 22, 2022 12:42:04 PM element.Navigate goToUrl
INFO: Navigate to Url: http://computer-database.herokuapp.com/computers
</system-err>
  </testcase>
  <testcase classname="| !@#) | 2021.01.01 | 2017-04-04 | 9 |" name="| !@#) | 2021.01.01 | 2017-04-04 | 9 |" time="0">
    <error message="no such window: target window already closed
from unknown error: web view not found
  (Session info: chrome=99.0.4844.74)
Build info: version: &apos;3.12.0&apos;, revision: &apos;7c6e0b3&apos;, time: &apos;2018-05-08T14:04:26.12Z&apos;
System info: host: &apos;GS-ARI7C&apos;, ip: &apos;172.19.128.1&apos;, os.name: &apos;Windows 10&apos;, os.arch: &apos;amd64&apos;, os.version: &apos;10.0&apos;, java.version: &apos;1.8.0_291&apos;
Driver info: org.openqa.selenium.chrome.ChromeDriver
Capabilities {acceptInsecureCerts: false, browserName: chrome, browserVersion: 99.0.4844.74, chrome: {chromedriverVersion: 99.0.4844.51 (d537ec02474b5..., userDataDir: C:\Users\marijas\AppData\Lo...}, goog:chromeOptions: {debuggerAddress: localhost:55584}, javascriptEnabled: true, networkConnectionEnabled: false, pageLoadStrategy: normal, platform: WINDOWS, platformName: WINDOWS, proxy: Proxy(), setWindowRect: true, strictFileInteractability: false, timeouts: {implicit: 0, pageLoad: 300000, script: 30000}, unhandledPromptBehavior: dismiss and notify, webauthn:extension:credBlob: true, webauthn:extension:largeBlob: true, webauthn:virtualAuthenticators: true}
Session ID: 58b094ae2f81675239d9e3dc93bbd796" type="org.openqa.selenium.NoSuchWindowException">org.openqa.selenium.NoSuchWindowException: no such window: target window already closed
from unknown error: web view not found
  (Session info: chrome=99.0.4844.74)
Build info: version: &apos;3.12.0&apos;, revision: &apos;7c6e0b3&apos;, time: &apos;2018-05-08T14:04:26.12Z&apos;
System info: host: &apos;GS-ARI7C&apos;, ip: &apos;172.19.128.1&apos;, os.name: &apos;Windows 10&apos;, os.arch: &apos;amd64&apos;, os.version: &apos;10.0&apos;, java.version: &apos;1.8.0_291&apos;
Driver info: org.openqa.selenium.chrome.ChromeDriver
Capabilities {acceptInsecureCerts: false, browserName: chrome, browserVersion: 99.0.4844.74, chrome: {chromedriverVersion: 99.0.4844.51 (d537ec02474b5..., userDataDir: C:\Users\marijas\AppData\Lo...}, goog:chromeOptions: {debuggerAddress: localhost:55584}, javascriptEnabled: true, networkConnectionEnabled: false, pageLoadStrategy: normal, platform: WINDOWS, platformName: WINDOWS, proxy: Proxy(), setWindowRect: true, strictFileInteractability: false, timeouts: {implicit: 0, pageLoad: 300000, script: 30000}, unhandledPromptBehavior: dismiss and notify, webauthn:extension:credBlob: true, webauthn:extension:largeBlob: true, webauthn:virtualAuthenticators: true}
Session ID: 58b094ae2f81675239d9e3dc93bbd796
	at sun.reflect.GeneratedConstructorAccessor22.newInstance(Unknown Source)
	at sun.reflect.DelegatingConstructorAccessorImpl.newInstance(DelegatingConstructorAccessorImpl.java:45)
	at java.lang.reflect.Constructor.newInstance(Constructor.java:423)
	at org.openqa.selenium.remote.http.W3CHttpResponseCodec.createException(W3CHttpResponseCodec.java:187)
	at org.openqa.selenium.remote.http.W3CHttpResponseCodec.decode(W3CHttpResponseCodec.java:122)
	at org.openqa.selenium.remote.http.W3CHttpResponseCodec.decode(W3CHttpResponseCodec.java:49)
	at org.openqa.selenium.remote.HttpCommandExecutor.execute(HttpCommandExecutor.java:158)
	at org.openqa.selenium.remote.service.DriverCommandExecutor.execute(DriverCommandExecutor.java:83)
	at org.openqa.selenium.remote.RemoteWebDriver.execute(RemoteWebDriver.java:543)
	at org.openqa.selenium.remote.RemoteWebDriver.get(RemoteWebDriver.java:271)
	at element.Navigate.goToUrl(Navigate.java:11)
	at pages.CreateFormPage.navigateToEnv(CreateFormPage.java:35)
	at steps.CreateNewComputer_Steps.iAmOnTheComputerDatabaseList(CreateNewComputer_Steps.java:22)
	at ✽.Given I am on the computer database list(EditComputer.feature:4)
</error>
  </testcase>
  <testcase classname="And I click on the computer from the list(| !@#) | 2021.01.01 | 2017-04-04 | 9 |)" name="And I click on the computer from the list" time="0">
    <skipped/>
  </testcase>
  <testcase classname="And I enter !@#) in Computer name field(| !@#) | 2021.01.01 | 2017-04-04 | 9 |)" name="And I enter !@#) in Computer name field" time="0.022">
    <skipped/>
    <system-out>
  Background:                                 &amp;#27;[90m# EditComputer.feature:3&amp;#27;[0m
    &amp;#27;[31mGiven &amp;#27;[0m&amp;#27;[31mI am on the computer database list&amp;#27;[0m  &amp;#27;[90m# CreateNewComputer_Steps.iAmOnTheComputerDatabaseList()&amp;#27;[0m
      &amp;#27;[31morg.openqa.selenium.NoSuchWindowException: no such window: target window already closed
      from unknown error: web view not found
        (Session info: chrome=99.0.4844.74)
      Build info: version: &apos;3.12.0&apos;, revision: &apos;7c6e0b3&apos;, time: &apos;2018-05-08T14:04:26.12Z&apos;
      System info: host: &apos;GS-ARI7C&apos;, ip: &apos;172.19.128.1&apos;, os.name: &apos;Windows 10&apos;, os.arch: &apos;amd64&apos;, os.version: &apos;10.0&apos;, java.version: &apos;1.8.0_291&apos;
      Driver info: org.openqa.selenium.chrome.ChromeDriver
      Capabilities {acceptInsecureCerts: false, browserName: chrome, browserVersion: 99.0.4844.74, chrome: {chromedriverVersion: 99.0.4844.51 (d537ec02474b5..., userDataDir: C:\Users\marijas\AppData\Lo...}, goog:chromeOptions: {debuggerAddress: localhost:55584}, javascriptEnabled: true, networkConnectionEnabled: false, pageLoadStrategy: normal, platform: WINDOWS, platformName: WINDOWS, proxy: Proxy(), setWindowRect: true, strictFileInteractability: false, timeouts: {implicit: 0, pageLoad: 300000, script: 30000}, unhandledPromptBehavior: dismiss and notify, webauthn:extension:credBlob: true, webauthn:extension:largeBlob: true, webauthn:virtualAuthenticators: true}
      Session ID: 58b094ae2f81675239d9e3dc93bbd796
      	at sun.reflect.GeneratedConstructorAccessor22.newInstance(Unknown Source)
      	at sun.reflect.DelegatingConstructorAccessorImpl.newInstance(DelegatingConstructorAccessorImpl.java:45)
      	at java.lang.reflect.Constructor.newInstance(Constructor.java:423)
      	at org.openqa.selenium.remote.http.W3CHttpResponseCodec.createException(W3CHttpResponseCodec.java:187)
      	at org.openqa.selenium.remote.http.W3CHttpResponseCodec.decode(W3CHttpResponseCodec.java:122)
      	at org.openqa.selenium.remote.http.W3CHttpResponseCodec.decode(W3CHttpResponseCodec.java:49)
      	at org.openqa.selenium.remote.HttpCommandExecutor.execute(HttpCommandExecutor.java:158)
      	at org.openqa.selenium.remote.service.DriverCommandExecutor.execute(DriverCommandExecutor.java:83)
      	at org.openqa.selenium.remote.RemoteWebDriver.execute(RemoteWebDriver.java:543)
      	at org.openqa.selenium.remote.RemoteWebDriver.get(RemoteWebDriver.java:271)
      	at element.Navigate.goToUrl(Navigate.java:11)
      	at pages.CreateFormPage.navigateToEnv(CreateFormPage.java:35)
      	at steps.CreateNewComputer_Steps.iAmOnTheComputerDatabaseList(CreateNewComputer_Steps.java:22)
      	at ?.Given I am on the computer database list(EditComputer.feature:4)
      &amp;#27;[0m
    &amp;#27;[36mAnd &amp;#27;[0m&amp;#27;[36mI click on the computer from the list&amp;#27;[0m &amp;#27;[90m# EditComputer_Steps.iClickOnTheButtonAddNewComputer()&amp;#27;[0m
</system-out>
  </testcase>
  <testcase classname="And I enter wrong 2021.01.01 format for Introduced date field(| !@#) | 2021.01.01 | 2017-04-04 | 9 |)" name="And I enter wrong 2021.01.01 format for Introduced date field" time="0.022">
    <skipped/>
  </testcase>
  <testcase classname="And I enter valid 2017-04-04 Discontinued date and 9(| !@#) | 2021.01.01 | 2017-04-04 | 9 |)" name="And I enter valid 2017-04-04 Discontinued date and 9" time="0.022">
    <skipped/>
  </testcase>
  <testcase classname="When I click on the button Save this computer(| !@#) | 2021.01.01 | 2017-04-04 | 9 |)" name="When I click on the button Save this computer" time="0.022">
    <skipped/>
  </testcase>
  <testcase classname="Then I will not be able to update computer(| !@#) | 2021.01.01 | 2017-04-04 | 9 |)" name="Then I will not be able to update computer" time="0.022">
    <skipped/>
  </testcase>
  <testcase classname="And I will see &quot;Introduced date&quot; field highlighted in red(| !@#) | 2021.01.01 | 2017-04-04 | 9 |)" name="And I will see &quot;Introduced date&quot; field highlighted in red" time="0.022">
    <skipped/>
  </testcase>
  <testcase classname="| te st | 2000_2_2 | 2016-05-05 | 11 |" name="Given I am on the computer database list" time="0">
    <error message="no such window: target window already closed
from unknown error: web view not found
  (Session info: chrome=99.0.4844.74)
Build info: version: &apos;3.12.0&apos;, revision: &apos;7c6e0b3&apos;, time: &apos;2018-05-08T14:04:26.12Z&apos;
System info: host: &apos;GS-ARI7C&apos;, ip: &apos;172.19.128.1&apos;, os.name: &apos;Windows 10&apos;, os.arch: &apos;amd64&apos;, os.version: &apos;10.0&apos;, java.version: &apos;1.8.0_291&apos;
Driver info: org.openqa.selenium.chrome.ChromeDriver
Capabilities {acceptInsecureCerts: false, browserName: chrome, browserVersion: 99.0.4844.74, chrome: {chromedriverVersion: 99.0.4844.51 (d537ec02474b5..., userDataDir: C:\Users\marijas\AppData\Lo...}, goog:chromeOptions: {debuggerAddress: localhost:55584}, javascriptEnabled: true, networkConnectionEnabled: false, pageLoadStrategy: normal, platform: WINDOWS, platformName: WINDOWS, proxy: Proxy(), setWindowRect: true, strictFileInteractability: false, timeouts: {implicit: 0, pageLoad: 300000, script: 30000}, unhandledPromptBehavior: dismiss and notify, webauthn:extension:credBlob: true, webauthn:extension:largeBlob: true, webauthn:virtualAuthenticators: true}
Session ID: 58b094ae2f81675239d9e3dc93bbd796" type="org.openqa.selenium.NoSuchWindowException">org.openqa.selenium.NoSuchWindowException: no such window: target window already closed
from unknown error: web view not found
  (Session info: chrome=99.0.4844.74)
Build info: version: &apos;3.12.0&apos;, revision: &apos;7c6e0b3&apos;, time: &apos;2018-05-08T14:04:26.12Z&apos;
System info: host: &apos;GS-ARI7C&apos;, ip: &apos;172.19.128.1&apos;, os.name: &apos;Windows 10&apos;, os.arch: &apos;amd64&apos;, os.version: &apos;10.0&apos;, java.version: &apos;1.8.0_291&apos;
Driver info: org.openqa.selenium.chrome.ChromeDriver
Capabilities {acceptInsecureCerts: false, browserName: chrome, browserVersion: 99.0.4844.74, chrome: {chromedriverVersion: 99.0.4844.51 (d537ec02474b5..., userDataDir: C:\Users\marijas\AppData\Lo...}, goog:chromeOptions: {debuggerAddress: localhost:55584}, javascriptEnabled: true, networkConnectionEnabled: false, pageLoadStrategy: normal, platform: WINDOWS, platformName: WINDOWS, proxy: Proxy(), setWindowRect: true, strictFileInteractability: false, timeouts: {implicit: 0, pageLoad: 300000, script: 30000}, unhandledPromptBehavior: dismiss and notify, webauthn:extension:credBlob: true, webauthn:extension:largeBlob: true, webauthn:virtualAuthenticators: true}
Session ID: 58b094ae2f81675239d9e3dc93bbd796
	at sun.reflect.GeneratedConstructorAccessor22.newInstance(Unknown Source)
	at sun.reflect.DelegatingConstructorAccessorImpl.newInstance(DelegatingConstructorAccessorImpl.java:45)
	at java.lang.reflect.Constructor.newInstance(Constructor.java:423)
	at org.openqa.selenium.remote.http.W3CHttpResponseCodec.createException(W3CHttpResponseCodec.java:187)
	at org.openqa.selenium.remote.http.W3CHttpResponseCodec.decode(W3CHttpResponseCodec.java:122)
	at org.openqa.selenium.remote.http.W3CHttpResponseCodec.decode(W3CHttpResponseCodec.java:49)
	at org.openqa.selenium.remote.HttpCommandExecutor.execute(HttpCommandExecutor.java:158)
	at org.openqa.selenium.remote.service.DriverCommandExecutor.execute(DriverCommandExecutor.java:83)
	at org.openqa.selenium.remote.RemoteWebDriver.execute(RemoteWebDriver.java:543)
	at org.openqa.selenium.remote.RemoteWebDriver.get(RemoteWebDriver.java:271)
	at element.Navigate.goToUrl(Navigate.java:11)
	at pages.CreateFormPage.navigateToEnv(CreateFormPage.java:35)
	at steps.CreateNewComputer_Steps.iAmOnTheComputerDatabaseList(CreateNewComputer_Steps.java:22)
	at ✽.Given I am on the computer database list(EditComputer.feature:4)
</error>
    <system-out>
  @browser
  Scenario Outline: Verify that user is unable to update computer with wrong date format for Introduced	date field &amp;#27;[90m# EditComputer.feature:41&amp;#27;[0m
    &amp;#27;[36mAnd &amp;#27;[0m&amp;#27;[36mI enter &amp;#27;[0m&amp;#27;[36m&amp;#27;[1m!@#)&amp;#27;[0m&amp;#27;[36m in Computer name field&amp;#27;[0m                                                                        &amp;#27;[90m# CreateNewComputer_Steps.iEnterNameInComputerFieldName(String)&amp;#27;[0m
    &amp;#27;[36mAnd &amp;#27;[0m&amp;#27;[36mI enter wrong &amp;#27;[0m&amp;#27;[36m&amp;#27;[1m2021.01.01&amp;#27;[0m&amp;#27;[36m format for Introduced date field&amp;#27;[0m                                                  &amp;#27;[90m# CreateNewComputer_Steps.iEnterWrongDateFormatForIntroducedDateField(String)&amp;#27;[0m
    &amp;#27;[36mAnd &amp;#27;[0m&amp;#27;[36mI enter valid &amp;#27;[0m&amp;#27;[36m&amp;#27;[1m2017-04-04&amp;#27;[0m&amp;#27;[36m Discontinued date and &amp;#27;[0m&amp;#27;[36m&amp;#27;[1m9&amp;#27;[0m                                                           &amp;#27;[90m# CreateNewComputer_Steps.iEnterValidDataForTheRestOfOptionalFields1(String,String)&amp;#27;[0m
    &amp;#27;[36mWhen &amp;#27;[0m&amp;#27;[36mI click on the button Save this computer&amp;#27;[0m                                                                  &amp;#27;[90m# EditComputer_Steps.iClickOnTheButtonSaveThisComputer()&amp;#27;[0m
    &amp;#27;[36mThen &amp;#27;[0m&amp;#27;[36mI will not be able to update computer&amp;#27;[0m                                                                     &amp;#27;[90m# EditComputer_Steps.iWillNotBeAbleToUpdateComputer()&amp;#27;[0m
    &amp;#27;[36mAnd &amp;#27;[0m&amp;#27;[36mI will see &quot;Introduced date&quot; field highlighted in red&amp;#27;[0m                                                      &amp;#27;[90m# CreateNewComputer_Steps.iWillSeeIntroducedDateFieldHighlightedInRed()&amp;#27;[0m
</system-out>
    <system-err>[main] INFO io.github.bonigarcia.wdm.WebDriverManager - Using chromedriver 99.0.4844.51 (since Google Chrome 99 is installed in your machine)
[main] INFO io.github.bonigarcia.wdm.WebDriverManager - Exporting webdriver.chrome.driver as C:\Users\marijas\.m2\repository\webdriver\chromedriver\win32\99.0.4844.51\chromedriver.exe
Mar 22, 2022 12:42:04 PM element.Navigate goToUrl
INFO: Navigate to Url: http://computer-database.herokuapp.com/computers
</system-err>
  </testcase>
  <testcase classname="| te st | 2000_2_2 | 2016-05-05 | 11 |" name="| te st | 2000_2_2 | 2016-05-05 | 11 |" time="0">
    <error message="no such window: target window already closed
from unknown error: web view not found
  (Session info: chrome=99.0.4844.74)
Build info: version: &apos;3.12.0&apos;, revision: &apos;7c6e0b3&apos;, time: &apos;2018-05-08T14:04:26.12Z&apos;
System info: host: &apos;GS-ARI7C&apos;, ip: &apos;172.19.128.1&apos;, os.name: &apos;Windows 10&apos;, os.arch: &apos;amd64&apos;, os.version: &apos;10.0&apos;, java.version: &apos;1.8.0_291&apos;
Driver info: org.openqa.selenium.chrome.ChromeDriver
Capabilities {acceptInsecureCerts: false, browserName: chrome, browserVersion: 99.0.4844.74, chrome: {chromedriverVersion: 99.0.4844.51 (d537ec02474b5..., userDataDir: C:\Users\marijas\AppData\Lo...}, goog:chromeOptions: {debuggerAddress: localhost:55584}, javascriptEnabled: true, networkConnectionEnabled: false, pageLoadStrategy: normal, platform: WINDOWS, platformName: WINDOWS, proxy: Proxy(), setWindowRect: true, strictFileInteractability: false, timeouts: {implicit: 0, pageLoad: 300000, script: 30000}, unhandledPromptBehavior: dismiss and notify, webauthn:extension:credBlob: true, webauthn:extension:largeBlob: true, webauthn:virtualAuthenticators: true}
Session ID: 58b094ae2f81675239d9e3dc93bbd796" type="org.openqa.selenium.NoSuchWindowException">org.openqa.selenium.NoSuchWindowException: no such window: target window already closed
from unknown error: web view not found
  (Session info: chrome=99.0.4844.74)
Build info: version: &apos;3.12.0&apos;, revision: &apos;7c6e0b3&apos;, time: &apos;2018-05-08T14:04:26.12Z&apos;
System info: host: &apos;GS-ARI7C&apos;, ip: &apos;172.19.128.1&apos;, os.name: &apos;Windows 10&apos;, os.arch: &apos;amd64&apos;, os.version: &apos;10.0&apos;, java.version: &apos;1.8.0_291&apos;
Driver info: org.openqa.selenium.chrome.ChromeDriver
Capabilities {acceptInsecureCerts: false, browserName: chrome, browserVersion: 99.0.4844.74, chrome: {chromedriverVersion: 99.0.4844.51 (d537ec02474b5..., userDataDir: C:\Users\marijas\AppData\Lo...}, goog:chromeOptions: {debuggerAddress: localhost:55584}, javascriptEnabled: true, networkConnectionEnabled: false, pageLoadStrategy: normal, platform: WINDOWS, platformName: WINDOWS, proxy: Proxy(), setWindowRect: true, strictFileInteractability: false, timeouts: {implicit: 0, pageLoad: 300000, script: 30000}, unhandledPromptBehavior: dismiss and notify, webauthn:extension:credBlob: true, webauthn:extension:largeBlob: true, webauthn:virtualAuthenticators: true}
Session ID: 58b094ae2f81675239d9e3dc93bbd796
	at sun.reflect.GeneratedConstructorAccessor22.newInstance(Unknown Source)
	at sun.reflect.DelegatingConstructorAccessorImpl.newInstance(DelegatingConstructorAccessorImpl.java:45)
	at java.lang.reflect.Constructor.newInstance(Constructor.java:423)
	at org.openqa.selenium.remote.http.W3CHttpResponseCodec.createException(W3CHttpResponseCodec.java:187)
	at org.openqa.selenium.remote.http.W3CHttpResponseCodec.decode(W3CHttpResponseCodec.java:122)
	at org.openqa.selenium.remote.http.W3CHttpResponseCodec.decode(W3CHttpResponseCodec.java:49)
	at org.openqa.selenium.remote.HttpCommandExecutor.execute(HttpCommandExecutor.java:158)
	at org.openqa.selenium.remote.service.DriverCommandExecutor.execute(DriverCommandExecutor.java:83)
	at org.openqa.selenium.remote.RemoteWebDriver.execute(RemoteWebDriver.java:543)
	at org.openqa.selenium.remote.RemoteWebDriver.get(RemoteWebDriver.java:271)
	at element.Navigate.goToUrl(Navigate.java:11)
	at pages.CreateFormPage.navigateToEnv(CreateFormPage.java:35)
	at steps.CreateNewComputer_Steps.iAmOnTheComputerDatabaseList(CreateNewComputer_Steps.java:22)
	at ✽.Given I am on the computer database list(EditComputer.feature:4)
</error>
  </testcase>
  <testcase classname="| te st | 2000_2_2 | 2016-05-05 | 11 |" name="And I click on the computer from the list" time="0">
    <skipped/>
  </testcase>
  <testcase classname="| te st | 2000_2_2 | 2016-05-05 | 11 |" name="And I enter te st in Computer name field" time="0.028">
    <skipped/>
    <system-out>
  Background:                                 &amp;#27;[90m# EditComputer.feature:3&amp;#27;[0m
    &amp;#27;[31mGiven &amp;#27;[0m&amp;#27;[31mI am on the computer database list&amp;#27;[0m  &amp;#27;[90m# CreateNewComputer_Steps.iAmOnTheComputerDatabaseList()&amp;#27;[0m
      &amp;#27;[31morg.openqa.selenium.NoSuchWindowException: no such window: target window already closed
      from unknown error: web view not found
        (Session info: chrome=99.0.4844.74)
      Build info: version: &apos;3.12.0&apos;, revision: &apos;7c6e0b3&apos;, time: &apos;2018-05-08T14:04:26.12Z&apos;
      System info: host: &apos;GS-ARI7C&apos;, ip: &apos;172.19.128.1&apos;, os.name: &apos;Windows 10&apos;, os.arch: &apos;amd64&apos;, os.version: &apos;10.0&apos;, java.version: &apos;1.8.0_291&apos;
      Driver info: org.openqa.selenium.chrome.ChromeDriver
      Capabilities {acceptInsecureCerts: false, browserName: chrome, browserVersion: 99.0.4844.74, chrome: {chromedriverVersion: 99.0.4844.51 (d537ec02474b5..., userDataDir: C:\Users\marijas\AppData\Lo...}, goog:chromeOptions: {debuggerAddress: localhost:55584}, javascriptEnabled: true, networkConnectionEnabled: false, pageLoadStrategy: normal, platform: WINDOWS, platformName: WINDOWS, proxy: Proxy(), setWindowRect: true, strictFileInteractability: false, timeouts: {implicit: 0, pageLoad: 300000, script: 30000}, unhandledPromptBehavior: dismiss and notify, webauthn:extension:credBlob: true, webauthn:extension:largeBlob: true, webauthn:virtualAuthenticators: true}
      Session ID: 58b094ae2f81675239d9e3dc93bbd796
      	at sun.reflect.GeneratedConstructorAccessor22.newInstance(Unknown Source)
      	at sun.reflect.DelegatingConstructorAccessorImpl.newInstance(DelegatingConstructorAccessorImpl.java:45)
      	at java.lang.reflect.Constructor.newInstance(Constructor.java:423)
      	at org.openqa.selenium.remote.http.W3CHttpResponseCodec.createException(W3CHttpResponseCodec.java:187)
      	at org.openqa.selenium.remote.http.W3CHttpResponseCodec.decode(W3CHttpResponseCodec.java:122)
      	at org.openqa.selenium.remote.http.W3CHttpResponseCodec.decode(W3CHttpResponseCodec.java:49)
      	at org.openqa.selenium.remote.HttpCommandExecutor.execute(HttpCommandExecutor.java:158)
      	at org.openqa.selenium.remote.service.DriverCommandExecutor.execute(DriverCommandExecutor.java:83)
      	at org.openqa.selenium.remote.RemoteWebDriver.execute(RemoteWebDriver.java:543)
      	at org.openqa.selenium.remote.RemoteWebDriver.get(RemoteWebDriver.java:271)
      	at element.Navigate.goToUrl(Navigate.java:11)
      	at pages.CreateFormPage.navigateToEnv(CreateFormPage.java:35)
      	at steps.CreateNewComputer_Steps.iAmOnTheComputerDatabaseList(CreateNewComputer_Steps.java:22)
      	at ?.Given I am on the computer database list(EditComputer.feature:4)
      &amp;#27;[0m
    &amp;#27;[36mAnd &amp;#27;[0m&amp;#27;[36mI click on the computer from the list&amp;#27;[0m &amp;#27;[90m# EditComputer_Steps.iClickOnTheButtonAddNewComputer()&amp;#27;[0m
</system-out>
  </testcase>
  <testcase classname="| te st | 2000_2_2 | 2016-05-05 | 11 |" name="And I enter wrong 2000_2_2 format for Introduced date field" time="0.028">
    <skipped/>
  </testcase>
  <testcase classname="| te st | 2000_2_2 | 2016-05-05 | 11 |" name="And I enter valid 2016-05-05 Discontinued date and 11" time="0.028">
    <skipped/>
  </testcase>
  <testcase classname="| te st | 2000_2_2 | 2016-05-05 | 11 |" name="When I click on the button Save this computer" time="0.028">
    <skipped/>
  </testcase>
  <testcase classname="| te st | 2000_2_2 | 2016-05-05 | 11 |" name="Then I will not be able to update computer" time="0.028">
    <skipped/>
  </testcase>
  <testcase classname="| te st | 2000_2_2 | 2016-05-05 | 11 |" name="And I will see &quot;Introduced date&quot; field highlighted in red" time="0.028">
    <skipped/>
  </testcase>
  <testcase classname="&amp;_^*? | 2018-03-01 | 13 |" name="Given I am on the computer database list(| TEST | !@#)" time="0">
    <error message="no such window: target window already closed
from unknown error: web view not found
  (Session info: chrome=99.0.4844.74)
Build info: version: &apos;3.12.0&apos;, revision: &apos;7c6e0b3&apos;, time: &apos;2018-05-08T14:04:26.12Z&apos;
System info: host: &apos;GS-ARI7C&apos;, ip: &apos;172.19.128.1&apos;, os.name: &apos;Windows 10&apos;, os.arch: &apos;amd64&apos;, os.version: &apos;10.0&apos;, java.version: &apos;1.8.0_291&apos;
Driver info: org.openqa.selenium.chrome.ChromeDriver
Capabilities {acceptInsecureCerts: false, browserName: chrome, browserVersion: 99.0.4844.74, chrome: {chromedriverVersion: 99.0.4844.51 (d537ec02474b5..., userDataDir: C:\Users\marijas\AppData\Lo...}, goog:chromeOptions: {debuggerAddress: localhost:55584}, javascriptEnabled: true, networkConnectionEnabled: false, pageLoadStrategy: normal, platform: WINDOWS, platformName: WINDOWS, proxy: Proxy(), setWindowRect: true, strictFileInteractability: false, timeouts: {implicit: 0, pageLoad: 300000, script: 30000}, unhandledPromptBehavior: dismiss and notify, webauthn:extension:credBlob: true, webauthn:extension:largeBlob: true, webauthn:virtualAuthenticators: true}
Session ID: 58b094ae2f81675239d9e3dc93bbd796" type="org.openqa.selenium.NoSuchWindowException">org.openqa.selenium.NoSuchWindowException: no such window: target window already closed
from unknown error: web view not found
  (Session info: chrome=99.0.4844.74)
Build info: version: &apos;3.12.0&apos;, revision: &apos;7c6e0b3&apos;, time: &apos;2018-05-08T14:04:26.12Z&apos;
System info: host: &apos;GS-ARI7C&apos;, ip: &apos;172.19.128.1&apos;, os.name: &apos;Windows 10&apos;, os.arch: &apos;amd64&apos;, os.version: &apos;10.0&apos;, java.version: &apos;1.8.0_291&apos;
Driver info: org.openqa.selenium.chrome.ChromeDriver
Capabilities {acceptInsecureCerts: false, browserName: chrome, browserVersion: 99.0.4844.74, chrome: {chromedriverVersion: 99.0.4844.51 (d537ec02474b5..., userDataDir: C:\Users\marijas\AppData\Lo...}, goog:chromeOptions: {debuggerAddress: localhost:55584}, javascriptEnabled: true, networkConnectionEnabled: false, pageLoadStrategy: normal, platform: WINDOWS, platformName: WINDOWS, proxy: Proxy(), setWindowRect: true, strictFileInteractability: false, timeouts: {implicit: 0, pageLoad: 300000, script: 30000}, unhandledPromptBehavior: dismiss and notify, webauthn:extension:credBlob: true, webauthn:extension:largeBlob: true, webauthn:virtualAuthenticators: true}
Session ID: 58b094ae2f81675239d9e3dc93bbd796
	at sun.reflect.GeneratedConstructorAccessor22.newInstance(Unknown Source)
	at sun.reflect.DelegatingConstructorAccessorImpl.newInstance(DelegatingConstructorAccessorImpl.java:45)
	at java.lang.reflect.Constructor.newInstance(Constructor.java:423)
	at org.openqa.selenium.remote.http.W3CHttpResponseCodec.createException(W3CHttpResponseCodec.java:187)
	at org.openqa.selenium.remote.http.W3CHttpResponseCodec.decode(W3CHttpResponseCodec.java:122)
	at org.openqa.selenium.remote.http.W3CHttpResponseCodec.decode(W3CHttpResponseCodec.java:49)
	at org.openqa.selenium.remote.HttpCommandExecutor.execute(HttpCommandExecutor.java:158)
	at org.openqa.selenium.remote.service.DriverCommandExecutor.execute(DriverCommandExecutor.java:83)
	at org.openqa.selenium.remote.RemoteWebDriver.execute(RemoteWebDriver.java:543)
	at org.openqa.selenium.remote.RemoteWebDriver.get(RemoteWebDriver.java:271)
	at element.Navigate.goToUrl(Navigate.java:11)
	at pages.CreateFormPage.navigateToEnv(CreateFormPage.java:35)
	at steps.CreateNewComputer_Steps.iAmOnTheComputerDatabaseList(CreateNewComputer_Steps.java:22)
	at ✽.Given I am on the computer database list(EditComputer.feature:4)
</error>
    <system-out>
  @browser
  Scenario Outline: Verify that user is unable to update computer with wrong date format for Introduced	date field &amp;#27;[90m# EditComputer.feature:42&amp;#27;[0m
    &amp;#27;[36mAnd &amp;#27;[0m&amp;#27;[36mI enter &amp;#27;[0m&amp;#27;[36m&amp;#27;[1mte st&amp;#27;[0m&amp;#27;[36m in Computer name field&amp;#27;[0m                                                                       &amp;#27;[90m# CreateNewComputer_Steps.iEnterNameInComputerFieldName(String)&amp;#27;[0m
    &amp;#27;[36mAnd &amp;#27;[0m&amp;#27;[36mI enter wrong &amp;#27;[0m&amp;#27;[36m&amp;#27;[1m2000_2_2&amp;#27;[0m&amp;#27;[36m format for Introduced date field&amp;#27;[0m                                                    &amp;#27;[90m# CreateNewComputer_Steps.iEnterWrongDateFormatForIntroducedDateField(String)&amp;#27;[0m
    &amp;#27;[36mAnd &amp;#27;[0m&amp;#27;[36mI enter valid &amp;#27;[0m&amp;#27;[36m&amp;#27;[1m2016-05-05&amp;#27;[0m&amp;#27;[36m Discontinued date and &amp;#27;[0m&amp;#27;[36m&amp;#27;[1m11&amp;#27;[0m                                                          &amp;#27;[90m# CreateNewComputer_Steps.iEnterValidDataForTheRestOfOptionalFields1(String,String)&amp;#27;[0m
    &amp;#27;[36mWhen &amp;#27;[0m&amp;#27;[36mI click on the button Save this computer&amp;#27;[0m                                                                  &amp;#27;[90m# EditComputer_Steps.iClickOnTheButtonSaveThisComputer()&amp;#27;[0m
    &amp;#27;[36mThen &amp;#27;[0m&amp;#27;[36mI will not be able to update computer&amp;#27;[0m                                                                     &amp;#27;[90m# EditComputer_Steps.iWillNotBeAbleToUpdateComputer()&amp;#27;[0m
    &amp;#27;[36mAnd &amp;#27;[0m&amp;#27;[36mI will see &quot;Introduced date&quot; field highlighted in red&amp;#27;[0m                                                      &amp;#27;[90m# CreateNewComputer_Steps.iWillSeeIntroducedDateFieldHighlightedInRed()&amp;#27;[0m
</system-out>
    <system-err>[main] INFO io.github.bonigarcia.wdm.WebDriverManager - Using chromedriver 99.0.4844.51 (since Google Chrome 99 is installed in your machine)
[main] INFO io.github.bonigarcia.wdm.WebDriverManager - Exporting webdriver.chrome.driver as C:\Users\marijas\.m2\repository\webdriver\chromedriver\win32\99.0.4844.51\chromedriver.exe
Mar 22, 2022 12:42:04 PM element.Navigate goToUrl
INFO: Navigate to Url: http://computer-database.herokuapp.com/computers
</system-err>
  </testcase>
  <testcase classname="| TEST | !@#)(&amp;_^*? | 2018-03-01 | 13 |" name="| TEST | !@#)" time="0">
    <error message="no such window: target window already closed
from unknown error: web view not found
  (Session info: chrome=99.0.4844.74)
Build info: version: &apos;3.12.0&apos;, revision: &apos;7c6e0b3&apos;, time: &apos;2018-05-08T14:04:26.12Z&apos;
System info: host: &apos;GS-ARI7C&apos;, ip: &apos;172.19.128.1&apos;, os.name: &apos;Windows 10&apos;, os.arch: &apos;amd64&apos;, os.version: &apos;10.0&apos;, java.version: &apos;1.8.0_291&apos;
Driver info: org.openqa.selenium.chrome.ChromeDriver
Capabilities {acceptInsecureCerts: false, browserName: chrome, browserVersion: 99.0.4844.74, chrome: {chromedriverVersion: 99.0.4844.51 (d537ec02474b5..., userDataDir: C:\Users\marijas\AppData\Lo...}, goog:chromeOptions: {debuggerAddress: localhost:55584}, javascriptEnabled: true, networkConnectionEnabled: false, pageLoadStrategy: normal, platform: WINDOWS, platformName: WINDOWS, proxy: Proxy(), setWindowRect: true, strictFileInteractability: false, timeouts: {implicit: 0, pageLoad: 300000, script: 30000}, unhandledPromptBehavior: dismiss and notify, webauthn:extension:credBlob: true, webauthn:extension:largeBlob: true, webauthn:virtualAuthenticators: true}
Session ID: 58b094ae2f81675239d9e3dc93bbd796" type="org.openqa.selenium.NoSuchWindowException">org.openqa.selenium.NoSuchWindowException: no such window: target window already closed
from unknown error: web view not found
  (Session info: chrome=99.0.4844.74)
Build info: version: &apos;3.12.0&apos;, revision: &apos;7c6e0b3&apos;, time: &apos;2018-05-08T14:04:26.12Z&apos;
System info: host: &apos;GS-ARI7C&apos;, ip: &apos;172.19.128.1&apos;, os.name: &apos;Windows 10&apos;, os.arch: &apos;amd64&apos;, os.version: &apos;10.0&apos;, java.version: &apos;1.8.0_291&apos;
Driver info: org.openqa.selenium.chrome.ChromeDriver
Capabilities {acceptInsecureCerts: false, browserName: chrome, browserVersion: 99.0.4844.74, chrome: {chromedriverVersion: 99.0.4844.51 (d537ec02474b5..., userDataDir: C:\Users\marijas\AppData\Lo...}, goog:chromeOptions: {debuggerAddress: localhost:55584}, javascriptEnabled: true, networkConnectionEnabled: false, pageLoadStrategy: normal, platform: WINDOWS, platformName: WINDOWS, proxy: Proxy(), setWindowRect: true, strictFileInteractability: false, timeouts: {implicit: 0, pageLoad: 300000, script: 30000}, unhandledPromptBehavior: dismiss and notify, webauthn:extension:credBlob: true, webauthn:extension:largeBlob: true, webauthn:virtualAuthenticators: true}
Session ID: 58b094ae2f81675239d9e3dc93bbd796
	at sun.reflect.GeneratedConstructorAccessor22.newInstance(Unknown Source)
	at sun.reflect.DelegatingConstructorAccessorImpl.newInstance(DelegatingConstructorAccessorImpl.java:45)
	at java.lang.reflect.Constructor.newInstance(Constructor.java:423)
	at org.openqa.selenium.remote.http.W3CHttpResponseCodec.createException(W3CHttpResponseCodec.java:187)
	at org.openqa.selenium.remote.http.W3CHttpResponseCodec.decode(W3CHttpResponseCodec.java:122)
	at org.openqa.selenium.remote.http.W3CHttpResponseCodec.decode(W3CHttpResponseCodec.java:49)
	at org.openqa.selenium.remote.HttpCommandExecutor.execute(HttpCommandExecutor.java:158)
	at org.openqa.selenium.remote.service.DriverCommandExecutor.execute(DriverCommandExecutor.java:83)
	at org.openqa.selenium.remote.RemoteWebDriver.execute(RemoteWebDriver.java:543)
	at org.openqa.selenium.remote.RemoteWebDriver.get(RemoteWebDriver.java:271)
	at element.Navigate.goToUrl(Navigate.java:11)
	at pages.CreateFormPage.navigateToEnv(CreateFormPage.java:35)
	at steps.CreateNewComputer_Steps.iAmOnTheComputerDatabaseList(CreateNewComputer_Steps.java:22)
	at ✽.Given I am on the computer database list(EditComputer.feature:4)
</error>
  </testcase>
  <testcase classname="&amp;_^*? | 2018-03-01 | 13 |" name="And I click on the computer from the list(| TEST | !@#)" time="0">
    <skipped/>
  </testcase>
  <testcase classname="&amp;_^*? | 2018-03-01 | 13 |" name="And I enter TEST in Computer name field(| TEST | !@#)" time="0.02">
    <skipped/>
    <system-out>
  Background:                                 &amp;#27;[90m# EditComputer.feature:3&amp;#27;[0m
    &amp;#27;[31mGiven &amp;#27;[0m&amp;#27;[31mI am on the computer database list&amp;#27;[0m  &amp;#27;[90m# CreateNewComputer_Steps.iAmOnTheComputerDatabaseList()&amp;#27;[0m
      &amp;#27;[31morg.openqa.selenium.NoSuchWindowException: no such window: target window already closed
      from unknown error: web view not found
        (Session info: chrome=99.0.4844.74)
      Build info: version: &apos;3.12.0&apos;, revision: &apos;7c6e0b3&apos;, time: &apos;2018-05-08T14:04:26.12Z&apos;
      System info: host: &apos;GS-ARI7C&apos;, ip: &apos;172.19.128.1&apos;, os.name: &apos;Windows 10&apos;, os.arch: &apos;amd64&apos;, os.version: &apos;10.0&apos;, java.version: &apos;1.8.0_291&apos;
      Driver info: org.openqa.selenium.chrome.ChromeDriver
      Capabilities {acceptInsecureCerts: false, browserName: chrome, browserVersion: 99.0.4844.74, chrome: {chromedriverVersion: 99.0.4844.51 (d537ec02474b5..., userDataDir: C:\Users\marijas\AppData\Lo...}, goog:chromeOptions: {debuggerAddress: localhost:55584}, javascriptEnabled: true, networkConnectionEnabled: false, pageLoadStrategy: normal, platform: WINDOWS, platformName: WINDOWS, proxy: Proxy(), setWindowRect: true, strictFileInteractability: false, timeouts: {implicit: 0, pageLoad: 300000, script: 30000}, unhandledPromptBehavior: dismiss and notify, webauthn:extension:credBlob: true, webauthn:extension:largeBlob: true, webauthn:virtualAuthenticators: true}
      Session ID: 58b094ae2f81675239d9e3dc93bbd796
      	at sun.reflect.GeneratedConstructorAccessor22.newInstance(Unknown Source)
      	at sun.reflect.DelegatingConstructorAccessorImpl.newInstance(DelegatingConstructorAccessorImpl.java:45)
      	at java.lang.reflect.Constructor.newInstance(Constructor.java:423)
      	at org.openqa.selenium.remote.http.W3CHttpResponseCodec.createException(W3CHttpResponseCodec.java:187)
      	at org.openqa.selenium.remote.http.W3CHttpResponseCodec.decode(W3CHttpResponseCodec.java:122)
      	at org.openqa.selenium.remote.http.W3CHttpResponseCodec.decode(W3CHttpResponseCodec.java:49)
      	at org.openqa.selenium.remote.HttpCommandExecutor.execute(HttpCommandExecutor.java:158)
      	at org.openqa.selenium.remote.service.DriverCommandExecutor.execute(DriverCommandExecutor.java:83)
      	at org.openqa.selenium.remote.RemoteWebDriver.execute(RemoteWebDriver.java:543)
      	at org.openqa.selenium.remote.RemoteWebDriver.get(RemoteWebDriver.java:271)
      	at element.Navigate.goToUrl(Navigate.java:11)
      	at pages.CreateFormPage.navigateToEnv(CreateFormPage.java:35)
      	at steps.CreateNewComputer_Steps.iAmOnTheComputerDatabaseList(CreateNewComputer_Steps.java:22)
      	at ?.Given I am on the computer database list(EditComputer.feature:4)
      &amp;#27;[0m
    &amp;#27;[36mAnd &amp;#27;[0m&amp;#27;[36mI click on the computer from the list&amp;#27;[0m &amp;#27;[90m# EditComputer_Steps.iClickOnTheButtonAddNewComputer()&amp;#27;[0m
</system-out>
  </testcase>
  <testcase classname="&amp;_^*? | 2018-03-01 | 13 |" name="And I enter wrong !@#)(&amp;_^*? format for Introduced date field(| TEST | !@#)" time="0.02">
    <skipped/>
  </testcase>
  <testcase classname="&amp;_^*? | 2018-03-01 | 13 |" name="And I enter valid 2018-03-01 Discontinued date and 13(| TEST | !@#)" time="0.02">
    <skipped/>
  </testcase>
  <testcase classname="&amp;_^*? | 2018-03-01 | 13 |" name="When I click on the button Save this computer(| TEST | !@#)" time="0.02">
    <skipped/>
  </testcase>
  <testcase classname="&amp;_^*? | 2018-03-01 | 13 |" name="Then I will not be able to update computer(| TEST | !@#)" time="0.02">
    <skipped/>
  </testcase>
  <testcase classname="&amp;_^*? | 2018-03-01 | 13 |" name="And I will see &quot;Introduced date&quot; field highlighted in red(| TEST | !@#)" time="0.02">
    <skipped/>
  </testcase>
  <testcase classname="| t | 2021 | 2018-03-01 | 15 |" name="Given I am on the computer database list" time="0">
    <error message="no such window: target window already closed
from unknown error: web view not found
  (Session info: chrome=99.0.4844.74)
Build info: version: &apos;3.12.0&apos;, revision: &apos;7c6e0b3&apos;, time: &apos;2018-05-08T14:04:26.12Z&apos;
System info: host: &apos;GS-ARI7C&apos;, ip: &apos;172.19.128.1&apos;, os.name: &apos;Windows 10&apos;, os.arch: &apos;amd64&apos;, os.version: &apos;10.0&apos;, java.version: &apos;1.8.0_291&apos;
Driver info: org.openqa.selenium.chrome.ChromeDriver
Capabilities {acceptInsecureCerts: false, browserName: chrome, browserVersion: 99.0.4844.74, chrome: {chromedriverVersion: 99.0.4844.51 (d537ec02474b5..., userDataDir: C:\Users\marijas\AppData\Lo...}, goog:chromeOptions: {debuggerAddress: localhost:55584}, javascriptEnabled: true, networkConnectionEnabled: false, pageLoadStrategy: normal, platform: WINDOWS, platformName: WINDOWS, proxy: Proxy(), setWindowRect: true, strictFileInteractability: false, timeouts: {implicit: 0, pageLoad: 300000, script: 30000}, unhandledPromptBehavior: dismiss and notify, webauthn:extension:credBlob: true, webauthn:extension:largeBlob: true, webauthn:virtualAuthenticators: true}
Session ID: 58b094ae2f81675239d9e3dc93bbd796" type="org.openqa.selenium.NoSuchWindowException">org.openqa.selenium.NoSuchWindowException: no such window: target window already closed
from unknown error: web view not found
  (Session info: chrome=99.0.4844.74)
Build info: version: &apos;3.12.0&apos;, revision: &apos;7c6e0b3&apos;, time: &apos;2018-05-08T14:04:26.12Z&apos;
System info: host: &apos;GS-ARI7C&apos;, ip: &apos;172.19.128.1&apos;, os.name: &apos;Windows 10&apos;, os.arch: &apos;amd64&apos;, os.version: &apos;10.0&apos;, java.version: &apos;1.8.0_291&apos;
Driver info: org.openqa.selenium.chrome.ChromeDriver
Capabilities {acceptInsecureCerts: false, browserName: chrome, browserVersion: 99.0.4844.74, chrome: {chromedriverVersion: 99.0.4844.51 (d537ec02474b5..., userDataDir: C:\Users\marijas\AppData\Lo...}, goog:chromeOptions: {debuggerAddress: localhost:55584}, javascriptEnabled: true, networkConnectionEnabled: false, pageLoadStrategy: normal, platform: WINDOWS, platformName: WINDOWS, proxy: Proxy(), setWindowRect: true, strictFileInteractability: false, timeouts: {implicit: 0, pageLoad: 300000, script: 30000}, unhandledPromptBehavior: dismiss and notify, webauthn:extension:credBlob: true, webauthn:extension:largeBlob: true, webauthn:virtualAuthenticators: true}
Session ID: 58b094ae2f81675239d9e3dc93bbd796
	at sun.reflect.GeneratedConstructorAccessor22.newInstance(Unknown Source)
	at sun.reflect.DelegatingConstructorAccessorImpl.newInstance(DelegatingConstructorAccessorImpl.java:45)
	at java.lang.reflect.Constructor.newInstance(Constructor.java:423)
	at org.openqa.selenium.remote.http.W3CHttpResponseCodec.createException(W3CHttpResponseCodec.java:187)
	at org.openqa.selenium.remote.http.W3CHttpResponseCodec.decode(W3CHttpResponseCodec.java:122)
	at org.openqa.selenium.remote.http.W3CHttpResponseCodec.decode(W3CHttpResponseCodec.java:49)
	at org.openqa.selenium.remote.HttpCommandExecutor.execute(HttpCommandExecutor.java:158)
	at org.openqa.selenium.remote.service.DriverCommandExecutor.execute(DriverCommandExecutor.java:83)
	at org.openqa.selenium.remote.RemoteWebDriver.execute(RemoteWebDriver.java:543)
	at org.openqa.selenium.remote.RemoteWebDriver.get(RemoteWebDriver.java:271)
	at element.Navigate.goToUrl(Navigate.java:11)
	at pages.CreateFormPage.navigateToEnv(CreateFormPage.java:35)
	at steps.CreateNewComputer_Steps.iAmOnTheComputerDatabaseList(CreateNewComputer_Steps.java:22)
	at ✽.Given I am on the computer database list(EditComputer.feature:4)
</error>
    <system-out>
  @browser
  Scenario Outline: Verify that user is unable to update computer with wrong date format for Introduced	date field &amp;#27;[90m# EditComputer.feature:43&amp;#27;[0m
    &amp;#27;[36mAnd &amp;#27;[0m&amp;#27;[36mI enter &amp;#27;[0m&amp;#27;[36m&amp;#27;[1mTEST&amp;#27;[0m&amp;#27;[36m in Computer name field&amp;#27;[0m                                                                        &amp;#27;[90m# CreateNewComputer_Steps.iEnterNameInComputerFieldName(String)&amp;#27;[0m
    &amp;#27;[36mAnd &amp;#27;[0m&amp;#27;[36mI enter wrong &amp;#27;[0m&amp;#27;[36m&amp;#27;[1m!@#)(&amp;_^*?&amp;#27;[0m&amp;#27;[36m format for Introduced date field&amp;#27;[0m                                                  &amp;#27;[90m# CreateNewComputer_Steps.iEnterWrongDateFormatForIntroducedDateField(String)&amp;#27;[0m
    &amp;#27;[36mAnd &amp;#27;[0m&amp;#27;[36mI enter valid &amp;#27;[0m&amp;#27;[36m&amp;#27;[1m2018-03-01&amp;#27;[0m&amp;#27;[36m Discontinued date and &amp;#27;[0m&amp;#27;[36m&amp;#27;[1m13&amp;#27;[0m                                                          &amp;#27;[90m# CreateNewComputer_Steps.iEnterValidDataForTheRestOfOptionalFields1(String,String)&amp;#27;[0m
    &amp;#27;[36mWhen &amp;#27;[0m&amp;#27;[36mI click on the button Save this computer&amp;#27;[0m                                                                  &amp;#27;[90m# EditComputer_Steps.iClickOnTheButtonSaveThisComputer()&amp;#27;[0m
    &amp;#27;[36mThen &amp;#27;[0m&amp;#27;[36mI will not be able to update computer&amp;#27;[0m                                                                     &amp;#27;[90m# EditComputer_Steps.iWillNotBeAbleToUpdateComputer()&amp;#27;[0m
    &amp;#27;[36mAnd &amp;#27;[0m&amp;#27;[36mI will see &quot;Introduced date&quot; field highlighted in red&amp;#27;[0m                                                      &amp;#27;[90m# CreateNewComputer_Steps.iWillSeeIntroducedDateFieldHighlightedInRed()&amp;#27;[0m
</system-out>
    <system-err>[main] INFO io.github.bonigarcia.wdm.WebDriverManager - Using chromedriver 99.0.4844.51 (since Google Chrome 99 is installed in your machine)
[main] INFO io.github.bonigarcia.wdm.WebDriverManager - Exporting webdriver.chrome.driver as C:\Users\marijas\.m2\repository\webdriver\chromedriver\win32\99.0.4844.51\chromedriver.exe
Mar 22, 2022 12:42:04 PM element.Navigate goToUrl
INFO: Navigate to Url: http://computer-database.herokuapp.com/computers
</system-err>
  </testcase>
  <testcase classname="| t | 2021 | 2018-03-01 | 15 |" name="| t | 2021 | 2018-03-01 | 15 |" time="0">
    <error message="no such window: target window already closed
from unknown error: web view not found
  (Session info: chrome=99.0.4844.74)
Build info: version: &apos;3.12.0&apos;, revision: &apos;7c6e0b3&apos;, time: &apos;2018-05-08T14:04:26.12Z&apos;
System info: host: &apos;GS-ARI7C&apos;, ip: &apos;172.19.128.1&apos;, os.name: &apos;Windows 10&apos;, os.arch: &apos;amd64&apos;, os.version: &apos;10.0&apos;, java.version: &apos;1.8.0_291&apos;
Driver info: org.openqa.selenium.chrome.ChromeDriver
Capabilities {acceptInsecureCerts: false, browserName: chrome, browserVersion: 99.0.4844.74, chrome: {chromedriverVersion: 99.0.4844.51 (d537ec02474b5..., userDataDir: C:\Users\marijas\AppData\Lo...}, goog:chromeOptions: {debuggerAddress: localhost:55584}, javascriptEnabled: true, networkConnectionEnabled: false, pageLoadStrategy: normal, platform: WINDOWS, platformName: WINDOWS, proxy: Proxy(), setWindowRect: true, strictFileInteractability: false, timeouts: {implicit: 0, pageLoad: 300000, script: 30000}, unhandledPromptBehavior: dismiss and notify, webauthn:extension:credBlob: true, webauthn:extension:largeBlob: true, webauthn:virtualAuthenticators: true}
Session ID: 58b094ae2f81675239d9e3dc93bbd796" type="org.openqa.selenium.NoSuchWindowException">org.openqa.selenium.NoSuchWindowException: no such window: target window already closed
from unknown error: web view not found
  (Session info: chrome=99.0.4844.74)
Build info: version: &apos;3.12.0&apos;, revision: &apos;7c6e0b3&apos;, time: &apos;2018-05-08T14:04:26.12Z&apos;
System info: host: &apos;GS-ARI7C&apos;, ip: &apos;172.19.128.1&apos;, os.name: &apos;Windows 10&apos;, os.arch: &apos;amd64&apos;, os.version: &apos;10.0&apos;, java.version: &apos;1.8.0_291&apos;
Driver info: org.openqa.selenium.chrome.ChromeDriver
Capabilities {acceptInsecureCerts: false, browserName: chrome, browserVersion: 99.0.4844.74, chrome: {chromedriverVersion: 99.0.4844.51 (d537ec02474b5..., userDataDir: C:\Users\marijas\AppData\Lo...}, goog:chromeOptions: {debuggerAddress: localhost:55584}, javascriptEnabled: true, networkConnectionEnabled: false, pageLoadStrategy: normal, platform: WINDOWS, platformName: WINDOWS, proxy: Proxy(), setWindowRect: true, strictFileInteractability: false, timeouts: {implicit: 0, pageLoad: 300000, script: 30000}, unhandledPromptBehavior: dismiss and notify, webauthn:extension:credBlob: true, webauthn:extension:largeBlob: true, webauthn:virtualAuthenticators: true}
Session ID: 58b094ae2f81675239d9e3dc93bbd796
	at sun.reflect.GeneratedConstructorAccessor22.newInstance(Unknown Source)
	at sun.reflect.DelegatingConstructorAccessorImpl.newInstance(DelegatingConstructorAccessorImpl.java:45)
	at java.lang.reflect.Constructor.newInstance(Constructor.java:423)
	at org.openqa.selenium.remote.http.W3CHttpResponseCodec.createException(W3CHttpResponseCodec.java:187)
	at org.openqa.selenium.remote.http.W3CHttpResponseCodec.decode(W3CHttpResponseCodec.java:122)
	at org.openqa.selenium.remote.http.W3CHttpResponseCodec.decode(W3CHttpResponseCodec.java:49)
	at org.openqa.selenium.remote.HttpCommandExecutor.execute(HttpCommandExecutor.java:158)
	at org.openqa.selenium.remote.service.DriverCommandExecutor.execute(DriverCommandExecutor.java:83)
	at org.openqa.selenium.remote.RemoteWebDriver.execute(RemoteWebDriver.java:543)
	at org.openqa.selenium.remote.RemoteWebDriver.get(RemoteWebDriver.java:271)
	at element.Navigate.goToUrl(Navigate.java:11)
	at pages.CreateFormPage.navigateToEnv(CreateFormPage.java:35)
	at steps.CreateNewComputer_Steps.iAmOnTheComputerDatabaseList(CreateNewComputer_Steps.java:22)
	at ✽.Given I am on the computer database list(EditComputer.feature:4)
</error>
  </testcase>
  <testcase classname="| t | 2021 | 2018-03-01 | 15 |" name="And I click on the computer from the list" time="0">
    <skipped/>
  </testcase>
  <testcase classname="| t | 2021 | 2018-03-01 | 15 |" name="And I enter t in Computer name field" time="0.059">
    <skipped/>
    <system-out>
  Background:                                 &amp;#27;[90m# EditComputer.feature:3&amp;#27;[0m
    &amp;#27;[31mGiven &amp;#27;[0m&amp;#27;[31mI am on the computer database list&amp;#27;[0m  &amp;#27;[90m# CreateNewComputer_Steps.iAmOnTheComputerDatabaseList()&amp;#27;[0m
      &amp;#27;[31morg.openqa.selenium.NoSuchWindowException: no such window: target window already closed
      from unknown error: web view not found
        (Session info: chrome=99.0.4844.74)
      Build info: version: &apos;3.12.0&apos;, revision: &apos;7c6e0b3&apos;, time: &apos;2018-05-08T14:04:26.12Z&apos;
      System info: host: &apos;GS-ARI7C&apos;, ip: &apos;172.19.128.1&apos;, os.name: &apos;Windows 10&apos;, os.arch: &apos;amd64&apos;, os.version: &apos;10.0&apos;, java.version: &apos;1.8.0_291&apos;
      Driver info: org.openqa.selenium.chrome.ChromeDriver
      Capabilities {acceptInsecureCerts: false, browserName: chrome, browserVersion: 99.0.4844.74, chrome: {chromedriverVersion: 99.0.4844.51 (d537ec02474b5..., userDataDir: C:\Users\marijas\AppData\Lo...}, goog:chromeOptions: {debuggerAddress: localhost:55584}, javascriptEnabled: true, networkConnectionEnabled: false, pageLoadStrategy: normal, platform: WINDOWS, platformName: WINDOWS, proxy: Proxy(), setWindowRect: true, strictFileInteractability: false, timeouts: {implicit: 0, pageLoad: 300000, script: 30000}, unhandledPromptBehavior: dismiss and notify, webauthn:extension:credBlob: true, webauthn:extension:largeBlob: true, webauthn:virtualAuthenticators: true}
      Session ID: 58b094ae2f81675239d9e3dc93bbd796
      	at sun.reflect.GeneratedConstructorAccessor22.newInstance(Unknown Source)
      	at sun.reflect.DelegatingConstructorAccessorImpl.newInstance(DelegatingConstructorAccessorImpl.java:45)
      	at java.lang.reflect.Constructor.newInstance(Constructor.java:423)
      	at org.openqa.selenium.remote.http.W3CHttpResponseCodec.createException(W3CHttpResponseCodec.java:187)
      	at org.openqa.selenium.remote.http.W3CHttpResponseCodec.decode(W3CHttpResponseCodec.java:122)
      	at org.openqa.selenium.remote.http.W3CHttpResponseCodec.decode(W3CHttpResponseCodec.java:49)
      	at org.openqa.selenium.remote.HttpCommandExecutor.execute(HttpCommandExecutor.java:158)
      	at org.openqa.selenium.remote.service.DriverCommandExecutor.execute(DriverCommandExecutor.java:83)
      	at org.openqa.selenium.remote.RemoteWebDriver.execute(RemoteWebDriver.java:543)
      	at org.openqa.selenium.remote.RemoteWebDriver.get(RemoteWebDriver.java:271)
      	at element.Navigate.goToUrl(Navigate.java:11)
      	at pages.CreateFormPage.navigateToEnv(CreateFormPage.java:35)
      	at steps.CreateNewComputer_Steps.iAmOnTheComputerDatabaseList(CreateNewComputer_Steps.java:22)
      	at ?.Given I am on the computer database list(EditComputer.feature:4)
      &amp;#27;[0m
    &amp;#27;[36mAnd &amp;#27;[0m&amp;#27;[36mI click on the computer from the list&amp;#27;[0m &amp;#27;[90m# EditComputer_Steps.iClickOnTheButtonAddNewComputer()&amp;#27;[0m
</system-out>
  </testcase>
  <testcase classname="| t | 2021 | 2018-03-01 | 15 |" name="And I enter wrong 2021 format for Introduced date field" time="0.059">
    <skipped/>
  </testcase>
  <testcase classname="| t | 2021 | 2018-03-01 | 15 |" name="And I enter valid 2018-03-01 Discontinued date and 15" time="0.059">
    <skipped/>
  </testcase>
  <testcase classname="| t | 2021 | 2018-03-01 | 15 |" name="When I click on the button Save this computer" time="0.059">
    <skipped/>
  </testcase>
  <testcase classname="| t | 2021 | 2018-03-01 | 15 |" name="Then I will not be able to update computer" time="0.059">
    <skipped/>
  </testcase>
  <testcase classname="| t | 2021 | 2018-03-01 | 15 |" name="And I will see &quot;Introduced date&quot; field highlighted in red" time="0.059">
    <skipped/>
  </testcase>
  <testcase classname="| test | 01-01-2021 | 2021-01-01 | 2 |" name="Given I am on the computer database list" time="0">
    <error message="no such window: target window already closed
from unknown error: web view not found
  (Session info: chrome=99.0.4844.74)
Build info: version: &apos;3.12.0&apos;, revision: &apos;7c6e0b3&apos;, time: &apos;2018-05-08T14:04:26.12Z&apos;
System info: host: &apos;GS-ARI7C&apos;, ip: &apos;172.19.128.1&apos;, os.name: &apos;Windows 10&apos;, os.arch: &apos;amd64&apos;, os.version: &apos;10.0&apos;, java.version: &apos;1.8.0_291&apos;
Driver info: org.openqa.selenium.chrome.ChromeDriver
Capabilities {acceptInsecureCerts: false, browserName: chrome, browserVersion: 99.0.4844.74, chrome: {chromedriverVersion: 99.0.4844.51 (d537ec02474b5..., userDataDir: C:\Users\marijas\AppData\Lo...}, goog:chromeOptions: {debuggerAddress: localhost:55584}, javascriptEnabled: true, networkConnectionEnabled: false, pageLoadStrategy: normal, platform: WINDOWS, platformName: WINDOWS, proxy: Proxy(), setWindowRect: true, strictFileInteractability: false, timeouts: {implicit: 0, pageLoad: 300000, script: 30000}, unhandledPromptBehavior: dismiss and notify, webauthn:extension:credBlob: true, webauthn:extension:largeBlob: true, webauthn:virtualAuthenticators: true}
Session ID: 58b094ae2f81675239d9e3dc93bbd796" type="org.openqa.selenium.NoSuchWindowException">org.openqa.selenium.NoSuchWindowException: no such window: target window already closed
from unknown error: web view not found
  (Session info: chrome=99.0.4844.74)
Build info: version: &apos;3.12.0&apos;, revision: &apos;7c6e0b3&apos;, time: &apos;2018-05-08T14:04:26.12Z&apos;
System info: host: &apos;GS-ARI7C&apos;, ip: &apos;172.19.128.1&apos;, os.name: &apos;Windows 10&apos;, os.arch: &apos;amd64&apos;, os.version: &apos;10.0&apos;, java.version: &apos;1.8.0_291&apos;
Driver info: org.openqa.selenium.chrome.ChromeDriver
Capabilities {acceptInsecureCerts: false, browserName: chrome, browserVersion: 99.0.4844.74, chrome: {chromedriverVersion: 99.0.4844.51 (d537ec02474b5..., userDataDir: C:\Users\marijas\AppData\Lo...}, goog:chromeOptions: {debuggerAddress: localhost:55584}, javascriptEnabled: true, networkConnectionEnabled: false, pageLoadStrategy: normal, platform: WINDOWS, platformName: WINDOWS, proxy: Proxy(), setWindowRect: true, strictFileInteractability: false, timeouts: {implicit: 0, pageLoad: 300000, script: 30000}, unhandledPromptBehavior: dismiss and notify, webauthn:extension:credBlob: true, webauthn:extension:largeBlob: true, webauthn:virtualAuthenticators: true}
Session ID: 58b094ae2f81675239d9e3dc93bbd796
	at sun.reflect.GeneratedConstructorAccessor22.newInstance(Unknown Source)
	at sun.reflect.DelegatingConstructorAccessorImpl.newInstance(DelegatingConstructorAccessorImpl.java:45)
	at java.lang.reflect.Constructor.newInstance(Constructor.java:423)
	at org.openqa.selenium.remote.http.W3CHttpResponseCodec.createException(W3CHttpResponseCodec.java:187)
	at org.openqa.selenium.remote.http.W3CHttpResponseCodec.decode(W3CHttpResponseCodec.java:122)
	at org.openqa.selenium.remote.http.W3CHttpResponseCodec.decode(W3CHttpResponseCodec.java:49)
	at org.openqa.selenium.remote.HttpCommandExecutor.execute(HttpCommandExecutor.java:158)
	at org.openqa.selenium.remote.service.DriverCommandExecutor.execute(DriverCommandExecutor.java:83)
	at org.openqa.selenium.remote.RemoteWebDriver.execute(RemoteWebDriver.java:543)
	at org.openqa.selenium.remote.RemoteWebDriver.get(RemoteWebDriver.java:271)
	at element.Navigate.goToUrl(Navigate.java:11)
	at pages.CreateFormPage.navigateToEnv(CreateFormPage.java:35)
	at steps.CreateNewComputer_Steps.iAmOnTheComputerDatabaseList(CreateNewComputer_Steps.java:22)
	at ✽.Given I am on the computer database list(EditComputer.feature:4)
</error>
    <system-out>
  @browser
  Scenario Outline: Verify that user is unable to update computer with wrong date format for Introduced	date field &amp;#27;[90m# EditComputer.feature:44&amp;#27;[0m
    &amp;#27;[36mAnd &amp;#27;[0m&amp;#27;[36mI enter &amp;#27;[0m&amp;#27;[36m&amp;#27;[1mt&amp;#27;[0m&amp;#27;[36m in Computer name field&amp;#27;[0m                                                                           &amp;#27;[90m# CreateNewComputer_Steps.iEnterNameInComputerFieldName(String)&amp;#27;[0m
    &amp;#27;[36mAnd &amp;#27;[0m&amp;#27;[36mI enter wrong &amp;#27;[0m&amp;#27;[36m&amp;#27;[1m2021&amp;#27;[0m&amp;#27;[36m format for Introduced date field&amp;#27;[0m                                                        &amp;#27;[90m# CreateNewComputer_Steps.iEnterWrongDateFormatForIntroducedDateField(String)&amp;#27;[0m
    &amp;#27;[36mAnd &amp;#27;[0m&amp;#27;[36mI enter valid &amp;#27;[0m&amp;#27;[36m&amp;#27;[1m2018-03-01&amp;#27;[0m&amp;#27;[36m Discontinued date and &amp;#27;[0m&amp;#27;[36m&amp;#27;[1m15&amp;#27;[0m                                                          &amp;#27;[90m# CreateNewComputer_Steps.iEnterValidDataForTheRestOfOptionalFields1(String,String)&amp;#27;[0m
    &amp;#27;[36mWhen &amp;#27;[0m&amp;#27;[36mI click on the button Save this computer&amp;#27;[0m                                                                  &amp;#27;[90m# EditComputer_Steps.iClickOnTheButtonSaveThisComputer()&amp;#27;[0m
    &amp;#27;[36mThen &amp;#27;[0m&amp;#27;[36mI will not be able to update computer&amp;#27;[0m                                                                     &amp;#27;[90m# EditComputer_Steps.iWillNotBeAbleToUpdateComputer()&amp;#27;[0m
    &amp;#27;[36mAnd &amp;#27;[0m&amp;#27;[36mI will see &quot;Introduced date&quot; field highlighted in red&amp;#27;[0m                                                      &amp;#27;[90m# CreateNewComputer_Steps.iWillSeeIntroducedDateFieldHighlightedInRed()&amp;#27;[0m

  @browser
  Scenario Outline: Verify that user is unable to update computer with wrong date format for Discontinued date field &amp;#27;[90m# EditComputer.feature:48&amp;#27;[0m
    &amp;#27;[36mAnd &amp;#27;[0m&amp;#27;[36mI enter &lt;name&gt; in Computer name field&amp;#27;[0m
    &amp;#27;[36mAnd &amp;#27;[0m&amp;#27;[36mI enter wrong &lt;date&gt; format for Discontinued date field&amp;#27;[0m
    &amp;#27;[36mAnd &amp;#27;[0m&amp;#27;[36mI enter valid &lt;introduced&gt; Introduced date and &lt;companyBrand&gt;&amp;#27;[0m
    &amp;#27;[36mWhen &amp;#27;[0m&amp;#27;[36mI click on the button Save this computer&amp;#27;[0m
    &amp;#27;[36mThen &amp;#27;[0m&amp;#27;[36mI will not be able to update computer&amp;#27;[0m
    &amp;#27;[36mAnd &amp;#27;[0m&amp;#27;[36mI will see &quot;Discontinued date&quot; field highlighted in red&amp;#27;[0m

    Examples: 
</system-out>
    <system-err>[main] INFO io.github.bonigarcia.wdm.WebDriverManager - Using chromedriver 99.0.4844.51 (since Google Chrome 99 is installed in your machine)
[main] INFO io.github.bonigarcia.wdm.WebDriverManager - Exporting webdriver.chrome.driver as C:\Users\marijas\.m2\repository\webdriver\chromedriver\win32\99.0.4844.51\chromedriver.exe
Mar 22, 2022 12:42:04 PM element.Navigate goToUrl
INFO: Navigate to Url: http://computer-database.herokuapp.com/computers
</system-err>
  </testcase>
  <testcase classname="| test | 01-01-2021 | 2021-01-01 | 2 |" name="| test | 01-01-2021 | 2021-01-01 | 2 |" time="0">
    <error message="no such window: target window already closed
from unknown error: web view not found
  (Session info: chrome=99.0.4844.74)
Build info: version: &apos;3.12.0&apos;, revision: &apos;7c6e0b3&apos;, time: &apos;2018-05-08T14:04:26.12Z&apos;
System info: host: &apos;GS-ARI7C&apos;, ip: &apos;172.19.128.1&apos;, os.name: &apos;Windows 10&apos;, os.arch: &apos;amd64&apos;, os.version: &apos;10.0&apos;, java.version: &apos;1.8.0_291&apos;
Driver info: org.openqa.selenium.chrome.ChromeDriver
Capabilities {acceptInsecureCerts: false, browserName: chrome, browserVersion: 99.0.4844.74, chrome: {chromedriverVersion: 99.0.4844.51 (d537ec02474b5..., userDataDir: C:\Users\marijas\AppData\Lo...}, goog:chromeOptions: {debuggerAddress: localhost:55584}, javascriptEnabled: true, networkConnectionEnabled: false, pageLoadStrategy: normal, platform: WINDOWS, platformName: WINDOWS, proxy: Proxy(), setWindowRect: true, strictFileInteractability: false, timeouts: {implicit: 0, pageLoad: 300000, script: 30000}, unhandledPromptBehavior: dismiss and notify, webauthn:extension:credBlob: true, webauthn:extension:largeBlob: true, webauthn:virtualAuthenticators: true}
Session ID: 58b094ae2f81675239d9e3dc93bbd796" type="org.openqa.selenium.NoSuchWindowException">org.openqa.selenium.NoSuchWindowException: no such window: target window already closed
from unknown error: web view not found
  (Session info: chrome=99.0.4844.74)
Build info: version: &apos;3.12.0&apos;, revision: &apos;7c6e0b3&apos;, time: &apos;2018-05-08T14:04:26.12Z&apos;
System info: host: &apos;GS-ARI7C&apos;, ip: &apos;172.19.128.1&apos;, os.name: &apos;Windows 10&apos;, os.arch: &apos;amd64&apos;, os.version: &apos;10.0&apos;, java.version: &apos;1.8.0_291&apos;
Driver info: org.openqa.selenium.chrome.ChromeDriver
Capabilities {acceptInsecureCerts: false, browserName: chrome, browserVersion: 99.0.4844.74, chrome: {chromedriverVersion: 99.0.4844.51 (d537ec02474b5..., userDataDir: C:\Users\marijas\AppData\Lo...}, goog:chromeOptions: {debuggerAddress: localhost:55584}, javascriptEnabled: true, networkConnectionEnabled: false, pageLoadStrategy: normal, platform: WINDOWS, platformName: WINDOWS, proxy: Proxy(), setWindowRect: true, strictFileInteractability: false, timeouts: {implicit: 0, pageLoad: 300000, script: 30000}, unhandledPromptBehavior: dismiss and notify, webauthn:extension:credBlob: true, webauthn:extension:largeBlob: true, webauthn:virtualAuthenticators: true}
Session ID: 58b094ae2f81675239d9e3dc93bbd796
	at sun.reflect.GeneratedConstructorAccessor22.newInstance(Unknown Source)
	at sun.reflect.DelegatingConstructorAccessorImpl.newInstance(DelegatingConstructorAccessorImpl.java:45)
	at java.lang.reflect.Constructor.newInstance(Constructor.java:423)
	at org.openqa.selenium.remote.http.W3CHttpResponseCodec.createException(W3CHttpResponseCodec.java:187)
	at org.openqa.selenium.remote.http.W3CHttpResponseCodec.decode(W3CHttpResponseCodec.java:122)
	at org.openqa.selenium.remote.http.W3CHttpResponseCodec.decode(W3CHttpResponseCodec.java:49)
	at org.openqa.selenium.remote.HttpCommandExecutor.execute(HttpCommandExecutor.java:158)
	at org.openqa.selenium.remote.service.DriverCommandExecutor.execute(DriverCommandExecutor.java:83)
	at org.openqa.selenium.remote.RemoteWebDriver.execute(RemoteWebDriver.java:543)
	at org.openqa.selenium.remote.RemoteWebDriver.get(RemoteWebDriver.java:271)
	at element.Navigate.goToUrl(Navigate.java:11)
	at pages.CreateFormPage.navigateToEnv(CreateFormPage.java:35)
	at steps.CreateNewComputer_Steps.iAmOnTheComputerDatabaseList(CreateNewComputer_Steps.java:22)
	at ✽.Given I am on the computer database list(EditComputer.feature:4)
</error>
  </testcase>
  <testcase classname="| test | 01-01-2021 | 2021-01-01 | 2 |" name="And I click on the computer from the list" time="0.001">
    <skipped/>
  </testcase>
  <testcase classname="| test | 01-01-2021 | 2021-01-01 | 2 |" name="And I enter test in Computer name field" time="0.017">
    <skipped/>
    <system-out>
  Background:                                 &amp;#27;[90m# EditComputer.feature:3&amp;#27;[0m
    &amp;#27;[31mGiven &amp;#27;[0m&amp;#27;[31mI am on the computer database list&amp;#27;[0m  &amp;#27;[90m# CreateNewComputer_Steps.iAmOnTheComputerDatabaseList()&amp;#27;[0m
      &amp;#27;[31morg.openqa.selenium.NoSuchWindowException: no such window: target window already closed
      from unknown error: web view not found
        (Session info: chrome=99.0.4844.74)
      Build info: version: &apos;3.12.0&apos;, revision: &apos;7c6e0b3&apos;, time: &apos;2018-05-08T14:04:26.12Z&apos;
      System info: host: &apos;GS-ARI7C&apos;, ip: &apos;172.19.128.1&apos;, os.name: &apos;Windows 10&apos;, os.arch: &apos;amd64&apos;, os.version: &apos;10.0&apos;, java.version: &apos;1.8.0_291&apos;
      Driver info: org.openqa.selenium.chrome.ChromeDriver
      Capabilities {acceptInsecureCerts: false, browserName: chrome, browserVersion: 99.0.4844.74, chrome: {chromedriverVersion: 99.0.4844.51 (d537ec02474b5..., userDataDir: C:\Users\marijas\AppData\Lo...}, goog:chromeOptions: {debuggerAddress: localhost:55584}, javascriptEnabled: true, networkConnectionEnabled: false, pageLoadStrategy: normal, platform: WINDOWS, platformName: WINDOWS, proxy: Proxy(), setWindowRect: true, strictFileInteractability: false, timeouts: {implicit: 0, pageLoad: 300000, script: 30000}, unhandledPromptBehavior: dismiss and notify, webauthn:extension:credBlob: true, webauthn:extension:largeBlob: true, webauthn:virtualAuthenticators: true}
      Session ID: 58b094ae2f81675239d9e3dc93bbd796
      	at sun.reflect.GeneratedConstructorAccessor22.newInstance(Unknown Source)
      	at sun.reflect.DelegatingConstructorAccessorImpl.newInstance(DelegatingConstructorAccessorImpl.java:45)
      	at java.lang.reflect.Constructor.newInstance(Constructor.java:423)
      	at org.openqa.selenium.remote.http.W3CHttpResponseCodec.createException(W3CHttpResponseCodec.java:187)
      	at org.openqa.selenium.remote.http.W3CHttpResponseCodec.decode(W3CHttpResponseCodec.java:122)
      	at org.openqa.selenium.remote.http.W3CHttpResponseCodec.decode(W3CHttpResponseCodec.java:49)
      	at org.openqa.selenium.remote.HttpCommandExecutor.execute(HttpCommandExecutor.java:158)
      	at org.openqa.selenium.remote.service.DriverCommandExecutor.execute(DriverCommandExecutor.java:83)
      	at org.openqa.selenium.remote.RemoteWebDriver.execute(RemoteWebDriver.java:543)
      	at org.openqa.selenium.remote.RemoteWebDriver.get(RemoteWebDriver.java:271)
      	at element.Navigate.goToUrl(Navigate.java:11)
      	at pages.CreateFormPage.navigateToEnv(CreateFormPage.java:35)
      	at steps.CreateNewComputer_Steps.iAmOnTheComputerDatabaseList(CreateNewComputer_Steps.java:22)
      	at ?.Given I am on the computer database list(EditComputer.feature:4)
      &amp;#27;[0m
    &amp;#27;[36mAnd &amp;#27;[0m&amp;#27;[36mI click on the computer from the list&amp;#27;[0m &amp;#27;[90m# EditComputer_Steps.iClickOnTheButtonAddNewComputer()&amp;#27;[0m
</system-out>
  </testcase>
  <testcase classname="| test | 01-01-2021 | 2021-01-01 | 2 |" name="And I enter wrong 01-01-2021 format for Discontinued date field" time="0.017">
    <skipped/>
  </testcase>
  <testcase classname="| test | 01-01-2021 | 2021-01-01 | 2 |" name="And I enter valid 2021-01-01 Introduced date and 2" time="0.017">
    <skipped/>
  </testcase>
  <testcase classname="| test | 01-01-2021 | 2021-01-01 | 2 |" name="When I click on the button Save this computer" time="0.017">
    <skipped/>
  </testcase>
  <testcase classname="| test | 01-01-2021 | 2021-01-01 | 2 |" name="Then I will not be able to update computer" time="0.017">
    <skipped/>
  </testcase>
  <testcase classname="| test | 01-01-2021 | 2021-01-01 | 2 |" name="And I will see &quot;Discontinued date&quot; field highlighted in red" time="0.017">
    <skipped/>
  </testcase>
  <testcase classname="| test1 | Jun | 2020-05-05 | 4 |" name="Given I am on the computer database list" time="0">
    <error message="no such window: target window already closed
from unknown error: web view not found
  (Session info: chrome=99.0.4844.74)
Build info: version: &apos;3.12.0&apos;, revision: &apos;7c6e0b3&apos;, time: &apos;2018-05-08T14:04:26.12Z&apos;
System info: host: &apos;GS-ARI7C&apos;, ip: &apos;172.19.128.1&apos;, os.name: &apos;Windows 10&apos;, os.arch: &apos;amd64&apos;, os.version: &apos;10.0&apos;, java.version: &apos;1.8.0_291&apos;
Driver info: org.openqa.selenium.chrome.ChromeDriver
Capabilities {acceptInsecureCerts: false, browserName: chrome, browserVersion: 99.0.4844.74, chrome: {chromedriverVersion: 99.0.4844.51 (d537ec02474b5..., userDataDir: C:\Users\marijas\AppData\Lo...}, goog:chromeOptions: {debuggerAddress: localhost:55584}, javascriptEnabled: true, networkConnectionEnabled: false, pageLoadStrategy: normal, platform: WINDOWS, platformName: WINDOWS, proxy: Proxy(), setWindowRect: true, strictFileInteractability: false, timeouts: {implicit: 0, pageLoad: 300000, script: 30000}, unhandledPromptBehavior: dismiss and notify, webauthn:extension:credBlob: true, webauthn:extension:largeBlob: true, webauthn:virtualAuthenticators: true}
Session ID: 58b094ae2f81675239d9e3dc93bbd796" type="org.openqa.selenium.NoSuchWindowException">org.openqa.selenium.NoSuchWindowException: no such window: target window already closed
from unknown error: web view not found
  (Session info: chrome=99.0.4844.74)
Build info: version: &apos;3.12.0&apos;, revision: &apos;7c6e0b3&apos;, time: &apos;2018-05-08T14:04:26.12Z&apos;
System info: host: &apos;GS-ARI7C&apos;, ip: &apos;172.19.128.1&apos;, os.name: &apos;Windows 10&apos;, os.arch: &apos;amd64&apos;, os.version: &apos;10.0&apos;, java.version: &apos;1.8.0_291&apos;
Driver info: org.openqa.selenium.chrome.ChromeDriver
Capabilities {acceptInsecureCerts: false, browserName: chrome, browserVersion: 99.0.4844.74, chrome: {chromedriverVersion: 99.0.4844.51 (d537ec02474b5..., userDataDir: C:\Users\marijas\AppData\Lo...}, goog:chromeOptions: {debuggerAddress: localhost:55584}, javascriptEnabled: true, networkConnectionEnabled: false, pageLoadStrategy: normal, platform: WINDOWS, platformName: WINDOWS, proxy: Proxy(), setWindowRect: true, strictFileInteractability: false, timeouts: {implicit: 0, pageLoad: 300000, script: 30000}, unhandledPromptBehavior: dismiss and notify, webauthn:extension:credBlob: true, webauthn:extension:largeBlob: true, webauthn:virtualAuthenticators: true}
Session ID: 58b094ae2f81675239d9e3dc93bbd796
	at sun.reflect.GeneratedConstructorAccessor22.newInstance(Unknown Source)
	at sun.reflect.DelegatingConstructorAccessorImpl.newInstance(DelegatingConstructorAccessorImpl.java:45)
	at java.lang.reflect.Constructor.newInstance(Constructor.java:423)
	at org.openqa.selenium.remote.http.W3CHttpResponseCodec.createException(W3CHttpResponseCodec.java:187)
	at org.openqa.selenium.remote.http.W3CHttpResponseCodec.decode(W3CHttpResponseCodec.java:122)
	at org.openqa.selenium.remote.http.W3CHttpResponseCodec.decode(W3CHttpResponseCodec.java:49)
	at org.openqa.selenium.remote.HttpCommandExecutor.execute(HttpCommandExecutor.java:158)
	at org.openqa.selenium.remote.service.DriverCommandExecutor.execute(DriverCommandExecutor.java:83)
	at org.openqa.selenium.remote.RemoteWebDriver.execute(RemoteWebDriver.java:543)
	at org.openqa.selenium.remote.RemoteWebDriver.get(RemoteWebDriver.java:271)
	at element.Navigate.goToUrl(Navigate.java:11)
	at pages.CreateFormPage.navigateToEnv(CreateFormPage.java:35)
	at steps.CreateNewComputer_Steps.iAmOnTheComputerDatabaseList(CreateNewComputer_Steps.java:22)
	at ✽.Given I am on the computer database list(EditComputer.feature:4)
</error>
    <system-out>
  @browser
  Scenario Outline: Verify that user is unable to update computer with wrong date format for Discontinued date field &amp;#27;[90m# EditComputer.feature:58&amp;#27;[0m
    &amp;#27;[36mAnd &amp;#27;[0m&amp;#27;[36mI enter &amp;#27;[0m&amp;#27;[36m&amp;#27;[1mtest&amp;#27;[0m&amp;#27;[36m in Computer name field&amp;#27;[0m                                                                          &amp;#27;[90m# CreateNewComputer_Steps.iEnterNameInComputerFieldName(String)&amp;#27;[0m
    &amp;#27;[36mAnd &amp;#27;[0m&amp;#27;[36mI enter wrong &amp;#27;[0m&amp;#27;[36m&amp;#27;[1m01-01-2021&amp;#27;[0m&amp;#27;[36m format for Discontinued date field&amp;#27;[0m                                                  &amp;#27;[90m# CreateNewComputer_Steps.iEnterWrongDateFormatForDiscontinuedField(String)&amp;#27;[0m
    &amp;#27;[36mAnd &amp;#27;[0m&amp;#27;[36mI enter valid &amp;#27;[0m&amp;#27;[36m&amp;#27;[1m2021-01-01&amp;#27;[0m&amp;#27;[36m Introduced date and &amp;#27;[0m&amp;#27;[36m&amp;#27;[1m2&amp;#27;[0m                                                               &amp;#27;[90m# CreateNewComputer_Steps.iEnterValidDataForTheRestOfOptionalField2(String,String)&amp;#27;[0m
    &amp;#27;[36mWhen &amp;#27;[0m&amp;#27;[36mI click on the button Save this computer&amp;#27;[0m                                                                    &amp;#27;[90m# EditComputer_Steps.iClickOnTheButtonSaveThisComputer()&amp;#27;[0m
    &amp;#27;[36mThen &amp;#27;[0m&amp;#27;[36mI will not be able to update computer&amp;#27;[0m                                                                       &amp;#27;[90m# EditComputer_Steps.iWillNotBeAbleToUpdateComputer()&amp;#27;[0m
    &amp;#27;[36mAnd &amp;#27;[0m&amp;#27;[36mI will see &quot;Discontinued date&quot; field highlighted in red&amp;#27;[0m                                                      &amp;#27;[90m# CreateNewComputer_Steps.iWillSeeDiscontinuedDateFieldHighlightedInRed()&amp;#27;[0m
</system-out>
    <system-err>[main] INFO io.github.bonigarcia.wdm.WebDriverManager - Using chromedriver 99.0.4844.51 (since Google Chrome 99 is installed in your machine)
[main] INFO io.github.bonigarcia.wdm.WebDriverManager - Exporting webdriver.chrome.driver as C:\Users\marijas\.m2\repository\webdriver\chromedriver\win32\99.0.4844.51\chromedriver.exe
Mar 22, 2022 12:42:04 PM element.Navigate goToUrl
INFO: Navigate to Url: http://computer-database.herokuapp.com/computers
</system-err>
  </testcase>
  <testcase classname="| test1 | Jun | 2020-05-05 | 4 |" name="| test1 | Jun | 2020-05-05 | 4 |" time="0">
    <error message="no such window: target window already closed
from unknown error: web view not found
  (Session info: chrome=99.0.4844.74)
Build info: version: &apos;3.12.0&apos;, revision: &apos;7c6e0b3&apos;, time: &apos;2018-05-08T14:04:26.12Z&apos;
System info: host: &apos;GS-ARI7C&apos;, ip: &apos;172.19.128.1&apos;, os.name: &apos;Windows 10&apos;, os.arch: &apos;amd64&apos;, os.version: &apos;10.0&apos;, java.version: &apos;1.8.0_291&apos;
Driver info: org.openqa.selenium.chrome.ChromeDriver
Capabilities {acceptInsecureCerts: false, browserName: chrome, browserVersion: 99.0.4844.74, chrome: {chromedriverVersion: 99.0.4844.51 (d537ec02474b5..., userDataDir: C:\Users\marijas\AppData\Lo...}, goog:chromeOptions: {debuggerAddress: localhost:55584}, javascriptEnabled: true, networkConnectionEnabled: false, pageLoadStrategy: normal, platform: WINDOWS, platformName: WINDOWS, proxy: Proxy(), setWindowRect: true, strictFileInteractability: false, timeouts: {implicit: 0, pageLoad: 300000, script: 30000}, unhandledPromptBehavior: dismiss and notify, webauthn:extension:credBlob: true, webauthn:extension:largeBlob: true, webauthn:virtualAuthenticators: true}
Session ID: 58b094ae2f81675239d9e3dc93bbd796" type="org.openqa.selenium.NoSuchWindowException">org.openqa.selenium.NoSuchWindowException: no such window: target window already closed
from unknown error: web view not found
  (Session info: chrome=99.0.4844.74)
Build info: version: &apos;3.12.0&apos;, revision: &apos;7c6e0b3&apos;, time: &apos;2018-05-08T14:04:26.12Z&apos;
System info: host: &apos;GS-ARI7C&apos;, ip: &apos;172.19.128.1&apos;, os.name: &apos;Windows 10&apos;, os.arch: &apos;amd64&apos;, os.version: &apos;10.0&apos;, java.version: &apos;1.8.0_291&apos;
Driver info: org.openqa.selenium.chrome.ChromeDriver
Capabilities {acceptInsecureCerts: false, browserName: chrome, browserVersion: 99.0.4844.74, chrome: {chromedriverVersion: 99.0.4844.51 (d537ec02474b5..., userDataDir: C:\Users\marijas\AppData\Lo...}, goog:chromeOptions: {debuggerAddress: localhost:55584}, javascriptEnabled: true, networkConnectionEnabled: false, pageLoadStrategy: normal, platform: WINDOWS, platformName: WINDOWS, proxy: Proxy(), setWindowRect: true, strictFileInteractability: false, timeouts: {implicit: 0, pageLoad: 300000, script: 30000}, unhandledPromptBehavior: dismiss and notify, webauthn:extension:credBlob: true, webauthn:extension:largeBlob: true, webauthn:virtualAuthenticators: true}
Session ID: 58b094ae2f81675239d9e3dc93bbd796
	at sun.reflect.GeneratedConstructorAccessor22.newInstance(Unknown Source)
	at sun.reflect.DelegatingConstructorAccessorImpl.newInstance(DelegatingConstructorAccessorImpl.java:45)
	at java.lang.reflect.Constructor.newInstance(Constructor.java:423)
	at org.openqa.selenium.remote.http.W3CHttpResponseCodec.createException(W3CHttpResponseCodec.java:187)
	at org.openqa.selenium.remote.http.W3CHttpResponseCodec.decode(W3CHttpResponseCodec.java:122)
	at org.openqa.selenium.remote.http.W3CHttpResponseCodec.decode(W3CHttpResponseCodec.java:49)
	at org.openqa.selenium.remote.HttpCommandExecutor.execute(HttpCommandExecutor.java:158)
	at org.openqa.selenium.remote.service.DriverCommandExecutor.execute(DriverCommandExecutor.java:83)
	at org.openqa.selenium.remote.RemoteWebDriver.execute(RemoteWebDriver.java:543)
	at org.openqa.selenium.remote.RemoteWebDriver.get(RemoteWebDriver.java:271)
	at element.Navigate.goToUrl(Navigate.java:11)
	at pages.CreateFormPage.navigateToEnv(CreateFormPage.java:35)
	at steps.CreateNewComputer_Steps.iAmOnTheComputerDatabaseList(CreateNewComputer_Steps.java:22)
	at ✽.Given I am on the computer database list(EditComputer.feature:4)
</error>
  </testcase>
  <testcase classname="| test1 | Jun | 2020-05-05 | 4 |" name="And I click on the computer from the list" time="0">
    <skipped/>
  </testcase>
  <testcase classname="| test1 | Jun | 2020-05-05 | 4 |" name="And I enter test1 in Computer name field" time="0.017">
    <skipped/>
    <system-out>
  Background:                                 &amp;#27;[90m# EditComputer.feature:3&amp;#27;[0m
    &amp;#27;[31mGiven &amp;#27;[0m&amp;#27;[31mI am on the computer database list&amp;#27;[0m  &amp;#27;[90m# CreateNewComputer_Steps.iAmOnTheComputerDatabaseList()&amp;#27;[0m
      &amp;#27;[31morg.openqa.selenium.NoSuchWindowException: no such window: target window already closed
      from unknown error: web view not found
        (Session info: chrome=99.0.4844.74)
      Build info: version: &apos;3.12.0&apos;, revision: &apos;7c6e0b3&apos;, time: &apos;2018-05-08T14:04:26.12Z&apos;
      System info: host: &apos;GS-ARI7C&apos;, ip: &apos;172.19.128.1&apos;, os.name: &apos;Windows 10&apos;, os.arch: &apos;amd64&apos;, os.version: &apos;10.0&apos;, java.version: &apos;1.8.0_291&apos;
      Driver info: org.openqa.selenium.chrome.ChromeDriver
      Capabilities {acceptInsecureCerts: false, browserName: chrome, browserVersion: 99.0.4844.74, chrome: {chromedriverVersion: 99.0.4844.51 (d537ec02474b5..., userDataDir: C:\Users\marijas\AppData\Lo...}, goog:chromeOptions: {debuggerAddress: localhost:55584}, javascriptEnabled: true, networkConnectionEnabled: false, pageLoadStrategy: normal, platform: WINDOWS, platformName: WINDOWS, proxy: Proxy(), setWindowRect: true, strictFileInteractability: false, timeouts: {implicit: 0, pageLoad: 300000, script: 30000}, unhandledPromptBehavior: dismiss and notify, webauthn:extension:credBlob: true, webauthn:extension:largeBlob: true, webauthn:virtualAuthenticators: true}
      Session ID: 58b094ae2f81675239d9e3dc93bbd796
      	at sun.reflect.GeneratedConstructorAccessor22.newInstance(Unknown Source)
      	at sun.reflect.DelegatingConstructorAccessorImpl.newInstance(DelegatingConstructorAccessorImpl.java:45)
      	at java.lang.reflect.Constructor.newInstance(Constructor.java:423)
      	at org.openqa.selenium.remote.http.W3CHttpResponseCodec.createException(W3CHttpResponseCodec.java:187)
      	at org.openqa.selenium.remote.http.W3CHttpResponseCodec.decode(W3CHttpResponseCodec.java:122)
      	at org.openqa.selenium.remote.http.W3CHttpResponseCodec.decode(W3CHttpResponseCodec.java:49)
      	at org.openqa.selenium.remote.HttpCommandExecutor.execute(HttpCommandExecutor.java:158)
      	at org.openqa.selenium.remote.service.DriverCommandExecutor.execute(DriverCommandExecutor.java:83)
      	at org.openqa.selenium.remote.RemoteWebDriver.execute(RemoteWebDriver.java:543)
      	at org.openqa.selenium.remote.RemoteWebDriver.get(RemoteWebDriver.java:271)
      	at element.Navigate.goToUrl(Navigate.java:11)
      	at pages.CreateFormPage.navigateToEnv(CreateFormPage.java:35)
      	at steps.CreateNewComputer_Steps.iAmOnTheComputerDatabaseList(CreateNewComputer_Steps.java:22)
      	at ?.Given I am on the computer database list(EditComputer.feature:4)
      &amp;#27;[0m
    &amp;#27;[36mAnd &amp;#27;[0m&amp;#27;[36mI click on the computer from the list&amp;#27;[0m &amp;#27;[90m# EditComputer_Steps.iClickOnTheButtonAddNewComputer()&amp;#27;[0m
</system-out>
  </testcase>
  <testcase classname="| test1 | Jun | 2020-05-05 | 4 |" name="And I enter wrong Jun format for Discontinued date field" time="0.018">
    <skipped/>
  </testcase>
  <testcase classname="| test1 | Jun | 2020-05-05 | 4 |" name="And I enter valid 2020-05-05 Introduced date and 4" time="0.018">
    <skipped/>
  </testcase>
  <testcase classname="| test1 | Jun | 2020-05-05 | 4 |" name="When I click on the button Save this computer" time="0.018">
    <skipped/>
  </testcase>
  <testcase classname="| test1 | Jun | 2020-05-05 | 4 |" name="Then I will not be able to update computer" time="0.018">
    <skipped/>
  </testcase>
  <testcase classname="| test1 | Jun | 2020-05-05 | 4 |" name="And I will see &quot;Discontinued date&quot; field highlighted in red" time="0.018">
    <skipped/>
  </testcase>
  <testcase classname="| 123456 | 2021/01/01 | 2019-02-01 | 6 |" name="Given I am on the computer database list" time="0">
    <error message="no such window: target window already closed
from unknown error: web view not found
  (Session info: chrome=99.0.4844.74)
Build info: version: &apos;3.12.0&apos;, revision: &apos;7c6e0b3&apos;, time: &apos;2018-05-08T14:04:26.12Z&apos;
System info: host: &apos;GS-ARI7C&apos;, ip: &apos;172.19.128.1&apos;, os.name: &apos;Windows 10&apos;, os.arch: &apos;amd64&apos;, os.version: &apos;10.0&apos;, java.version: &apos;1.8.0_291&apos;
Driver info: org.openqa.selenium.chrome.ChromeDriver
Capabilities {acceptInsecureCerts: false, browserName: chrome, browserVersion: 99.0.4844.74, chrome: {chromedriverVersion: 99.0.4844.51 (d537ec02474b5..., userDataDir: C:\Users\marijas\AppData\Lo...}, goog:chromeOptions: {debuggerAddress: localhost:55584}, javascriptEnabled: true, networkConnectionEnabled: false, pageLoadStrategy: normal, platform: WINDOWS, platformName: WINDOWS, proxy: Proxy(), setWindowRect: true, strictFileInteractability: false, timeouts: {implicit: 0, pageLoad: 300000, script: 30000}, unhandledPromptBehavior: dismiss and notify, webauthn:extension:credBlob: true, webauthn:extension:largeBlob: true, webauthn:virtualAuthenticators: true}
Session ID: 58b094ae2f81675239d9e3dc93bbd796" type="org.openqa.selenium.NoSuchWindowException">org.openqa.selenium.NoSuchWindowException: no such window: target window already closed
from unknown error: web view not found
  (Session info: chrome=99.0.4844.74)
Build info: version: &apos;3.12.0&apos;, revision: &apos;7c6e0b3&apos;, time: &apos;2018-05-08T14:04:26.12Z&apos;
System info: host: &apos;GS-ARI7C&apos;, ip: &apos;172.19.128.1&apos;, os.name: &apos;Windows 10&apos;, os.arch: &apos;amd64&apos;, os.version: &apos;10.0&apos;, java.version: &apos;1.8.0_291&apos;
Driver info: org.openqa.selenium.chrome.ChromeDriver
Capabilities {acceptInsecureCerts: false, browserName: chrome, browserVersion: 99.0.4844.74, chrome: {chromedriverVersion: 99.0.4844.51 (d537ec02474b5..., userDataDir: C:\Users\marijas\AppData\Lo...}, goog:chromeOptions: {debuggerAddress: localhost:55584}, javascriptEnabled: true, networkConnectionEnabled: false, pageLoadStrategy: normal, platform: WINDOWS, platformName: WINDOWS, proxy: Proxy(), setWindowRect: true, strictFileInteractability: false, timeouts: {implicit: 0, pageLoad: 300000, script: 30000}, unhandledPromptBehavior: dismiss and notify, webauthn:extension:credBlob: true, webauthn:extension:largeBlob: true, webauthn:virtualAuthenticators: true}
Session ID: 58b094ae2f81675239d9e3dc93bbd796
	at sun.reflect.GeneratedConstructorAccessor22.newInstance(Unknown Source)
	at sun.reflect.DelegatingConstructorAccessorImpl.newInstance(DelegatingConstructorAccessorImpl.java:45)
	at java.lang.reflect.Constructor.newInstance(Constructor.java:423)
	at org.openqa.selenium.remote.http.W3CHttpResponseCodec.createException(W3CHttpResponseCodec.java:187)
	at org.openqa.selenium.remote.http.W3CHttpResponseCodec.decode(W3CHttpResponseCodec.java:122)
	at org.openqa.selenium.remote.http.W3CHttpResponseCodec.decode(W3CHttpResponseCodec.java:49)
	at org.openqa.selenium.remote.HttpCommandExecutor.execute(HttpCommandExecutor.java:158)
	at org.openqa.selenium.remote.service.DriverCommandExecutor.execute(DriverCommandExecutor.java:83)
	at org.openqa.selenium.remote.RemoteWebDriver.execute(RemoteWebDriver.java:543)
	at org.openqa.selenium.remote.RemoteWebDriver.get(RemoteWebDriver.java:271)
	at element.Navigate.goToUrl(Navigate.java:11)
	at pages.CreateFormPage.navigateToEnv(CreateFormPage.java:35)
	at steps.CreateNewComputer_Steps.iAmOnTheComputerDatabaseList(CreateNewComputer_Steps.java:22)
	at ✽.Given I am on the computer database list(EditComputer.feature:4)
</error>
    <system-out>
  @browser
  Scenario Outline: Verify that user is unable to update computer with wrong date format for Discontinued date field &amp;#27;[90m# EditComputer.feature:59&amp;#27;[0m
    &amp;#27;[36mAnd &amp;#27;[0m&amp;#27;[36mI enter &amp;#27;[0m&amp;#27;[36m&amp;#27;[1mtest1&amp;#27;[0m&amp;#27;[36m in Computer name field&amp;#27;[0m                                                                         &amp;#27;[90m# CreateNewComputer_Steps.iEnterNameInComputerFieldName(String)&amp;#27;[0m
    &amp;#27;[36mAnd &amp;#27;[0m&amp;#27;[36mI enter wrong &amp;#27;[0m&amp;#27;[36m&amp;#27;[1mJun&amp;#27;[0m&amp;#27;[36m format for Discontinued date field&amp;#27;[0m                                                         &amp;#27;[90m# CreateNewComputer_Steps.iEnterWrongDateFormatForDiscontinuedField(String)&amp;#27;[0m
    &amp;#27;[36mAnd &amp;#27;[0m&amp;#27;[36mI enter valid &amp;#27;[0m&amp;#27;[36m&amp;#27;[1m2020-05-05&amp;#27;[0m&amp;#27;[36m Introduced date and &amp;#27;[0m&amp;#27;[36m&amp;#27;[1m4&amp;#27;[0m                                                               &amp;#27;[90m# CreateNewComputer_Steps.iEnterValidDataForTheRestOfOptionalField2(String,String)&amp;#27;[0m
    &amp;#27;[36mWhen &amp;#27;[0m&amp;#27;[36mI click on the button Save this computer&amp;#27;[0m                                                                    &amp;#27;[90m# EditComputer_Steps.iClickOnTheButtonSaveThisComputer()&amp;#27;[0m
    &amp;#27;[36mThen &amp;#27;[0m&amp;#27;[36mI will not be able to update computer&amp;#27;[0m                                                                       &amp;#27;[90m# EditComputer_Steps.iWillNotBeAbleToUpdateComputer()&amp;#27;[0m
    &amp;#27;[36mAnd &amp;#27;[0m&amp;#27;[36mI will see &quot;Discontinued date&quot; field highlighted in red&amp;#27;[0m                                                      &amp;#27;[90m# CreateNewComputer_Steps.iWillSeeDiscontinuedDateFieldHighlightedInRed()&amp;#27;[0m
</system-out>
    <system-err>[main] INFO io.github.bonigarcia.wdm.WebDriverManager - Using chromedriver 99.0.4844.51 (since Google Chrome 99 is installed in your machine)
[main] INFO io.github.bonigarcia.wdm.WebDriverManager - Exporting webdriver.chrome.driver as C:\Users\marijas\.m2\repository\webdriver\chromedriver\win32\99.0.4844.51\chromedriver.exe
Mar 22, 2022 12:42:04 PM element.Navigate goToUrl
INFO: Navigate to Url: http://computer-database.herokuapp.com/computers
</system-err>
  </testcase>
  <testcase classname="| 123456 | 2021/01/01 | 2019-02-01 | 6 |" name="| 123456 | 2021/01/01 | 2019-02-01 | 6 |" time="0">
    <error message="no such window: target window already closed
from unknown error: web view not found
  (Session info: chrome=99.0.4844.74)
Build info: version: &apos;3.12.0&apos;, revision: &apos;7c6e0b3&apos;, time: &apos;2018-05-08T14:04:26.12Z&apos;
System info: host: &apos;GS-ARI7C&apos;, ip: &apos;172.19.128.1&apos;, os.name: &apos;Windows 10&apos;, os.arch: &apos;amd64&apos;, os.version: &apos;10.0&apos;, java.version: &apos;1.8.0_291&apos;
Driver info: org.openqa.selenium.chrome.ChromeDriver
Capabilities {acceptInsecureCerts: false, browserName: chrome, browserVersion: 99.0.4844.74, chrome: {chromedriverVersion: 99.0.4844.51 (d537ec02474b5..., userDataDir: C:\Users\marijas\AppData\Lo...}, goog:chromeOptions: {debuggerAddress: localhost:55584}, javascriptEnabled: true, networkConnectionEnabled: false, pageLoadStrategy: normal, platform: WINDOWS, platformName: WINDOWS, proxy: Proxy(), setWindowRect: true, strictFileInteractability: false, timeouts: {implicit: 0, pageLoad: 300000, script: 30000}, unhandledPromptBehavior: dismiss and notify, webauthn:extension:credBlob: true, webauthn:extension:largeBlob: true, webauthn:virtualAuthenticators: true}
Session ID: 58b094ae2f81675239d9e3dc93bbd796" type="org.openqa.selenium.NoSuchWindowException">org.openqa.selenium.NoSuchWindowException: no such window: target window already closed
from unknown error: web view not found
  (Session info: chrome=99.0.4844.74)
Build info: version: &apos;3.12.0&apos;, revision: &apos;7c6e0b3&apos;, time: &apos;2018-05-08T14:04:26.12Z&apos;
System info: host: &apos;GS-ARI7C&apos;, ip: &apos;172.19.128.1&apos;, os.name: &apos;Windows 10&apos;, os.arch: &apos;amd64&apos;, os.version: &apos;10.0&apos;, java.version: &apos;1.8.0_291&apos;
Driver info: org.openqa.selenium.chrome.ChromeDriver
Capabilities {acceptInsecureCerts: false, browserName: chrome, browserVersion: 99.0.4844.74, chrome: {chromedriverVersion: 99.0.4844.51 (d537ec02474b5..., userDataDir: C:\Users\marijas\AppData\Lo...}, goog:chromeOptions: {debuggerAddress: localhost:55584}, javascriptEnabled: true, networkConnectionEnabled: false, pageLoadStrategy: normal, platform: WINDOWS, platformName: WINDOWS, proxy: Proxy(), setWindowRect: true, strictFileInteractability: false, timeouts: {implicit: 0, pageLoad: 300000, script: 30000}, unhandledPromptBehavior: dismiss and notify, webauthn:extension:credBlob: true, webauthn:extension:largeBlob: true, webauthn:virtualAuthenticators: true}
Session ID: 58b094ae2f81675239d9e3dc93bbd796
	at sun.reflect.GeneratedConstructorAccessor22.newInstance(Unknown Source)
	at sun.reflect.DelegatingConstructorAccessorImpl.newInstance(DelegatingConstructorAccessorImpl.java:45)
	at java.lang.reflect.Constructor.newInstance(Constructor.java:423)
	at org.openqa.selenium.remote.http.W3CHttpResponseCodec.createException(W3CHttpResponseCodec.java:187)
	at org.openqa.selenium.remote.http.W3CHttpResponseCodec.decode(W3CHttpResponseCodec.java:122)
	at org.openqa.selenium.remote.http.W3CHttpResponseCodec.decode(W3CHttpResponseCodec.java:49)
	at org.openqa.selenium.remote.HttpCommandExecutor.execute(HttpCommandExecutor.java:158)
	at org.openqa.selenium.remote.service.DriverCommandExecutor.execute(DriverCommandExecutor.java:83)
	at org.openqa.selenium.remote.RemoteWebDriver.execute(RemoteWebDriver.java:543)
	at org.openqa.selenium.remote.RemoteWebDriver.get(RemoteWebDriver.java:271)
	at element.Navigate.goToUrl(Navigate.java:11)
	at pages.CreateFormPage.navigateToEnv(CreateFormPage.java:35)
	at steps.CreateNewComputer_Steps.iAmOnTheComputerDatabaseList(CreateNewComputer_Steps.java:22)
	at ✽.Given I am on the computer database list(EditComputer.feature:4)
</error>
  </testcase>
  <testcase classname="| 123456 | 2021/01/01 | 2019-02-01 | 6 |" name="And I click on the computer from the list" time="0">
    <skipped/>
  </testcase>
  <testcase classname="| 123456 | 2021/01/01 | 2019-02-01 | 6 |" name="And I enter 123456 in Computer name field" time="0.016">
    <skipped/>
    <system-out>
  Background:                                 &amp;#27;[90m# EditComputer.feature:3&amp;#27;[0m
    &amp;#27;[31mGiven &amp;#27;[0m&amp;#27;[31mI am on the computer database list&amp;#27;[0m  &amp;#27;[90m# CreateNewComputer_Steps.iAmOnTheComputerDatabaseList()&amp;#27;[0m
      &amp;#27;[31morg.openqa.selenium.NoSuchWindowException: no such window: target window already closed
      from unknown error: web view not found
        (Session info: chrome=99.0.4844.74)
      Build info: version: &apos;3.12.0&apos;, revision: &apos;7c6e0b3&apos;, time: &apos;2018-05-08T14:04:26.12Z&apos;
      System info: host: &apos;GS-ARI7C&apos;, ip: &apos;172.19.128.1&apos;, os.name: &apos;Windows 10&apos;, os.arch: &apos;amd64&apos;, os.version: &apos;10.0&apos;, java.version: &apos;1.8.0_291&apos;
      Driver info: org.openqa.selenium.chrome.ChromeDriver
      Capabilities {acceptInsecureCerts: false, browserName: chrome, browserVersion: 99.0.4844.74, chrome: {chromedriverVersion: 99.0.4844.51 (d537ec02474b5..., userDataDir: C:\Users\marijas\AppData\Lo...}, goog:chromeOptions: {debuggerAddress: localhost:55584}, javascriptEnabled: true, networkConnectionEnabled: false, pageLoadStrategy: normal, platform: WINDOWS, platformName: WINDOWS, proxy: Proxy(), setWindowRect: true, strictFileInteractability: false, timeouts: {implicit: 0, pageLoad: 300000, script: 30000}, unhandledPromptBehavior: dismiss and notify, webauthn:extension:credBlob: true, webauthn:extension:largeBlob: true, webauthn:virtualAuthenticators: true}
      Session ID: 58b094ae2f81675239d9e3dc93bbd796
      	at sun.reflect.GeneratedConstructorAccessor22.newInstance(Unknown Source)
      	at sun.reflect.DelegatingConstructorAccessorImpl.newInstance(DelegatingConstructorAccessorImpl.java:45)
      	at java.lang.reflect.Constructor.newInstance(Constructor.java:423)
      	at org.openqa.selenium.remote.http.W3CHttpResponseCodec.createException(W3CHttpResponseCodec.java:187)
      	at org.openqa.selenium.remote.http.W3CHttpResponseCodec.decode(W3CHttpResponseCodec.java:122)
      	at org.openqa.selenium.remote.http.W3CHttpResponseCodec.decode(W3CHttpResponseCodec.java:49)
      	at org.openqa.selenium.remote.HttpCommandExecutor.execute(HttpCommandExecutor.java:158)
      	at org.openqa.selenium.remote.service.DriverCommandExecutor.execute(DriverCommandExecutor.java:83)
      	at org.openqa.selenium.remote.RemoteWebDriver.execute(RemoteWebDriver.java:543)
      	at org.openqa.selenium.remote.RemoteWebDriver.get(RemoteWebDriver.java:271)
      	at element.Navigate.goToUrl(Navigate.java:11)
      	at pages.CreateFormPage.navigateToEnv(CreateFormPage.java:35)
      	at steps.CreateNewComputer_Steps.iAmOnTheComputerDatabaseList(CreateNewComputer_Steps.java:22)
      	at ?.Given I am on the computer database list(EditComputer.feature:4)
      &amp;#27;[0m
    &amp;#27;[36mAnd &amp;#27;[0m&amp;#27;[36mI click on the computer from the list&amp;#27;[0m &amp;#27;[90m# EditComputer_Steps.iClickOnTheButtonAddNewComputer()&amp;#27;[0m
</system-out>
  </testcase>
  <testcase classname="| 123456 | 2021/01/01 | 2019-02-01 | 6 |" name="And I enter wrong 2021/01/01 format for Discontinued date field" time="0.016">
    <skipped/>
  </testcase>
  <testcase classname="| 123456 | 2021/01/01 | 2019-02-01 | 6 |" name="And I enter valid 2019-02-01 Introduced date and 6" time="0.016">
    <skipped/>
  </testcase>
  <testcase classname="| 123456 | 2021/01/01 | 2019-02-01 | 6 |" name="When I click on the button Save this computer" time="0.016">
    <skipped/>
  </testcase>
  <testcase classname="| 123456 | 2021/01/01 | 2019-02-01 | 6 |" name="Then I will not be able to update computer" time="0.016">
    <skipped/>
  </testcase>
  <testcase classname="| 123456 | 2021/01/01 | 2019-02-01 | 6 |" name="And I will see &quot;Discontinued date&quot; field highlighted in red" time="0.017">
    <skipped/>
  </testcase>
  <testcase classname="| niña | 2021-Jan-01 | 2018-03-01 | 8 |" name="Given I am on the computer database list" time="0">
    <error message="no such window: target window already closed
from unknown error: web view not found
  (Session info: chrome=99.0.4844.74)
Build info: version: &apos;3.12.0&apos;, revision: &apos;7c6e0b3&apos;, time: &apos;2018-05-08T14:04:26.12Z&apos;
System info: host: &apos;GS-ARI7C&apos;, ip: &apos;172.19.128.1&apos;, os.name: &apos;Windows 10&apos;, os.arch: &apos;amd64&apos;, os.version: &apos;10.0&apos;, java.version: &apos;1.8.0_291&apos;
Driver info: org.openqa.selenium.chrome.ChromeDriver
Capabilities {acceptInsecureCerts: false, browserName: chrome, browserVersion: 99.0.4844.74, chrome: {chromedriverVersion: 99.0.4844.51 (d537ec02474b5..., userDataDir: C:\Users\marijas\AppData\Lo...}, goog:chromeOptions: {debuggerAddress: localhost:55584}, javascriptEnabled: true, networkConnectionEnabled: false, pageLoadStrategy: normal, platform: WINDOWS, platformName: WINDOWS, proxy: Proxy(), setWindowRect: true, strictFileInteractability: false, timeouts: {implicit: 0, pageLoad: 300000, script: 30000}, unhandledPromptBehavior: dismiss and notify, webauthn:extension:credBlob: true, webauthn:extension:largeBlob: true, webauthn:virtualAuthenticators: true}
Session ID: 58b094ae2f81675239d9e3dc93bbd796" type="org.openqa.selenium.NoSuchWindowException">org.openqa.selenium.NoSuchWindowException: no such window: target window already closed
from unknown error: web view not found
  (Session info: chrome=99.0.4844.74)
Build info: version: &apos;3.12.0&apos;, revision: &apos;7c6e0b3&apos;, time: &apos;2018-05-08T14:04:26.12Z&apos;
System info: host: &apos;GS-ARI7C&apos;, ip: &apos;172.19.128.1&apos;, os.name: &apos;Windows 10&apos;, os.arch: &apos;amd64&apos;, os.version: &apos;10.0&apos;, java.version: &apos;1.8.0_291&apos;
Driver info: org.openqa.selenium.chrome.ChromeDriver
Capabilities {acceptInsecureCerts: false, browserName: chrome, browserVersion: 99.0.4844.74, chrome: {chromedriverVersion: 99.0.4844.51 (d537ec02474b5..., userDataDir: C:\Users\marijas\AppData\Lo...}, goog:chromeOptions: {debuggerAddress: localhost:55584}, javascriptEnabled: true, networkConnectionEnabled: false, pageLoadStrategy: normal, platform: WINDOWS, platformName: WINDOWS, proxy: Proxy(), setWindowRect: true, strictFileInteractability: false, timeouts: {implicit: 0, pageLoad: 300000, script: 30000}, unhandledPromptBehavior: dismiss and notify, webauthn:extension:credBlob: true, webauthn:extension:largeBlob: true, webauthn:virtualAuthenticators: true}
Session ID: 58b094ae2f81675239d9e3dc93bbd796
	at sun.reflect.GeneratedConstructorAccessor22.newInstance(Unknown Source)
	at sun.reflect.DelegatingConstructorAccessorImpl.newInstance(DelegatingConstructorAccessorImpl.java:45)
	at java.lang.reflect.Constructor.newInstance(Constructor.java:423)
	at org.openqa.selenium.remote.http.W3CHttpResponseCodec.createException(W3CHttpResponseCodec.java:187)
	at org.openqa.selenium.remote.http.W3CHttpResponseCodec.decode(W3CHttpResponseCodec.java:122)
	at org.openqa.selenium.remote.http.W3CHttpResponseCodec.decode(W3CHttpResponseCodec.java:49)
	at org.openqa.selenium.remote.HttpCommandExecutor.execute(HttpCommandExecutor.java:158)
	at org.openqa.selenium.remote.service.DriverCommandExecutor.execute(DriverCommandExecutor.java:83)
	at org.openqa.selenium.remote.RemoteWebDriver.execute(RemoteWebDriver.java:543)
	at org.openqa.selenium.remote.RemoteWebDriver.get(RemoteWebDriver.java:271)
	at element.Navigate.goToUrl(Navigate.java:11)
	at pages.CreateFormPage.navigateToEnv(CreateFormPage.java:35)
	at steps.CreateNewComputer_Steps.iAmOnTheComputerDatabaseList(CreateNewComputer_Steps.java:22)
	at ✽.Given I am on the computer database list(EditComputer.feature:4)
</error>
    <system-out>
  @browser
  Scenario Outline: Verify that user is unable to update computer with wrong date format for Discontinued date field &amp;#27;[90m# EditComputer.feature:60&amp;#27;[0m
    &amp;#27;[36mAnd &amp;#27;[0m&amp;#27;[36mI enter &amp;#27;[0m&amp;#27;[36m&amp;#27;[1m123456&amp;#27;[0m&amp;#27;[36m in Computer name field&amp;#27;[0m                                                                        &amp;#27;[90m# CreateNewComputer_Steps.iEnterNameInComputerFieldName(String)&amp;#27;[0m
    &amp;#27;[36mAnd &amp;#27;[0m&amp;#27;[36mI enter wrong &amp;#27;[0m&amp;#27;[36m&amp;#27;[1m2021/01/01&amp;#27;[0m&amp;#27;[36m format for Discontinued date field&amp;#27;[0m                                                  &amp;#27;[90m# CreateNewComputer_Steps.iEnterWrongDateFormatForDiscontinuedField(String)&amp;#27;[0m
    &amp;#27;[36mAnd &amp;#27;[0m&amp;#27;[36mI enter valid &amp;#27;[0m&amp;#27;[36m&amp;#27;[1m2019-02-01&amp;#27;[0m&amp;#27;[36m Introduced date and &amp;#27;[0m&amp;#27;[36m&amp;#27;[1m6&amp;#27;[0m                                                               &amp;#27;[90m# CreateNewComputer_Steps.iEnterValidDataForTheRestOfOptionalField2(String,String)&amp;#27;[0m
    &amp;#27;[36mWhen &amp;#27;[0m&amp;#27;[36mI click on the button Save this computer&amp;#27;[0m                                                                    &amp;#27;[90m# EditComputer_Steps.iClickOnTheButtonSaveThisComputer()&amp;#27;[0m
    &amp;#27;[36mThen &amp;#27;[0m&amp;#27;[36mI will not be able to update computer&amp;#27;[0m                                                                       &amp;#27;[90m# EditComputer_Steps.iWillNotBeAbleToUpdateComputer()&amp;#27;[0m
    &amp;#27;[36mAnd &amp;#27;[0m&amp;#27;[36mI will see &quot;Discontinued date&quot; field highlighted in red&amp;#27;[0m                                                      &amp;#27;[90m# CreateNewComputer_Steps.iWillSeeDiscontinuedDateFieldHighlightedInRed()&amp;#27;[0m
</system-out>
    <system-err>[main] INFO io.github.bonigarcia.wdm.WebDriverManager - Using chromedriver 99.0.4844.51 (since Google Chrome 99 is installed in your machine)
[main] INFO io.github.bonigarcia.wdm.WebDriverManager - Exporting webdriver.chrome.driver as C:\Users\marijas\.m2\repository\webdriver\chromedriver\win32\99.0.4844.51\chromedriver.exe
Mar 22, 2022 12:42:04 PM element.Navigate goToUrl
INFO: Navigate to Url: http://computer-database.herokuapp.com/computers
</system-err>
  </testcase>
  <testcase classname="| niña | 2021-Jan-01 | 2018-03-01 | 8 |" name="| niña | 2021-Jan-01 | 2018-03-01 | 8 |" time="0">
    <error message="no such window: target window already closed
from unknown error: web view not found
  (Session info: chrome=99.0.4844.74)
Build info: version: &apos;3.12.0&apos;, revision: &apos;7c6e0b3&apos;, time: &apos;2018-05-08T14:04:26.12Z&apos;
System info: host: &apos;GS-ARI7C&apos;, ip: &apos;172.19.128.1&apos;, os.name: &apos;Windows 10&apos;, os.arch: &apos;amd64&apos;, os.version: &apos;10.0&apos;, java.version: &apos;1.8.0_291&apos;
Driver info: org.openqa.selenium.chrome.ChromeDriver
Capabilities {acceptInsecureCerts: false, browserName: chrome, browserVersion: 99.0.4844.74, chrome: {chromedriverVersion: 99.0.4844.51 (d537ec02474b5..., userDataDir: C:\Users\marijas\AppData\Lo...}, goog:chromeOptions: {debuggerAddress: localhost:55584}, javascriptEnabled: true, networkConnectionEnabled: false, pageLoadStrategy: normal, platform: WINDOWS, platformName: WINDOWS, proxy: Proxy(), setWindowRect: true, strictFileInteractability: false, timeouts: {implicit: 0, pageLoad: 300000, script: 30000}, unhandledPromptBehavior: dismiss and notify, webauthn:extension:credBlob: true, webauthn:extension:largeBlob: true, webauthn:virtualAuthenticators: true}
Session ID: 58b094ae2f81675239d9e3dc93bbd796" type="org.openqa.selenium.NoSuchWindowException">org.openqa.selenium.NoSuchWindowException: no such window: target window already closed
from unknown error: web view not found
  (Session info: chrome=99.0.4844.74)
Build info: version: &apos;3.12.0&apos;, revision: &apos;7c6e0b3&apos;, time: &apos;2018-05-08T14:04:26.12Z&apos;
System info: host: &apos;GS-ARI7C&apos;, ip: &apos;172.19.128.1&apos;, os.name: &apos;Windows 10&apos;, os.arch: &apos;amd64&apos;, os.version: &apos;10.0&apos;, java.version: &apos;1.8.0_291&apos;
Driver info: org.openqa.selenium.chrome.ChromeDriver
Capabilities {acceptInsecureCerts: false, browserName: chrome, browserVersion: 99.0.4844.74, chrome: {chromedriverVersion: 99.0.4844.51 (d537ec02474b5..., userDataDir: C:\Users\marijas\AppData\Lo...}, goog:chromeOptions: {debuggerAddress: localhost:55584}, javascriptEnabled: true, networkConnectionEnabled: false, pageLoadStrategy: normal, platform: WINDOWS, platformName: WINDOWS, proxy: Proxy(), setWindowRect: true, strictFileInteractability: false, timeouts: {implicit: 0, pageLoad: 300000, script: 30000}, unhandledPromptBehavior: dismiss and notify, webauthn:extension:credBlob: true, webauthn:extension:largeBlob: true, webauthn:virtualAuthenticators: true}
Session ID: 58b094ae2f81675239d9e3dc93bbd796
	at sun.reflect.GeneratedConstructorAccessor22.newInstance(Unknown Source)
	at sun.reflect.DelegatingConstructorAccessorImpl.newInstance(DelegatingConstructorAccessorImpl.java:45)
	at java.lang.reflect.Constructor.newInstance(Constructor.java:423)
	at org.openqa.selenium.remote.http.W3CHttpResponseCodec.createException(W3CHttpResponseCodec.java:187)
	at org.openqa.selenium.remote.http.W3CHttpResponseCodec.decode(W3CHttpResponseCodec.java:122)
	at org.openqa.selenium.remote.http.W3CHttpResponseCodec.decode(W3CHttpResponseCodec.java:49)
	at org.openqa.selenium.remote.HttpCommandExecutor.execute(HttpCommandExecutor.java:158)
	at org.openqa.selenium.remote.service.DriverCommandExecutor.execute(DriverCommandExecutor.java:83)
	at org.openqa.selenium.remote.RemoteWebDriver.execute(RemoteWebDriver.java:543)
	at org.openqa.selenium.remote.RemoteWebDriver.get(RemoteWebDriver.java:271)
	at element.Navigate.goToUrl(Navigate.java:11)
	at pages.CreateFormPage.navigateToEnv(CreateFormPage.java:35)
	at steps.CreateNewComputer_Steps.iAmOnTheComputerDatabaseList(CreateNewComputer_Steps.java:22)
	at ✽.Given I am on the computer database list(EditComputer.feature:4)
</error>
  </testcase>
  <testcase classname="| niña | 2021-Jan-01 | 2018-03-01 | 8 |" name="And I click on the computer from the list" time="0">
    <skipped/>
  </testcase>
  <testcase classname="| niña | 2021-Jan-01 | 2018-03-01 | 8 |" name="And I enter niña in Computer name field" time="0.016">
    <skipped/>
    <system-out>
  Background:                                 &amp;#27;[90m# EditComputer.feature:3&amp;#27;[0m
    &amp;#27;[31mGiven &amp;#27;[0m&amp;#27;[31mI am on the computer database list&amp;#27;[0m  &amp;#27;[90m# CreateNewComputer_Steps.iAmOnTheComputerDatabaseList()&amp;#27;[0m
      &amp;#27;[31morg.openqa.selenium.NoSuchWindowException: no such window: target window already closed
      from unknown error: web view not found
        (Session info: chrome=99.0.4844.74)
      Build info: version: &apos;3.12.0&apos;, revision: &apos;7c6e0b3&apos;, time: &apos;2018-05-08T14:04:26.12Z&apos;
      System info: host: &apos;GS-ARI7C&apos;, ip: &apos;172.19.128.1&apos;, os.name: &apos;Windows 10&apos;, os.arch: &apos;amd64&apos;, os.version: &apos;10.0&apos;, java.version: &apos;1.8.0_291&apos;
      Driver info: org.openqa.selenium.chrome.ChromeDriver
      Capabilities {acceptInsecureCerts: false, browserName: chrome, browserVersion: 99.0.4844.74, chrome: {chromedriverVersion: 99.0.4844.51 (d537ec02474b5..., userDataDir: C:\Users\marijas\AppData\Lo...}, goog:chromeOptions: {debuggerAddress: localhost:55584}, javascriptEnabled: true, networkConnectionEnabled: false, pageLoadStrategy: normal, platform: WINDOWS, platformName: WINDOWS, proxy: Proxy(), setWindowRect: true, strictFileInteractability: false, timeouts: {implicit: 0, pageLoad: 300000, script: 30000}, unhandledPromptBehavior: dismiss and notify, webauthn:extension:credBlob: true, webauthn:extension:largeBlob: true, webauthn:virtualAuthenticators: true}
      Session ID: 58b094ae2f81675239d9e3dc93bbd796
      	at sun.reflect.GeneratedConstructorAccessor22.newInstance(Unknown Source)
      	at sun.reflect.DelegatingConstructorAccessorImpl.newInstance(DelegatingConstructorAccessorImpl.java:45)
      	at java.lang.reflect.Constructor.newInstance(Constructor.java:423)
      	at org.openqa.selenium.remote.http.W3CHttpResponseCodec.createException(W3CHttpResponseCodec.java:187)
      	at org.openqa.selenium.remote.http.W3CHttpResponseCodec.decode(W3CHttpResponseCodec.java:122)
      	at org.openqa.selenium.remote.http.W3CHttpResponseCodec.decode(W3CHttpResponseCodec.java:49)
      	at org.openqa.selenium.remote.HttpCommandExecutor.execute(HttpCommandExecutor.java:158)
      	at org.openqa.selenium.remote.service.DriverCommandExecutor.execute(DriverCommandExecutor.java:83)
      	at org.openqa.selenium.remote.RemoteWebDriver.execute(RemoteWebDriver.java:543)
      	at org.openqa.selenium.remote.RemoteWebDriver.get(RemoteWebDriver.java:271)
      	at element.Navigate.goToUrl(Navigate.java:11)
      	at pages.CreateFormPage.navigateToEnv(CreateFormPage.java:35)
      	at steps.CreateNewComputer_Steps.iAmOnTheComputerDatabaseList(CreateNewComputer_Steps.java:22)
      	at ?.Given I am on the computer database list(EditComputer.feature:4)
      &amp;#27;[0m
    &amp;#27;[36mAnd &amp;#27;[0m&amp;#27;[36mI click on the computer from the list&amp;#27;[0m &amp;#27;[90m# EditComputer_Steps.iClickOnTheButtonAddNewComputer()&amp;#27;[0m
</system-out>
  </testcase>
  <testcase classname="| niña | 2021-Jan-01 | 2018-03-01 | 8 |" name="And I enter wrong 2021-Jan-01 format for Discontinued date field" time="0.016">
    <skipped/>
  </testcase>
  <testcase classname="| niña | 2021-Jan-01 | 2018-03-01 | 8 |" name="And I enter valid 2018-03-01 Introduced date and 8" time="0.016">
    <skipped/>
  </testcase>
  <testcase classname="| niña | 2021-Jan-01 | 2018-03-01 | 8 |" name="When I click on the button Save this computer" time="0.016">
    <skipped/>
  </testcase>
  <testcase classname="| niña | 2021-Jan-01 | 2018-03-01 | 8 |" name="Then I will not be able to update computer" time="0.016">
    <skipped/>
  </testcase>
  <testcase classname="| niña | 2021-Jan-01 | 2018-03-01 | 8 |" name="And I will see &quot;Discontinued date&quot; field highlighted in red" time="0.016">
    <skipped/>
  </testcase>
  <testcase classname="Given I am on the computer database list(| !@#) | 2021.01.01 | 2017-04-04 | 10 |)" name="Given I am on the computer database list" time="0">
    <error message="no such window: target window already closed
from unknown error: web view not found
  (Session info: chrome=99.0.4844.74)
Build info: version: &apos;3.12.0&apos;, revision: &apos;7c6e0b3&apos;, time: &apos;2018-05-08T14:04:26.12Z&apos;
System info: host: &apos;GS-ARI7C&apos;, ip: &apos;172.19.128.1&apos;, os.name: &apos;Windows 10&apos;, os.arch: &apos;amd64&apos;, os.version: &apos;10.0&apos;, java.version: &apos;1.8.0_291&apos;
Driver info: org.openqa.selenium.chrome.ChromeDriver
Capabilities {acceptInsecureCerts: false, browserName: chrome, browserVersion: 99.0.4844.74, chrome: {chromedriverVersion: 99.0.4844.51 (d537ec02474b5..., userDataDir: C:\Users\marijas\AppData\Lo...}, goog:chromeOptions: {debuggerAddress: localhost:55584}, javascriptEnabled: true, networkConnectionEnabled: false, pageLoadStrategy: normal, platform: WINDOWS, platformName: WINDOWS, proxy: Proxy(), setWindowRect: true, strictFileInteractability: false, timeouts: {implicit: 0, pageLoad: 300000, script: 30000}, unhandledPromptBehavior: dismiss and notify, webauthn:extension:credBlob: true, webauthn:extension:largeBlob: true, webauthn:virtualAuthenticators: true}
Session ID: 58b094ae2f81675239d9e3dc93bbd796" type="org.openqa.selenium.NoSuchWindowException">org.openqa.selenium.NoSuchWindowException: no such window: target window already closed
from unknown error: web view not found
  (Session info: chrome=99.0.4844.74)
Build info: version: &apos;3.12.0&apos;, revision: &apos;7c6e0b3&apos;, time: &apos;2018-05-08T14:04:26.12Z&apos;
System info: host: &apos;GS-ARI7C&apos;, ip: &apos;172.19.128.1&apos;, os.name: &apos;Windows 10&apos;, os.arch: &apos;amd64&apos;, os.version: &apos;10.0&apos;, java.version: &apos;1.8.0_291&apos;
Driver info: org.openqa.selenium.chrome.ChromeDriver
Capabilities {acceptInsecureCerts: false, browserName: chrome, browserVersion: 99.0.4844.74, chrome: {chromedriverVersion: 99.0.4844.51 (d537ec02474b5..., userDataDir: C:\Users\marijas\AppData\Lo...}, goog:chromeOptions: {debuggerAddress: localhost:55584}, javascriptEnabled: true, networkConnectionEnabled: false, pageLoadStrategy: normal, platform: WINDOWS, platformName: WINDOWS, proxy: Proxy(), setWindowRect: true, strictFileInteractability: false, timeouts: {implicit: 0, pageLoad: 300000, script: 30000}, unhandledPromptBehavior: dismiss and notify, webauthn:extension:credBlob: true, webauthn:extension:largeBlob: true, webauthn:virtualAuthenticators: true}
Session ID: 58b094ae2f81675239d9e3dc93bbd796
	at sun.reflect.GeneratedConstructorAccessor22.newInstance(Unknown Source)
	at sun.reflect.DelegatingConstructorAccessorImpl.newInstance(DelegatingConstructorAccessorImpl.java:45)
	at java.lang.reflect.Constructor.newInstance(Constructor.java:423)
	at org.openqa.selenium.remote.http.W3CHttpResponseCodec.createException(W3CHttpResponseCodec.java:187)
	at org.openqa.selenium.remote.http.W3CHttpResponseCodec.decode(W3CHttpResponseCodec.java:122)
	at org.openqa.selenium.remote.http.W3CHttpResponseCodec.decode(W3CHttpResponseCodec.java:49)
	at org.openqa.selenium.remote.HttpCommandExecutor.execute(HttpCommandExecutor.java:158)
	at org.openqa.selenium.remote.service.DriverCommandExecutor.execute(DriverCommandExecutor.java:83)
	at org.openqa.selenium.remote.RemoteWebDriver.execute(RemoteWebDriver.java:543)
	at org.openqa.selenium.remote.RemoteWebDriver.get(RemoteWebDriver.java:271)
	at element.Navigate.goToUrl(Navigate.java:11)
	at pages.CreateFormPage.navigateToEnv(CreateFormPage.java:35)
	at steps.CreateNewComputer_Steps.iAmOnTheComputerDatabaseList(CreateNewComputer_Steps.java:22)
	at ✽.Given I am on the computer database list(EditComputer.feature:4)
</error>
    <system-out>
  @browser
  Scenario Outline: Verify that user is unable to update computer with wrong date format for Discontinued date field &amp;#27;[90m# EditComputer.feature:61&amp;#27;[0m
    &amp;#27;[36mAnd &amp;#27;[0m&amp;#27;[36mI enter &amp;#27;[0m&amp;#27;[36m&amp;#27;[1mniña&amp;#27;[0m&amp;#27;[36m in Computer name field&amp;#27;[0m                                                                          &amp;#27;[90m# CreateNewComputer_Steps.iEnterNameInComputerFieldName(String)&amp;#27;[0m
    &amp;#27;[36mAnd &amp;#27;[0m&amp;#27;[36mI enter wrong &amp;#27;[0m&amp;#27;[36m&amp;#27;[1m2021-Jan-01&amp;#27;[0m&amp;#27;[36m format for Discontinued date field&amp;#27;[0m                                                 &amp;#27;[90m# CreateNewComputer_Steps.iEnterWrongDateFormatForDiscontinuedField(String)&amp;#27;[0m
    &amp;#27;[36mAnd &amp;#27;[0m&amp;#27;[36mI enter valid &amp;#27;[0m&amp;#27;[36m&amp;#27;[1m2018-03-01&amp;#27;[0m&amp;#27;[36m Introduced date and &amp;#27;[0m&amp;#27;[36m&amp;#27;[1m8&amp;#27;[0m                                                               &amp;#27;[90m# CreateNewComputer_Steps.iEnterValidDataForTheRestOfOptionalField2(String,String)&amp;#27;[0m
    &amp;#27;[36mWhen &amp;#27;[0m&amp;#27;[36mI click on the button Save this computer&amp;#27;[0m                                                                    &amp;#27;[90m# EditComputer_Steps.iClickOnTheButtonSaveThisComputer()&amp;#27;[0m
    &amp;#27;[36mThen &amp;#27;[0m&amp;#27;[36mI will not be able to update computer&amp;#27;[0m                                                                       &amp;#27;[90m# EditComputer_Steps.iWillNotBeAbleToUpdateComputer()&amp;#27;[0m
    &amp;#27;[36mAnd &amp;#27;[0m&amp;#27;[36mI will see &quot;Discontinued date&quot; field highlighted in red&amp;#27;[0m                                                      &amp;#27;[90m# CreateNewComputer_Steps.iWillSeeDiscontinuedDateFieldHighlightedInRed()&amp;#27;[0m
</system-out>
    <system-err>[main] INFO io.github.bonigarcia.wdm.WebDriverManager - Using chromedriver 99.0.4844.51 (since Google Chrome 99 is installed in your machine)
[main] INFO io.github.bonigarcia.wdm.WebDriverManager - Exporting webdriver.chrome.driver as C:\Users\marijas\.m2\repository\webdriver\chromedriver\win32\99.0.4844.51\chromedriver.exe
Mar 22, 2022 12:42:04 PM element.Navigate goToUrl
INFO: Navigate to Url: http://computer-database.herokuapp.com/computers
</system-err>
  </testcase>
  <testcase classname="| !@#) | 2021.01.01 | 2017-04-04 | 10 |" name="| !@#) | 2021.01.01 | 2017-04-04 | 10 |" time="0">
    <error message="no such window: target window already closed
from unknown error: web view not found
  (Session info: chrome=99.0.4844.74)
Build info: version: &apos;3.12.0&apos;, revision: &apos;7c6e0b3&apos;, time: &apos;2018-05-08T14:04:26.12Z&apos;
System info: host: &apos;GS-ARI7C&apos;, ip: &apos;172.19.128.1&apos;, os.name: &apos;Windows 10&apos;, os.arch: &apos;amd64&apos;, os.version: &apos;10.0&apos;, java.version: &apos;1.8.0_291&apos;
Driver info: org.openqa.selenium.chrome.ChromeDriver
Capabilities {acceptInsecureCerts: false, browserName: chrome, browserVersion: 99.0.4844.74, chrome: {chromedriverVersion: 99.0.4844.51 (d537ec02474b5..., userDataDir: C:\Users\marijas\AppData\Lo...}, goog:chromeOptions: {debuggerAddress: localhost:55584}, javascriptEnabled: true, networkConnectionEnabled: false, pageLoadStrategy: normal, platform: WINDOWS, platformName: WINDOWS, proxy: Proxy(), setWindowRect: true, strictFileInteractability: false, timeouts: {implicit: 0, pageLoad: 300000, script: 30000}, unhandledPromptBehavior: dismiss and notify, webauthn:extension:credBlob: true, webauthn:extension:largeBlob: true, webauthn:virtualAuthenticators: true}
Session ID: 58b094ae2f81675239d9e3dc93bbd796" type="org.openqa.selenium.NoSuchWindowException">org.openqa.selenium.NoSuchWindowException: no such window: target window already closed
from unknown error: web view not found
  (Session info: chrome=99.0.4844.74)
Build info: version: &apos;3.12.0&apos;, revision: &apos;7c6e0b3&apos;, time: &apos;2018-05-08T14:04:26.12Z&apos;
System info: host: &apos;GS-ARI7C&apos;, ip: &apos;172.19.128.1&apos;, os.name: &apos;Windows 10&apos;, os.arch: &apos;amd64&apos;, os.version: &apos;10.0&apos;, java.version: &apos;1.8.0_291&apos;
Driver info: org.openqa.selenium.chrome.ChromeDriver
Capabilities {acceptInsecureCerts: false, browserName: chrome, browserVersion: 99.0.4844.74, chrome: {chromedriverVersion: 99.0.4844.51 (d537ec02474b5..., userDataDir: C:\Users\marijas\AppData\Lo...}, goog:chromeOptions: {debuggerAddress: localhost:55584}, javascriptEnabled: true, networkConnectionEnabled: false, pageLoadStrategy: normal, platform: WINDOWS, platformName: WINDOWS, proxy: Proxy(), setWindowRect: true, strictFileInteractability: false, timeouts: {implicit: 0, pageLoad: 300000, script: 30000}, unhandledPromptBehavior: dismiss and notify, webauthn:extension:credBlob: true, webauthn:extension:largeBlob: true, webauthn:virtualAuthenticators: true}
Session ID: 58b094ae2f81675239d9e3dc93bbd796
	at sun.reflect.GeneratedConstructorAccessor22.newInstance(Unknown Source)
	at sun.reflect.DelegatingConstructorAccessorImpl.newInstance(DelegatingConstructorAccessorImpl.java:45)
	at java.lang.reflect.Constructor.newInstance(Constructor.java:423)
	at org.openqa.selenium.remote.http.W3CHttpResponseCodec.createException(W3CHttpResponseCodec.java:187)
	at org.openqa.selenium.remote.http.W3CHttpResponseCodec.decode(W3CHttpResponseCodec.java:122)
	at org.openqa.selenium.remote.http.W3CHttpResponseCodec.decode(W3CHttpResponseCodec.java:49)
	at org.openqa.selenium.remote.HttpCommandExecutor.execute(HttpCommandExecutor.java:158)
	at org.openqa.selenium.remote.service.DriverCommandExecutor.execute(DriverCommandExecutor.java:83)
	at org.openqa.selenium.remote.RemoteWebDriver.execute(RemoteWebDriver.java:543)
	at org.openqa.selenium.remote.RemoteWebDriver.get(RemoteWebDriver.java:271)
	at element.Navigate.goToUrl(Navigate.java:11)
	at pages.CreateFormPage.navigateToEnv(CreateFormPage.java:35)
	at steps.CreateNewComputer_Steps.iAmOnTheComputerDatabaseList(CreateNewComputer_Steps.java:22)
	at ✽.Given I am on the computer database list(EditComputer.feature:4)
</error>
  </testcase>
  <testcase classname="And I click on the computer from the list(| !@#) | 2021.01.01 | 2017-04-04 | 10 |)" name="And I click on the computer from the list" time="0">
    <skipped/>
  </testcase>
  <testcase classname="And I enter !@#) in Computer name field(| !@#) | 2021.01.01 | 2017-04-04 | 10 |)" name="And I enter !@#) in Computer name field" time="0.013">
    <skipped/>
    <system-out>
  Background:                                 &amp;#27;[90m# EditComputer.feature:3&amp;#27;[0m
    &amp;#27;[31mGiven &amp;#27;[0m&amp;#27;[31mI am on the computer database list&amp;#27;[0m  &amp;#27;[90m# CreateNewComputer_Steps.iAmOnTheComputerDatabaseList()&amp;#27;[0m
      &amp;#27;[31morg.openqa.selenium.NoSuchWindowException: no such window: target window already closed
      from unknown error: web view not found
        (Session info: chrome=99.0.4844.74)
      Build info: version: &apos;3.12.0&apos;, revision: &apos;7c6e0b3&apos;, time: &apos;2018-05-08T14:04:26.12Z&apos;
      System info: host: &apos;GS-ARI7C&apos;, ip: &apos;172.19.128.1&apos;, os.name: &apos;Windows 10&apos;, os.arch: &apos;amd64&apos;, os.version: &apos;10.0&apos;, java.version: &apos;1.8.0_291&apos;
      Driver info: org.openqa.selenium.chrome.ChromeDriver
      Capabilities {acceptInsecureCerts: false, browserName: chrome, browserVersion: 99.0.4844.74, chrome: {chromedriverVersion: 99.0.4844.51 (d537ec02474b5..., userDataDir: C:\Users\marijas\AppData\Lo...}, goog:chromeOptions: {debuggerAddress: localhost:55584}, javascriptEnabled: true, networkConnectionEnabled: false, pageLoadStrategy: normal, platform: WINDOWS, platformName: WINDOWS, proxy: Proxy(), setWindowRect: true, strictFileInteractability: false, timeouts: {implicit: 0, pageLoad: 300000, script: 30000}, unhandledPromptBehavior: dismiss and notify, webauthn:extension:credBlob: true, webauthn:extension:largeBlob: true, webauthn:virtualAuthenticators: true}
      Session ID: 58b094ae2f81675239d9e3dc93bbd796
      	at sun.reflect.GeneratedConstructorAccessor22.newInstance(Unknown Source)
      	at sun.reflect.DelegatingConstructorAccessorImpl.newInstance(DelegatingConstructorAccessorImpl.java:45)
      	at java.lang.reflect.Constructor.newInstance(Constructor.java:423)
      	at org.openqa.selenium.remote.http.W3CHttpResponseCodec.createException(W3CHttpResponseCodec.java:187)
      	at org.openqa.selenium.remote.http.W3CHttpResponseCodec.decode(W3CHttpResponseCodec.java:122)
      	at org.openqa.selenium.remote.http.W3CHttpResponseCodec.decode(W3CHttpResponseCodec.java:49)
      	at org.openqa.selenium.remote.HttpCommandExecutor.execute(HttpCommandExecutor.java:158)
      	at org.openqa.selenium.remote.service.DriverCommandExecutor.execute(DriverCommandExecutor.java:83)
      	at org.openqa.selenium.remote.RemoteWebDriver.execute(RemoteWebDriver.java:543)
      	at org.openqa.selenium.remote.RemoteWebDriver.get(RemoteWebDriver.java:271)
      	at element.Navigate.goToUrl(Navigate.java:11)
      	at pages.CreateFormPage.navigateToEnv(CreateFormPage.java:35)
      	at steps.CreateNewComputer_Steps.iAmOnTheComputerDatabaseList(CreateNewComputer_Steps.java:22)
      	at ?.Given I am on the computer database list(EditComputer.feature:4)
      &amp;#27;[0m
    &amp;#27;[36mAnd &amp;#27;[0m&amp;#27;[36mI click on the computer from the list&amp;#27;[0m &amp;#27;[90m# EditComputer_Steps.iClickOnTheButtonAddNewComputer()&amp;#27;[0m
</system-out>
  </testcase>
  <testcase classname="And I enter wrong 2021.01.01 format for Discontinued date field(| !@#) | 2021.01.01 | 2017-04-04 | 10 |)" name="And I enter wrong 2021.01.01 format for Discontinued date field" time="0.013">
    <skipped/>
  </testcase>
  <testcase classname="And I enter valid 2017-04-04 Introduced date and 10(| !@#) | 2021.01.01 | 2017-04-04 | 10 |)" name="And I enter valid 2017-04-04 Introduced date and 10" time="0.013">
    <skipped/>
  </testcase>
  <testcase classname="When I click on the button Save this computer(| !@#) | 2021.01.01 | 2017-04-04 | 10 |)" name="When I click on the button Save this computer" time="0.013">
    <skipped/>
  </testcase>
  <testcase classname="Then I will not be able to update computer(| !@#) | 2021.01.01 | 2017-04-04 | 10 |)" name="Then I will not be able to update computer" time="0.013">
    <skipped/>
  </testcase>
  <testcase classname="And I will see &quot;Discontinued date&quot; field highlighted in red(| !@#) | 2021.01.01 | 2017-04-04 | 10 |)" name="And I will see &quot;Discontinued date&quot; field highlighted in red" time="0.013">
    <skipped/>
  </testcase>
  <testcase classname="| te st | 2000_2_2 | 2016-05-05 | 12 |" name="Given I am on the computer database list" time="0">
    <error message="no such window: target window already closed
from unknown error: web view not found
  (Session info: chrome=99.0.4844.74)
Build info: version: &apos;3.12.0&apos;, revision: &apos;7c6e0b3&apos;, time: &apos;2018-05-08T14:04:26.12Z&apos;
System info: host: &apos;GS-ARI7C&apos;, ip: &apos;172.19.128.1&apos;, os.name: &apos;Windows 10&apos;, os.arch: &apos;amd64&apos;, os.version: &apos;10.0&apos;, java.version: &apos;1.8.0_291&apos;
Driver info: org.openqa.selenium.chrome.ChromeDriver
Capabilities {acceptInsecureCerts: false, browserName: chrome, browserVersion: 99.0.4844.74, chrome: {chromedriverVersion: 99.0.4844.51 (d537ec02474b5..., userDataDir: C:\Users\marijas\AppData\Lo...}, goog:chromeOptions: {debuggerAddress: localhost:55584}, javascriptEnabled: true, networkConnectionEnabled: false, pageLoadStrategy: normal, platform: WINDOWS, platformName: WINDOWS, proxy: Proxy(), setWindowRect: true, strictFileInteractability: false, timeouts: {implicit: 0, pageLoad: 300000, script: 30000}, unhandledPromptBehavior: dismiss and notify, webauthn:extension:credBlob: true, webauthn:extension:largeBlob: true, webauthn:virtualAuthenticators: true}
Session ID: 58b094ae2f81675239d9e3dc93bbd796" type="org.openqa.selenium.NoSuchWindowException">org.openqa.selenium.NoSuchWindowException: no such window: target window already closed
from unknown error: web view not found
  (Session info: chrome=99.0.4844.74)
Build info: version: &apos;3.12.0&apos;, revision: &apos;7c6e0b3&apos;, time: &apos;2018-05-08T14:04:26.12Z&apos;
System info: host: &apos;GS-ARI7C&apos;, ip: &apos;172.19.128.1&apos;, os.name: &apos;Windows 10&apos;, os.arch: &apos;amd64&apos;, os.version: &apos;10.0&apos;, java.version: &apos;1.8.0_291&apos;
Driver info: org.openqa.selenium.chrome.ChromeDriver
Capabilities {acceptInsecureCerts: false, browserName: chrome, browserVersion: 99.0.4844.74, chrome: {chromedriverVersion: 99.0.4844.51 (d537ec02474b5..., userDataDir: C:\Users\marijas\AppData\Lo...}, goog:chromeOptions: {debuggerAddress: localhost:55584}, javascriptEnabled: true, networkConnectionEnabled: false, pageLoadStrategy: normal, platform: WINDOWS, platformName: WINDOWS, proxy: Proxy(), setWindowRect: true, strictFileInteractability: false, timeouts: {implicit: 0, pageLoad: 300000, script: 30000}, unhandledPromptBehavior: dismiss and notify, webauthn:extension:credBlob: true, webauthn:extension:largeBlob: true, webauthn:virtualAuthenticators: true}
Session ID: 58b094ae2f81675239d9e3dc93bbd796
	at sun.reflect.GeneratedConstructorAccessor22.newInstance(Unknown Source)
	at sun.reflect.DelegatingConstructorAccessorImpl.newInstance(DelegatingConstructorAccessorImpl.java:45)
	at java.lang.reflect.Constructor.newInstance(Constructor.java:423)
	at org.openqa.selenium.remote.http.W3CHttpResponseCodec.createException(W3CHttpResponseCodec.java:187)
	at org.openqa.selenium.remote.http.W3CHttpResponseCodec.decode(W3CHttpResponseCodec.java:122)
	at org.openqa.selenium.remote.http.W3CHttpResponseCodec.decode(W3CHttpResponseCodec.java:49)
	at org.openqa.selenium.remote.HttpCommandExecutor.execute(HttpCommandExecutor.java:158)
	at org.openqa.selenium.remote.service.DriverCommandExecutor.execute(DriverCommandExecutor.java:83)
	at org.openqa.selenium.remote.RemoteWebDriver.execute(RemoteWebDriver.java:543)
	at org.openqa.selenium.remote.RemoteWebDriver.get(RemoteWebDriver.java:271)
	at element.Navigate.goToUrl(Navigate.java:11)
	at pages.CreateFormPage.navigateToEnv(CreateFormPage.java:35)
	at steps.CreateNewComputer_Steps.iAmOnTheComputerDatabaseList(CreateNewComputer_Steps.java:22)
	at ✽.Given I am on the computer database list(EditComputer.feature:4)
</error>
    <system-out>
  @browser
  Scenario Outline: Verify that user is unable to update computer with wrong date format for Discontinued date field &amp;#27;[90m# EditComputer.feature:62&amp;#27;[0m
    &amp;#27;[36mAnd &amp;#27;[0m&amp;#27;[36mI enter &amp;#27;[0m&amp;#27;[36m&amp;#27;[1m!@#)&amp;#27;[0m&amp;#27;[36m in Computer name field&amp;#27;[0m                                                                          &amp;#27;[90m# CreateNewComputer_Steps.iEnterNameInComputerFieldName(String)&amp;#27;[0m
    &amp;#27;[36mAnd &amp;#27;[0m&amp;#27;[36mI enter wrong &amp;#27;[0m&amp;#27;[36m&amp;#27;[1m2021.01.01&amp;#27;[0m&amp;#27;[36m format for Discontinued date field&amp;#27;[0m                                                  &amp;#27;[90m# CreateNewComputer_Steps.iEnterWrongDateFormatForDiscontinuedField(String)&amp;#27;[0m
    &amp;#27;[36mAnd &amp;#27;[0m&amp;#27;[36mI enter valid &amp;#27;[0m&amp;#27;[36m&amp;#27;[1m2017-04-04&amp;#27;[0m&amp;#27;[36m Introduced date and &amp;#27;[0m&amp;#27;[36m&amp;#27;[1m10&amp;#27;[0m                                                              &amp;#27;[90m# CreateNewComputer_Steps.iEnterValidDataForTheRestOfOptionalField2(String,String)&amp;#27;[0m
    &amp;#27;[36mWhen &amp;#27;[0m&amp;#27;[36mI click on the button Save this computer&amp;#27;[0m                                                                    &amp;#27;[90m# EditComputer_Steps.iClickOnTheButtonSaveThisComputer()&amp;#27;[0m
    &amp;#27;[36mThen &amp;#27;[0m&amp;#27;[36mI will not be able to update computer&amp;#27;[0m                                                                       &amp;#27;[90m# EditComputer_Steps.iWillNotBeAbleToUpdateComputer()&amp;#27;[0m
    &amp;#27;[36mAnd &amp;#27;[0m&amp;#27;[36mI will see &quot;Discontinued date&quot; field highlighted in red&amp;#27;[0m                                                      &amp;#27;[90m# CreateNewComputer_Steps.iWillSeeDiscontinuedDateFieldHighlightedInRed()&amp;#27;[0m
</system-out>
    <system-err>[main] INFO io.github.bonigarcia.wdm.WebDriverManager - Using chromedriver 99.0.4844.51 (since Google Chrome 99 is installed in your machine)
[main] INFO io.github.bonigarcia.wdm.WebDriverManager - Exporting webdriver.chrome.driver as C:\Users\marijas\.m2\repository\webdriver\chromedriver\win32\99.0.4844.51\chromedriver.exe
Mar 22, 2022 12:42:04 PM element.Navigate goToUrl
INFO: Navigate to Url: http://computer-database.herokuapp.com/computers
</system-err>
  </testcase>
  <testcase classname="| te st | 2000_2_2 | 2016-05-05 | 12 |" name="| te st | 2000_2_2 | 2016-05-05 | 12 |" time="0">
    <error message="no such window: target window already closed
from unknown error: web view not found
  (Session info: chrome=99.0.4844.74)
Build info: version: &apos;3.12.0&apos;, revision: &apos;7c6e0b3&apos;, time: &apos;2018-05-08T14:04:26.12Z&apos;
System info: host: &apos;GS-ARI7C&apos;, ip: &apos;172.19.128.1&apos;, os.name: &apos;Windows 10&apos;, os.arch: &apos;amd64&apos;, os.version: &apos;10.0&apos;, java.version: &apos;1.8.0_291&apos;
Driver info: org.openqa.selenium.chrome.ChromeDriver
Capabilities {acceptInsecureCerts: false, browserName: chrome, browserVersion: 99.0.4844.74, chrome: {chromedriverVersion: 99.0.4844.51 (d537ec02474b5..., userDataDir: C:\Users\marijas\AppData\Lo...}, goog:chromeOptions: {debuggerAddress: localhost:55584}, javascriptEnabled: true, networkConnectionEnabled: false, pageLoadStrategy: normal, platform: WINDOWS, platformName: WINDOWS, proxy: Proxy(), setWindowRect: true, strictFileInteractability: false, timeouts: {implicit: 0, pageLoad: 300000, script: 30000}, unhandledPromptBehavior: dismiss and notify, webauthn:extension:credBlob: true, webauthn:extension:largeBlob: true, webauthn:virtualAuthenticators: true}
Session ID: 58b094ae2f81675239d9e3dc93bbd796" type="org.openqa.selenium.NoSuchWindowException">org.openqa.selenium.NoSuchWindowException: no such window: target window already closed
from unknown error: web view not found
  (Session info: chrome=99.0.4844.74)
Build info: version: &apos;3.12.0&apos;, revision: &apos;7c6e0b3&apos;, time: &apos;2018-05-08T14:04:26.12Z&apos;
System info: host: &apos;GS-ARI7C&apos;, ip: &apos;172.19.128.1&apos;, os.name: &apos;Windows 10&apos;, os.arch: &apos;amd64&apos;, os.version: &apos;10.0&apos;, java.version: &apos;1.8.0_291&apos;
Driver info: org.openqa.selenium.chrome.ChromeDriver
Capabilities {acceptInsecureCerts: false, browserName: chrome, browserVersion: 99.0.4844.74, chrome: {chromedriverVersion: 99.0.4844.51 (d537ec02474b5..., userDataDir: C:\Users\marijas\AppData\Lo...}, goog:chromeOptions: {debuggerAddress: localhost:55584}, javascriptEnabled: true, networkConnectionEnabled: false, pageLoadStrategy: normal, platform: WINDOWS, platformName: WINDOWS, proxy: Proxy(), setWindowRect: true, strictFileInteractability: false, timeouts: {implicit: 0, pageLoad: 300000, script: 30000}, unhandledPromptBehavior: dismiss and notify, webauthn:extension:credBlob: true, webauthn:extension:largeBlob: true, webauthn:virtualAuthenticators: true}
Session ID: 58b094ae2f81675239d9e3dc93bbd796
	at sun.reflect.GeneratedConstructorAccessor22.newInstance(Unknown Source)
	at sun.reflect.DelegatingConstructorAccessorImpl.newInstance(DelegatingConstructorAccessorImpl.java:45)
	at java.lang.reflect.Constructor.newInstance(Constructor.java:423)
	at org.openqa.selenium.remote.http.W3CHttpResponseCodec.createException(W3CHttpResponseCodec.java:187)
	at org.openqa.selenium.remote.http.W3CHttpResponseCodec.decode(W3CHttpResponseCodec.java:122)
	at org.openqa.selenium.remote.http.W3CHttpResponseCodec.decode(W3CHttpResponseCodec.java:49)
	at org.openqa.selenium.remote.HttpCommandExecutor.execute(HttpCommandExecutor.java:158)
	at org.openqa.selenium.remote.service.DriverCommandExecutor.execute(DriverCommandExecutor.java:83)
	at org.openqa.selenium.remote.RemoteWebDriver.execute(RemoteWebDriver.java:543)
	at org.openqa.selenium.remote.RemoteWebDriver.get(RemoteWebDriver.java:271)
	at element.Navigate.goToUrl(Navigate.java:11)
	at pages.CreateFormPage.navigateToEnv(CreateFormPage.java:35)
	at steps.CreateNewComputer_Steps.iAmOnTheComputerDatabaseList(CreateNewComputer_Steps.java:22)
	at ✽.Given I am on the computer database list(EditComputer.feature:4)
</error>
  </testcase>
  <testcase classname="| te st | 2000_2_2 | 2016-05-05 | 12 |" name="And I click on the computer from the list" time="0">
    <skipped/>
  </testcase>
  <testcase classname="| te st | 2000_2_2 | 2016-05-05 | 12 |" name="And I enter te st in Computer name field" time="0.016">
    <skipped/>
    <system-out>
  Background:                                 &amp;#27;[90m# EditComputer.feature:3&amp;#27;[0m
    &amp;#27;[31mGiven &amp;#27;[0m&amp;#27;[31mI am on the computer database list&amp;#27;[0m  &amp;#27;[90m# CreateNewComputer_Steps.iAmOnTheComputerDatabaseList()&amp;#27;[0m
      &amp;#27;[31morg.openqa.selenium.NoSuchWindowException: no such window: target window already closed
      from unknown error: web view not found
        (Session info: chrome=99.0.4844.74)
      Build info: version: &apos;3.12.0&apos;, revision: &apos;7c6e0b3&apos;, time: &apos;2018-05-08T14:04:26.12Z&apos;
      System info: host: &apos;GS-ARI7C&apos;, ip: &apos;172.19.128.1&apos;, os.name: &apos;Windows 10&apos;, os.arch: &apos;amd64&apos;, os.version: &apos;10.0&apos;, java.version: &apos;1.8.0_291&apos;
      Driver info: org.openqa.selenium.chrome.ChromeDriver
      Capabilities {acceptInsecureCerts: false, browserName: chrome, browserVersion: 99.0.4844.74, chrome: {chromedriverVersion: 99.0.4844.51 (d537ec02474b5..., userDataDir: C:\Users\marijas\AppData\Lo...}, goog:chromeOptions: {debuggerAddress: localhost:55584}, javascriptEnabled: true, networkConnectionEnabled: false, pageLoadStrategy: normal, platform: WINDOWS, platformName: WINDOWS, proxy: Proxy(), setWindowRect: true, strictFileInteractability: false, timeouts: {implicit: 0, pageLoad: 300000, script: 30000}, unhandledPromptBehavior: dismiss and notify, webauthn:extension:credBlob: true, webauthn:extension:largeBlob: true, webauthn:virtualAuthenticators: true}
      Session ID: 58b094ae2f81675239d9e3dc93bbd796
      	at sun.reflect.GeneratedConstructorAccessor22.newInstance(Unknown Source)
      	at sun.reflect.DelegatingConstructorAccessorImpl.newInstance(DelegatingConstructorAccessorImpl.java:45)
      	at java.lang.reflect.Constructor.newInstance(Constructor.java:423)
      	at org.openqa.selenium.remote.http.W3CHttpResponseCodec.createException(W3CHttpResponseCodec.java:187)
      	at org.openqa.selenium.remote.http.W3CHttpResponseCodec.decode(W3CHttpResponseCodec.java:122)
      	at org.openqa.selenium.remote.http.W3CHttpResponseCodec.decode(W3CHttpResponseCodec.java:49)
      	at org.openqa.selenium.remote.HttpCommandExecutor.execute(HttpCommandExecutor.java:158)
      	at org.openqa.selenium.remote.service.DriverCommandExecutor.execute(DriverCommandExecutor.java:83)
      	at org.openqa.selenium.remote.RemoteWebDriver.execute(RemoteWebDriver.java:543)
      	at org.openqa.selenium.remote.RemoteWebDriver.get(RemoteWebDriver.java:271)
      	at element.Navigate.goToUrl(Navigate.java:11)
      	at pages.CreateFormPage.navigateToEnv(CreateFormPage.java:35)
      	at steps.CreateNewComputer_Steps.iAmOnTheComputerDatabaseList(CreateNewComputer_Steps.java:22)
      	at ?.Given I am on the computer database list(EditComputer.feature:4)
      &amp;#27;[0m
    &amp;#27;[36mAnd &amp;#27;[0m&amp;#27;[36mI click on the computer from the list&amp;#27;[0m &amp;#27;[90m# EditComputer_Steps.iClickOnTheButtonAddNewComputer()&amp;#27;[0m
</system-out>
  </testcase>
  <testcase classname="| te st | 2000_2_2 | 2016-05-05 | 12 |" name="And I enter wrong 2000_2_2 format for Discontinued date field" time="0.016">
    <skipped/>
  </testcase>
  <testcase classname="| te st | 2000_2_2 | 2016-05-05 | 12 |" name="And I enter valid 2016-05-05 Introduced date and 12" time="0.016">
    <skipped/>
  </testcase>
  <testcase classname="| te st | 2000_2_2 | 2016-05-05 | 12 |" name="When I click on the button Save this computer" time="0.016">
    <skipped/>
  </testcase>
  <testcase classname="| te st | 2000_2_2 | 2016-05-05 | 12 |" name="Then I will not be able to update computer" time="0.016">
    <skipped/>
  </testcase>
  <testcase classname="| te st | 2000_2_2 | 2016-05-05 | 12 |" name="And I will see &quot;Discontinued date&quot; field highlighted in red" time="0.016">
    <skipped/>
  </testcase>
  <testcase classname="&amp;_^*? | 2018-03-01 | 14 |" name="Given I am on the computer database list(| TEST | !@#)" time="0">
    <error message="no such window: target window already closed
from unknown error: web view not found
  (Session info: chrome=99.0.4844.74)
Build info: version: &apos;3.12.0&apos;, revision: &apos;7c6e0b3&apos;, time: &apos;2018-05-08T14:04:26.12Z&apos;
System info: host: &apos;GS-ARI7C&apos;, ip: &apos;172.19.128.1&apos;, os.name: &apos;Windows 10&apos;, os.arch: &apos;amd64&apos;, os.version: &apos;10.0&apos;, java.version: &apos;1.8.0_291&apos;
Driver info: org.openqa.selenium.chrome.ChromeDriver
Capabilities {acceptInsecureCerts: false, browserName: chrome, browserVersion: 99.0.4844.74, chrome: {chromedriverVersion: 99.0.4844.51 (d537ec02474b5..., userDataDir: C:\Users\marijas\AppData\Lo...}, goog:chromeOptions: {debuggerAddress: localhost:55584}, javascriptEnabled: true, networkConnectionEnabled: false, pageLoadStrategy: normal, platform: WINDOWS, platformName: WINDOWS, proxy: Proxy(), setWindowRect: true, strictFileInteractability: false, timeouts: {implicit: 0, pageLoad: 300000, script: 30000}, unhandledPromptBehavior: dismiss and notify, webauthn:extension:credBlob: true, webauthn:extension:largeBlob: true, webauthn:virtualAuthenticators: true}
Session ID: 58b094ae2f81675239d9e3dc93bbd796" type="org.openqa.selenium.NoSuchWindowException">org.openqa.selenium.NoSuchWindowException: no such window: target window already closed
from unknown error: web view not found
  (Session info: chrome=99.0.4844.74)
Build info: version: &apos;3.12.0&apos;, revision: &apos;7c6e0b3&apos;, time: &apos;2018-05-08T14:04:26.12Z&apos;
System info: host: &apos;GS-ARI7C&apos;, ip: &apos;172.19.128.1&apos;, os.name: &apos;Windows 10&apos;, os.arch: &apos;amd64&apos;, os.version: &apos;10.0&apos;, java.version: &apos;1.8.0_291&apos;
Driver info: org.openqa.selenium.chrome.ChromeDriver
Capabilities {acceptInsecureCerts: false, browserName: chrome, browserVersion: 99.0.4844.74, chrome: {chromedriverVersion: 99.0.4844.51 (d537ec02474b5..., userDataDir: C:\Users\marijas\AppData\Lo...}, goog:chromeOptions: {debuggerAddress: localhost:55584}, javascriptEnabled: true, networkConnectionEnabled: false, pageLoadStrategy: normal, platform: WINDOWS, platformName: WINDOWS, proxy: Proxy(), setWindowRect: true, strictFileInteractability: false, timeouts: {implicit: 0, pageLoad: 300000, script: 30000}, unhandledPromptBehavior: dismiss and notify, webauthn:extension:credBlob: true, webauthn:extension:largeBlob: true, webauthn:virtualAuthenticators: true}
Session ID: 58b094ae2f81675239d9e3dc93bbd796
	at sun.reflect.GeneratedConstructorAccessor22.newInstance(Unknown Source)
	at sun.reflect.DelegatingConstructorAccessorImpl.newInstance(DelegatingConstructorAccessorImpl.java:45)
	at java.lang.reflect.Constructor.newInstance(Constructor.java:423)
	at org.openqa.selenium.remote.http.W3CHttpResponseCodec.createException(W3CHttpResponseCodec.java:187)
	at org.openqa.selenium.remote.http.W3CHttpResponseCodec.decode(W3CHttpResponseCodec.java:122)
	at org.openqa.selenium.remote.http.W3CHttpResponseCodec.decode(W3CHttpResponseCodec.java:49)
	at org.openqa.selenium.remote.HttpCommandExecutor.execute(HttpCommandExecutor.java:158)
	at org.openqa.selenium.remote.service.DriverCommandExecutor.execute(DriverCommandExecutor.java:83)
	at org.openqa.selenium.remote.RemoteWebDriver.execute(RemoteWebDriver.java:543)
	at org.openqa.selenium.remote.RemoteWebDriver.get(RemoteWebDriver.java:271)
	at element.Navigate.goToUrl(Navigate.java:11)
	at pages.CreateFormPage.navigateToEnv(CreateFormPage.java:35)
	at steps.CreateNewComputer_Steps.iAmOnTheComputerDatabaseList(CreateNewComputer_Steps.java:22)
	at ✽.Given I am on the computer database list(EditComputer.feature:4)
</error>
    <system-out>
  @browser
  Scenario Outline: Verify that user is unable to update computer with wrong date format for Discontinued date field &amp;#27;[90m# EditComputer.feature:63&amp;#27;[0m
    &amp;#27;[36mAnd &amp;#27;[0m&amp;#27;[36mI enter &amp;#27;[0m&amp;#27;[36m&amp;#27;[1mte st&amp;#27;[0m&amp;#27;[36m in Computer name field&amp;#27;[0m                                                                         &amp;#27;[90m# CreateNewComputer_Steps.iEnterNameInComputerFieldName(String)&amp;#27;[0m
    &amp;#27;[36mAnd &amp;#27;[0m&amp;#27;[36mI enter wrong &amp;#27;[0m&amp;#27;[36m&amp;#27;[1m2000_2_2&amp;#27;[0m&amp;#27;[36m format for Discontinued date field&amp;#27;[0m                                                    &amp;#27;[90m# CreateNewComputer_Steps.iEnterWrongDateFormatForDiscontinuedField(String)&amp;#27;[0m
    &amp;#27;[36mAnd &amp;#27;[0m&amp;#27;[36mI enter valid &amp;#27;[0m&amp;#27;[36m&amp;#27;[1m2016-05-05&amp;#27;[0m&amp;#27;[36m Introduced date and &amp;#27;[0m&amp;#27;[36m&amp;#27;[1m12&amp;#27;[0m                                                              &amp;#27;[90m# CreateNewComputer_Steps.iEnterValidDataForTheRestOfOptionalField2(String,String)&amp;#27;[0m
    &amp;#27;[36mWhen &amp;#27;[0m&amp;#27;[36mI click on the button Save this computer&amp;#27;[0m                                                                    &amp;#27;[90m# EditComputer_Steps.iClickOnTheButtonSaveThisComputer()&amp;#27;[0m
    &amp;#27;[36mThen &amp;#27;[0m&amp;#27;[36mI will not be able to update computer&amp;#27;[0m                                                                       &amp;#27;[90m# EditComputer_Steps.iWillNotBeAbleToUpdateComputer()&amp;#27;[0m
    &amp;#27;[36mAnd &amp;#27;[0m&amp;#27;[36mI will see &quot;Discontinued date&quot; field highlighted in red&amp;#27;[0m                                                      &amp;#27;[90m# CreateNewComputer_Steps.iWillSeeDiscontinuedDateFieldHighlightedInRed()&amp;#27;[0m
</system-out>
    <system-err>[main] INFO io.github.bonigarcia.wdm.WebDriverManager - Using chromedriver 99.0.4844.51 (since Google Chrome 99 is installed in your machine)
[main] INFO io.github.bonigarcia.wdm.WebDriverManager - Exporting webdriver.chrome.driver as C:\Users\marijas\.m2\repository\webdriver\chromedriver\win32\99.0.4844.51\chromedriver.exe
Mar 22, 2022 12:42:04 PM element.Navigate goToUrl
INFO: Navigate to Url: http://computer-database.herokuapp.com/computers
</system-err>
  </testcase>
  <testcase classname="| TEST | !@#)(&amp;_^*? | 2018-03-01 | 14 |" name="| TEST | !@#)" time="0">
    <error message="no such window: target window already closed
from unknown error: web view not found
  (Session info: chrome=99.0.4844.74)
Build info: version: &apos;3.12.0&apos;, revision: &apos;7c6e0b3&apos;, time: &apos;2018-05-08T14:04:26.12Z&apos;
System info: host: &apos;GS-ARI7C&apos;, ip: &apos;172.19.128.1&apos;, os.name: &apos;Windows 10&apos;, os.arch: &apos;amd64&apos;, os.version: &apos;10.0&apos;, java.version: &apos;1.8.0_291&apos;
Driver info: org.openqa.selenium.chrome.ChromeDriver
Capabilities {acceptInsecureCerts: false, browserName: chrome, browserVersion: 99.0.4844.74, chrome: {chromedriverVersion: 99.0.4844.51 (d537ec02474b5..., userDataDir: C:\Users\marijas\AppData\Lo...}, goog:chromeOptions: {debuggerAddress: localhost:55584}, javascriptEnabled: true, networkConnectionEnabled: false, pageLoadStrategy: normal, platform: WINDOWS, platformName: WINDOWS, proxy: Proxy(), setWindowRect: true, strictFileInteractability: false, timeouts: {implicit: 0, pageLoad: 300000, script: 30000}, unhandledPromptBehavior: dismiss and notify, webauthn:extension:credBlob: true, webauthn:extension:largeBlob: true, webauthn:virtualAuthenticators: true}
Session ID: 58b094ae2f81675239d9e3dc93bbd796" type="org.openqa.selenium.NoSuchWindowException">org.openqa.selenium.NoSuchWindowException: no such window: target window already closed
from unknown error: web view not found
  (Session info: chrome=99.0.4844.74)
Build info: version: &apos;3.12.0&apos;, revision: &apos;7c6e0b3&apos;, time: &apos;2018-05-08T14:04:26.12Z&apos;
System info: host: &apos;GS-ARI7C&apos;, ip: &apos;172.19.128.1&apos;, os.name: &apos;Windows 10&apos;, os.arch: &apos;amd64&apos;, os.version: &apos;10.0&apos;, java.version: &apos;1.8.0_291&apos;
Driver info: org.openqa.selenium.chrome.ChromeDriver
Capabilities {acceptInsecureCerts: false, browserName: chrome, browserVersion: 99.0.4844.74, chrome: {chromedriverVersion: 99.0.4844.51 (d537ec02474b5..., userDataDir: C:\Users\marijas\AppData\Lo...}, goog:chromeOptions: {debuggerAddress: localhost:55584}, javascriptEnabled: true, networkConnectionEnabled: false, pageLoadStrategy: normal, platform: WINDOWS, platformName: WINDOWS, proxy: Proxy(), setWindowRect: true, strictFileInteractability: false, timeouts: {implicit: 0, pageLoad: 300000, script: 30000}, unhandledPromptBehavior: dismiss and notify, webauthn:extension:credBlob: true, webauthn:extension:largeBlob: true, webauthn:virtualAuthenticators: true}
Session ID: 58b094ae2f81675239d9e3dc93bbd796
	at sun.reflect.GeneratedConstructorAccessor22.newInstance(Unknown Source)
	at sun.reflect.DelegatingConstructorAccessorImpl.newInstance(DelegatingConstructorAccessorImpl.java:45)
	at java.lang.reflect.Constructor.newInstance(Constructor.java:423)
	at org.openqa.selenium.remote.http.W3CHttpResponseCodec.createException(W3CHttpResponseCodec.java:187)
	at org.openqa.selenium.remote.http.W3CHttpResponseCodec.decode(W3CHttpResponseCodec.java:122)
	at org.openqa.selenium.remote.http.W3CHttpResponseCodec.decode(W3CHttpResponseCodec.java:49)
	at org.openqa.selenium.remote.HttpCommandExecutor.execute(HttpCommandExecutor.java:158)
	at org.openqa.selenium.remote.service.DriverCommandExecutor.execute(DriverCommandExecutor.java:83)
	at org.openqa.selenium.remote.RemoteWebDriver.execute(RemoteWebDriver.java:543)
	at org.openqa.selenium.remote.RemoteWebDriver.get(RemoteWebDriver.java:271)
	at element.Navigate.goToUrl(Navigate.java:11)
	at pages.CreateFormPage.navigateToEnv(CreateFormPage.java:35)
	at steps.CreateNewComputer_Steps.iAmOnTheComputerDatabaseList(CreateNewComputer_Steps.java:22)
	at ✽.Given I am on the computer database list(EditComputer.feature:4)
</error>
  </testcase>
  <testcase classname="&amp;_^*? | 2018-03-01 | 14 |" name="And I click on the computer from the list(| TEST | !@#)" time="0">
    <skipped/>
  </testcase>
  <testcase classname="&amp;_^*? | 2018-03-01 | 14 |" name="And I enter TEST in Computer name field(| TEST | !@#)" time="0.016">
    <skipped/>
    <system-out>
  Background:                                 &amp;#27;[90m# EditComputer.feature:3&amp;#27;[0m
    &amp;#27;[31mGiven &amp;#27;[0m&amp;#27;[31mI am on the computer database list&amp;#27;[0m  &amp;#27;[90m# CreateNewComputer_Steps.iAmOnTheComputerDatabaseList()&amp;#27;[0m
      &amp;#27;[31morg.openqa.selenium.NoSuchWindowException: no such window: target window already closed
      from unknown error: web view not found
        (Session info: chrome=99.0.4844.74)
      Build info: version: &apos;3.12.0&apos;, revision: &apos;7c6e0b3&apos;, time: &apos;2018-05-08T14:04:26.12Z&apos;
      System info: host: &apos;GS-ARI7C&apos;, ip: &apos;172.19.128.1&apos;, os.name: &apos;Windows 10&apos;, os.arch: &apos;amd64&apos;, os.version: &apos;10.0&apos;, java.version: &apos;1.8.0_291&apos;
      Driver info: org.openqa.selenium.chrome.ChromeDriver
      Capabilities {acceptInsecureCerts: false, browserName: chrome, browserVersion: 99.0.4844.74, chrome: {chromedriverVersion: 99.0.4844.51 (d537ec02474b5..., userDataDir: C:\Users\marijas\AppData\Lo...}, goog:chromeOptions: {debuggerAddress: localhost:55584}, javascriptEnabled: true, networkConnectionEnabled: false, pageLoadStrategy: normal, platform: WINDOWS, platformName: WINDOWS, proxy: Proxy(), setWindowRect: true, strictFileInteractability: false, timeouts: {implicit: 0, pageLoad: 300000, script: 30000}, unhandledPromptBehavior: dismiss and notify, webauthn:extension:credBlob: true, webauthn:extension:largeBlob: true, webauthn:virtualAuthenticators: true}
      Session ID: 58b094ae2f81675239d9e3dc93bbd796
      	at sun.reflect.GeneratedConstructorAccessor22.newInstance(Unknown Source)
      	at sun.reflect.DelegatingConstructorAccessorImpl.newInstance(DelegatingConstructorAccessorImpl.java:45)
      	at java.lang.reflect.Constructor.newInstance(Constructor.java:423)
      	at org.openqa.selenium.remote.http.W3CHttpResponseCodec.createException(W3CHttpResponseCodec.java:187)
      	at org.openqa.selenium.remote.http.W3CHttpResponseCodec.decode(W3CHttpResponseCodec.java:122)
      	at org.openqa.selenium.remote.http.W3CHttpResponseCodec.decode(W3CHttpResponseCodec.java:49)
      	at org.openqa.selenium.remote.HttpCommandExecutor.execute(HttpCommandExecutor.java:158)
      	at org.openqa.selenium.remote.service.DriverCommandExecutor.execute(DriverCommandExecutor.java:83)
      	at org.openqa.selenium.remote.RemoteWebDriver.execute(RemoteWebDriver.java:543)
      	at org.openqa.selenium.remote.RemoteWebDriver.get(RemoteWebDriver.java:271)
      	at element.Navigate.goToUrl(Navigate.java:11)
      	at pages.CreateFormPage.navigateToEnv(CreateFormPage.java:35)
      	at steps.CreateNewComputer_Steps.iAmOnTheComputerDatabaseList(CreateNewComputer_Steps.java:22)
      	at ?.Given I am on the computer database list(EditComputer.feature:4)
      &amp;#27;[0m
    &amp;#27;[36mAnd &amp;#27;[0m&amp;#27;[36mI click on the computer from the list&amp;#27;[0m &amp;#27;[90m# EditComputer_Steps.iClickOnTheButtonAddNewComputer()&amp;#27;[0m
</system-out>
  </testcase>
  <testcase classname="&amp;_^*? | 2018-03-01 | 14 |" name="And I enter wrong !@#)(&amp;_^*? format for Discontinued date field(| TEST | !@#)" time="0.017">
    <skipped/>
  </testcase>
  <testcase classname="&amp;_^*? | 2018-03-01 | 14 |" name="And I enter valid 2018-03-01 Introduced date and 14(| TEST | !@#)" time="0.017">
    <skipped/>
  </testcase>
  <testcase classname="&amp;_^*? | 2018-03-01 | 14 |" name="When I click on the button Save this computer(| TEST | !@#)" time="0.017">
    <skipped/>
  </testcase>
  <testcase classname="&amp;_^*? | 2018-03-01 | 14 |" name="Then I will not be able to update computer(| TEST | !@#)" time="0.017">
    <skipped/>
  </testcase>
  <testcase classname="&amp;_^*? | 2018-03-01 | 14 |" name="And I will see &quot;Discontinued date&quot; field highlighted in red(| TEST | !@#)" time="0.017">
    <skipped/>
  </testcase>
  <testcase classname="| t | 2021 | 2018-03-01 | 16 |" name="Given I am on the computer database list" time="0">
    <error message="no such window: target window already closed
from unknown error: web view not found
  (Session info: chrome=99.0.4844.74)
Build info: version: &apos;3.12.0&apos;, revision: &apos;7c6e0b3&apos;, time: &apos;2018-05-08T14:04:26.12Z&apos;
System info: host: &apos;GS-ARI7C&apos;, ip: &apos;172.19.128.1&apos;, os.name: &apos;Windows 10&apos;, os.arch: &apos;amd64&apos;, os.version: &apos;10.0&apos;, java.version: &apos;1.8.0_291&apos;
Driver info: org.openqa.selenium.chrome.ChromeDriver
Capabilities {acceptInsecureCerts: false, browserName: chrome, browserVersion: 99.0.4844.74, chrome: {chromedriverVersion: 99.0.4844.51 (d537ec02474b5..., userDataDir: C:\Users\marijas\AppData\Lo...}, goog:chromeOptions: {debuggerAddress: localhost:55584}, javascriptEnabled: true, networkConnectionEnabled: false, pageLoadStrategy: normal, platform: WINDOWS, platformName: WINDOWS, proxy: Proxy(), setWindowRect: true, strictFileInteractability: false, timeouts: {implicit: 0, pageLoad: 300000, script: 30000}, unhandledPromptBehavior: dismiss and notify, webauthn:extension:credBlob: true, webauthn:extension:largeBlob: true, webauthn:virtualAuthenticators: true}
Session ID: 58b094ae2f81675239d9e3dc93bbd796" type="org.openqa.selenium.NoSuchWindowException">org.openqa.selenium.NoSuchWindowException: no such window: target window already closed
from unknown error: web view not found
  (Session info: chrome=99.0.4844.74)
Build info: version: &apos;3.12.0&apos;, revision: &apos;7c6e0b3&apos;, time: &apos;2018-05-08T14:04:26.12Z&apos;
System info: host: &apos;GS-ARI7C&apos;, ip: &apos;172.19.128.1&apos;, os.name: &apos;Windows 10&apos;, os.arch: &apos;amd64&apos;, os.version: &apos;10.0&apos;, java.version: &apos;1.8.0_291&apos;
Driver info: org.openqa.selenium.chrome.ChromeDriver
Capabilities {acceptInsecureCerts: false, browserName: chrome, browserVersion: 99.0.4844.74, chrome: {chromedriverVersion: 99.0.4844.51 (d537ec02474b5..., userDataDir: C:\Users\marijas\AppData\Lo...}, goog:chromeOptions: {debuggerAddress: localhost:55584}, javascriptEnabled: true, networkConnectionEnabled: false, pageLoadStrategy: normal, platform: WINDOWS, platformName: WINDOWS, proxy: Proxy(), setWindowRect: true, strictFileInteractability: false, timeouts: {implicit: 0, pageLoad: 300000, script: 30000}, unhandledPromptBehavior: dismiss and notify, webauthn:extension:credBlob: true, webauthn:extension:largeBlob: true, webauthn:virtualAuthenticators: true}
Session ID: 58b094ae2f81675239d9e3dc93bbd796
	at sun.reflect.GeneratedConstructorAccessor22.newInstance(Unknown Source)
	at sun.reflect.DelegatingConstructorAccessorImpl.newInstance(DelegatingConstructorAccessorImpl.java:45)
	at java.lang.reflect.Constructor.newInstance(Constructor.java:423)
	at org.openqa.selenium.remote.http.W3CHttpResponseCodec.createException(W3CHttpResponseCodec.java:187)
	at org.openqa.selenium.remote.http.W3CHttpResponseCodec.decode(W3CHttpResponseCodec.java:122)
	at org.openqa.selenium.remote.http.W3CHttpResponseCodec.decode(W3CHttpResponseCodec.java:49)
	at org.openqa.selenium.remote.HttpCommandExecutor.execute(HttpCommandExecutor.java:158)
	at org.openqa.selenium.remote.service.DriverCommandExecutor.execute(DriverCommandExecutor.java:83)
	at org.openqa.selenium.remote.RemoteWebDriver.execute(RemoteWebDriver.java:543)
	at org.openqa.selenium.remote.RemoteWebDriver.get(RemoteWebDriver.java:271)
	at element.Navigate.goToUrl(Navigate.java:11)
	at pages.CreateFormPage.navigateToEnv(CreateFormPage.java:35)
	at steps.CreateNewComputer_Steps.iAmOnTheComputerDatabaseList(CreateNewComputer_Steps.java:22)
	at ✽.Given I am on the computer database list(EditComputer.feature:4)
</error>
    <system-out>
  @browser
  Scenario Outline: Verify that user is unable to update computer with wrong date format for Discontinued date field &amp;#27;[90m# EditComputer.feature:64&amp;#27;[0m
    &amp;#27;[36mAnd &amp;#27;[0m&amp;#27;[36mI enter &amp;#27;[0m&amp;#27;[36m&amp;#27;[1mTEST&amp;#27;[0m&amp;#27;[36m in Computer name field&amp;#27;[0m                                                                          &amp;#27;[90m# CreateNewComputer_Steps.iEnterNameInComputerFieldName(String)&amp;#27;[0m
    &amp;#27;[36mAnd &amp;#27;[0m&amp;#27;[36mI enter wrong &amp;#27;[0m&amp;#27;[36m&amp;#27;[1m!@#)(&amp;_^*?&amp;#27;[0m&amp;#27;[36m format for Discontinued date field&amp;#27;[0m                                                  &amp;#27;[90m# CreateNewComputer_Steps.iEnterWrongDateFormatForDiscontinuedField(String)&amp;#27;[0m
    &amp;#27;[36mAnd &amp;#27;[0m&amp;#27;[36mI enter valid &amp;#27;[0m&amp;#27;[36m&amp;#27;[1m2018-03-01&amp;#27;[0m&amp;#27;[36m Introduced date and &amp;#27;[0m&amp;#27;[36m&amp;#27;[1m14&amp;#27;[0m                                                              &amp;#27;[90m# CreateNewComputer_Steps.iEnterValidDataForTheRestOfOptionalField2(String,String)&amp;#27;[0m
    &amp;#27;[36mWhen &amp;#27;[0m&amp;#27;[36mI click on the button Save this computer&amp;#27;[0m                                                                    &amp;#27;[90m# EditComputer_Steps.iClickOnTheButtonSaveThisComputer()&amp;#27;[0m
    &amp;#27;[36mThen &amp;#27;[0m&amp;#27;[36mI will not be able to update computer&amp;#27;[0m                                                                       &amp;#27;[90m# EditComputer_Steps.iWillNotBeAbleToUpdateComputer()&amp;#27;[0m
    &amp;#27;[36mAnd &amp;#27;[0m&amp;#27;[36mI will see &quot;Discontinued date&quot; field highlighted in red&amp;#27;[0m                                                      &amp;#27;[90m# CreateNewComputer_Steps.iWillSeeDiscontinuedDateFieldHighlightedInRed()&amp;#27;[0m
</system-out>
    <system-err>[main] INFO io.github.bonigarcia.wdm.WebDriverManager - Using chromedriver 99.0.4844.51 (since Google Chrome 99 is installed in your machine)
[main] INFO io.github.bonigarcia.wdm.WebDriverManager - Exporting webdriver.chrome.driver as C:\Users\marijas\.m2\repository\webdriver\chromedriver\win32\99.0.4844.51\chromedriver.exe
Mar 22, 2022 12:42:04 PM element.Navigate goToUrl
INFO: Navigate to Url: http://computer-database.herokuapp.com/computers
</system-err>
  </testcase>
  <testcase classname="| t | 2021 | 2018-03-01 | 16 |" name="| t | 2021 | 2018-03-01 | 16 |" time="0">
    <error message="no such window: target window already closed
from unknown error: web view not found
  (Session info: chrome=99.0.4844.74)
Build info: version: &apos;3.12.0&apos;, revision: &apos;7c6e0b3&apos;, time: &apos;2018-05-08T14:04:26.12Z&apos;
System info: host: &apos;GS-ARI7C&apos;, ip: &apos;172.19.128.1&apos;, os.name: &apos;Windows 10&apos;, os.arch: &apos;amd64&apos;, os.version: &apos;10.0&apos;, java.version: &apos;1.8.0_291&apos;
Driver info: org.openqa.selenium.chrome.ChromeDriver
Capabilities {acceptInsecureCerts: false, browserName: chrome, browserVersion: 99.0.4844.74, chrome: {chromedriverVersion: 99.0.4844.51 (d537ec02474b5..., userDataDir: C:\Users\marijas\AppData\Lo...}, goog:chromeOptions: {debuggerAddress: localhost:55584}, javascriptEnabled: true, networkConnectionEnabled: false, pageLoadStrategy: normal, platform: WINDOWS, platformName: WINDOWS, proxy: Proxy(), setWindowRect: true, strictFileInteractability: false, timeouts: {implicit: 0, pageLoad: 300000, script: 30000}, unhandledPromptBehavior: dismiss and notify, webauthn:extension:credBlob: true, webauthn:extension:largeBlob: true, webauthn:virtualAuthenticators: true}
Session ID: 58b094ae2f81675239d9e3dc93bbd796" type="org.openqa.selenium.NoSuchWindowException">org.openqa.selenium.NoSuchWindowException: no such window: target window already closed
from unknown error: web view not found
  (Session info: chrome=99.0.4844.74)
Build info: version: &apos;3.12.0&apos;, revision: &apos;7c6e0b3&apos;, time: &apos;2018-05-08T14:04:26.12Z&apos;
System info: host: &apos;GS-ARI7C&apos;, ip: &apos;172.19.128.1&apos;, os.name: &apos;Windows 10&apos;, os.arch: &apos;amd64&apos;, os.version: &apos;10.0&apos;, java.version: &apos;1.8.0_291&apos;
Driver info: org.openqa.selenium.chrome.ChromeDriver
Capabilities {acceptInsecureCerts: false, browserName: chrome, browserVersion: 99.0.4844.74, chrome: {chromedriverVersion: 99.0.4844.51 (d537ec02474b5..., userDataDir: C:\Users\marijas\AppData\Lo...}, goog:chromeOptions: {debuggerAddress: localhost:55584}, javascriptEnabled: true, networkConnectionEnabled: false, pageLoadStrategy: normal, platform: WINDOWS, platformName: WINDOWS, proxy: Proxy(), setWindowRect: true, strictFileInteractability: false, timeouts: {implicit: 0, pageLoad: 300000, script: 30000}, unhandledPromptBehavior: dismiss and notify, webauthn:extension:credBlob: true, webauthn:extension:largeBlob: true, webauthn:virtualAuthenticators: true}
Session ID: 58b094ae2f81675239d9e3dc93bbd796
	at sun.reflect.GeneratedConstructorAccessor22.newInstance(Unknown Source)
	at sun.reflect.DelegatingConstructorAccessorImpl.newInstance(DelegatingConstructorAccessorImpl.java:45)
	at java.lang.reflect.Constructor.newInstance(Constructor.java:423)
	at org.openqa.selenium.remote.http.W3CHttpResponseCodec.createException(W3CHttpResponseCodec.java:187)
	at org.openqa.selenium.remote.http.W3CHttpResponseCodec.decode(W3CHttpResponseCodec.java:122)
	at org.openqa.selenium.remote.http.W3CHttpResponseCodec.decode(W3CHttpResponseCodec.java:49)
	at org.openqa.selenium.remote.HttpCommandExecutor.execute(HttpCommandExecutor.java:158)
	at org.openqa.selenium.remote.service.DriverCommandExecutor.execute(DriverCommandExecutor.java:83)
	at org.openqa.selenium.remote.RemoteWebDriver.execute(RemoteWebDriver.java:543)
	at org.openqa.selenium.remote.RemoteWebDriver.get(RemoteWebDriver.java:271)
	at element.Navigate.goToUrl(Navigate.java:11)
	at pages.CreateFormPage.navigateToEnv(CreateFormPage.java:35)
	at steps.CreateNewComputer_Steps.iAmOnTheComputerDatabaseList(CreateNewComputer_Steps.java:22)
	at ✽.Given I am on the computer database list(EditComputer.feature:4)
</error>
  </testcase>
  <testcase classname="| t | 2021 | 2018-03-01 | 16 |" name="And I click on the computer from the list" time="0">
    <skipped/>
  </testcase>
  <testcase classname="| t | 2021 | 2018-03-01 | 16 |" name="And I enter t in Computer name field" time="0.017">
    <skipped/>
    <system-out>
  Background:                                 &amp;#27;[90m# EditComputer.feature:3&amp;#27;[0m
    &amp;#27;[31mGiven &amp;#27;[0m&amp;#27;[31mI am on the computer database list&amp;#27;[0m  &amp;#27;[90m# CreateNewComputer_Steps.iAmOnTheComputerDatabaseList()&amp;#27;[0m
      &amp;#27;[31morg.openqa.selenium.NoSuchWindowException: no such window: target window already closed
      from unknown error: web view not found
        (Session info: chrome=99.0.4844.74)
      Build info: version: &apos;3.12.0&apos;, revision: &apos;7c6e0b3&apos;, time: &apos;2018-05-08T14:04:26.12Z&apos;
      System info: host: &apos;GS-ARI7C&apos;, ip: &apos;172.19.128.1&apos;, os.name: &apos;Windows 10&apos;, os.arch: &apos;amd64&apos;, os.version: &apos;10.0&apos;, java.version: &apos;1.8.0_291&apos;
      Driver info: org.openqa.selenium.chrome.ChromeDriver
      Capabilities {acceptInsecureCerts: false, browserName: chrome, browserVersion: 99.0.4844.74, chrome: {chromedriverVersion: 99.0.4844.51 (d537ec02474b5..., userDataDir: C:\Users\marijas\AppData\Lo...}, goog:chromeOptions: {debuggerAddress: localhost:55584}, javascriptEnabled: true, networkConnectionEnabled: false, pageLoadStrategy: normal, platform: WINDOWS, platformName: WINDOWS, proxy: Proxy(), setWindowRect: true, strictFileInteractability: false, timeouts: {implicit: 0, pageLoad: 300000, script: 30000}, unhandledPromptBehavior: dismiss and notify, webauthn:extension:credBlob: true, webauthn:extension:largeBlob: true, webauthn:virtualAuthenticators: true}
      Session ID: 58b094ae2f81675239d9e3dc93bbd796
      	at sun.reflect.GeneratedConstructorAccessor22.newInstance(Unknown Source)
      	at sun.reflect.DelegatingConstructorAccessorImpl.newInstance(DelegatingConstructorAccessorImpl.java:45)
      	at java.lang.reflect.Constructor.newInstance(Constructor.java:423)
      	at org.openqa.selenium.remote.http.W3CHttpResponseCodec.createException(W3CHttpResponseCodec.java:187)
      	at org.openqa.selenium.remote.http.W3CHttpResponseCodec.decode(W3CHttpResponseCodec.java:122)
      	at org.openqa.selenium.remote.http.W3CHttpResponseCodec.decode(W3CHttpResponseCodec.java:49)
      	at org.openqa.selenium.remote.HttpCommandExecutor.execute(HttpCommandExecutor.java:158)
      	at org.openqa.selenium.remote.service.DriverCommandExecutor.execute(DriverCommandExecutor.java:83)
      	at org.openqa.selenium.remote.RemoteWebDriver.execute(RemoteWebDriver.java:543)
      	at org.openqa.selenium.remote.RemoteWebDriver.get(RemoteWebDriver.java:271)
      	at element.Navigate.goToUrl(Navigate.java:11)
      	at pages.CreateFormPage.navigateToEnv(CreateFormPage.java:35)
      	at steps.CreateNewComputer_Steps.iAmOnTheComputerDatabaseList(CreateNewComputer_Steps.java:22)
      	at ?.Given I am on the computer database list(EditComputer.feature:4)
      &amp;#27;[0m
    &amp;#27;[36mAnd &amp;#27;[0m&amp;#27;[36mI click on the computer from the list&amp;#27;[0m &amp;#27;[90m# EditComputer_Steps.iClickOnTheButtonAddNewComputer()&amp;#27;[0m
</system-out>
  </testcase>
  <testcase classname="| t | 2021 | 2018-03-01 | 16 |" name="And I enter wrong 2021 format for Discontinued date field" time="0.017">
    <skipped/>
  </testcase>
  <testcase classname="| t | 2021 | 2018-03-01 | 16 |" name="And I enter valid 2018-03-01 Introduced date and 16" time="0.017">
    <skipped/>
  </testcase>
  <testcase classname="| t | 2021 | 2018-03-01 | 16 |" name="When I click on the button Save this computer" time="0.017">
    <skipped/>
  </testcase>
  <testcase classname="| t | 2021 | 2018-03-01 | 16 |" name="Then I will not be able to update computer" time="0.017">
    <skipped/>
  </testcase>
  <testcase classname="| t | 2021 | 2018-03-01 | 16 |" name="And I will see &quot;Discontinued date&quot; field highlighted in red" time="0.017">
    <skipped/>
  </testcase>
  <testcase classname="| test | 1999-01-01 | 2021-02-02 | 1 |" name="Given I am on the computer database list" time="0">
    <error message="no such window: target window already closed
from unknown error: web view not found
  (Session info: chrome=99.0.4844.74)
Build info: version: &apos;3.12.0&apos;, revision: &apos;7c6e0b3&apos;, time: &apos;2018-05-08T14:04:26.12Z&apos;
System info: host: &apos;GS-ARI7C&apos;, ip: &apos;172.19.128.1&apos;, os.name: &apos;Windows 10&apos;, os.arch: &apos;amd64&apos;, os.version: &apos;10.0&apos;, java.version: &apos;1.8.0_291&apos;
Driver info: org.openqa.selenium.chrome.ChromeDriver
Capabilities {acceptInsecureCerts: false, browserName: chrome, browserVersion: 99.0.4844.74, chrome: {chromedriverVersion: 99.0.4844.51 (d537ec02474b5..., userDataDir: C:\Users\marijas\AppData\Lo...}, goog:chromeOptions: {debuggerAddress: localhost:55584}, javascriptEnabled: true, networkConnectionEnabled: false, pageLoadStrategy: normal, platform: WINDOWS, platformName: WINDOWS, proxy: Proxy(), setWindowRect: true, strictFileInteractability: false, timeouts: {implicit: 0, pageLoad: 300000, script: 30000}, unhandledPromptBehavior: dismiss and notify, webauthn:extension:credBlob: true, webauthn:extension:largeBlob: true, webauthn:virtualAuthenticators: true}
Session ID: 58b094ae2f81675239d9e3dc93bbd796" type="org.openqa.selenium.NoSuchWindowException">org.openqa.selenium.NoSuchWindowException: no such window: target window already closed
from unknown error: web view not found
  (Session info: chrome=99.0.4844.74)
Build info: version: &apos;3.12.0&apos;, revision: &apos;7c6e0b3&apos;, time: &apos;2018-05-08T14:04:26.12Z&apos;
System info: host: &apos;GS-ARI7C&apos;, ip: &apos;172.19.128.1&apos;, os.name: &apos;Windows 10&apos;, os.arch: &apos;amd64&apos;, os.version: &apos;10.0&apos;, java.version: &apos;1.8.0_291&apos;
Driver info: org.openqa.selenium.chrome.ChromeDriver
Capabilities {acceptInsecureCerts: false, browserName: chrome, browserVersion: 99.0.4844.74, chrome: {chromedriverVersion: 99.0.4844.51 (d537ec02474b5..., userDataDir: C:\Users\marijas\AppData\Lo...}, goog:chromeOptions: {debuggerAddress: localhost:55584}, javascriptEnabled: true, networkConnectionEnabled: false, pageLoadStrategy: normal, platform: WINDOWS, platformName: WINDOWS, proxy: Proxy(), setWindowRect: true, strictFileInteractability: false, timeouts: {implicit: 0, pageLoad: 300000, script: 30000}, unhandledPromptBehavior: dismiss and notify, webauthn:extension:credBlob: true, webauthn:extension:largeBlob: true, webauthn:virtualAuthenticators: true}
Session ID: 58b094ae2f81675239d9e3dc93bbd796
	at sun.reflect.GeneratedConstructorAccessor22.newInstance(Unknown Source)
	at sun.reflect.DelegatingConstructorAccessorImpl.newInstance(DelegatingConstructorAccessorImpl.java:45)
	at java.lang.reflect.Constructor.newInstance(Constructor.java:423)
	at org.openqa.selenium.remote.http.W3CHttpResponseCodec.createException(W3CHttpResponseCodec.java:187)
	at org.openqa.selenium.remote.http.W3CHttpResponseCodec.decode(W3CHttpResponseCodec.java:122)
	at org.openqa.selenium.remote.http.W3CHttpResponseCodec.decode(W3CHttpResponseCodec.java:49)
	at org.openqa.selenium.remote.HttpCommandExecutor.execute(HttpCommandExecutor.java:158)
	at org.openqa.selenium.remote.service.DriverCommandExecutor.execute(DriverCommandExecutor.java:83)
	at org.openqa.selenium.remote.RemoteWebDriver.execute(RemoteWebDriver.java:543)
	at org.openqa.selenium.remote.RemoteWebDriver.get(RemoteWebDriver.java:271)
	at element.Navigate.goToUrl(Navigate.java:11)
	at pages.CreateFormPage.navigateToEnv(CreateFormPage.java:35)
	at steps.CreateNewComputer_Steps.iAmOnTheComputerDatabaseList(CreateNewComputer_Steps.java:22)
	at ✽.Given I am on the computer database list(EditComputer.feature:4)
</error>
    <system-out>
  @browser
  Scenario Outline: Verify that user is unable to update computer with wrong date format for Discontinued date field &amp;#27;[90m# EditComputer.feature:65&amp;#27;[0m
    &amp;#27;[36mAnd &amp;#27;[0m&amp;#27;[36mI enter &amp;#27;[0m&amp;#27;[36m&amp;#27;[1mt&amp;#27;[0m&amp;#27;[36m in Computer name field&amp;#27;[0m                                                                             &amp;#27;[90m# CreateNewComputer_Steps.iEnterNameInComputerFieldName(String)&amp;#27;[0m
    &amp;#27;[36mAnd &amp;#27;[0m&amp;#27;[36mI enter wrong &amp;#27;[0m&amp;#27;[36m&amp;#27;[1m2021&amp;#27;[0m&amp;#27;[36m format for Discontinued date field&amp;#27;[0m                                                        &amp;#27;[90m# CreateNewComputer_Steps.iEnterWrongDateFormatForDiscontinuedField(String)&amp;#27;[0m
    &amp;#27;[36mAnd &amp;#27;[0m&amp;#27;[36mI enter valid &amp;#27;[0m&amp;#27;[36m&amp;#27;[1m2018-03-01&amp;#27;[0m&amp;#27;[36m Introduced date and &amp;#27;[0m&amp;#27;[36m&amp;#27;[1m16&amp;#27;[0m                                                              &amp;#27;[90m# CreateNewComputer_Steps.iEnterValidDataForTheRestOfOptionalField2(String,String)&amp;#27;[0m
    &amp;#27;[36mWhen &amp;#27;[0m&amp;#27;[36mI click on the button Save this computer&amp;#27;[0m                                                                    &amp;#27;[90m# EditComputer_Steps.iClickOnTheButtonSaveThisComputer()&amp;#27;[0m
    &amp;#27;[36mThen &amp;#27;[0m&amp;#27;[36mI will not be able to update computer&amp;#27;[0m                                                                       &amp;#27;[90m# EditComputer_Steps.iWillNotBeAbleToUpdateComputer()&amp;#27;[0m
    &amp;#27;[36mAnd &amp;#27;[0m&amp;#27;[36mI will see &quot;Discontinued date&quot; field highlighted in red&amp;#27;[0m                                                      &amp;#27;[90m# CreateNewComputer_Steps.iWillSeeDiscontinuedDateFieldHighlightedInRed()&amp;#27;[0m

  @browser
  Scenario Outline: Verify that user is able to update computer with all valid data &amp;#27;[90m# EditComputer.feature:68&amp;#27;[0m
    &amp;#27;[36mAnd &amp;#27;[0m&amp;#27;[36mI enter &lt;name&gt; in computer name field&amp;#27;[0m
    &amp;#27;[36mAnd &amp;#27;[0m&amp;#27;[36mI enter valid &lt;introduced&gt; date, &lt;discontinued&gt; date and &lt;companyBrand&gt;&amp;#27;[0m
    &amp;#27;[36mWhen &amp;#27;[0m&amp;#27;[36mI click on the button Save this computer&amp;#27;[0m
    &amp;#27;[36mThen &amp;#27;[0m&amp;#27;[36mI will successfully update computer with new data&amp;#27;[0m
    &amp;#27;[36mAnd &amp;#27;[0m&amp;#27;[36mI will see message: &quot;Done! Computer test has been updated!&quot;&amp;#27;[0m

    Examples: 
</system-out>
    <system-err>[main] INFO io.github.bonigarcia.wdm.WebDriverManager - Using chromedriver 99.0.4844.51 (since Google Chrome 99 is installed in your machine)
[main] INFO io.github.bonigarcia.wdm.WebDriverManager - Exporting webdriver.chrome.driver as C:\Users\marijas\.m2\repository\webdriver\chromedriver\win32\99.0.4844.51\chromedriver.exe
Mar 22, 2022 12:42:04 PM element.Navigate goToUrl
INFO: Navigate to Url: http://computer-database.herokuapp.com/computers
</system-err>
  </testcase>
  <testcase classname="| test | 1999-01-01 | 2021-02-02 | 1 |" name="| test | 1999-01-01 | 2021-02-02 | 1 |" time="0.001">
    <error message="no such window: target window already closed
from unknown error: web view not found
  (Session info: chrome=99.0.4844.74)
Build info: version: &apos;3.12.0&apos;, revision: &apos;7c6e0b3&apos;, time: &apos;2018-05-08T14:04:26.12Z&apos;
System info: host: &apos;GS-ARI7C&apos;, ip: &apos;172.19.128.1&apos;, os.name: &apos;Windows 10&apos;, os.arch: &apos;amd64&apos;, os.version: &apos;10.0&apos;, java.version: &apos;1.8.0_291&apos;
Driver info: org.openqa.selenium.chrome.ChromeDriver
Capabilities {acceptInsecureCerts: false, browserName: chrome, browserVersion: 99.0.4844.74, chrome: {chromedriverVersion: 99.0.4844.51 (d537ec02474b5..., userDataDir: C:\Users\marijas\AppData\Lo...}, goog:chromeOptions: {debuggerAddress: localhost:55584}, javascriptEnabled: true, networkConnectionEnabled: false, pageLoadStrategy: normal, platform: WINDOWS, platformName: WINDOWS, proxy: Proxy(), setWindowRect: true, strictFileInteractability: false, timeouts: {implicit: 0, pageLoad: 300000, script: 30000}, unhandledPromptBehavior: dismiss and notify, webauthn:extension:credBlob: true, webauthn:extension:largeBlob: true, webauthn:virtualAuthenticators: true}
Session ID: 58b094ae2f81675239d9e3dc93bbd796" type="org.openqa.selenium.NoSuchWindowException">org.openqa.selenium.NoSuchWindowException: no such window: target window already closed
from unknown error: web view not found
  (Session info: chrome=99.0.4844.74)
Build info: version: &apos;3.12.0&apos;, revision: &apos;7c6e0b3&apos;, time: &apos;2018-05-08T14:04:26.12Z&apos;
System info: host: &apos;GS-ARI7C&apos;, ip: &apos;172.19.128.1&apos;, os.name: &apos;Windows 10&apos;, os.arch: &apos;amd64&apos;, os.version: &apos;10.0&apos;, java.version: &apos;1.8.0_291&apos;
Driver info: org.openqa.selenium.chrome.ChromeDriver
Capabilities {acceptInsecureCerts: false, browserName: chrome, browserVersion: 99.0.4844.74, chrome: {chromedriverVersion: 99.0.4844.51 (d537ec02474b5..., userDataDir: C:\Users\marijas\AppData\Lo...}, goog:chromeOptions: {debuggerAddress: localhost:55584}, javascriptEnabled: true, networkConnectionEnabled: false, pageLoadStrategy: normal, platform: WINDOWS, platformName: WINDOWS, proxy: Proxy(), setWindowRect: true, strictFileInteractability: false, timeouts: {implicit: 0, pageLoad: 300000, script: 30000}, unhandledPromptBehavior: dismiss and notify, webauthn:extension:credBlob: true, webauthn:extension:largeBlob: true, webauthn:virtualAuthenticators: true}
Session ID: 58b094ae2f81675239d9e3dc93bbd796
	at sun.reflect.GeneratedConstructorAccessor22.newInstance(Unknown Source)
	at sun.reflect.DelegatingConstructorAccessorImpl.newInstance(DelegatingConstructorAccessorImpl.java:45)
	at java.lang.reflect.Constructor.newInstance(Constructor.java:423)
	at org.openqa.selenium.remote.http.W3CHttpResponseCodec.createException(W3CHttpResponseCodec.java:187)
	at org.openqa.selenium.remote.http.W3CHttpResponseCodec.decode(W3CHttpResponseCodec.java:122)
	at org.openqa.selenium.remote.http.W3CHttpResponseCodec.decode(W3CHttpResponseCodec.java:49)
	at org.openqa.selenium.remote.HttpCommandExecutor.execute(HttpCommandExecutor.java:158)
	at org.openqa.selenium.remote.service.DriverCommandExecutor.execute(DriverCommandExecutor.java:83)
	at org.openqa.selenium.remote.RemoteWebDriver.execute(RemoteWebDriver.java:543)
	at org.openqa.selenium.remote.RemoteWebDriver.get(RemoteWebDriver.java:271)
	at element.Navigate.goToUrl(Navigate.java:11)
	at pages.CreateFormPage.navigateToEnv(CreateFormPage.java:35)
	at steps.CreateNewComputer_Steps.iAmOnTheComputerDatabaseList(CreateNewComputer_Steps.java:22)
	at ✽.Given I am on the computer database list(EditComputer.feature:4)
</error>
  </testcase>
  <testcase classname="| test | 1999-01-01 | 2021-02-02 | 1 |" name="And I click on the computer from the list" time="0.001">
    <skipped/>
  </testcase>
  <testcase classname="| test | 1999-01-01 | 2021-02-02 | 1 |" name="And I enter test in computer name field" time="0.017">
    <skipped/>
    <system-out>
  Background:                                 &amp;#27;[90m# EditComputer.feature:3&amp;#27;[0m
    &amp;#27;[31mGiven &amp;#27;[0m&amp;#27;[31mI am on the computer database list&amp;#27;[0m  &amp;#27;[90m# CreateNewComputer_Steps.iAmOnTheComputerDatabaseList()&amp;#27;[0m
      &amp;#27;[31morg.openqa.selenium.NoSuchWindowException: no such window: target window already closed
      from unknown error: web view not found
        (Session info: chrome=99.0.4844.74)
      Build info: version: &apos;3.12.0&apos;, revision: &apos;7c6e0b3&apos;, time: &apos;2018-05-08T14:04:26.12Z&apos;
      System info: host: &apos;GS-ARI7C&apos;, ip: &apos;172.19.128.1&apos;, os.name: &apos;Windows 10&apos;, os.arch: &apos;amd64&apos;, os.version: &apos;10.0&apos;, java.version: &apos;1.8.0_291&apos;
      Driver info: org.openqa.selenium.chrome.ChromeDriver
      Capabilities {acceptInsecureCerts: false, browserName: chrome, browserVersion: 99.0.4844.74, chrome: {chromedriverVersion: 99.0.4844.51 (d537ec02474b5..., userDataDir: C:\Users\marijas\AppData\Lo...}, goog:chromeOptions: {debuggerAddress: localhost:55584}, javascriptEnabled: true, networkConnectionEnabled: false, pageLoadStrategy: normal, platform: WINDOWS, platformName: WINDOWS, proxy: Proxy(), setWindowRect: true, strictFileInteractability: false, timeouts: {implicit: 0, pageLoad: 300000, script: 30000}, unhandledPromptBehavior: dismiss and notify, webauthn:extension:credBlob: true, webauthn:extension:largeBlob: true, webauthn:virtualAuthenticators: true}
      Session ID: 58b094ae2f81675239d9e3dc93bbd796
      	at sun.reflect.GeneratedConstructorAccessor22.newInstance(Unknown Source)
      	at sun.reflect.DelegatingConstructorAccessorImpl.newInstance(DelegatingConstructorAccessorImpl.java:45)
      	at java.lang.reflect.Constructor.newInstance(Constructor.java:423)
      	at org.openqa.selenium.remote.http.W3CHttpResponseCodec.createException(W3CHttpResponseCodec.java:187)
      	at org.openqa.selenium.remote.http.W3CHttpResponseCodec.decode(W3CHttpResponseCodec.java:122)
      	at org.openqa.selenium.remote.http.W3CHttpResponseCodec.decode(W3CHttpResponseCodec.java:49)
      	at org.openqa.selenium.remote.HttpCommandExecutor.execute(HttpCommandExecutor.java:158)
      	at org.openqa.selenium.remote.service.DriverCommandExecutor.execute(DriverCommandExecutor.java:83)
      	at org.openqa.selenium.remote.RemoteWebDriver.execute(RemoteWebDriver.java:543)
      	at org.openqa.selenium.remote.RemoteWebDriver.get(RemoteWebDriver.java:271)
      	at element.Navigate.goToUrl(Navigate.java:11)
      	at pages.CreateFormPage.navigateToEnv(CreateFormPage.java:35)
      	at steps.CreateNewComputer_Steps.iAmOnTheComputerDatabaseList(CreateNewComputer_Steps.java:22)
      	at ?.Given I am on the computer database list(EditComputer.feature:4)
      &amp;#27;[0m
    &amp;#27;[36mAnd &amp;#27;[0m&amp;#27;[36mI click on the computer from the list&amp;#27;[0m &amp;#27;[90m# EditComputer_Steps.iClickOnTheButtonAddNewComputer()&amp;#27;[0m
</system-out>
  </testcase>
  <testcase classname="| test | 1999-01-01 | 2021-02-02 | 1 |" name="And I enter valid 1999-01-01 date, 2021-02-02 date and 1" time="0.017">
    <skipped/>
  </testcase>
  <testcase classname="| test | 1999-01-01 | 2021-02-02 | 1 |" name="When I click on the button Save this computer" time="0.017">
    <skipped/>
  </testcase>
  <testcase classname="| test | 1999-01-01 | 2021-02-02 | 1 |" name="Then I will successfully update computer with new data" time="0.017">
    <skipped/>
  </testcase>
  <testcase classname="| test | 1999-01-01 | 2021-02-02 | 1 |" name="And I will see message: &quot;Done! Computer test has been updated!&quot;" time="0.017">
    <skipped/>
  </testcase>
</testsuite>